[2022-12-12 23:46:43,088] {taskinstance.py:1159} INFO - Dependencies all met for <TaskInstance: primeiro_dag.criar_pasta scheduled__2022-12-12T00:00:00+00:00 [queued]>
[2022-12-12 23:46:43,131] {taskinstance.py:1159} INFO - Dependencies all met for <TaskInstance: primeiro_dag.criar_pasta scheduled__2022-12-12T00:00:00+00:00 [queued]>
[2022-12-12 23:46:43,136] {taskinstance.py:1356} INFO - 
--------------------------------------------------------------------------------
[2022-12-12 23:46:43,136] {taskinstance.py:1357} INFO - Starting attempt 1 of 1
[2022-12-12 23:46:43,136] {taskinstance.py:1358} INFO - 
--------------------------------------------------------------------------------
[2022-12-12 23:46:43,215] {taskinstance.py:1377} INFO - Executing <Task(BashOperator): criar_pasta> on 2022-12-12 00:00:00+00:00
[2022-12-12 23:46:43,219] {standard_task_runner.py:52} INFO - Started process 12452 to run task
[2022-12-12 23:46:43,240] {standard_task_runner.py:79} INFO - Running: ['airflow', 'tasks', 'run', 'primeiro_dag', 'criar_pasta', 'scheduled__2022-12-12T00:00:00+00:00', '--job-id', '11', '--raw', '--subdir', 'DAGS_FOLDER/primeiro_dag.py', '--cfg-path', '/tmp/tmpu_lrx2vu', '--error-file', '/tmp/tmpvy3z3z4i']
[2022-12-12 23:46:43,242] {standard_task_runner.py:80} INFO - Job 11: Subtask criar_pasta
[2022-12-12 23:46:43,738] {task_command.py:370} INFO - Running <TaskInstance: primeiro_dag.criar_pasta scheduled__2022-12-12T00:00:00+00:00 [running]> on host igor-VirtualBox
[2022-12-12 23:46:44,083] {taskinstance.py:1569} INFO - Exporting the following env vars:
AIRFLOW_CTX_DAG_OWNER=airflow
AIRFLOW_CTX_DAG_ID=primeiro_dag
AIRFLOW_CTX_TASK_ID=criar_pasta
AIRFLOW_CTX_EXECUTION_DATE=2022-12-12T00:00:00+00:00
AIRFLOW_CTX_TRY_NUMBER=1
AIRFLOW_CTX_DAG_RUN_ID=scheduled__2022-12-12T00:00:00+00:00
[2022-12-12 23:46:44,094] {subprocess.py:62} INFO - Tmp dir root location: 
 /tmp
[2022-12-12 23:46:44,094] {subprocess.py:74} INFO - Running command: ['bash', '-c', 'mkdir -p "/home/igor/Documents/airflowalura/pasta_task4"']
[2022-12-12 23:46:44,120] {subprocess.py:85} INFO - Output:
[2022-12-12 23:46:44,163] {subprocess.py:96} INFO - Command exited with return code 0
[2022-12-12 23:46:44,298] {taskinstance.py:1395} INFO - Marking task as SUCCESS. dag_id=primeiro_dag, task_id=criar_pasta, execution_date=20221212T000000, start_date=20221213T024643, end_date=20221213T024644
[2022-12-12 23:46:44,397] {local_task_job.py:156} INFO - Task exited with return code 0
[2022-12-12 23:46:44,541] {local_task_job.py:273} INFO - 0 downstream tasks scheduled from follow-on schedule check
