[2022-12-13 21:25:55,742] {processor.py:153} INFO - Started process (PID=29678) to work on /home/igor/Documents/airflowalura/dags/primeiro_dag.py
[2022-12-13 21:25:55,743] {processor.py:641} INFO - Processing file /home/igor/Documents/airflowalura/dags/primeiro_dag.py for tasks to queue
[2022-12-13 21:25:55,754] {logging_mixin.py:115} INFO - [2022-12-13 21:25:55,753] {dagbag.py:507} INFO - Filling up the DagBag from /home/igor/Documents/airflowalura/dags/primeiro_dag.py
[2022-12-13 21:25:55,796] {processor.py:651} INFO - DAG(s) dict_keys(['primeiro_dag']) retrieved from /home/igor/Documents/airflowalura/dags/primeiro_dag.py
[2022-12-13 21:25:56,048] {logging_mixin.py:115} INFO - [2022-12-13 21:25:56,048] {dag.py:2379} INFO - Sync 1 DAGs
[2022-12-13 21:25:56,144] {logging_mixin.py:115} INFO - [2022-12-13 21:25:56,143] {dag.py:2927} INFO - Setting next_dagrun for primeiro_dag to 2022-12-14T00:00:00+00:00, run_after=2022-12-15T00:00:00+00:00
[2022-12-13 21:25:56,236] {processor.py:161} INFO - Processing /home/igor/Documents/airflowalura/dags/primeiro_dag.py took 0.515 seconds
[2022-12-13 21:27:30,396] {processor.py:153} INFO - Started process (PID=29927) to work on /home/igor/Documents/airflowalura/dags/primeiro_dag.py
[2022-12-13 21:27:30,399] {processor.py:641} INFO - Processing file /home/igor/Documents/airflowalura/dags/primeiro_dag.py for tasks to queue
[2022-12-13 21:27:30,405] {logging_mixin.py:115} INFO - [2022-12-13 21:27:30,405] {dagbag.py:507} INFO - Filling up the DagBag from /home/igor/Documents/airflowalura/dags/primeiro_dag.py
[2022-12-13 21:27:30,492] {processor.py:651} INFO - DAG(s) dict_keys(['primeiro_dag']) retrieved from /home/igor/Documents/airflowalura/dags/primeiro_dag.py
[2022-12-13 21:27:30,617] {logging_mixin.py:115} INFO - [2022-12-13 21:27:30,616] {dag.py:2379} INFO - Sync 1 DAGs
[2022-12-13 21:27:30,782] {logging_mixin.py:115} INFO - [2022-12-13 21:27:30,781] {dag.py:2927} INFO - Setting next_dagrun for primeiro_dag to 2022-12-14T00:00:00+00:00, run_after=2022-12-15T00:00:00+00:00
[2022-12-13 21:27:30,868] {processor.py:161} INFO - Processing /home/igor/Documents/airflowalura/dags/primeiro_dag.py took 0.521 seconds
[2022-12-13 21:28:07,699] {processor.py:153} INFO - Started process (PID=30037) to work on /home/igor/Documents/airflowalura/dags/primeiro_dag.py
[2022-12-13 21:28:07,706] {processor.py:641} INFO - Processing file /home/igor/Documents/airflowalura/dags/primeiro_dag.py for tasks to queue
[2022-12-13 21:28:07,708] {logging_mixin.py:115} INFO - [2022-12-13 21:28:07,708] {dagbag.py:507} INFO - Filling up the DagBag from /home/igor/Documents/airflowalura/dags/primeiro_dag.py
[2022-12-13 21:28:07,731] {processor.py:651} INFO - DAG(s) dict_keys(['primeiro_dag']) retrieved from /home/igor/Documents/airflowalura/dags/primeiro_dag.py
[2022-12-13 21:28:07,801] {logging_mixin.py:115} INFO - [2022-12-13 21:28:07,801] {dag.py:2379} INFO - Sync 1 DAGs
[2022-12-13 21:28:07,902] {logging_mixin.py:115} INFO - [2022-12-13 21:28:07,902] {dag.py:2927} INFO - Setting next_dagrun for primeiro_dag to 2022-12-14T00:00:00+00:00, run_after=2022-12-15T00:00:00+00:00
[2022-12-13 21:28:08,018] {processor.py:161} INFO - Processing /home/igor/Documents/airflowalura/dags/primeiro_dag.py took 0.331 seconds
[2022-12-13 21:28:41,489] {processor.py:153} INFO - Started process (PID=30129) to work on /home/igor/Documents/airflowalura/dags/primeiro_dag.py
[2022-12-13 21:28:41,504] {processor.py:641} INFO - Processing file /home/igor/Documents/airflowalura/dags/primeiro_dag.py for tasks to queue
[2022-12-13 21:28:41,506] {logging_mixin.py:115} INFO - [2022-12-13 21:28:41,506] {dagbag.py:507} INFO - Filling up the DagBag from /home/igor/Documents/airflowalura/dags/primeiro_dag.py
[2022-12-13 21:28:41,561] {processor.py:651} INFO - DAG(s) dict_keys(['primeiro_dag']) retrieved from /home/igor/Documents/airflowalura/dags/primeiro_dag.py
[2022-12-13 21:28:41,676] {logging_mixin.py:115} INFO - [2022-12-13 21:28:41,676] {dag.py:2379} INFO - Sync 1 DAGs
[2022-12-13 21:28:41,797] {logging_mixin.py:115} INFO - [2022-12-13 21:28:41,797] {dag.py:2927} INFO - Setting next_dagrun for primeiro_dag to 2022-12-14T00:00:00+00:00, run_after=2022-12-15T00:00:00+00:00
[2022-12-13 21:28:41,874] {processor.py:161} INFO - Processing /home/igor/Documents/airflowalura/dags/primeiro_dag.py took 0.417 seconds
[2022-12-13 21:29:14,118] {processor.py:153} INFO - Started process (PID=30231) to work on /home/igor/Documents/airflowalura/dags/primeiro_dag.py
[2022-12-13 21:29:14,129] {processor.py:641} INFO - Processing file /home/igor/Documents/airflowalura/dags/primeiro_dag.py for tasks to queue
[2022-12-13 21:29:14,132] {logging_mixin.py:115} INFO - [2022-12-13 21:29:14,131] {dagbag.py:507} INFO - Filling up the DagBag from /home/igor/Documents/airflowalura/dags/primeiro_dag.py
[2022-12-13 21:29:14,194] {processor.py:651} INFO - DAG(s) dict_keys(['primeiro_dag']) retrieved from /home/igor/Documents/airflowalura/dags/primeiro_dag.py
[2022-12-13 21:29:14,268] {logging_mixin.py:115} INFO - [2022-12-13 21:29:14,268] {dag.py:2379} INFO - Sync 1 DAGs
[2022-12-13 21:29:14,348] {logging_mixin.py:115} INFO - [2022-12-13 21:29:14,347] {dag.py:2927} INFO - Setting next_dagrun for primeiro_dag to 2022-12-14T00:00:00+00:00, run_after=2022-12-15T00:00:00+00:00
[2022-12-13 21:29:14,405] {processor.py:161} INFO - Processing /home/igor/Documents/airflowalura/dags/primeiro_dag.py took 0.307 seconds
[2022-12-13 21:30:18,892] {processor.py:153} INFO - Started process (PID=30401) to work on /home/igor/Documents/airflowalura/dags/primeiro_dag.py
[2022-12-13 21:30:18,896] {processor.py:641} INFO - Processing file /home/igor/Documents/airflowalura/dags/primeiro_dag.py for tasks to queue
[2022-12-13 21:30:18,897] {logging_mixin.py:115} INFO - [2022-12-13 21:30:18,897] {dagbag.py:507} INFO - Filling up the DagBag from /home/igor/Documents/airflowalura/dags/primeiro_dag.py
[2022-12-13 21:30:19,016] {processor.py:651} INFO - DAG(s) dict_keys(['primeiro_dag']) retrieved from /home/igor/Documents/airflowalura/dags/primeiro_dag.py
[2022-12-13 21:30:19,254] {logging_mixin.py:115} INFO - [2022-12-13 21:30:19,254] {dag.py:2379} INFO - Sync 1 DAGs
[2022-12-13 21:30:19,517] {logging_mixin.py:115} INFO - [2022-12-13 21:30:19,517] {dag.py:2927} INFO - Setting next_dagrun for primeiro_dag to 2022-12-14T00:00:00+00:00, run_after=2022-12-15T00:00:00+00:00
[2022-12-13 21:30:19,814] {processor.py:161} INFO - Processing /home/igor/Documents/airflowalura/dags/primeiro_dag.py took 0.964 seconds
[2022-12-13 21:31:19,017] {processor.py:153} INFO - Started process (PID=30517) to work on /home/igor/Documents/airflowalura/dags/primeiro_dag.py
[2022-12-13 21:31:19,025] {processor.py:641} INFO - Processing file /home/igor/Documents/airflowalura/dags/primeiro_dag.py for tasks to queue
[2022-12-13 21:31:19,048] {logging_mixin.py:115} INFO - [2022-12-13 21:31:19,048] {dagbag.py:507} INFO - Filling up the DagBag from /home/igor/Documents/airflowalura/dags/primeiro_dag.py
[2022-12-13 21:31:19,354] {processor.py:651} INFO - DAG(s) dict_keys(['primeiro_dag']) retrieved from /home/igor/Documents/airflowalura/dags/primeiro_dag.py
[2022-12-13 21:31:19,491] {logging_mixin.py:115} INFO - [2022-12-13 21:31:19,490] {dag.py:2379} INFO - Sync 1 DAGs
[2022-12-13 21:31:19,731] {logging_mixin.py:115} INFO - [2022-12-13 21:31:19,719] {dag.py:2927} INFO - Setting next_dagrun for primeiro_dag to 2022-12-14T00:00:00+00:00, run_after=2022-12-15T00:00:00+00:00
[2022-12-13 21:31:19,904] {processor.py:161} INFO - Processing /home/igor/Documents/airflowalura/dags/primeiro_dag.py took 0.920 seconds
[2022-12-13 21:32:15,417] {processor.py:153} INFO - Started process (PID=30625) to work on /home/igor/Documents/airflowalura/dags/primeiro_dag.py
[2022-12-13 21:32:15,419] {processor.py:641} INFO - Processing file /home/igor/Documents/airflowalura/dags/primeiro_dag.py for tasks to queue
[2022-12-13 21:32:15,421] {logging_mixin.py:115} INFO - [2022-12-13 21:32:15,421] {dagbag.py:507} INFO - Filling up the DagBag from /home/igor/Documents/airflowalura/dags/primeiro_dag.py
[2022-12-13 21:32:15,499] {processor.py:651} INFO - DAG(s) dict_keys(['primeiro_dag']) retrieved from /home/igor/Documents/airflowalura/dags/primeiro_dag.py
[2022-12-13 21:32:15,648] {logging_mixin.py:115} INFO - [2022-12-13 21:32:15,648] {dag.py:2379} INFO - Sync 1 DAGs
[2022-12-13 21:32:15,983] {logging_mixin.py:115} INFO - [2022-12-13 21:32:15,982] {dag.py:2927} INFO - Setting next_dagrun for primeiro_dag to 2022-12-14T00:00:00+00:00, run_after=2022-12-15T00:00:00+00:00
[2022-12-13 21:32:16,074] {processor.py:161} INFO - Processing /home/igor/Documents/airflowalura/dags/primeiro_dag.py took 0.694 seconds
[2022-12-13 21:33:11,508] {processor.py:153} INFO - Started process (PID=30736) to work on /home/igor/Documents/airflowalura/dags/primeiro_dag.py
[2022-12-13 21:33:11,511] {processor.py:641} INFO - Processing file /home/igor/Documents/airflowalura/dags/primeiro_dag.py for tasks to queue
[2022-12-13 21:33:11,514] {logging_mixin.py:115} INFO - [2022-12-13 21:33:11,514] {dagbag.py:507} INFO - Filling up the DagBag from /home/igor/Documents/airflowalura/dags/primeiro_dag.py
[2022-12-13 21:33:11,793] {processor.py:651} INFO - DAG(s) dict_keys(['primeiro_dag']) retrieved from /home/igor/Documents/airflowalura/dags/primeiro_dag.py
[2022-12-13 21:33:12,013] {logging_mixin.py:115} INFO - [2022-12-13 21:33:12,013] {dag.py:2379} INFO - Sync 1 DAGs
[2022-12-13 21:33:12,453] {logging_mixin.py:115} INFO - [2022-12-13 21:33:12,453] {dag.py:2927} INFO - Setting next_dagrun for primeiro_dag to 2022-12-14T00:00:00+00:00, run_after=2022-12-15T00:00:00+00:00
[2022-12-13 21:33:13,034] {processor.py:161} INFO - Processing /home/igor/Documents/airflowalura/dags/primeiro_dag.py took 1.538 seconds
[2022-12-13 21:34:05,605] {processor.py:153} INFO - Started process (PID=30849) to work on /home/igor/Documents/airflowalura/dags/primeiro_dag.py
[2022-12-13 21:34:05,613] {processor.py:641} INFO - Processing file /home/igor/Documents/airflowalura/dags/primeiro_dag.py for tasks to queue
[2022-12-13 21:34:05,615] {logging_mixin.py:115} INFO - [2022-12-13 21:34:05,615] {dagbag.py:507} INFO - Filling up the DagBag from /home/igor/Documents/airflowalura/dags/primeiro_dag.py
[2022-12-13 21:34:05,676] {processor.py:651} INFO - DAG(s) dict_keys(['primeiro_dag']) retrieved from /home/igor/Documents/airflowalura/dags/primeiro_dag.py
[2022-12-13 21:34:05,869] {logging_mixin.py:115} INFO - [2022-12-13 21:34:05,868] {dag.py:2379} INFO - Sync 1 DAGs
[2022-12-13 21:34:06,247] {logging_mixin.py:115} INFO - [2022-12-13 21:34:06,247] {dag.py:2927} INFO - Setting next_dagrun for primeiro_dag to 2022-12-14T00:00:00+00:00, run_after=2022-12-15T00:00:00+00:00
[2022-12-13 21:34:06,370] {processor.py:161} INFO - Processing /home/igor/Documents/airflowalura/dags/primeiro_dag.py took 0.820 seconds
[2022-12-13 21:35:00,033] {processor.py:153} INFO - Started process (PID=30952) to work on /home/igor/Documents/airflowalura/dags/primeiro_dag.py
[2022-12-13 21:35:00,042] {processor.py:641} INFO - Processing file /home/igor/Documents/airflowalura/dags/primeiro_dag.py for tasks to queue
[2022-12-13 21:35:00,046] {logging_mixin.py:115} INFO - [2022-12-13 21:35:00,046] {dagbag.py:507} INFO - Filling up the DagBag from /home/igor/Documents/airflowalura/dags/primeiro_dag.py
[2022-12-13 21:35:00,114] {processor.py:651} INFO - DAG(s) dict_keys(['primeiro_dag']) retrieved from /home/igor/Documents/airflowalura/dags/primeiro_dag.py
[2022-12-13 21:35:00,228] {logging_mixin.py:115} INFO - [2022-12-13 21:35:00,228] {dag.py:2379} INFO - Sync 1 DAGs
[2022-12-13 21:35:00,415] {logging_mixin.py:115} INFO - [2022-12-13 21:35:00,415] {dag.py:2927} INFO - Setting next_dagrun for primeiro_dag to 2022-12-14T00:00:00+00:00, run_after=2022-12-15T00:00:00+00:00
[2022-12-13 21:35:00,548] {processor.py:161} INFO - Processing /home/igor/Documents/airflowalura/dags/primeiro_dag.py took 0.538 seconds
[2022-12-13 21:36:35,912] {processor.py:153} INFO - Started process (PID=31111) to work on /home/igor/Documents/airflowalura/dags/primeiro_dag.py
[2022-12-13 21:36:35,915] {processor.py:641} INFO - Processing file /home/igor/Documents/airflowalura/dags/primeiro_dag.py for tasks to queue
[2022-12-13 21:36:35,918] {logging_mixin.py:115} INFO - [2022-12-13 21:36:35,918] {dagbag.py:507} INFO - Filling up the DagBag from /home/igor/Documents/airflowalura/dags/primeiro_dag.py
[2022-12-13 21:36:36,005] {processor.py:651} INFO - DAG(s) dict_keys(['primeiro_dag']) retrieved from /home/igor/Documents/airflowalura/dags/primeiro_dag.py
[2022-12-13 21:36:36,197] {logging_mixin.py:115} INFO - [2022-12-13 21:36:36,197] {dag.py:2379} INFO - Sync 1 DAGs
[2022-12-13 21:36:36,438] {logging_mixin.py:115} INFO - [2022-12-13 21:36:36,438] {dag.py:2927} INFO - Setting next_dagrun for primeiro_dag to 2022-12-14T00:00:00+00:00, run_after=2022-12-15T00:00:00+00:00
[2022-12-13 21:36:36,572] {processor.py:161} INFO - Processing /home/igor/Documents/airflowalura/dags/primeiro_dag.py took 0.692 seconds
[2022-12-13 21:37:41,882] {processor.py:153} INFO - Started process (PID=31381) to work on /home/igor/Documents/airflowalura/dags/primeiro_dag.py
[2022-12-13 21:37:41,899] {processor.py:641} INFO - Processing file /home/igor/Documents/airflowalura/dags/primeiro_dag.py for tasks to queue
[2022-12-13 21:37:41,902] {logging_mixin.py:115} INFO - [2022-12-13 21:37:41,901] {dagbag.py:507} INFO - Filling up the DagBag from /home/igor/Documents/airflowalura/dags/primeiro_dag.py
[2022-12-13 21:37:42,060] {processor.py:651} INFO - DAG(s) dict_keys(['primeiro_dag']) retrieved from /home/igor/Documents/airflowalura/dags/primeiro_dag.py
[2022-12-13 21:37:42,375] {logging_mixin.py:115} INFO - [2022-12-13 21:37:42,375] {dag.py:2379} INFO - Sync 1 DAGs
[2022-12-13 21:37:42,758] {logging_mixin.py:115} INFO - [2022-12-13 21:37:42,758] {dag.py:2927} INFO - Setting next_dagrun for primeiro_dag to 2022-12-14T00:00:00+00:00, run_after=2022-12-15T00:00:00+00:00
[2022-12-13 21:37:42,963] {processor.py:161} INFO - Processing /home/igor/Documents/airflowalura/dags/primeiro_dag.py took 1.074 seconds
[2022-12-13 21:38:22,535] {processor.py:153} INFO - Started process (PID=31494) to work on /home/igor/Documents/airflowalura/dags/primeiro_dag.py
[2022-12-13 21:38:22,538] {processor.py:641} INFO - Processing file /home/igor/Documents/airflowalura/dags/primeiro_dag.py for tasks to queue
[2022-12-13 21:38:22,560] {logging_mixin.py:115} INFO - [2022-12-13 21:38:22,560] {dagbag.py:507} INFO - Filling up the DagBag from /home/igor/Documents/airflowalura/dags/primeiro_dag.py
[2022-12-13 21:38:22,615] {processor.py:651} INFO - DAG(s) dict_keys(['primeiro_dag']) retrieved from /home/igor/Documents/airflowalura/dags/primeiro_dag.py
[2022-12-13 21:38:22,753] {logging_mixin.py:115} INFO - [2022-12-13 21:38:22,753] {dag.py:2379} INFO - Sync 1 DAGs
[2022-12-13 21:38:22,934] {logging_mixin.py:115} INFO - [2022-12-13 21:38:22,933] {dag.py:2927} INFO - Setting next_dagrun for primeiro_dag to 2022-12-14T00:00:00+00:00, run_after=2022-12-15T00:00:00+00:00
[2022-12-13 21:38:23,000] {processor.py:161} INFO - Processing /home/igor/Documents/airflowalura/dags/primeiro_dag.py took 0.478 seconds
[2022-12-13 23:00:05,498] {processor.py:153} INFO - Started process (PID=34998) to work on /home/igor/Documents/airflowalura/dags/primeiro_dag.py
[2022-12-13 23:00:05,516] {processor.py:641} INFO - Processing file /home/igor/Documents/airflowalura/dags/primeiro_dag.py for tasks to queue
[2022-12-13 23:00:05,518] {logging_mixin.py:115} INFO - [2022-12-13 23:00:05,517] {dagbag.py:507} INFO - Filling up the DagBag from /home/igor/Documents/airflowalura/dags/primeiro_dag.py
[2022-12-13 23:00:05,789] {processor.py:651} INFO - DAG(s) dict_keys(['primeiro_dag']) retrieved from /home/igor/Documents/airflowalura/dags/primeiro_dag.py
[2022-12-13 23:00:06,202] {logging_mixin.py:115} INFO - [2022-12-13 23:00:06,202] {dag.py:2379} INFO - Sync 1 DAGs
[2022-12-13 23:00:06,755] {logging_mixin.py:115} INFO - [2022-12-13 23:00:06,726] {dag.py:2927} INFO - Setting next_dagrun for primeiro_dag to 2022-12-14T00:00:00+00:00, run_after=2022-12-15T00:00:00+00:00
[2022-12-13 23:00:06,973] {processor.py:161} INFO - Processing /home/igor/Documents/airflowalura/dags/primeiro_dag.py took 1.489 seconds
[2022-12-13 23:01:34,300] {processor.py:153} INFO - Started process (PID=35436) to work on /home/igor/Documents/airflowalura/dags/primeiro_dag.py
[2022-12-13 23:01:34,306] {processor.py:641} INFO - Processing file /home/igor/Documents/airflowalura/dags/primeiro_dag.py for tasks to queue
[2022-12-13 23:01:34,312] {logging_mixin.py:115} INFO - [2022-12-13 23:01:34,307] {dagbag.py:507} INFO - Filling up the DagBag from /home/igor/Documents/airflowalura/dags/primeiro_dag.py
[2022-12-13 23:01:34,400] {processor.py:651} INFO - DAG(s) dict_keys(['primeiro_dag']) retrieved from /home/igor/Documents/airflowalura/dags/primeiro_dag.py
[2022-12-13 23:01:34,776] {logging_mixin.py:115} INFO - [2022-12-13 23:01:34,776] {dag.py:2379} INFO - Sync 1 DAGs
[2022-12-13 23:01:34,950] {logging_mixin.py:115} INFO - [2022-12-13 23:01:34,949] {dag.py:2927} INFO - Setting next_dagrun for primeiro_dag to 2022-12-14T00:00:00+00:00, run_after=2022-12-15T00:00:00+00:00
[2022-12-13 23:01:35,074] {processor.py:161} INFO - Processing /home/igor/Documents/airflowalura/dags/primeiro_dag.py took 0.823 seconds
[2022-12-13 23:02:36,906] {processor.py:153} INFO - Started process (PID=35663) to work on /home/igor/Documents/airflowalura/dags/primeiro_dag.py
[2022-12-13 23:02:36,931] {processor.py:641} INFO - Processing file /home/igor/Documents/airflowalura/dags/primeiro_dag.py for tasks to queue
[2022-12-13 23:02:36,934] {logging_mixin.py:115} INFO - [2022-12-13 23:02:36,933] {dagbag.py:507} INFO - Filling up the DagBag from /home/igor/Documents/airflowalura/dags/primeiro_dag.py
[2022-12-13 23:02:37,078] {processor.py:651} INFO - DAG(s) dict_keys(['primeiro_dag']) retrieved from /home/igor/Documents/airflowalura/dags/primeiro_dag.py
[2022-12-13 23:02:37,377] {logging_mixin.py:115} INFO - [2022-12-13 23:02:37,377] {dag.py:2379} INFO - Sync 1 DAGs
[2022-12-13 23:02:37,880] {logging_mixin.py:115} INFO - [2022-12-13 23:02:37,880] {dag.py:2927} INFO - Setting next_dagrun for primeiro_dag to 2022-12-14T00:00:00+00:00, run_after=2022-12-15T00:00:00+00:00
[2022-12-13 23:02:38,013] {processor.py:161} INFO - Processing /home/igor/Documents/airflowalura/dags/primeiro_dag.py took 1.141 seconds
[2022-12-13 23:03:40,753] {processor.py:153} INFO - Started process (PID=35812) to work on /home/igor/Documents/airflowalura/dags/primeiro_dag.py
[2022-12-13 23:03:40,766] {processor.py:641} INFO - Processing file /home/igor/Documents/airflowalura/dags/primeiro_dag.py for tasks to queue
[2022-12-13 23:03:40,769] {logging_mixin.py:115} INFO - [2022-12-13 23:03:40,769] {dagbag.py:507} INFO - Filling up the DagBag from /home/igor/Documents/airflowalura/dags/primeiro_dag.py
[2022-12-13 23:03:40,983] {processor.py:651} INFO - DAG(s) dict_keys(['primeiro_dag']) retrieved from /home/igor/Documents/airflowalura/dags/primeiro_dag.py
[2022-12-13 23:03:41,467] {logging_mixin.py:115} INFO - [2022-12-13 23:03:41,466] {dag.py:2379} INFO - Sync 1 DAGs
[2022-12-13 23:03:42,146] {logging_mixin.py:115} INFO - [2022-12-13 23:03:42,146] {dag.py:2927} INFO - Setting next_dagrun for primeiro_dag to 2022-12-14T00:00:00+00:00, run_after=2022-12-15T00:00:00+00:00
[2022-12-13 23:03:42,326] {processor.py:161} INFO - Processing /home/igor/Documents/airflowalura/dags/primeiro_dag.py took 1.620 seconds
[2022-12-13 23:04:45,487] {processor.py:153} INFO - Started process (PID=35940) to work on /home/igor/Documents/airflowalura/dags/primeiro_dag.py
[2022-12-13 23:04:45,500] {processor.py:641} INFO - Processing file /home/igor/Documents/airflowalura/dags/primeiro_dag.py for tasks to queue
[2022-12-13 23:04:45,511] {logging_mixin.py:115} INFO - [2022-12-13 23:04:45,510] {dagbag.py:507} INFO - Filling up the DagBag from /home/igor/Documents/airflowalura/dags/primeiro_dag.py
[2022-12-13 23:04:45,602] {processor.py:651} INFO - DAG(s) dict_keys(['primeiro_dag']) retrieved from /home/igor/Documents/airflowalura/dags/primeiro_dag.py
[2022-12-13 23:04:45,849] {logging_mixin.py:115} INFO - [2022-12-13 23:04:45,849] {dag.py:2379} INFO - Sync 1 DAGs
[2022-12-13 23:04:46,087] {logging_mixin.py:115} INFO - [2022-12-13 23:04:46,087] {dag.py:2927} INFO - Setting next_dagrun for primeiro_dag to 2022-12-14T00:00:00+00:00, run_after=2022-12-15T00:00:00+00:00
[2022-12-13 23:04:46,213] {processor.py:161} INFO - Processing /home/igor/Documents/airflowalura/dags/primeiro_dag.py took 0.789 seconds
[2022-12-13 23:05:40,089] {processor.py:153} INFO - Started process (PID=36091) to work on /home/igor/Documents/airflowalura/dags/primeiro_dag.py
[2022-12-13 23:05:40,098] {processor.py:641} INFO - Processing file /home/igor/Documents/airflowalura/dags/primeiro_dag.py for tasks to queue
[2022-12-13 23:05:40,111] {logging_mixin.py:115} INFO - [2022-12-13 23:05:40,109] {dagbag.py:507} INFO - Filling up the DagBag from /home/igor/Documents/airflowalura/dags/primeiro_dag.py
[2022-12-13 23:05:40,272] {processor.py:651} INFO - DAG(s) dict_keys(['primeiro_dag']) retrieved from /home/igor/Documents/airflowalura/dags/primeiro_dag.py
[2022-12-13 23:05:40,916] {logging_mixin.py:115} INFO - [2022-12-13 23:05:40,916] {dag.py:2379} INFO - Sync 1 DAGs
[2022-12-13 23:05:41,216] {logging_mixin.py:115} INFO - [2022-12-13 23:05:41,216] {dag.py:2927} INFO - Setting next_dagrun for primeiro_dag to 2022-12-14T00:00:00+00:00, run_after=2022-12-15T00:00:00+00:00
[2022-12-13 23:05:41,558] {processor.py:161} INFO - Processing /home/igor/Documents/airflowalura/dags/primeiro_dag.py took 1.543 seconds
[2022-12-13 23:06:39,157] {processor.py:153} INFO - Started process (PID=36182) to work on /home/igor/Documents/airflowalura/dags/primeiro_dag.py
[2022-12-13 23:06:39,166] {processor.py:641} INFO - Processing file /home/igor/Documents/airflowalura/dags/primeiro_dag.py for tasks to queue
[2022-12-13 23:06:39,168] {logging_mixin.py:115} INFO - [2022-12-13 23:06:39,168] {dagbag.py:507} INFO - Filling up the DagBag from /home/igor/Documents/airflowalura/dags/primeiro_dag.py
[2022-12-13 23:06:39,248] {processor.py:651} INFO - DAG(s) dict_keys(['primeiro_dag']) retrieved from /home/igor/Documents/airflowalura/dags/primeiro_dag.py
[2022-12-13 23:06:39,454] {logging_mixin.py:115} INFO - [2022-12-13 23:06:39,453] {dag.py:2379} INFO - Sync 1 DAGs
[2022-12-13 23:06:39,654] {logging_mixin.py:115} INFO - [2022-12-13 23:06:39,654] {dag.py:2927} INFO - Setting next_dagrun for primeiro_dag to 2022-12-14T00:00:00+00:00, run_after=2022-12-15T00:00:00+00:00
[2022-12-13 23:06:39,745] {processor.py:161} INFO - Processing /home/igor/Documents/airflowalura/dags/primeiro_dag.py took 0.604 seconds
[2022-12-13 23:07:44,129] {processor.py:153} INFO - Started process (PID=36290) to work on /home/igor/Documents/airflowalura/dags/primeiro_dag.py
[2022-12-13 23:07:44,149] {processor.py:641} INFO - Processing file /home/igor/Documents/airflowalura/dags/primeiro_dag.py for tasks to queue
[2022-12-13 23:07:44,152] {logging_mixin.py:115} INFO - [2022-12-13 23:07:44,152] {dagbag.py:507} INFO - Filling up the DagBag from /home/igor/Documents/airflowalura/dags/primeiro_dag.py
[2022-12-13 23:07:44,492] {processor.py:651} INFO - DAG(s) dict_keys(['primeiro_dag']) retrieved from /home/igor/Documents/airflowalura/dags/primeiro_dag.py
[2022-12-13 23:07:44,719] {logging_mixin.py:115} INFO - [2022-12-13 23:07:44,719] {dag.py:2379} INFO - Sync 1 DAGs
[2022-12-13 23:07:44,870] {logging_mixin.py:115} INFO - [2022-12-13 23:07:44,870] {dag.py:2927} INFO - Setting next_dagrun for primeiro_dag to 2022-12-14T00:00:00+00:00, run_after=2022-12-15T00:00:00+00:00
[2022-12-13 23:07:45,029] {processor.py:161} INFO - Processing /home/igor/Documents/airflowalura/dags/primeiro_dag.py took 0.978 seconds
[2022-12-13 23:09:32,046] {processor.py:153} INFO - Started process (PID=36466) to work on /home/igor/Documents/airflowalura/dags/primeiro_dag.py
[2022-12-13 23:09:32,124] {processor.py:641} INFO - Processing file /home/igor/Documents/airflowalura/dags/primeiro_dag.py for tasks to queue
[2022-12-13 23:09:32,126] {logging_mixin.py:115} INFO - [2022-12-13 23:09:32,125] {dagbag.py:507} INFO - Filling up the DagBag from /home/igor/Documents/airflowalura/dags/primeiro_dag.py
[2022-12-13 23:09:32,539] {processor.py:651} INFO - DAG(s) dict_keys(['primeiro_dag']) retrieved from /home/igor/Documents/airflowalura/dags/primeiro_dag.py
[2022-12-13 23:09:32,845] {logging_mixin.py:115} INFO - [2022-12-13 23:09:32,844] {dag.py:2379} INFO - Sync 1 DAGs
[2022-12-13 23:09:33,217] {logging_mixin.py:115} INFO - [2022-12-13 23:09:33,217] {dag.py:2927} INFO - Setting next_dagrun for primeiro_dag to 2022-12-14T00:00:00+00:00, run_after=2022-12-15T00:00:00+00:00
[2022-12-13 23:09:33,361] {processor.py:161} INFO - Processing /home/igor/Documents/airflowalura/dags/primeiro_dag.py took 1.346 seconds
[2022-12-13 23:11:31,135] {processor.py:153} INFO - Started process (PID=36625) to work on /home/igor/Documents/airflowalura/dags/primeiro_dag.py
[2022-12-13 23:11:31,146] {processor.py:641} INFO - Processing file /home/igor/Documents/airflowalura/dags/primeiro_dag.py for tasks to queue
[2022-12-13 23:11:31,149] {logging_mixin.py:115} INFO - [2022-12-13 23:11:31,148] {dagbag.py:507} INFO - Filling up the DagBag from /home/igor/Documents/airflowalura/dags/primeiro_dag.py
[2022-12-13 23:11:31,565] {processor.py:651} INFO - DAG(s) dict_keys(['primeiro_dag']) retrieved from /home/igor/Documents/airflowalura/dags/primeiro_dag.py
[2022-12-13 23:11:32,589] {logging_mixin.py:115} INFO - [2022-12-13 23:11:32,578] {dag.py:2379} INFO - Sync 1 DAGs
[2022-12-13 23:11:33,310] {logging_mixin.py:115} INFO - [2022-12-13 23:11:33,310] {dag.py:2927} INFO - Setting next_dagrun for primeiro_dag to 2022-12-14T00:00:00+00:00, run_after=2022-12-15T00:00:00+00:00
[2022-12-13 23:11:34,518] {processor.py:161} INFO - Processing /home/igor/Documents/airflowalura/dags/primeiro_dag.py took 3.477 seconds
[2022-12-13 23:13:01,702] {processor.py:153} INFO - Started process (PID=36967) to work on /home/igor/Documents/airflowalura/dags/primeiro_dag.py
[2022-12-13 23:13:01,717] {processor.py:641} INFO - Processing file /home/igor/Documents/airflowalura/dags/primeiro_dag.py for tasks to queue
[2022-12-13 23:13:01,719] {logging_mixin.py:115} INFO - [2022-12-13 23:13:01,718] {dagbag.py:507} INFO - Filling up the DagBag from /home/igor/Documents/airflowalura/dags/primeiro_dag.py
[2022-12-13 23:13:01,884] {processor.py:651} INFO - DAG(s) dict_keys(['primeiro_dag']) retrieved from /home/igor/Documents/airflowalura/dags/primeiro_dag.py
[2022-12-13 23:13:02,065] {logging_mixin.py:115} INFO - [2022-12-13 23:13:02,065] {dag.py:2379} INFO - Sync 1 DAGs
[2022-12-13 23:13:02,358] {logging_mixin.py:115} INFO - [2022-12-13 23:13:02,358] {dag.py:2927} INFO - Setting next_dagrun for primeiro_dag to 2022-12-14T00:00:00+00:00, run_after=2022-12-15T00:00:00+00:00
[2022-12-13 23:13:02,591] {processor.py:161} INFO - Processing /home/igor/Documents/airflowalura/dags/primeiro_dag.py took 0.923 seconds
[2022-12-13 23:13:52,274] {processor.py:153} INFO - Started process (PID=37115) to work on /home/igor/Documents/airflowalura/dags/primeiro_dag.py
[2022-12-13 23:13:52,276] {processor.py:641} INFO - Processing file /home/igor/Documents/airflowalura/dags/primeiro_dag.py for tasks to queue
[2022-12-13 23:13:52,277] {logging_mixin.py:115} INFO - [2022-12-13 23:13:52,277] {dagbag.py:507} INFO - Filling up the DagBag from /home/igor/Documents/airflowalura/dags/primeiro_dag.py
[2022-12-13 23:13:52,358] {processor.py:651} INFO - DAG(s) dict_keys(['primeiro_dag']) retrieved from /home/igor/Documents/airflowalura/dags/primeiro_dag.py
[2022-12-13 23:13:52,489] {logging_mixin.py:115} INFO - [2022-12-13 23:13:52,489] {dag.py:2379} INFO - Sync 1 DAGs
[2022-12-13 23:13:52,632] {logging_mixin.py:115} INFO - [2022-12-13 23:13:52,631] {dag.py:2927} INFO - Setting next_dagrun for primeiro_dag to 2022-12-14T00:00:00+00:00, run_after=2022-12-15T00:00:00+00:00
[2022-12-13 23:13:52,734] {processor.py:161} INFO - Processing /home/igor/Documents/airflowalura/dags/primeiro_dag.py took 0.479 seconds
[2022-12-13 23:14:36,249] {processor.py:153} INFO - Started process (PID=37219) to work on /home/igor/Documents/airflowalura/dags/primeiro_dag.py
[2022-12-13 23:14:36,257] {processor.py:641} INFO - Processing file /home/igor/Documents/airflowalura/dags/primeiro_dag.py for tasks to queue
[2022-12-13 23:14:36,259] {logging_mixin.py:115} INFO - [2022-12-13 23:14:36,259] {dagbag.py:507} INFO - Filling up the DagBag from /home/igor/Documents/airflowalura/dags/primeiro_dag.py
[2022-12-13 23:14:36,380] {processor.py:651} INFO - DAG(s) dict_keys(['primeiro_dag']) retrieved from /home/igor/Documents/airflowalura/dags/primeiro_dag.py
[2022-12-13 23:14:36,538] {logging_mixin.py:115} INFO - [2022-12-13 23:14:36,538] {dag.py:2379} INFO - Sync 1 DAGs
[2022-12-13 23:14:36,694] {logging_mixin.py:115} INFO - [2022-12-13 23:14:36,693] {dag.py:2927} INFO - Setting next_dagrun for primeiro_dag to 2022-12-14T00:00:00+00:00, run_after=2022-12-15T00:00:00+00:00
[2022-12-13 23:14:36,780] {processor.py:161} INFO - Processing /home/igor/Documents/airflowalura/dags/primeiro_dag.py took 0.562 seconds
[2022-12-13 23:15:24,188] {processor.py:153} INFO - Started process (PID=37329) to work on /home/igor/Documents/airflowalura/dags/primeiro_dag.py
[2022-12-13 23:15:24,197] {processor.py:641} INFO - Processing file /home/igor/Documents/airflowalura/dags/primeiro_dag.py for tasks to queue
[2022-12-13 23:15:24,211] {logging_mixin.py:115} INFO - [2022-12-13 23:15:24,211] {dagbag.py:507} INFO - Filling up the DagBag from /home/igor/Documents/airflowalura/dags/primeiro_dag.py
[2022-12-13 23:15:24,294] {processor.py:651} INFO - DAG(s) dict_keys(['primeiro_dag']) retrieved from /home/igor/Documents/airflowalura/dags/primeiro_dag.py
[2022-12-13 23:15:24,423] {logging_mixin.py:115} INFO - [2022-12-13 23:15:24,422] {dag.py:2379} INFO - Sync 1 DAGs
[2022-12-13 23:15:24,643] {logging_mixin.py:115} INFO - [2022-12-13 23:15:24,640] {dag.py:2927} INFO - Setting next_dagrun for primeiro_dag to 2022-12-14T00:00:00+00:00, run_after=2022-12-15T00:00:00+00:00
[2022-12-13 23:15:24,799] {processor.py:161} INFO - Processing /home/igor/Documents/airflowalura/dags/primeiro_dag.py took 0.618 seconds
[2022-12-13 23:16:49,910] {processor.py:153} INFO - Started process (PID=37430) to work on /home/igor/Documents/airflowalura/dags/primeiro_dag.py
[2022-12-13 23:16:50,362] {processor.py:641} INFO - Processing file /home/igor/Documents/airflowalura/dags/primeiro_dag.py for tasks to queue
[2022-12-13 23:16:50,373] {logging_mixin.py:115} INFO - [2022-12-13 23:16:50,373] {dagbag.py:507} INFO - Filling up the DagBag from /home/igor/Documents/airflowalura/dags/primeiro_dag.py
[2022-12-13 23:16:50,957] {processor.py:651} INFO - DAG(s) dict_keys(['primeiro_dag']) retrieved from /home/igor/Documents/airflowalura/dags/primeiro_dag.py
[2022-12-13 23:16:51,012] {logging_mixin.py:115} INFO - [2022-12-13 23:16:51,012] {dag.py:2379} INFO - Sync 1 DAGs
[2022-12-13 23:16:51,069] {logging_mixin.py:115} INFO - [2022-12-13 23:16:51,069] {dag.py:2927} INFO - Setting next_dagrun for primeiro_dag to 2022-12-14T00:00:00+00:00, run_after=2022-12-15T00:00:00+00:00
[2022-12-13 23:16:51,988] {processor.py:161} INFO - Processing /home/igor/Documents/airflowalura/dags/primeiro_dag.py took 2.097 seconds
[2022-12-13 23:18:06,882] {processor.py:153} INFO - Started process (PID=37572) to work on /home/igor/Documents/airflowalura/dags/primeiro_dag.py
[2022-12-13 23:18:06,893] {processor.py:641} INFO - Processing file /home/igor/Documents/airflowalura/dags/primeiro_dag.py for tasks to queue
[2022-12-13 23:18:06,900] {logging_mixin.py:115} INFO - [2022-12-13 23:18:06,894] {dagbag.py:507} INFO - Filling up the DagBag from /home/igor/Documents/airflowalura/dags/primeiro_dag.py
[2022-12-13 23:18:06,991] {processor.py:651} INFO - DAG(s) dict_keys(['primeiro_dag']) retrieved from /home/igor/Documents/airflowalura/dags/primeiro_dag.py
[2022-12-13 23:18:07,182] {logging_mixin.py:115} INFO - [2022-12-13 23:18:07,181] {dag.py:2379} INFO - Sync 1 DAGs
[2022-12-13 23:18:07,380] {logging_mixin.py:115} INFO - [2022-12-13 23:18:07,379] {dag.py:2927} INFO - Setting next_dagrun for primeiro_dag to 2022-12-14T00:00:00+00:00, run_after=2022-12-15T00:00:00+00:00
[2022-12-13 23:18:07,474] {processor.py:161} INFO - Processing /home/igor/Documents/airflowalura/dags/primeiro_dag.py took 0.621 seconds
[2022-12-13 23:18:53,687] {processor.py:153} INFO - Started process (PID=37684) to work on /home/igor/Documents/airflowalura/dags/primeiro_dag.py
[2022-12-13 23:18:53,691] {processor.py:641} INFO - Processing file /home/igor/Documents/airflowalura/dags/primeiro_dag.py for tasks to queue
[2022-12-13 23:18:53,693] {logging_mixin.py:115} INFO - [2022-12-13 23:18:53,693] {dagbag.py:507} INFO - Filling up the DagBag from /home/igor/Documents/airflowalura/dags/primeiro_dag.py
[2022-12-13 23:18:53,777] {processor.py:651} INFO - DAG(s) dict_keys(['primeiro_dag']) retrieved from /home/igor/Documents/airflowalura/dags/primeiro_dag.py
[2022-12-13 23:18:53,928] {logging_mixin.py:115} INFO - [2022-12-13 23:18:53,927] {dag.py:2379} INFO - Sync 1 DAGs
[2022-12-13 23:18:54,078] {logging_mixin.py:115} INFO - [2022-12-13 23:18:54,078] {dag.py:2927} INFO - Setting next_dagrun for primeiro_dag to 2022-12-14T00:00:00+00:00, run_after=2022-12-15T00:00:00+00:00
[2022-12-13 23:18:54,248] {processor.py:161} INFO - Processing /home/igor/Documents/airflowalura/dags/primeiro_dag.py took 0.604 seconds
[2022-12-13 23:19:33,839] {processor.py:153} INFO - Started process (PID=37783) to work on /home/igor/Documents/airflowalura/dags/primeiro_dag.py
[2022-12-13 23:19:33,855] {processor.py:641} INFO - Processing file /home/igor/Documents/airflowalura/dags/primeiro_dag.py for tasks to queue
[2022-12-13 23:19:33,858] {logging_mixin.py:115} INFO - [2022-12-13 23:19:33,857] {dagbag.py:507} INFO - Filling up the DagBag from /home/igor/Documents/airflowalura/dags/primeiro_dag.py
[2022-12-13 23:19:33,940] {processor.py:651} INFO - DAG(s) dict_keys(['primeiro_dag']) retrieved from /home/igor/Documents/airflowalura/dags/primeiro_dag.py
[2022-12-13 23:19:34,077] {logging_mixin.py:115} INFO - [2022-12-13 23:19:34,076] {dag.py:2379} INFO - Sync 1 DAGs
[2022-12-13 23:19:34,280] {logging_mixin.py:115} INFO - [2022-12-13 23:19:34,280] {dag.py:2927} INFO - Setting next_dagrun for primeiro_dag to 2022-12-14T00:00:00+00:00, run_after=2022-12-15T00:00:00+00:00
[2022-12-13 23:19:34,390] {processor.py:161} INFO - Processing /home/igor/Documents/airflowalura/dags/primeiro_dag.py took 0.606 seconds
[2022-12-13 23:20:11,337] {processor.py:153} INFO - Started process (PID=37872) to work on /home/igor/Documents/airflowalura/dags/primeiro_dag.py
[2022-12-13 23:20:11,342] {processor.py:641} INFO - Processing file /home/igor/Documents/airflowalura/dags/primeiro_dag.py for tasks to queue
[2022-12-13 23:20:11,343] {logging_mixin.py:115} INFO - [2022-12-13 23:20:11,343] {dagbag.py:507} INFO - Filling up the DagBag from /home/igor/Documents/airflowalura/dags/primeiro_dag.py
[2022-12-13 23:20:11,403] {processor.py:651} INFO - DAG(s) dict_keys(['primeiro_dag']) retrieved from /home/igor/Documents/airflowalura/dags/primeiro_dag.py
[2022-12-13 23:20:11,531] {logging_mixin.py:115} INFO - [2022-12-13 23:20:11,531] {dag.py:2379} INFO - Sync 1 DAGs
[2022-12-13 23:20:11,709] {logging_mixin.py:115} INFO - [2022-12-13 23:20:11,709] {dag.py:2927} INFO - Setting next_dagrun for primeiro_dag to 2022-12-14T00:00:00+00:00, run_after=2022-12-15T00:00:00+00:00
[2022-12-13 23:20:11,809] {processor.py:161} INFO - Processing /home/igor/Documents/airflowalura/dags/primeiro_dag.py took 0.498 seconds
[2022-12-13 23:20:48,909] {processor.py:153} INFO - Started process (PID=37974) to work on /home/igor/Documents/airflowalura/dags/primeiro_dag.py
[2022-12-13 23:20:48,920] {processor.py:641} INFO - Processing file /home/igor/Documents/airflowalura/dags/primeiro_dag.py for tasks to queue
[2022-12-13 23:20:48,921] {logging_mixin.py:115} INFO - [2022-12-13 23:20:48,921] {dagbag.py:507} INFO - Filling up the DagBag from /home/igor/Documents/airflowalura/dags/primeiro_dag.py
[2022-12-13 23:20:49,021] {processor.py:651} INFO - DAG(s) dict_keys(['primeiro_dag']) retrieved from /home/igor/Documents/airflowalura/dags/primeiro_dag.py
[2022-12-13 23:20:49,154] {logging_mixin.py:115} INFO - [2022-12-13 23:20:49,154] {dag.py:2379} INFO - Sync 1 DAGs
[2022-12-13 23:20:49,294] {logging_mixin.py:115} INFO - [2022-12-13 23:20:49,293] {dag.py:2927} INFO - Setting next_dagrun for primeiro_dag to 2022-12-14T00:00:00+00:00, run_after=2022-12-15T00:00:00+00:00
[2022-12-13 23:20:49,402] {processor.py:161} INFO - Processing /home/igor/Documents/airflowalura/dags/primeiro_dag.py took 0.529 seconds
[2022-12-13 23:21:24,842] {processor.py:153} INFO - Started process (PID=38067) to work on /home/igor/Documents/airflowalura/dags/primeiro_dag.py
[2022-12-13 23:21:24,861] {processor.py:641} INFO - Processing file /home/igor/Documents/airflowalura/dags/primeiro_dag.py for tasks to queue
[2022-12-13 23:21:24,866] {logging_mixin.py:115} INFO - [2022-12-13 23:21:24,866] {dagbag.py:507} INFO - Filling up the DagBag from /home/igor/Documents/airflowalura/dags/primeiro_dag.py
[2022-12-13 23:21:24,958] {processor.py:651} INFO - DAG(s) dict_keys(['primeiro_dag']) retrieved from /home/igor/Documents/airflowalura/dags/primeiro_dag.py
[2022-12-13 23:21:25,145] {logging_mixin.py:115} INFO - [2022-12-13 23:21:25,145] {dag.py:2379} INFO - Sync 1 DAGs
[2022-12-13 23:21:25,478] {logging_mixin.py:115} INFO - [2022-12-13 23:21:25,477] {dag.py:2927} INFO - Setting next_dagrun for primeiro_dag to 2022-12-14T00:00:00+00:00, run_after=2022-12-15T00:00:00+00:00
[2022-12-13 23:21:25,581] {processor.py:161} INFO - Processing /home/igor/Documents/airflowalura/dags/primeiro_dag.py took 0.796 seconds
[2022-12-13 23:22:02,790] {processor.py:153} INFO - Started process (PID=38167) to work on /home/igor/Documents/airflowalura/dags/primeiro_dag.py
[2022-12-13 23:22:02,809] {processor.py:641} INFO - Processing file /home/igor/Documents/airflowalura/dags/primeiro_dag.py for tasks to queue
[2022-12-13 23:22:02,810] {logging_mixin.py:115} INFO - [2022-12-13 23:22:02,810] {dagbag.py:507} INFO - Filling up the DagBag from /home/igor/Documents/airflowalura/dags/primeiro_dag.py
[2022-12-13 23:22:02,871] {processor.py:651} INFO - DAG(s) dict_keys(['primeiro_dag']) retrieved from /home/igor/Documents/airflowalura/dags/primeiro_dag.py
[2022-12-13 23:22:02,983] {logging_mixin.py:115} INFO - [2022-12-13 23:22:02,983] {dag.py:2379} INFO - Sync 1 DAGs
[2022-12-13 23:22:03,122] {logging_mixin.py:115} INFO - [2022-12-13 23:22:03,122] {dag.py:2927} INFO - Setting next_dagrun for primeiro_dag to 2022-12-14T00:00:00+00:00, run_after=2022-12-15T00:00:00+00:00
[2022-12-13 23:22:03,219] {processor.py:161} INFO - Processing /home/igor/Documents/airflowalura/dags/primeiro_dag.py took 0.454 seconds
[2022-12-13 23:22:42,290] {processor.py:153} INFO - Started process (PID=38293) to work on /home/igor/Documents/airflowalura/dags/primeiro_dag.py
[2022-12-13 23:22:42,308] {processor.py:641} INFO - Processing file /home/igor/Documents/airflowalura/dags/primeiro_dag.py for tasks to queue
[2022-12-13 23:22:42,309] {logging_mixin.py:115} INFO - [2022-12-13 23:22:42,309] {dagbag.py:507} INFO - Filling up the DagBag from /home/igor/Documents/airflowalura/dags/primeiro_dag.py
[2022-12-13 23:22:42,361] {processor.py:651} INFO - DAG(s) dict_keys(['primeiro_dag']) retrieved from /home/igor/Documents/airflowalura/dags/primeiro_dag.py
[2022-12-13 23:22:42,510] {logging_mixin.py:115} INFO - [2022-12-13 23:22:42,510] {dag.py:2379} INFO - Sync 1 DAGs
[2022-12-13 23:22:42,701] {logging_mixin.py:115} INFO - [2022-12-13 23:22:42,701] {dag.py:2927} INFO - Setting next_dagrun for primeiro_dag to 2022-12-14T00:00:00+00:00, run_after=2022-12-15T00:00:00+00:00
[2022-12-13 23:22:42,809] {processor.py:161} INFO - Processing /home/igor/Documents/airflowalura/dags/primeiro_dag.py took 0.527 seconds
[2022-12-13 23:23:23,425] {processor.py:153} INFO - Started process (PID=38432) to work on /home/igor/Documents/airflowalura/dags/primeiro_dag.py
[2022-12-13 23:23:23,433] {processor.py:641} INFO - Processing file /home/igor/Documents/airflowalura/dags/primeiro_dag.py for tasks to queue
[2022-12-13 23:23:23,442] {logging_mixin.py:115} INFO - [2022-12-13 23:23:23,435] {dagbag.py:507} INFO - Filling up the DagBag from /home/igor/Documents/airflowalura/dags/primeiro_dag.py
[2022-12-13 23:23:23,522] {processor.py:651} INFO - DAG(s) dict_keys(['primeiro_dag']) retrieved from /home/igor/Documents/airflowalura/dags/primeiro_dag.py
[2022-12-13 23:23:23,690] {logging_mixin.py:115} INFO - [2022-12-13 23:23:23,689] {dag.py:2379} INFO - Sync 1 DAGs
[2022-12-13 23:23:23,866] {logging_mixin.py:115} INFO - [2022-12-13 23:23:23,865] {dag.py:2927} INFO - Setting next_dagrun for primeiro_dag to 2022-12-14T00:00:00+00:00, run_after=2022-12-15T00:00:00+00:00
[2022-12-13 23:23:23,978] {processor.py:161} INFO - Processing /home/igor/Documents/airflowalura/dags/primeiro_dag.py took 0.569 seconds
[2022-12-13 23:24:04,292] {processor.py:153} INFO - Started process (PID=38541) to work on /home/igor/Documents/airflowalura/dags/primeiro_dag.py
[2022-12-13 23:24:04,295] {processor.py:641} INFO - Processing file /home/igor/Documents/airflowalura/dags/primeiro_dag.py for tasks to queue
[2022-12-13 23:24:04,297] {logging_mixin.py:115} INFO - [2022-12-13 23:24:04,297] {dagbag.py:507} INFO - Filling up the DagBag from /home/igor/Documents/airflowalura/dags/primeiro_dag.py
[2022-12-13 23:24:04,385] {processor.py:651} INFO - DAG(s) dict_keys(['primeiro_dag']) retrieved from /home/igor/Documents/airflowalura/dags/primeiro_dag.py
[2022-12-13 23:24:04,496] {logging_mixin.py:115} INFO - [2022-12-13 23:24:04,495] {dag.py:2379} INFO - Sync 1 DAGs
[2022-12-13 23:24:04,667] {logging_mixin.py:115} INFO - [2022-12-13 23:24:04,662] {dag.py:2927} INFO - Setting next_dagrun for primeiro_dag to 2022-12-14T00:00:00+00:00, run_after=2022-12-15T00:00:00+00:00
[2022-12-13 23:24:04,791] {processor.py:161} INFO - Processing /home/igor/Documents/airflowalura/dags/primeiro_dag.py took 0.535 seconds
[2022-12-13 23:24:40,814] {processor.py:153} INFO - Started process (PID=38629) to work on /home/igor/Documents/airflowalura/dags/primeiro_dag.py
[2022-12-13 23:24:40,828] {processor.py:641} INFO - Processing file /home/igor/Documents/airflowalura/dags/primeiro_dag.py for tasks to queue
[2022-12-13 23:24:40,830] {logging_mixin.py:115} INFO - [2022-12-13 23:24:40,830] {dagbag.py:507} INFO - Filling up the DagBag from /home/igor/Documents/airflowalura/dags/primeiro_dag.py
[2022-12-13 23:24:40,916] {processor.py:651} INFO - DAG(s) dict_keys(['primeiro_dag']) retrieved from /home/igor/Documents/airflowalura/dags/primeiro_dag.py
[2022-12-13 23:24:41,015] {logging_mixin.py:115} INFO - [2022-12-13 23:24:41,015] {dag.py:2379} INFO - Sync 1 DAGs
[2022-12-13 23:24:41,180] {logging_mixin.py:115} INFO - [2022-12-13 23:24:41,180] {dag.py:2927} INFO - Setting next_dagrun for primeiro_dag to 2022-12-14T00:00:00+00:00, run_after=2022-12-15T00:00:00+00:00
[2022-12-13 23:24:41,269] {processor.py:161} INFO - Processing /home/igor/Documents/airflowalura/dags/primeiro_dag.py took 0.472 seconds
[2022-12-13 23:25:17,283] {processor.py:153} INFO - Started process (PID=38721) to work on /home/igor/Documents/airflowalura/dags/primeiro_dag.py
[2022-12-13 23:25:17,293] {processor.py:641} INFO - Processing file /home/igor/Documents/airflowalura/dags/primeiro_dag.py for tasks to queue
[2022-12-13 23:25:17,296] {logging_mixin.py:115} INFO - [2022-12-13 23:25:17,294] {dagbag.py:507} INFO - Filling up the DagBag from /home/igor/Documents/airflowalura/dags/primeiro_dag.py
[2022-12-13 23:25:17,342] {processor.py:651} INFO - DAG(s) dict_keys(['primeiro_dag']) retrieved from /home/igor/Documents/airflowalura/dags/primeiro_dag.py
[2022-12-13 23:25:17,451] {logging_mixin.py:115} INFO - [2022-12-13 23:25:17,451] {dag.py:2379} INFO - Sync 1 DAGs
[2022-12-13 23:25:17,633] {logging_mixin.py:115} INFO - [2022-12-13 23:25:17,632] {dag.py:2927} INFO - Setting next_dagrun for primeiro_dag to 2022-12-14T00:00:00+00:00, run_after=2022-12-15T00:00:00+00:00
[2022-12-13 23:25:17,725] {processor.py:161} INFO - Processing /home/igor/Documents/airflowalura/dags/primeiro_dag.py took 0.472 seconds
[2022-12-13 23:25:54,306] {processor.py:153} INFO - Started process (PID=38816) to work on /home/igor/Documents/airflowalura/dags/primeiro_dag.py
[2022-12-13 23:25:54,316] {processor.py:641} INFO - Processing file /home/igor/Documents/airflowalura/dags/primeiro_dag.py for tasks to queue
[2022-12-13 23:25:54,317] {logging_mixin.py:115} INFO - [2022-12-13 23:25:54,317] {dagbag.py:507} INFO - Filling up the DagBag from /home/igor/Documents/airflowalura/dags/primeiro_dag.py
[2022-12-13 23:25:54,385] {processor.py:651} INFO - DAG(s) dict_keys(['primeiro_dag']) retrieved from /home/igor/Documents/airflowalura/dags/primeiro_dag.py
[2022-12-13 23:25:54,549] {logging_mixin.py:115} INFO - [2022-12-13 23:25:54,549] {dag.py:2379} INFO - Sync 1 DAGs
[2022-12-13 23:25:54,719] {logging_mixin.py:115} INFO - [2022-12-13 23:25:54,719] {dag.py:2927} INFO - Setting next_dagrun for primeiro_dag to 2022-12-14T00:00:00+00:00, run_after=2022-12-15T00:00:00+00:00
[2022-12-13 23:25:54,818] {processor.py:161} INFO - Processing /home/igor/Documents/airflowalura/dags/primeiro_dag.py took 0.532 seconds
[2022-12-13 23:26:31,050] {processor.py:153} INFO - Started process (PID=38906) to work on /home/igor/Documents/airflowalura/dags/primeiro_dag.py
[2022-12-13 23:26:31,060] {processor.py:641} INFO - Processing file /home/igor/Documents/airflowalura/dags/primeiro_dag.py for tasks to queue
[2022-12-13 23:26:31,061] {logging_mixin.py:115} INFO - [2022-12-13 23:26:31,061] {dagbag.py:507} INFO - Filling up the DagBag from /home/igor/Documents/airflowalura/dags/primeiro_dag.py
[2022-12-13 23:26:31,159] {processor.py:651} INFO - DAG(s) dict_keys(['primeiro_dag']) retrieved from /home/igor/Documents/airflowalura/dags/primeiro_dag.py
[2022-12-13 23:26:31,296] {logging_mixin.py:115} INFO - [2022-12-13 23:26:31,296] {dag.py:2379} INFO - Sync 1 DAGs
[2022-12-13 23:26:31,464] {logging_mixin.py:115} INFO - [2022-12-13 23:26:31,459] {dag.py:2927} INFO - Setting next_dagrun for primeiro_dag to 2022-12-14T00:00:00+00:00, run_after=2022-12-15T00:00:00+00:00
[2022-12-13 23:26:31,569] {processor.py:161} INFO - Processing /home/igor/Documents/airflowalura/dags/primeiro_dag.py took 0.542 seconds
[2022-12-13 23:27:06,579] {processor.py:153} INFO - Started process (PID=39000) to work on /home/igor/Documents/airflowalura/dags/primeiro_dag.py
[2022-12-13 23:27:06,602] {processor.py:641} INFO - Processing file /home/igor/Documents/airflowalura/dags/primeiro_dag.py for tasks to queue
[2022-12-13 23:27:06,604] {logging_mixin.py:115} INFO - [2022-12-13 23:27:06,604] {dagbag.py:507} INFO - Filling up the DagBag from /home/igor/Documents/airflowalura/dags/primeiro_dag.py
[2022-12-13 23:27:06,681] {processor.py:651} INFO - DAG(s) dict_keys(['primeiro_dag']) retrieved from /home/igor/Documents/airflowalura/dags/primeiro_dag.py
[2022-12-13 23:27:06,826] {logging_mixin.py:115} INFO - [2022-12-13 23:27:06,826] {dag.py:2379} INFO - Sync 1 DAGs
[2022-12-13 23:27:06,995] {logging_mixin.py:115} INFO - [2022-12-13 23:27:06,995] {dag.py:2927} INFO - Setting next_dagrun for primeiro_dag to 2022-12-14T00:00:00+00:00, run_after=2022-12-15T00:00:00+00:00
[2022-12-13 23:27:07,060] {processor.py:161} INFO - Processing /home/igor/Documents/airflowalura/dags/primeiro_dag.py took 0.506 seconds
