[2022-12-13 21:25:57,640] {processor.py:153} INFO - Started process (PID=29688) to work on /home/igor/Documents/airflowalura/venv/lib/python3.9/site-packages/airflow/example_dags/plugins/workday.py
[2022-12-13 21:25:57,642] {processor.py:641} INFO - Processing file /home/igor/Documents/airflowalura/venv/lib/python3.9/site-packages/airflow/example_dags/plugins/workday.py for tasks to queue
[2022-12-13 21:25:57,643] {logging_mixin.py:115} INFO - [2022-12-13 21:25:57,643] {dagbag.py:507} INFO - Filling up the DagBag from /home/igor/Documents/airflowalura/venv/lib/python3.9/site-packages/airflow/example_dags/plugins/workday.py
[2022-12-13 21:25:57,669] {processor.py:653} WARNING - No viable dags retrieved from /home/igor/Documents/airflowalura/venv/lib/python3.9/site-packages/airflow/example_dags/plugins/workday.py
[2022-12-13 21:25:57,904] {processor.py:161} INFO - Processing /home/igor/Documents/airflowalura/venv/lib/python3.9/site-packages/airflow/example_dags/plugins/workday.py took 0.300 seconds
[2022-12-13 21:27:31,834] {processor.py:153} INFO - Started process (PID=29931) to work on /home/igor/Documents/airflowalura/venv/lib/python3.9/site-packages/airflow/example_dags/plugins/workday.py
[2022-12-13 21:27:31,848] {processor.py:641} INFO - Processing file /home/igor/Documents/airflowalura/venv/lib/python3.9/site-packages/airflow/example_dags/plugins/workday.py for tasks to queue
[2022-12-13 21:27:31,849] {logging_mixin.py:115} INFO - [2022-12-13 21:27:31,848] {dagbag.py:507} INFO - Filling up the DagBag from /home/igor/Documents/airflowalura/venv/lib/python3.9/site-packages/airflow/example_dags/plugins/workday.py
[2022-12-13 21:27:31,853] {processor.py:653} WARNING - No viable dags retrieved from /home/igor/Documents/airflowalura/venv/lib/python3.9/site-packages/airflow/example_dags/plugins/workday.py
[2022-12-13 21:27:31,914] {processor.py:161} INFO - Processing /home/igor/Documents/airflowalura/venv/lib/python3.9/site-packages/airflow/example_dags/plugins/workday.py took 0.133 seconds
[2022-12-13 21:28:09,466] {processor.py:153} INFO - Started process (PID=30042) to work on /home/igor/Documents/airflowalura/venv/lib/python3.9/site-packages/airflow/example_dags/plugins/workday.py
[2022-12-13 21:28:09,478] {processor.py:641} INFO - Processing file /home/igor/Documents/airflowalura/venv/lib/python3.9/site-packages/airflow/example_dags/plugins/workday.py for tasks to queue
[2022-12-13 21:28:09,480] {logging_mixin.py:115} INFO - [2022-12-13 21:28:09,480] {dagbag.py:507} INFO - Filling up the DagBag from /home/igor/Documents/airflowalura/venv/lib/python3.9/site-packages/airflow/example_dags/plugins/workday.py
[2022-12-13 21:28:09,498] {processor.py:653} WARNING - No viable dags retrieved from /home/igor/Documents/airflowalura/venv/lib/python3.9/site-packages/airflow/example_dags/plugins/workday.py
[2022-12-13 21:28:09,613] {processor.py:161} INFO - Processing /home/igor/Documents/airflowalura/venv/lib/python3.9/site-packages/airflow/example_dags/plugins/workday.py took 0.164 seconds
[2022-12-13 21:29:15,614] {processor.py:153} INFO - Started process (PID=30236) to work on /home/igor/Documents/airflowalura/venv/lib/python3.9/site-packages/airflow/example_dags/plugins/workday.py
[2022-12-13 21:29:15,624] {processor.py:641} INFO - Processing file /home/igor/Documents/airflowalura/venv/lib/python3.9/site-packages/airflow/example_dags/plugins/workday.py for tasks to queue
[2022-12-13 21:29:15,625] {logging_mixin.py:115} INFO - [2022-12-13 21:29:15,625] {dagbag.py:507} INFO - Filling up the DagBag from /home/igor/Documents/airflowalura/venv/lib/python3.9/site-packages/airflow/example_dags/plugins/workday.py
[2022-12-13 21:29:15,640] {processor.py:653} WARNING - No viable dags retrieved from /home/igor/Documents/airflowalura/venv/lib/python3.9/site-packages/airflow/example_dags/plugins/workday.py
[2022-12-13 21:29:15,693] {processor.py:161} INFO - Processing /home/igor/Documents/airflowalura/venv/lib/python3.9/site-packages/airflow/example_dags/plugins/workday.py took 0.093 seconds
[2022-12-13 21:30:21,937] {processor.py:153} INFO - Started process (PID=30406) to work on /home/igor/Documents/airflowalura/venv/lib/python3.9/site-packages/airflow/example_dags/plugins/workday.py
[2022-12-13 21:30:22,096] {processor.py:641} INFO - Processing file /home/igor/Documents/airflowalura/venv/lib/python3.9/site-packages/airflow/example_dags/plugins/workday.py for tasks to queue
[2022-12-13 21:30:22,098] {logging_mixin.py:115} INFO - [2022-12-13 21:30:22,098] {dagbag.py:507} INFO - Filling up the DagBag from /home/igor/Documents/airflowalura/venv/lib/python3.9/site-packages/airflow/example_dags/plugins/workday.py
[2022-12-13 21:30:22,112] {processor.py:653} WARNING - No viable dags retrieved from /home/igor/Documents/airflowalura/venv/lib/python3.9/site-packages/airflow/example_dags/plugins/workday.py
[2022-12-13 21:30:22,474] {processor.py:161} INFO - Processing /home/igor/Documents/airflowalura/venv/lib/python3.9/site-packages/airflow/example_dags/plugins/workday.py took 0.585 seconds
[2022-12-13 21:31:21,448] {processor.py:153} INFO - Started process (PID=30518) to work on /home/igor/Documents/airflowalura/venv/lib/python3.9/site-packages/airflow/example_dags/plugins/workday.py
[2022-12-13 21:31:21,471] {processor.py:641} INFO - Processing file /home/igor/Documents/airflowalura/venv/lib/python3.9/site-packages/airflow/example_dags/plugins/workday.py for tasks to queue
[2022-12-13 21:31:21,472] {logging_mixin.py:115} INFO - [2022-12-13 21:31:21,472] {dagbag.py:507} INFO - Filling up the DagBag from /home/igor/Documents/airflowalura/venv/lib/python3.9/site-packages/airflow/example_dags/plugins/workday.py
[2022-12-13 21:31:21,481] {processor.py:653} WARNING - No viable dags retrieved from /home/igor/Documents/airflowalura/venv/lib/python3.9/site-packages/airflow/example_dags/plugins/workday.py
[2022-12-13 21:31:21,626] {processor.py:161} INFO - Processing /home/igor/Documents/airflowalura/venv/lib/python3.9/site-packages/airflow/example_dags/plugins/workday.py took 0.209 seconds
[2022-12-13 21:32:17,432] {processor.py:153} INFO - Started process (PID=30631) to work on /home/igor/Documents/airflowalura/venv/lib/python3.9/site-packages/airflow/example_dags/plugins/workday.py
[2022-12-13 21:32:17,440] {processor.py:641} INFO - Processing file /home/igor/Documents/airflowalura/venv/lib/python3.9/site-packages/airflow/example_dags/plugins/workday.py for tasks to queue
[2022-12-13 21:32:17,442] {logging_mixin.py:115} INFO - [2022-12-13 21:32:17,441] {dagbag.py:507} INFO - Filling up the DagBag from /home/igor/Documents/airflowalura/venv/lib/python3.9/site-packages/airflow/example_dags/plugins/workday.py
[2022-12-13 21:32:17,455] {processor.py:653} WARNING - No viable dags retrieved from /home/igor/Documents/airflowalura/venv/lib/python3.9/site-packages/airflow/example_dags/plugins/workday.py
[2022-12-13 21:32:17,524] {processor.py:161} INFO - Processing /home/igor/Documents/airflowalura/venv/lib/python3.9/site-packages/airflow/example_dags/plugins/workday.py took 0.110 seconds
[2022-12-13 21:33:15,434] {processor.py:153} INFO - Started process (PID=30744) to work on /home/igor/Documents/airflowalura/venv/lib/python3.9/site-packages/airflow/example_dags/plugins/workday.py
[2022-12-13 21:33:15,442] {processor.py:641} INFO - Processing file /home/igor/Documents/airflowalura/venv/lib/python3.9/site-packages/airflow/example_dags/plugins/workday.py for tasks to queue
[2022-12-13 21:33:15,450] {logging_mixin.py:115} INFO - [2022-12-13 21:33:15,449] {dagbag.py:507} INFO - Filling up the DagBag from /home/igor/Documents/airflowalura/venv/lib/python3.9/site-packages/airflow/example_dags/plugins/workday.py
[2022-12-13 21:33:15,466] {processor.py:653} WARNING - No viable dags retrieved from /home/igor/Documents/airflowalura/venv/lib/python3.9/site-packages/airflow/example_dags/plugins/workday.py
[2022-12-13 21:33:15,530] {processor.py:161} INFO - Processing /home/igor/Documents/airflowalura/venv/lib/python3.9/site-packages/airflow/example_dags/plugins/workday.py took 0.107 seconds
[2022-12-13 21:34:07,721] {processor.py:153} INFO - Started process (PID=30854) to work on /home/igor/Documents/airflowalura/venv/lib/python3.9/site-packages/airflow/example_dags/plugins/workday.py
[2022-12-13 21:34:07,725] {processor.py:641} INFO - Processing file /home/igor/Documents/airflowalura/venv/lib/python3.9/site-packages/airflow/example_dags/plugins/workday.py for tasks to queue
[2022-12-13 21:34:07,728] {logging_mixin.py:115} INFO - [2022-12-13 21:34:07,727] {dagbag.py:507} INFO - Filling up the DagBag from /home/igor/Documents/airflowalura/venv/lib/python3.9/site-packages/airflow/example_dags/plugins/workday.py
[2022-12-13 21:34:07,742] {processor.py:653} WARNING - No viable dags retrieved from /home/igor/Documents/airflowalura/venv/lib/python3.9/site-packages/airflow/example_dags/plugins/workday.py
[2022-12-13 21:34:07,838] {processor.py:161} INFO - Processing /home/igor/Documents/airflowalura/venv/lib/python3.9/site-packages/airflow/example_dags/plugins/workday.py took 0.157 seconds
[2022-12-13 21:35:02,546] {processor.py:153} INFO - Started process (PID=30956) to work on /home/igor/Documents/airflowalura/venv/lib/python3.9/site-packages/airflow/example_dags/plugins/workday.py
[2022-12-13 21:35:02,548] {processor.py:641} INFO - Processing file /home/igor/Documents/airflowalura/venv/lib/python3.9/site-packages/airflow/example_dags/plugins/workday.py for tasks to queue
[2022-12-13 21:35:02,549] {logging_mixin.py:115} INFO - [2022-12-13 21:35:02,549] {dagbag.py:507} INFO - Filling up the DagBag from /home/igor/Documents/airflowalura/venv/lib/python3.9/site-packages/airflow/example_dags/plugins/workday.py
[2022-12-13 21:35:02,556] {processor.py:653} WARNING - No viable dags retrieved from /home/igor/Documents/airflowalura/venv/lib/python3.9/site-packages/airflow/example_dags/plugins/workday.py
[2022-12-13 21:35:02,700] {processor.py:161} INFO - Processing /home/igor/Documents/airflowalura/venv/lib/python3.9/site-packages/airflow/example_dags/plugins/workday.py took 0.494 seconds
[2022-12-13 21:36:38,023] {processor.py:153} INFO - Started process (PID=31112) to work on /home/igor/Documents/airflowalura/venv/lib/python3.9/site-packages/airflow/example_dags/plugins/workday.py
[2022-12-13 21:36:38,101] {processor.py:641} INFO - Processing file /home/igor/Documents/airflowalura/venv/lib/python3.9/site-packages/airflow/example_dags/plugins/workday.py for tasks to queue
[2022-12-13 21:36:38,103] {logging_mixin.py:115} INFO - [2022-12-13 21:36:38,102] {dagbag.py:507} INFO - Filling up the DagBag from /home/igor/Documents/airflowalura/venv/lib/python3.9/site-packages/airflow/example_dags/plugins/workday.py
[2022-12-13 21:36:38,126] {processor.py:653} WARNING - No viable dags retrieved from /home/igor/Documents/airflowalura/venv/lib/python3.9/site-packages/airflow/example_dags/plugins/workday.py
[2022-12-13 21:36:38,309] {processor.py:161} INFO - Processing /home/igor/Documents/airflowalura/venv/lib/python3.9/site-packages/airflow/example_dags/plugins/workday.py took 0.342 seconds
[2022-12-13 21:37:44,143] {processor.py:153} INFO - Started process (PID=31390) to work on /home/igor/Documents/airflowalura/venv/lib/python3.9/site-packages/airflow/example_dags/plugins/workday.py
[2022-12-13 21:37:44,177] {processor.py:641} INFO - Processing file /home/igor/Documents/airflowalura/venv/lib/python3.9/site-packages/airflow/example_dags/plugins/workday.py for tasks to queue
[2022-12-13 21:37:44,191] {logging_mixin.py:115} INFO - [2022-12-13 21:37:44,179] {dagbag.py:507} INFO - Filling up the DagBag from /home/igor/Documents/airflowalura/venv/lib/python3.9/site-packages/airflow/example_dags/plugins/workday.py
[2022-12-13 21:37:44,217] {processor.py:653} WARNING - No viable dags retrieved from /home/igor/Documents/airflowalura/venv/lib/python3.9/site-packages/airflow/example_dags/plugins/workday.py
[2022-12-13 21:37:44,381] {processor.py:161} INFO - Processing /home/igor/Documents/airflowalura/venv/lib/python3.9/site-packages/airflow/example_dags/plugins/workday.py took 0.280 seconds
[2022-12-13 21:38:23,939] {processor.py:153} INFO - Started process (PID=31499) to work on /home/igor/Documents/airflowalura/venv/lib/python3.9/site-packages/airflow/example_dags/plugins/workday.py
[2022-12-13 21:38:23,960] {processor.py:641} INFO - Processing file /home/igor/Documents/airflowalura/venv/lib/python3.9/site-packages/airflow/example_dags/plugins/workday.py for tasks to queue
[2022-12-13 21:38:23,961] {logging_mixin.py:115} INFO - [2022-12-13 21:38:23,961] {dagbag.py:507} INFO - Filling up the DagBag from /home/igor/Documents/airflowalura/venv/lib/python3.9/site-packages/airflow/example_dags/plugins/workday.py
[2022-12-13 21:38:23,966] {processor.py:653} WARNING - No viable dags retrieved from /home/igor/Documents/airflowalura/venv/lib/python3.9/site-packages/airflow/example_dags/plugins/workday.py
[2022-12-13 21:38:24,050] {processor.py:161} INFO - Processing /home/igor/Documents/airflowalura/venv/lib/python3.9/site-packages/airflow/example_dags/plugins/workday.py took 0.131 seconds
[2022-12-13 23:00:10,971] {processor.py:153} INFO - Started process (PID=35007) to work on /home/igor/Documents/airflowalura/venv/lib/python3.9/site-packages/airflow/example_dags/plugins/workday.py
[2022-12-13 23:00:10,985] {processor.py:641} INFO - Processing file /home/igor/Documents/airflowalura/venv/lib/python3.9/site-packages/airflow/example_dags/plugins/workday.py for tasks to queue
[2022-12-13 23:00:10,987] {logging_mixin.py:115} INFO - [2022-12-13 23:00:10,986] {dagbag.py:507} INFO - Filling up the DagBag from /home/igor/Documents/airflowalura/venv/lib/python3.9/site-packages/airflow/example_dags/plugins/workday.py
[2022-12-13 23:00:11,046] {processor.py:653} WARNING - No viable dags retrieved from /home/igor/Documents/airflowalura/venv/lib/python3.9/site-packages/airflow/example_dags/plugins/workday.py
[2022-12-13 23:00:11,346] {processor.py:161} INFO - Processing /home/igor/Documents/airflowalura/venv/lib/python3.9/site-packages/airflow/example_dags/plugins/workday.py took 0.467 seconds
[2022-12-13 23:01:38,222] {processor.py:153} INFO - Started process (PID=35458) to work on /home/igor/Documents/airflowalura/venv/lib/python3.9/site-packages/airflow/example_dags/plugins/workday.py
[2022-12-13 23:01:38,244] {processor.py:641} INFO - Processing file /home/igor/Documents/airflowalura/venv/lib/python3.9/site-packages/airflow/example_dags/plugins/workday.py for tasks to queue
[2022-12-13 23:01:38,245] {logging_mixin.py:115} INFO - [2022-12-13 23:01:38,245] {dagbag.py:507} INFO - Filling up the DagBag from /home/igor/Documents/airflowalura/venv/lib/python3.9/site-packages/airflow/example_dags/plugins/workday.py
[2022-12-13 23:01:38,260] {processor.py:653} WARNING - No viable dags retrieved from /home/igor/Documents/airflowalura/venv/lib/python3.9/site-packages/airflow/example_dags/plugins/workday.py
[2022-12-13 23:01:38,336] {processor.py:161} INFO - Processing /home/igor/Documents/airflowalura/venv/lib/python3.9/site-packages/airflow/example_dags/plugins/workday.py took 0.134 seconds
[2022-12-13 23:02:40,889] {processor.py:153} INFO - Started process (PID=35683) to work on /home/igor/Documents/airflowalura/venv/lib/python3.9/site-packages/airflow/example_dags/plugins/workday.py
[2022-12-13 23:02:40,906] {processor.py:641} INFO - Processing file /home/igor/Documents/airflowalura/venv/lib/python3.9/site-packages/airflow/example_dags/plugins/workday.py for tasks to queue
[2022-12-13 23:02:40,919] {logging_mixin.py:115} INFO - [2022-12-13 23:02:40,919] {dagbag.py:507} INFO - Filling up the DagBag from /home/igor/Documents/airflowalura/venv/lib/python3.9/site-packages/airflow/example_dags/plugins/workday.py
[2022-12-13 23:02:40,972] {processor.py:653} WARNING - No viable dags retrieved from /home/igor/Documents/airflowalura/venv/lib/python3.9/site-packages/airflow/example_dags/plugins/workday.py
[2022-12-13 23:02:41,089] {processor.py:161} INFO - Processing /home/igor/Documents/airflowalura/venv/lib/python3.9/site-packages/airflow/example_dags/plugins/workday.py took 0.263 seconds
[2022-12-13 23:03:46,457] {processor.py:153} INFO - Started process (PID=35818) to work on /home/igor/Documents/airflowalura/venv/lib/python3.9/site-packages/airflow/example_dags/plugins/workday.py
[2022-12-13 23:03:46,482] {processor.py:641} INFO - Processing file /home/igor/Documents/airflowalura/venv/lib/python3.9/site-packages/airflow/example_dags/plugins/workday.py for tasks to queue
[2022-12-13 23:03:46,484] {logging_mixin.py:115} INFO - [2022-12-13 23:03:46,484] {dagbag.py:507} INFO - Filling up the DagBag from /home/igor/Documents/airflowalura/venv/lib/python3.9/site-packages/airflow/example_dags/plugins/workday.py
[2022-12-13 23:03:46,535] {processor.py:653} WARNING - No viable dags retrieved from /home/igor/Documents/airflowalura/venv/lib/python3.9/site-packages/airflow/example_dags/plugins/workday.py
[2022-12-13 23:03:46,676] {processor.py:161} INFO - Processing /home/igor/Documents/airflowalura/venv/lib/python3.9/site-packages/airflow/example_dags/plugins/workday.py took 0.266 seconds
[2022-12-13 23:04:48,882] {processor.py:153} INFO - Started process (PID=35947) to work on /home/igor/Documents/airflowalura/venv/lib/python3.9/site-packages/airflow/example_dags/plugins/workday.py
[2022-12-13 23:04:48,888] {processor.py:641} INFO - Processing file /home/igor/Documents/airflowalura/venv/lib/python3.9/site-packages/airflow/example_dags/plugins/workday.py for tasks to queue
[2022-12-13 23:04:48,890] {logging_mixin.py:115} INFO - [2022-12-13 23:04:48,889] {dagbag.py:507} INFO - Filling up the DagBag from /home/igor/Documents/airflowalura/venv/lib/python3.9/site-packages/airflow/example_dags/plugins/workday.py
[2022-12-13 23:04:48,906] {processor.py:653} WARNING - No viable dags retrieved from /home/igor/Documents/airflowalura/venv/lib/python3.9/site-packages/airflow/example_dags/plugins/workday.py
[2022-12-13 23:04:48,981] {processor.py:161} INFO - Processing /home/igor/Documents/airflowalura/venv/lib/python3.9/site-packages/airflow/example_dags/plugins/workday.py took 0.113 seconds
[2022-12-13 23:05:45,945] {processor.py:153} INFO - Started process (PID=36093) to work on /home/igor/Documents/airflowalura/venv/lib/python3.9/site-packages/airflow/example_dags/plugins/workday.py
[2022-12-13 23:05:45,952] {processor.py:641} INFO - Processing file /home/igor/Documents/airflowalura/venv/lib/python3.9/site-packages/airflow/example_dags/plugins/workday.py for tasks to queue
[2022-12-13 23:05:45,964] {logging_mixin.py:115} INFO - [2022-12-13 23:05:45,964] {dagbag.py:507} INFO - Filling up the DagBag from /home/igor/Documents/airflowalura/venv/lib/python3.9/site-packages/airflow/example_dags/plugins/workday.py
[2022-12-13 23:05:46,022] {processor.py:653} WARNING - No viable dags retrieved from /home/igor/Documents/airflowalura/venv/lib/python3.9/site-packages/airflow/example_dags/plugins/workday.py
[2022-12-13 23:05:46,156] {processor.py:161} INFO - Processing /home/igor/Documents/airflowalura/venv/lib/python3.9/site-packages/airflow/example_dags/plugins/workday.py took 0.245 seconds
[2022-12-13 23:06:43,159] {processor.py:153} INFO - Started process (PID=36192) to work on /home/igor/Documents/airflowalura/venv/lib/python3.9/site-packages/airflow/example_dags/plugins/workday.py
[2022-12-13 23:06:43,166] {processor.py:641} INFO - Processing file /home/igor/Documents/airflowalura/venv/lib/python3.9/site-packages/airflow/example_dags/plugins/workday.py for tasks to queue
[2022-12-13 23:06:43,171] {logging_mixin.py:115} INFO - [2022-12-13 23:06:43,170] {dagbag.py:507} INFO - Filling up the DagBag from /home/igor/Documents/airflowalura/venv/lib/python3.9/site-packages/airflow/example_dags/plugins/workday.py
[2022-12-13 23:06:43,202] {processor.py:653} WARNING - No viable dags retrieved from /home/igor/Documents/airflowalura/venv/lib/python3.9/site-packages/airflow/example_dags/plugins/workday.py
[2022-12-13 23:06:43,308] {processor.py:161} INFO - Processing /home/igor/Documents/airflowalura/venv/lib/python3.9/site-packages/airflow/example_dags/plugins/workday.py took 0.196 seconds
[2022-12-13 23:07:48,052] {processor.py:153} INFO - Started process (PID=36302) to work on /home/igor/Documents/airflowalura/venv/lib/python3.9/site-packages/airflow/example_dags/plugins/workday.py
[2022-12-13 23:07:48,065] {processor.py:641} INFO - Processing file /home/igor/Documents/airflowalura/venv/lib/python3.9/site-packages/airflow/example_dags/plugins/workday.py for tasks to queue
[2022-12-13 23:07:48,133] {logging_mixin.py:115} INFO - [2022-12-13 23:07:48,132] {dagbag.py:507} INFO - Filling up the DagBag from /home/igor/Documents/airflowalura/venv/lib/python3.9/site-packages/airflow/example_dags/plugins/workday.py
[2022-12-13 23:07:48,207] {processor.py:653} WARNING - No viable dags retrieved from /home/igor/Documents/airflowalura/venv/lib/python3.9/site-packages/airflow/example_dags/plugins/workday.py
[2022-12-13 23:07:48,376] {processor.py:161} INFO - Processing /home/igor/Documents/airflowalura/venv/lib/python3.9/site-packages/airflow/example_dags/plugins/workday.py took 0.394 seconds
[2022-12-13 23:09:36,027] {processor.py:153} INFO - Started process (PID=36468) to work on /home/igor/Documents/airflowalura/venv/lib/python3.9/site-packages/airflow/example_dags/plugins/workday.py
[2022-12-13 23:09:36,034] {processor.py:641} INFO - Processing file /home/igor/Documents/airflowalura/venv/lib/python3.9/site-packages/airflow/example_dags/plugins/workday.py for tasks to queue
[2022-12-13 23:09:36,037] {logging_mixin.py:115} INFO - [2022-12-13 23:09:36,037] {dagbag.py:507} INFO - Filling up the DagBag from /home/igor/Documents/airflowalura/venv/lib/python3.9/site-packages/airflow/example_dags/plugins/workday.py
[2022-12-13 23:09:36,068] {processor.py:653} WARNING - No viable dags retrieved from /home/igor/Documents/airflowalura/venv/lib/python3.9/site-packages/airflow/example_dags/plugins/workday.py
[2022-12-13 23:09:36,164] {processor.py:161} INFO - Processing /home/igor/Documents/airflowalura/venv/lib/python3.9/site-packages/airflow/example_dags/plugins/workday.py took 0.191 seconds
[2022-12-13 23:11:39,601] {processor.py:153} INFO - Started process (PID=36657) to work on /home/igor/Documents/airflowalura/venv/lib/python3.9/site-packages/airflow/example_dags/plugins/workday.py
[2022-12-13 23:11:39,612] {processor.py:641} INFO - Processing file /home/igor/Documents/airflowalura/venv/lib/python3.9/site-packages/airflow/example_dags/plugins/workday.py for tasks to queue
[2022-12-13 23:11:39,613] {logging_mixin.py:115} INFO - [2022-12-13 23:11:39,613] {dagbag.py:507} INFO - Filling up the DagBag from /home/igor/Documents/airflowalura/venv/lib/python3.9/site-packages/airflow/example_dags/plugins/workday.py
[2022-12-13 23:11:39,634] {processor.py:653} WARNING - No viable dags retrieved from /home/igor/Documents/airflowalura/venv/lib/python3.9/site-packages/airflow/example_dags/plugins/workday.py
[2022-12-13 23:11:39,915] {processor.py:161} INFO - Processing /home/igor/Documents/airflowalura/venv/lib/python3.9/site-packages/airflow/example_dags/plugins/workday.py took 0.397 seconds
[2022-12-13 23:13:05,602] {processor.py:153} INFO - Started process (PID=36978) to work on /home/igor/Documents/airflowalura/venv/lib/python3.9/site-packages/airflow/example_dags/plugins/workday.py
[2022-12-13 23:13:05,612] {processor.py:641} INFO - Processing file /home/igor/Documents/airflowalura/venv/lib/python3.9/site-packages/airflow/example_dags/plugins/workday.py for tasks to queue
[2022-12-13 23:13:05,614] {logging_mixin.py:115} INFO - [2022-12-13 23:13:05,613] {dagbag.py:507} INFO - Filling up the DagBag from /home/igor/Documents/airflowalura/venv/lib/python3.9/site-packages/airflow/example_dags/plugins/workday.py
[2022-12-13 23:13:05,639] {processor.py:653} WARNING - No viable dags retrieved from /home/igor/Documents/airflowalura/venv/lib/python3.9/site-packages/airflow/example_dags/plugins/workday.py
[2022-12-13 23:13:05,789] {processor.py:161} INFO - Processing /home/igor/Documents/airflowalura/venv/lib/python3.9/site-packages/airflow/example_dags/plugins/workday.py took 0.223 seconds
[2022-12-13 23:13:55,353] {processor.py:153} INFO - Started process (PID=37121) to work on /home/igor/Documents/airflowalura/venv/lib/python3.9/site-packages/airflow/example_dags/plugins/workday.py
[2022-12-13 23:13:55,370] {processor.py:641} INFO - Processing file /home/igor/Documents/airflowalura/venv/lib/python3.9/site-packages/airflow/example_dags/plugins/workday.py for tasks to queue
[2022-12-13 23:13:55,380] {logging_mixin.py:115} INFO - [2022-12-13 23:13:55,380] {dagbag.py:507} INFO - Filling up the DagBag from /home/igor/Documents/airflowalura/venv/lib/python3.9/site-packages/airflow/example_dags/plugins/workday.py
[2022-12-13 23:13:55,415] {processor.py:653} WARNING - No viable dags retrieved from /home/igor/Documents/airflowalura/venv/lib/python3.9/site-packages/airflow/example_dags/plugins/workday.py
[2022-12-13 23:13:55,649] {processor.py:161} INFO - Processing /home/igor/Documents/airflowalura/venv/lib/python3.9/site-packages/airflow/example_dags/plugins/workday.py took 0.366 seconds
[2022-12-13 23:14:39,698] {processor.py:153} INFO - Started process (PID=37225) to work on /home/igor/Documents/airflowalura/venv/lib/python3.9/site-packages/airflow/example_dags/plugins/workday.py
[2022-12-13 23:14:39,716] {processor.py:641} INFO - Processing file /home/igor/Documents/airflowalura/venv/lib/python3.9/site-packages/airflow/example_dags/plugins/workday.py for tasks to queue
[2022-12-13 23:14:39,718] {logging_mixin.py:115} INFO - [2022-12-13 23:14:39,717] {dagbag.py:507} INFO - Filling up the DagBag from /home/igor/Documents/airflowalura/venv/lib/python3.9/site-packages/airflow/example_dags/plugins/workday.py
[2022-12-13 23:14:39,746] {processor.py:653} WARNING - No viable dags retrieved from /home/igor/Documents/airflowalura/venv/lib/python3.9/site-packages/airflow/example_dags/plugins/workday.py
[2022-12-13 23:14:39,853] {processor.py:161} INFO - Processing /home/igor/Documents/airflowalura/venv/lib/python3.9/site-packages/airflow/example_dags/plugins/workday.py took 0.173 seconds
[2022-12-13 23:15:27,117] {processor.py:153} INFO - Started process (PID=37339) to work on /home/igor/Documents/airflowalura/venv/lib/python3.9/site-packages/airflow/example_dags/plugins/workday.py
[2022-12-13 23:15:27,119] {processor.py:641} INFO - Processing file /home/igor/Documents/airflowalura/venv/lib/python3.9/site-packages/airflow/example_dags/plugins/workday.py for tasks to queue
[2022-12-13 23:15:27,120] {logging_mixin.py:115} INFO - [2022-12-13 23:15:27,120] {dagbag.py:507} INFO - Filling up the DagBag from /home/igor/Documents/airflowalura/venv/lib/python3.9/site-packages/airflow/example_dags/plugins/workday.py
[2022-12-13 23:15:27,142] {processor.py:653} WARNING - No viable dags retrieved from /home/igor/Documents/airflowalura/venv/lib/python3.9/site-packages/airflow/example_dags/plugins/workday.py
[2022-12-13 23:15:27,235] {processor.py:161} INFO - Processing /home/igor/Documents/airflowalura/venv/lib/python3.9/site-packages/airflow/example_dags/plugins/workday.py took 0.172 seconds
[2022-12-13 23:17:08,046] {processor.py:153} INFO - Started process (PID=37452) to work on /home/igor/Documents/airflowalura/venv/lib/python3.9/site-packages/airflow/example_dags/plugins/workday.py
[2022-12-13 23:17:08,743] {processor.py:641} INFO - Processing file /home/igor/Documents/airflowalura/venv/lib/python3.9/site-packages/airflow/example_dags/plugins/workday.py for tasks to queue
[2022-12-13 23:17:08,745] {logging_mixin.py:115} INFO - [2022-12-13 23:17:08,745] {dagbag.py:507} INFO - Filling up the DagBag from /home/igor/Documents/airflowalura/venv/lib/python3.9/site-packages/airflow/example_dags/plugins/workday.py
[2022-12-13 23:17:09,520] {processor.py:653} WARNING - No viable dags retrieved from /home/igor/Documents/airflowalura/venv/lib/python3.9/site-packages/airflow/example_dags/plugins/workday.py
[2022-12-13 23:17:09,594] {processor.py:161} INFO - Processing /home/igor/Documents/airflowalura/venv/lib/python3.9/site-packages/airflow/example_dags/plugins/workday.py took 1.567 seconds
[2022-12-13 23:18:10,349] {processor.py:153} INFO - Started process (PID=37583) to work on /home/igor/Documents/airflowalura/venv/lib/python3.9/site-packages/airflow/example_dags/plugins/workday.py
[2022-12-13 23:18:10,352] {processor.py:641} INFO - Processing file /home/igor/Documents/airflowalura/venv/lib/python3.9/site-packages/airflow/example_dags/plugins/workday.py for tasks to queue
[2022-12-13 23:18:10,354] {logging_mixin.py:115} INFO - [2022-12-13 23:18:10,354] {dagbag.py:507} INFO - Filling up the DagBag from /home/igor/Documents/airflowalura/venv/lib/python3.9/site-packages/airflow/example_dags/plugins/workday.py
[2022-12-13 23:18:10,387] {processor.py:653} WARNING - No viable dags retrieved from /home/igor/Documents/airflowalura/venv/lib/python3.9/site-packages/airflow/example_dags/plugins/workday.py
[2022-12-13 23:18:10,497] {processor.py:161} INFO - Processing /home/igor/Documents/airflowalura/venv/lib/python3.9/site-packages/airflow/example_dags/plugins/workday.py took 0.176 seconds
[2022-12-13 23:18:57,139] {processor.py:153} INFO - Started process (PID=37695) to work on /home/igor/Documents/airflowalura/venv/lib/python3.9/site-packages/airflow/example_dags/plugins/workday.py
[2022-12-13 23:18:57,147] {processor.py:641} INFO - Processing file /home/igor/Documents/airflowalura/venv/lib/python3.9/site-packages/airflow/example_dags/plugins/workday.py for tasks to queue
[2022-12-13 23:18:57,148] {logging_mixin.py:115} INFO - [2022-12-13 23:18:57,148] {dagbag.py:507} INFO - Filling up the DagBag from /home/igor/Documents/airflowalura/venv/lib/python3.9/site-packages/airflow/example_dags/plugins/workday.py
[2022-12-13 23:18:57,169] {processor.py:653} WARNING - No viable dags retrieved from /home/igor/Documents/airflowalura/venv/lib/python3.9/site-packages/airflow/example_dags/plugins/workday.py
[2022-12-13 23:18:57,268] {processor.py:161} INFO - Processing /home/igor/Documents/airflowalura/venv/lib/python3.9/site-packages/airflow/example_dags/plugins/workday.py took 0.154 seconds
[2022-12-13 23:19:36,742] {processor.py:153} INFO - Started process (PID=37791) to work on /home/igor/Documents/airflowalura/venv/lib/python3.9/site-packages/airflow/example_dags/plugins/workday.py
[2022-12-13 23:19:36,753] {processor.py:641} INFO - Processing file /home/igor/Documents/airflowalura/venv/lib/python3.9/site-packages/airflow/example_dags/plugins/workday.py for tasks to queue
[2022-12-13 23:19:36,756] {logging_mixin.py:115} INFO - [2022-12-13 23:19:36,755] {dagbag.py:507} INFO - Filling up the DagBag from /home/igor/Documents/airflowalura/venv/lib/python3.9/site-packages/airflow/example_dags/plugins/workday.py
[2022-12-13 23:19:36,772] {processor.py:653} WARNING - No viable dags retrieved from /home/igor/Documents/airflowalura/venv/lib/python3.9/site-packages/airflow/example_dags/plugins/workday.py
[2022-12-13 23:19:36,859] {processor.py:161} INFO - Processing /home/igor/Documents/airflowalura/venv/lib/python3.9/site-packages/airflow/example_dags/plugins/workday.py took 0.135 seconds
[2022-12-13 23:20:52,126] {processor.py:153} INFO - Started process (PID=37983) to work on /home/igor/Documents/airflowalura/venv/lib/python3.9/site-packages/airflow/example_dags/plugins/workday.py
[2022-12-13 23:20:52,146] {processor.py:641} INFO - Processing file /home/igor/Documents/airflowalura/venv/lib/python3.9/site-packages/airflow/example_dags/plugins/workday.py for tasks to queue
[2022-12-13 23:20:52,148] {logging_mixin.py:115} INFO - [2022-12-13 23:20:52,148] {dagbag.py:507} INFO - Filling up the DagBag from /home/igor/Documents/airflowalura/venv/lib/python3.9/site-packages/airflow/example_dags/plugins/workday.py
[2022-12-13 23:20:52,153] {processor.py:653} WARNING - No viable dags retrieved from /home/igor/Documents/airflowalura/venv/lib/python3.9/site-packages/airflow/example_dags/plugins/workday.py
[2022-12-13 23:20:52,276] {processor.py:161} INFO - Processing /home/igor/Documents/airflowalura/venv/lib/python3.9/site-packages/airflow/example_dags/plugins/workday.py took 0.186 seconds
[2022-12-13 23:22:06,182] {processor.py:153} INFO - Started process (PID=38176) to work on /home/igor/Documents/airflowalura/venv/lib/python3.9/site-packages/airflow/example_dags/plugins/workday.py
[2022-12-13 23:22:06,189] {processor.py:641} INFO - Processing file /home/igor/Documents/airflowalura/venv/lib/python3.9/site-packages/airflow/example_dags/plugins/workday.py for tasks to queue
[2022-12-13 23:22:06,190] {logging_mixin.py:115} INFO - [2022-12-13 23:22:06,190] {dagbag.py:507} INFO - Filling up the DagBag from /home/igor/Documents/airflowalura/venv/lib/python3.9/site-packages/airflow/example_dags/plugins/workday.py
[2022-12-13 23:22:06,214] {processor.py:653} WARNING - No viable dags retrieved from /home/igor/Documents/airflowalura/venv/lib/python3.9/site-packages/airflow/example_dags/plugins/workday.py
[2022-12-13 23:22:06,340] {processor.py:161} INFO - Processing /home/igor/Documents/airflowalura/venv/lib/python3.9/site-packages/airflow/example_dags/plugins/workday.py took 0.178 seconds
[2022-12-13 23:22:45,727] {processor.py:153} INFO - Started process (PID=38300) to work on /home/igor/Documents/airflowalura/venv/lib/python3.9/site-packages/airflow/example_dags/plugins/workday.py
[2022-12-13 23:22:45,741] {processor.py:641} INFO - Processing file /home/igor/Documents/airflowalura/venv/lib/python3.9/site-packages/airflow/example_dags/plugins/workday.py for tasks to queue
[2022-12-13 23:22:45,748] {logging_mixin.py:115} INFO - [2022-12-13 23:22:45,747] {dagbag.py:507} INFO - Filling up the DagBag from /home/igor/Documents/airflowalura/venv/lib/python3.9/site-packages/airflow/example_dags/plugins/workday.py
[2022-12-13 23:22:45,759] {processor.py:653} WARNING - No viable dags retrieved from /home/igor/Documents/airflowalura/venv/lib/python3.9/site-packages/airflow/example_dags/plugins/workday.py
[2022-12-13 23:22:45,867] {processor.py:161} INFO - Processing /home/igor/Documents/airflowalura/venv/lib/python3.9/site-packages/airflow/example_dags/plugins/workday.py took 0.184 seconds
[2022-12-13 23:23:26,703] {processor.py:153} INFO - Started process (PID=38443) to work on /home/igor/Documents/airflowalura/venv/lib/python3.9/site-packages/airflow/example_dags/plugins/workday.py
[2022-12-13 23:23:26,709] {processor.py:641} INFO - Processing file /home/igor/Documents/airflowalura/venv/lib/python3.9/site-packages/airflow/example_dags/plugins/workday.py for tasks to queue
[2022-12-13 23:23:26,710] {logging_mixin.py:115} INFO - [2022-12-13 23:23:26,710] {dagbag.py:507} INFO - Filling up the DagBag from /home/igor/Documents/airflowalura/venv/lib/python3.9/site-packages/airflow/example_dags/plugins/workday.py
[2022-12-13 23:23:26,728] {processor.py:653} WARNING - No viable dags retrieved from /home/igor/Documents/airflowalura/venv/lib/python3.9/site-packages/airflow/example_dags/plugins/workday.py
[2022-12-13 23:23:26,811] {processor.py:161} INFO - Processing /home/igor/Documents/airflowalura/venv/lib/python3.9/site-packages/airflow/example_dags/plugins/workday.py took 0.133 seconds
[2022-12-13 23:24:07,597] {processor.py:153} INFO - Started process (PID=38551) to work on /home/igor/Documents/airflowalura/venv/lib/python3.9/site-packages/airflow/example_dags/plugins/workday.py
[2022-12-13 23:24:07,607] {processor.py:641} INFO - Processing file /home/igor/Documents/airflowalura/venv/lib/python3.9/site-packages/airflow/example_dags/plugins/workday.py for tasks to queue
[2022-12-13 23:24:07,609] {logging_mixin.py:115} INFO - [2022-12-13 23:24:07,609] {dagbag.py:507} INFO - Filling up the DagBag from /home/igor/Documents/airflowalura/venv/lib/python3.9/site-packages/airflow/example_dags/plugins/workday.py
[2022-12-13 23:24:07,625] {processor.py:653} WARNING - No viable dags retrieved from /home/igor/Documents/airflowalura/venv/lib/python3.9/site-packages/airflow/example_dags/plugins/workday.py
[2022-12-13 23:24:07,726] {processor.py:161} INFO - Processing /home/igor/Documents/airflowalura/venv/lib/python3.9/site-packages/airflow/example_dags/plugins/workday.py took 0.154 seconds
[2022-12-13 23:25:20,625] {processor.py:153} INFO - Started process (PID=38730) to work on /home/igor/Documents/airflowalura/venv/lib/python3.9/site-packages/airflow/example_dags/plugins/workday.py
[2022-12-13 23:25:20,640] {processor.py:641} INFO - Processing file /home/igor/Documents/airflowalura/venv/lib/python3.9/site-packages/airflow/example_dags/plugins/workday.py for tasks to queue
[2022-12-13 23:25:20,641] {logging_mixin.py:115} INFO - [2022-12-13 23:25:20,641] {dagbag.py:507} INFO - Filling up the DagBag from /home/igor/Documents/airflowalura/venv/lib/python3.9/site-packages/airflow/example_dags/plugins/workday.py
[2022-12-13 23:25:20,650] {processor.py:653} WARNING - No viable dags retrieved from /home/igor/Documents/airflowalura/venv/lib/python3.9/site-packages/airflow/example_dags/plugins/workday.py
[2022-12-13 23:25:20,735] {processor.py:161} INFO - Processing /home/igor/Documents/airflowalura/venv/lib/python3.9/site-packages/airflow/example_dags/plugins/workday.py took 0.135 seconds
[2022-12-13 23:26:32,867] {processor.py:153} INFO - Started process (PID=38911) to work on /home/igor/Documents/airflowalura/venv/lib/python3.9/site-packages/airflow/example_dags/plugins/workday.py
[2022-12-13 23:26:32,884] {processor.py:641} INFO - Processing file /home/igor/Documents/airflowalura/venv/lib/python3.9/site-packages/airflow/example_dags/plugins/workday.py for tasks to queue
[2022-12-13 23:26:32,886] {logging_mixin.py:115} INFO - [2022-12-13 23:26:32,886] {dagbag.py:507} INFO - Filling up the DagBag from /home/igor/Documents/airflowalura/venv/lib/python3.9/site-packages/airflow/example_dags/plugins/workday.py
[2022-12-13 23:26:32,902] {processor.py:653} WARNING - No viable dags retrieved from /home/igor/Documents/airflowalura/venv/lib/python3.9/site-packages/airflow/example_dags/plugins/workday.py
[2022-12-13 23:26:32,998] {processor.py:161} INFO - Processing /home/igor/Documents/airflowalura/venv/lib/python3.9/site-packages/airflow/example_dags/plugins/workday.py took 0.157 seconds
