[2022-12-12 21:00:11,061] {taskinstance.py:1159} INFO - Dependencies all met for <TaskInstance: example_weekday_branch_operator.make_choice scheduled__2022-12-12T00:00:00+00:00 [queued]>
[2022-12-12 21:00:11,073] {taskinstance.py:1159} INFO - Dependencies all met for <TaskInstance: example_weekday_branch_operator.make_choice scheduled__2022-12-12T00:00:00+00:00 [queued]>
[2022-12-12 21:00:11,073] {taskinstance.py:1356} INFO - 
--------------------------------------------------------------------------------
[2022-12-12 21:00:11,074] {taskinstance.py:1357} INFO - Starting attempt 1 of 1
[2022-12-12 21:00:11,074] {taskinstance.py:1358} INFO - 
--------------------------------------------------------------------------------
[2022-12-12 21:00:11,107] {taskinstance.py:1377} INFO - Executing <Task(BranchDayOfWeekOperator): make_choice> on 2022-12-12 00:00:00+00:00
[2022-12-12 21:00:11,112] {standard_task_runner.py:52} INFO - Started process 34548 to run task
[2022-12-12 21:00:11,124] {standard_task_runner.py:79} INFO - Running: ['airflow', 'tasks', 'run', 'example_weekday_branch_operator', 'make_choice', 'scheduled__2022-12-12T00:00:00+00:00', '--job-id', '6', '--raw', '--subdir', '/home/igor/Documents/airflowalura/venv/lib/python3.9/site-packages/airflow/example_dags/example_branch_day_of_week_operator.py', '--cfg-path', '/tmp/tmp6uqmos9g', '--error-file', '/tmp/tmpb_81jb5b']
[2022-12-12 21:00:11,125] {standard_task_runner.py:80} INFO - Job 6: Subtask make_choice
[2022-12-12 21:00:11,209] {task_command.py:370} INFO - Running <TaskInstance: example_weekday_branch_operator.make_choice scheduled__2022-12-12T00:00:00+00:00 [running]> on host igor-VirtualBox
[2022-12-12 21:00:11,334] {taskinstance.py:1569} INFO - Exporting the following env vars:
AIRFLOW_CTX_DAG_OWNER=airflow
AIRFLOW_CTX_DAG_ID=example_weekday_branch_operator
AIRFLOW_CTX_TASK_ID=make_choice
AIRFLOW_CTX_EXECUTION_DATE=2022-12-12T00:00:00+00:00
AIRFLOW_CTX_TRY_NUMBER=1
AIRFLOW_CTX_DAG_RUN_ID=scheduled__2022-12-12T00:00:00+00:00
[2022-12-12 21:00:11,336] {skipmixin.py:140} INFO - Following branch branch_false
[2022-12-12 21:00:11,336] {skipmixin.py:175} INFO - Skipping tasks ['branch_true']
[2022-12-12 21:00:11,426] {taskinstance.py:1395} INFO - Marking task as SUCCESS. dag_id=example_weekday_branch_operator, task_id=make_choice, execution_date=20221212T000000, start_date=20221213T000011, end_date=20221213T000011
[2022-12-12 21:00:11,496] {local_task_job.py:156} INFO - Task exited with return code 0
[2022-12-12 21:00:11,568] {local_task_job.py:273} INFO - 1 downstream tasks scheduled from follow-on schedule check
