[2022-12-12 21:00:06,472] {taskinstance.py:1159} INFO - Dependencies all met for <TaskInstance: example_branch_datetime_operator_2.datetime_branch scheduled__2022-12-12T00:00:00+00:00 [queued]>
[2022-12-12 21:00:06,485] {taskinstance.py:1159} INFO - Dependencies all met for <TaskInstance: example_branch_datetime_operator_2.datetime_branch scheduled__2022-12-12T00:00:00+00:00 [queued]>
[2022-12-12 21:00:06,485] {taskinstance.py:1356} INFO - 
--------------------------------------------------------------------------------
[2022-12-12 21:00:06,486] {taskinstance.py:1357} INFO - Starting attempt 1 of 1
[2022-12-12 21:00:06,486] {taskinstance.py:1358} INFO - 
--------------------------------------------------------------------------------
[2022-12-12 21:00:06,541] {taskinstance.py:1377} INFO - Executing <Task(BranchDateTimeOperator): datetime_branch> on 2022-12-12 00:00:00+00:00
[2022-12-12 21:00:06,544] {standard_task_runner.py:52} INFO - Started process 34535 to run task
[2022-12-12 21:00:06,580] {standard_task_runner.py:79} INFO - Running: ['airflow', 'tasks', 'run', 'example_branch_datetime_operator_2', 'datetime_branch', 'scheduled__2022-12-12T00:00:00+00:00', '--job-id', '5', '--raw', '--subdir', '/home/igor/Documents/airflowalura/venv/lib/python3.9/site-packages/airflow/example_dags/example_branch_datetime_operator.py', '--cfg-path', '/tmp/tmpwa_q3wb2', '--error-file', '/tmp/tmpg86cuftm']
[2022-12-12 21:00:06,582] {standard_task_runner.py:80} INFO - Job 5: Subtask datetime_branch
[2022-12-12 21:00:06,752] {task_command.py:370} INFO - Running <TaskInstance: example_branch_datetime_operator_2.datetime_branch scheduled__2022-12-12T00:00:00+00:00 [running]> on host igor-VirtualBox
[2022-12-12 21:00:06,905] {taskinstance.py:1569} INFO - Exporting the following env vars:
AIRFLOW_CTX_DAG_OWNER=airflow
AIRFLOW_CTX_DAG_ID=example_branch_datetime_operator_2
AIRFLOW_CTX_TASK_ID=datetime_branch
AIRFLOW_CTX_EXECUTION_DATE=2022-12-12T00:00:00+00:00
AIRFLOW_CTX_TRY_NUMBER=1
AIRFLOW_CTX_DAG_RUN_ID=scheduled__2022-12-12T00:00:00+00:00
[2022-12-12 21:00:06,906] {skipmixin.py:140} INFO - Following branch ['date_outside_range']
[2022-12-12 21:00:06,906] {skipmixin.py:175} INFO - Skipping tasks ['date_in_range']
[2022-12-12 21:00:06,967] {taskinstance.py:1395} INFO - Marking task as SUCCESS. dag_id=example_branch_datetime_operator_2, task_id=datetime_branch, execution_date=20221212T000000, start_date=20221213T000006, end_date=20221213T000006
[2022-12-12 21:00:07,006] {local_task_job.py:156} INFO - Task exited with return code 0
[2022-12-12 21:00:07,081] {local_task_job.py:273} INFO - 1 downstream tasks scheduled from follow-on schedule check
