[2022-12-13 21:26:13,287] {processor.py:153} INFO - Started process (PID=29734) to work on /home/igor/Documents/airflowalura/venv/lib/python3.9/site-packages/airflow/example_dags/subdags/subdag.py
[2022-12-13 21:26:13,288] {processor.py:641} INFO - Processing file /home/igor/Documents/airflowalura/venv/lib/python3.9/site-packages/airflow/example_dags/subdags/subdag.py for tasks to queue
[2022-12-13 21:26:13,305] {logging_mixin.py:115} INFO - [2022-12-13 21:26:13,291] {dagbag.py:507} INFO - Filling up the DagBag from /home/igor/Documents/airflowalura/venv/lib/python3.9/site-packages/airflow/example_dags/subdags/subdag.py
[2022-12-13 21:26:13,320] {processor.py:653} WARNING - No viable dags retrieved from /home/igor/Documents/airflowalura/venv/lib/python3.9/site-packages/airflow/example_dags/subdags/subdag.py
[2022-12-13 21:26:13,414] {processor.py:161} INFO - Processing /home/igor/Documents/airflowalura/venv/lib/python3.9/site-packages/airflow/example_dags/subdags/subdag.py took 0.167 seconds
[2022-12-13 21:27:33,167] {processor.py:153} INFO - Started process (PID=29932) to work on /home/igor/Documents/airflowalura/venv/lib/python3.9/site-packages/airflow/example_dags/subdags/subdag.py
[2022-12-13 21:27:33,176] {processor.py:641} INFO - Processing file /home/igor/Documents/airflowalura/venv/lib/python3.9/site-packages/airflow/example_dags/subdags/subdag.py for tasks to queue
[2022-12-13 21:27:33,179] {logging_mixin.py:115} INFO - [2022-12-13 21:27:33,178] {dagbag.py:507} INFO - Filling up the DagBag from /home/igor/Documents/airflowalura/venv/lib/python3.9/site-packages/airflow/example_dags/subdags/subdag.py
[2022-12-13 21:27:33,188] {processor.py:653} WARNING - No viable dags retrieved from /home/igor/Documents/airflowalura/venv/lib/python3.9/site-packages/airflow/example_dags/subdags/subdag.py
[2022-12-13 21:27:33,261] {processor.py:161} INFO - Processing /home/igor/Documents/airflowalura/venv/lib/python3.9/site-packages/airflow/example_dags/subdags/subdag.py took 0.121 seconds
[2022-12-13 21:28:10,928] {processor.py:153} INFO - Started process (PID=30045) to work on /home/igor/Documents/airflowalura/venv/lib/python3.9/site-packages/airflow/example_dags/subdags/subdag.py
[2022-12-13 21:28:10,932] {processor.py:641} INFO - Processing file /home/igor/Documents/airflowalura/venv/lib/python3.9/site-packages/airflow/example_dags/subdags/subdag.py for tasks to queue
[2022-12-13 21:28:10,934] {logging_mixin.py:115} INFO - [2022-12-13 21:28:10,933] {dagbag.py:507} INFO - Filling up the DagBag from /home/igor/Documents/airflowalura/venv/lib/python3.9/site-packages/airflow/example_dags/subdags/subdag.py
[2022-12-13 21:28:10,943] {processor.py:653} WARNING - No viable dags retrieved from /home/igor/Documents/airflowalura/venv/lib/python3.9/site-packages/airflow/example_dags/subdags/subdag.py
[2022-12-13 21:28:11,005] {processor.py:161} INFO - Processing /home/igor/Documents/airflowalura/venv/lib/python3.9/site-packages/airflow/example_dags/subdags/subdag.py took 0.101 seconds
[2022-12-13 21:29:17,022] {processor.py:153} INFO - Started process (PID=30241) to work on /home/igor/Documents/airflowalura/venv/lib/python3.9/site-packages/airflow/example_dags/subdags/subdag.py
[2022-12-13 21:29:17,026] {processor.py:641} INFO - Processing file /home/igor/Documents/airflowalura/venv/lib/python3.9/site-packages/airflow/example_dags/subdags/subdag.py for tasks to queue
[2022-12-13 21:29:17,029] {logging_mixin.py:115} INFO - [2022-12-13 21:29:17,028] {dagbag.py:507} INFO - Filling up the DagBag from /home/igor/Documents/airflowalura/venv/lib/python3.9/site-packages/airflow/example_dags/subdags/subdag.py
[2022-12-13 21:29:17,042] {processor.py:653} WARNING - No viable dags retrieved from /home/igor/Documents/airflowalura/venv/lib/python3.9/site-packages/airflow/example_dags/subdags/subdag.py
[2022-12-13 21:29:17,146] {processor.py:161} INFO - Processing /home/igor/Documents/airflowalura/venv/lib/python3.9/site-packages/airflow/example_dags/subdags/subdag.py took 0.138 seconds
[2022-12-13 21:30:24,436] {processor.py:153} INFO - Started process (PID=30413) to work on /home/igor/Documents/airflowalura/venv/lib/python3.9/site-packages/airflow/example_dags/subdags/subdag.py
[2022-12-13 21:30:24,467] {processor.py:641} INFO - Processing file /home/igor/Documents/airflowalura/venv/lib/python3.9/site-packages/airflow/example_dags/subdags/subdag.py for tasks to queue
[2022-12-13 21:30:24,470] {logging_mixin.py:115} INFO - [2022-12-13 21:30:24,469] {dagbag.py:507} INFO - Filling up the DagBag from /home/igor/Documents/airflowalura/venv/lib/python3.9/site-packages/airflow/example_dags/subdags/subdag.py
[2022-12-13 21:30:24,481] {processor.py:653} WARNING - No viable dags retrieved from /home/igor/Documents/airflowalura/venv/lib/python3.9/site-packages/airflow/example_dags/subdags/subdag.py
[2022-12-13 21:30:24,589] {processor.py:161} INFO - Processing /home/igor/Documents/airflowalura/venv/lib/python3.9/site-packages/airflow/example_dags/subdags/subdag.py took 0.206 seconds
[2022-12-13 21:31:23,070] {processor.py:153} INFO - Started process (PID=30524) to work on /home/igor/Documents/airflowalura/venv/lib/python3.9/site-packages/airflow/example_dags/subdags/subdag.py
[2022-12-13 21:31:23,077] {processor.py:641} INFO - Processing file /home/igor/Documents/airflowalura/venv/lib/python3.9/site-packages/airflow/example_dags/subdags/subdag.py for tasks to queue
[2022-12-13 21:31:23,079] {logging_mixin.py:115} INFO - [2022-12-13 21:31:23,078] {dagbag.py:507} INFO - Filling up the DagBag from /home/igor/Documents/airflowalura/venv/lib/python3.9/site-packages/airflow/example_dags/subdags/subdag.py
[2022-12-13 21:31:23,102] {processor.py:653} WARNING - No viable dags retrieved from /home/igor/Documents/airflowalura/venv/lib/python3.9/site-packages/airflow/example_dags/subdags/subdag.py
[2022-12-13 21:31:23,252] {processor.py:161} INFO - Processing /home/igor/Documents/airflowalura/venv/lib/python3.9/site-packages/airflow/example_dags/subdags/subdag.py took 0.335 seconds
[2022-12-13 21:32:18,900] {processor.py:153} INFO - Started process (PID=30635) to work on /home/igor/Documents/airflowalura/venv/lib/python3.9/site-packages/airflow/example_dags/subdags/subdag.py
[2022-12-13 21:32:18,918] {processor.py:641} INFO - Processing file /home/igor/Documents/airflowalura/venv/lib/python3.9/site-packages/airflow/example_dags/subdags/subdag.py for tasks to queue
[2022-12-13 21:32:18,921] {logging_mixin.py:115} INFO - [2022-12-13 21:32:18,921] {dagbag.py:507} INFO - Filling up the DagBag from /home/igor/Documents/airflowalura/venv/lib/python3.9/site-packages/airflow/example_dags/subdags/subdag.py
[2022-12-13 21:32:18,925] {processor.py:653} WARNING - No viable dags retrieved from /home/igor/Documents/airflowalura/venv/lib/python3.9/site-packages/airflow/example_dags/subdags/subdag.py
[2022-12-13 21:32:19,052] {processor.py:161} INFO - Processing /home/igor/Documents/airflowalura/venv/lib/python3.9/site-packages/airflow/example_dags/subdags/subdag.py took 0.179 seconds
[2022-12-13 21:33:16,849] {processor.py:153} INFO - Started process (PID=30747) to work on /home/igor/Documents/airflowalura/venv/lib/python3.9/site-packages/airflow/example_dags/subdags/subdag.py
[2022-12-13 21:33:16,856] {processor.py:641} INFO - Processing file /home/igor/Documents/airflowalura/venv/lib/python3.9/site-packages/airflow/example_dags/subdags/subdag.py for tasks to queue
[2022-12-13 21:33:16,857] {logging_mixin.py:115} INFO - [2022-12-13 21:33:16,857] {dagbag.py:507} INFO - Filling up the DagBag from /home/igor/Documents/airflowalura/venv/lib/python3.9/site-packages/airflow/example_dags/subdags/subdag.py
[2022-12-13 21:33:16,884] {processor.py:653} WARNING - No viable dags retrieved from /home/igor/Documents/airflowalura/venv/lib/python3.9/site-packages/airflow/example_dags/subdags/subdag.py
[2022-12-13 21:33:16,996] {processor.py:161} INFO - Processing /home/igor/Documents/airflowalura/venv/lib/python3.9/site-packages/airflow/example_dags/subdags/subdag.py took 0.170 seconds
[2022-12-13 21:34:09,223] {processor.py:153} INFO - Started process (PID=30856) to work on /home/igor/Documents/airflowalura/venv/lib/python3.9/site-packages/airflow/example_dags/subdags/subdag.py
[2022-12-13 21:34:09,239] {processor.py:641} INFO - Processing file /home/igor/Documents/airflowalura/venv/lib/python3.9/site-packages/airflow/example_dags/subdags/subdag.py for tasks to queue
[2022-12-13 21:34:09,241] {logging_mixin.py:115} INFO - [2022-12-13 21:34:09,240] {dagbag.py:507} INFO - Filling up the DagBag from /home/igor/Documents/airflowalura/venv/lib/python3.9/site-packages/airflow/example_dags/subdags/subdag.py
[2022-12-13 21:34:09,246] {processor.py:653} WARNING - No viable dags retrieved from /home/igor/Documents/airflowalura/venv/lib/python3.9/site-packages/airflow/example_dags/subdags/subdag.py
[2022-12-13 21:34:09,376] {processor.py:161} INFO - Processing /home/igor/Documents/airflowalura/venv/lib/python3.9/site-packages/airflow/example_dags/subdags/subdag.py took 0.184 seconds
[2022-12-13 21:35:04,153] {processor.py:153} INFO - Started process (PID=30963) to work on /home/igor/Documents/airflowalura/venv/lib/python3.9/site-packages/airflow/example_dags/subdags/subdag.py
[2022-12-13 21:35:04,160] {processor.py:641} INFO - Processing file /home/igor/Documents/airflowalura/venv/lib/python3.9/site-packages/airflow/example_dags/subdags/subdag.py for tasks to queue
[2022-12-13 21:35:04,162] {logging_mixin.py:115} INFO - [2022-12-13 21:35:04,162] {dagbag.py:507} INFO - Filling up the DagBag from /home/igor/Documents/airflowalura/venv/lib/python3.9/site-packages/airflow/example_dags/subdags/subdag.py
[2022-12-13 21:35:04,167] {processor.py:653} WARNING - No viable dags retrieved from /home/igor/Documents/airflowalura/venv/lib/python3.9/site-packages/airflow/example_dags/subdags/subdag.py
[2022-12-13 21:35:04,629] {processor.py:161} INFO - Processing /home/igor/Documents/airflowalura/venv/lib/python3.9/site-packages/airflow/example_dags/subdags/subdag.py took 0.526 seconds
[2022-12-13 21:36:39,919] {processor.py:153} INFO - Started process (PID=31116) to work on /home/igor/Documents/airflowalura/venv/lib/python3.9/site-packages/airflow/example_dags/subdags/subdag.py
[2022-12-13 21:36:39,936] {processor.py:641} INFO - Processing file /home/igor/Documents/airflowalura/venv/lib/python3.9/site-packages/airflow/example_dags/subdags/subdag.py for tasks to queue
[2022-12-13 21:36:39,938] {logging_mixin.py:115} INFO - [2022-12-13 21:36:39,938] {dagbag.py:507} INFO - Filling up the DagBag from /home/igor/Documents/airflowalura/venv/lib/python3.9/site-packages/airflow/example_dags/subdags/subdag.py
[2022-12-13 21:36:39,953] {processor.py:653} WARNING - No viable dags retrieved from /home/igor/Documents/airflowalura/venv/lib/python3.9/site-packages/airflow/example_dags/subdags/subdag.py
[2022-12-13 21:36:40,077] {processor.py:161} INFO - Processing /home/igor/Documents/airflowalura/venv/lib/python3.9/site-packages/airflow/example_dags/subdags/subdag.py took 0.219 seconds
[2022-12-13 21:37:45,868] {processor.py:153} INFO - Started process (PID=31396) to work on /home/igor/Documents/airflowalura/venv/lib/python3.9/site-packages/airflow/example_dags/subdags/subdag.py
[2022-12-13 21:37:45,880] {processor.py:641} INFO - Processing file /home/igor/Documents/airflowalura/venv/lib/python3.9/site-packages/airflow/example_dags/subdags/subdag.py for tasks to queue
[2022-12-13 21:37:45,882] {logging_mixin.py:115} INFO - [2022-12-13 21:37:45,881] {dagbag.py:507} INFO - Filling up the DagBag from /home/igor/Documents/airflowalura/venv/lib/python3.9/site-packages/airflow/example_dags/subdags/subdag.py
[2022-12-13 21:37:45,888] {processor.py:653} WARNING - No viable dags retrieved from /home/igor/Documents/airflowalura/venv/lib/python3.9/site-packages/airflow/example_dags/subdags/subdag.py
[2022-12-13 21:37:46,018] {processor.py:161} INFO - Processing /home/igor/Documents/airflowalura/venv/lib/python3.9/site-packages/airflow/example_dags/subdags/subdag.py took 0.158 seconds
[2022-12-13 21:38:24,588] {processor.py:153} INFO - Started process (PID=31500) to work on /home/igor/Documents/airflowalura/venv/lib/python3.9/site-packages/airflow/example_dags/subdags/subdag.py
[2022-12-13 21:38:24,592] {processor.py:641} INFO - Processing file /home/igor/Documents/airflowalura/venv/lib/python3.9/site-packages/airflow/example_dags/subdags/subdag.py for tasks to queue
[2022-12-13 21:38:24,594] {logging_mixin.py:115} INFO - [2022-12-13 21:38:24,593] {dagbag.py:507} INFO - Filling up the DagBag from /home/igor/Documents/airflowalura/venv/lib/python3.9/site-packages/airflow/example_dags/subdags/subdag.py
[2022-12-13 21:38:24,597] {processor.py:653} WARNING - No viable dags retrieved from /home/igor/Documents/airflowalura/venv/lib/python3.9/site-packages/airflow/example_dags/subdags/subdag.py
[2022-12-13 21:38:24,694] {processor.py:161} INFO - Processing /home/igor/Documents/airflowalura/venv/lib/python3.9/site-packages/airflow/example_dags/subdags/subdag.py took 0.141 seconds
[2022-12-13 23:00:12,757] {processor.py:153} INFO - Started process (PID=35009) to work on /home/igor/Documents/airflowalura/venv/lib/python3.9/site-packages/airflow/example_dags/subdags/subdag.py
[2022-12-13 23:00:12,772] {processor.py:641} INFO - Processing file /home/igor/Documents/airflowalura/venv/lib/python3.9/site-packages/airflow/example_dags/subdags/subdag.py for tasks to queue
[2022-12-13 23:00:12,774] {logging_mixin.py:115} INFO - [2022-12-13 23:00:12,773] {dagbag.py:507} INFO - Filling up the DagBag from /home/igor/Documents/airflowalura/venv/lib/python3.9/site-packages/airflow/example_dags/subdags/subdag.py
[2022-12-13 23:00:12,782] {processor.py:653} WARNING - No viable dags retrieved from /home/igor/Documents/airflowalura/venv/lib/python3.9/site-packages/airflow/example_dags/subdags/subdag.py
[2022-12-13 23:00:13,041] {processor.py:161} INFO - Processing /home/igor/Documents/airflowalura/venv/lib/python3.9/site-packages/airflow/example_dags/subdags/subdag.py took 0.299 seconds
[2022-12-13 23:01:39,844] {processor.py:153} INFO - Started process (PID=35463) to work on /home/igor/Documents/airflowalura/venv/lib/python3.9/site-packages/airflow/example_dags/subdags/subdag.py
[2022-12-13 23:01:39,845] {processor.py:641} INFO - Processing file /home/igor/Documents/airflowalura/venv/lib/python3.9/site-packages/airflow/example_dags/subdags/subdag.py for tasks to queue
[2022-12-13 23:01:39,847] {logging_mixin.py:115} INFO - [2022-12-13 23:01:39,847] {dagbag.py:507} INFO - Filling up the DagBag from /home/igor/Documents/airflowalura/venv/lib/python3.9/site-packages/airflow/example_dags/subdags/subdag.py
[2022-12-13 23:01:39,876] {processor.py:653} WARNING - No viable dags retrieved from /home/igor/Documents/airflowalura/venv/lib/python3.9/site-packages/airflow/example_dags/subdags/subdag.py
[2022-12-13 23:01:39,988] {processor.py:161} INFO - Processing /home/igor/Documents/airflowalura/venv/lib/python3.9/site-packages/airflow/example_dags/subdags/subdag.py took 0.213 seconds
[2022-12-13 23:02:43,046] {processor.py:153} INFO - Started process (PID=35694) to work on /home/igor/Documents/airflowalura/venv/lib/python3.9/site-packages/airflow/example_dags/subdags/subdag.py
[2022-12-13 23:02:43,076] {processor.py:641} INFO - Processing file /home/igor/Documents/airflowalura/venv/lib/python3.9/site-packages/airflow/example_dags/subdags/subdag.py for tasks to queue
[2022-12-13 23:02:43,077] {logging_mixin.py:115} INFO - [2022-12-13 23:02:43,077] {dagbag.py:507} INFO - Filling up the DagBag from /home/igor/Documents/airflowalura/venv/lib/python3.9/site-packages/airflow/example_dags/subdags/subdag.py
[2022-12-13 23:02:43,126] {processor.py:653} WARNING - No viable dags retrieved from /home/igor/Documents/airflowalura/venv/lib/python3.9/site-packages/airflow/example_dags/subdags/subdag.py
[2022-12-13 23:02:43,406] {processor.py:161} INFO - Processing /home/igor/Documents/airflowalura/venv/lib/python3.9/site-packages/airflow/example_dags/subdags/subdag.py took 0.390 seconds
[2022-12-13 23:03:48,261] {processor.py:153} INFO - Started process (PID=35824) to work on /home/igor/Documents/airflowalura/venv/lib/python3.9/site-packages/airflow/example_dags/subdags/subdag.py
[2022-12-13 23:03:48,265] {processor.py:641} INFO - Processing file /home/igor/Documents/airflowalura/venv/lib/python3.9/site-packages/airflow/example_dags/subdags/subdag.py for tasks to queue
[2022-12-13 23:03:48,266] {logging_mixin.py:115} INFO - [2022-12-13 23:03:48,266] {dagbag.py:507} INFO - Filling up the DagBag from /home/igor/Documents/airflowalura/venv/lib/python3.9/site-packages/airflow/example_dags/subdags/subdag.py
[2022-12-13 23:03:48,277] {processor.py:653} WARNING - No viable dags retrieved from /home/igor/Documents/airflowalura/venv/lib/python3.9/site-packages/airflow/example_dags/subdags/subdag.py
[2022-12-13 23:03:48,346] {processor.py:161} INFO - Processing /home/igor/Documents/airflowalura/venv/lib/python3.9/site-packages/airflow/example_dags/subdags/subdag.py took 0.098 seconds
[2022-12-13 23:04:50,473] {processor.py:153} INFO - Started process (PID=35960) to work on /home/igor/Documents/airflowalura/venv/lib/python3.9/site-packages/airflow/example_dags/subdags/subdag.py
[2022-12-13 23:04:50,487] {processor.py:641} INFO - Processing file /home/igor/Documents/airflowalura/venv/lib/python3.9/site-packages/airflow/example_dags/subdags/subdag.py for tasks to queue
[2022-12-13 23:04:50,488] {logging_mixin.py:115} INFO - [2022-12-13 23:04:50,488] {dagbag.py:507} INFO - Filling up the DagBag from /home/igor/Documents/airflowalura/venv/lib/python3.9/site-packages/airflow/example_dags/subdags/subdag.py
[2022-12-13 23:04:50,515] {processor.py:653} WARNING - No viable dags retrieved from /home/igor/Documents/airflowalura/venv/lib/python3.9/site-packages/airflow/example_dags/subdags/subdag.py
[2022-12-13 23:04:50,742] {processor.py:161} INFO - Processing /home/igor/Documents/airflowalura/venv/lib/python3.9/site-packages/airflow/example_dags/subdags/subdag.py took 0.324 seconds
[2022-12-13 23:05:47,536] {processor.py:153} INFO - Started process (PID=36102) to work on /home/igor/Documents/airflowalura/venv/lib/python3.9/site-packages/airflow/example_dags/subdags/subdag.py
[2022-12-13 23:05:47,545] {processor.py:641} INFO - Processing file /home/igor/Documents/airflowalura/venv/lib/python3.9/site-packages/airflow/example_dags/subdags/subdag.py for tasks to queue
[2022-12-13 23:05:47,548] {logging_mixin.py:115} INFO - [2022-12-13 23:05:47,547] {dagbag.py:507} INFO - Filling up the DagBag from /home/igor/Documents/airflowalura/venv/lib/python3.9/site-packages/airflow/example_dags/subdags/subdag.py
[2022-12-13 23:05:47,570] {processor.py:653} WARNING - No viable dags retrieved from /home/igor/Documents/airflowalura/venv/lib/python3.9/site-packages/airflow/example_dags/subdags/subdag.py
[2022-12-13 23:05:47,673] {processor.py:161} INFO - Processing /home/igor/Documents/airflowalura/venv/lib/python3.9/site-packages/airflow/example_dags/subdags/subdag.py took 0.139 seconds
[2022-12-13 23:06:44,759] {processor.py:153} INFO - Started process (PID=36193) to work on /home/igor/Documents/airflowalura/venv/lib/python3.9/site-packages/airflow/example_dags/subdags/subdag.py
[2022-12-13 23:06:44,774] {processor.py:641} INFO - Processing file /home/igor/Documents/airflowalura/venv/lib/python3.9/site-packages/airflow/example_dags/subdags/subdag.py for tasks to queue
[2022-12-13 23:06:44,782] {logging_mixin.py:115} INFO - [2022-12-13 23:06:44,782] {dagbag.py:507} INFO - Filling up the DagBag from /home/igor/Documents/airflowalura/venv/lib/python3.9/site-packages/airflow/example_dags/subdags/subdag.py
[2022-12-13 23:06:44,804] {processor.py:653} WARNING - No viable dags retrieved from /home/igor/Documents/airflowalura/venv/lib/python3.9/site-packages/airflow/example_dags/subdags/subdag.py
[2022-12-13 23:06:44,908] {processor.py:161} INFO - Processing /home/igor/Documents/airflowalura/venv/lib/python3.9/site-packages/airflow/example_dags/subdags/subdag.py took 0.175 seconds
[2022-12-13 23:07:51,428] {processor.py:153} INFO - Started process (PID=36309) to work on /home/igor/Documents/airflowalura/venv/lib/python3.9/site-packages/airflow/example_dags/subdags/subdag.py
[2022-12-13 23:07:51,488] {processor.py:641} INFO - Processing file /home/igor/Documents/airflowalura/venv/lib/python3.9/site-packages/airflow/example_dags/subdags/subdag.py for tasks to queue
[2022-12-13 23:07:51,490] {logging_mixin.py:115} INFO - [2022-12-13 23:07:51,490] {dagbag.py:507} INFO - Filling up the DagBag from /home/igor/Documents/airflowalura/venv/lib/python3.9/site-packages/airflow/example_dags/subdags/subdag.py
[2022-12-13 23:07:51,598] {processor.py:653} WARNING - No viable dags retrieved from /home/igor/Documents/airflowalura/venv/lib/python3.9/site-packages/airflow/example_dags/subdags/subdag.py
[2022-12-13 23:07:52,219] {processor.py:161} INFO - Processing /home/igor/Documents/airflowalura/venv/lib/python3.9/site-packages/airflow/example_dags/subdags/subdag.py took 1.118 seconds
[2022-12-13 23:09:37,884] {processor.py:153} INFO - Started process (PID=36482) to work on /home/igor/Documents/airflowalura/venv/lib/python3.9/site-packages/airflow/example_dags/subdags/subdag.py
[2022-12-13 23:09:37,894] {processor.py:641} INFO - Processing file /home/igor/Documents/airflowalura/venv/lib/python3.9/site-packages/airflow/example_dags/subdags/subdag.py for tasks to queue
[2022-12-13 23:09:37,926] {logging_mixin.py:115} INFO - [2022-12-13 23:09:37,925] {dagbag.py:507} INFO - Filling up the DagBag from /home/igor/Documents/airflowalura/venv/lib/python3.9/site-packages/airflow/example_dags/subdags/subdag.py
[2022-12-13 23:09:38,040] {processor.py:653} WARNING - No viable dags retrieved from /home/igor/Documents/airflowalura/venv/lib/python3.9/site-packages/airflow/example_dags/subdags/subdag.py
[2022-12-13 23:09:38,512] {processor.py:161} INFO - Processing /home/igor/Documents/airflowalura/venv/lib/python3.9/site-packages/airflow/example_dags/subdags/subdag.py took 0.665 seconds
[2022-12-13 23:11:40,958] {processor.py:153} INFO - Started process (PID=36659) to work on /home/igor/Documents/airflowalura/venv/lib/python3.9/site-packages/airflow/example_dags/subdags/subdag.py
[2022-12-13 23:11:40,977] {processor.py:641} INFO - Processing file /home/igor/Documents/airflowalura/venv/lib/python3.9/site-packages/airflow/example_dags/subdags/subdag.py for tasks to queue
[2022-12-13 23:11:40,978] {logging_mixin.py:115} INFO - [2022-12-13 23:11:40,978] {dagbag.py:507} INFO - Filling up the DagBag from /home/igor/Documents/airflowalura/venv/lib/python3.9/site-packages/airflow/example_dags/subdags/subdag.py
[2022-12-13 23:11:41,010] {processor.py:653} WARNING - No viable dags retrieved from /home/igor/Documents/airflowalura/venv/lib/python3.9/site-packages/airflow/example_dags/subdags/subdag.py
[2022-12-13 23:11:41,232] {processor.py:161} INFO - Processing /home/igor/Documents/airflowalura/venv/lib/python3.9/site-packages/airflow/example_dags/subdags/subdag.py took 0.347 seconds
[2022-12-13 23:13:07,280] {processor.py:153} INFO - Started process (PID=36981) to work on /home/igor/Documents/airflowalura/venv/lib/python3.9/site-packages/airflow/example_dags/subdags/subdag.py
[2022-12-13 23:13:07,287] {processor.py:641} INFO - Processing file /home/igor/Documents/airflowalura/venv/lib/python3.9/site-packages/airflow/example_dags/subdags/subdag.py for tasks to queue
[2022-12-13 23:13:07,289] {logging_mixin.py:115} INFO - [2022-12-13 23:13:07,288] {dagbag.py:507} INFO - Filling up the DagBag from /home/igor/Documents/airflowalura/venv/lib/python3.9/site-packages/airflow/example_dags/subdags/subdag.py
[2022-12-13 23:13:07,306] {processor.py:653} WARNING - No viable dags retrieved from /home/igor/Documents/airflowalura/venv/lib/python3.9/site-packages/airflow/example_dags/subdags/subdag.py
[2022-12-13 23:13:07,423] {processor.py:161} INFO - Processing /home/igor/Documents/airflowalura/venv/lib/python3.9/site-packages/airflow/example_dags/subdags/subdag.py took 0.171 seconds
[2022-12-13 23:13:56,377] {processor.py:153} INFO - Started process (PID=37127) to work on /home/igor/Documents/airflowalura/venv/lib/python3.9/site-packages/airflow/example_dags/subdags/subdag.py
[2022-12-13 23:13:56,385] {processor.py:641} INFO - Processing file /home/igor/Documents/airflowalura/venv/lib/python3.9/site-packages/airflow/example_dags/subdags/subdag.py for tasks to queue
[2022-12-13 23:13:56,386] {logging_mixin.py:115} INFO - [2022-12-13 23:13:56,386] {dagbag.py:507} INFO - Filling up the DagBag from /home/igor/Documents/airflowalura/venv/lib/python3.9/site-packages/airflow/example_dags/subdags/subdag.py
[2022-12-13 23:13:56,406] {processor.py:653} WARNING - No viable dags retrieved from /home/igor/Documents/airflowalura/venv/lib/python3.9/site-packages/airflow/example_dags/subdags/subdag.py
[2022-12-13 23:13:56,541] {processor.py:161} INFO - Processing /home/igor/Documents/airflowalura/venv/lib/python3.9/site-packages/airflow/example_dags/subdags/subdag.py took 0.192 seconds
[2022-12-13 23:14:40,281] {processor.py:153} INFO - Started process (PID=37230) to work on /home/igor/Documents/airflowalura/venv/lib/python3.9/site-packages/airflow/example_dags/subdags/subdag.py
[2022-12-13 23:14:40,288] {processor.py:641} INFO - Processing file /home/igor/Documents/airflowalura/venv/lib/python3.9/site-packages/airflow/example_dags/subdags/subdag.py for tasks to queue
[2022-12-13 23:14:40,289] {logging_mixin.py:115} INFO - [2022-12-13 23:14:40,289] {dagbag.py:507} INFO - Filling up the DagBag from /home/igor/Documents/airflowalura/venv/lib/python3.9/site-packages/airflow/example_dags/subdags/subdag.py
[2022-12-13 23:14:40,313] {processor.py:653} WARNING - No viable dags retrieved from /home/igor/Documents/airflowalura/venv/lib/python3.9/site-packages/airflow/example_dags/subdags/subdag.py
[2022-12-13 23:14:40,451] {processor.py:161} INFO - Processing /home/igor/Documents/airflowalura/venv/lib/python3.9/site-packages/airflow/example_dags/subdags/subdag.py took 0.191 seconds
[2022-12-13 23:15:28,162] {processor.py:153} INFO - Started process (PID=37340) to work on /home/igor/Documents/airflowalura/venv/lib/python3.9/site-packages/airflow/example_dags/subdags/subdag.py
[2022-12-13 23:15:28,177] {processor.py:641} INFO - Processing file /home/igor/Documents/airflowalura/venv/lib/python3.9/site-packages/airflow/example_dags/subdags/subdag.py for tasks to queue
[2022-12-13 23:15:28,184] {logging_mixin.py:115} INFO - [2022-12-13 23:15:28,179] {dagbag.py:507} INFO - Filling up the DagBag from /home/igor/Documents/airflowalura/venv/lib/python3.9/site-packages/airflow/example_dags/subdags/subdag.py
[2022-12-13 23:15:28,202] {processor.py:653} WARNING - No viable dags retrieved from /home/igor/Documents/airflowalura/venv/lib/python3.9/site-packages/airflow/example_dags/subdags/subdag.py
[2022-12-13 23:15:28,301] {processor.py:161} INFO - Processing /home/igor/Documents/airflowalura/venv/lib/python3.9/site-packages/airflow/example_dags/subdags/subdag.py took 0.151 seconds
[2022-12-13 23:17:10,743] {processor.py:153} INFO - Started process (PID=37454) to work on /home/igor/Documents/airflowalura/venv/lib/python3.9/site-packages/airflow/example_dags/subdags/subdag.py
[2022-12-13 23:17:12,159] {processor.py:641} INFO - Processing file /home/igor/Documents/airflowalura/venv/lib/python3.9/site-packages/airflow/example_dags/subdags/subdag.py for tasks to queue
[2022-12-13 23:17:12,165] {logging_mixin.py:115} INFO - [2022-12-13 23:17:12,165] {dagbag.py:507} INFO - Filling up the DagBag from /home/igor/Documents/airflowalura/venv/lib/python3.9/site-packages/airflow/example_dags/subdags/subdag.py
[2022-12-13 23:17:12,178] {processor.py:653} WARNING - No viable dags retrieved from /home/igor/Documents/airflowalura/venv/lib/python3.9/site-packages/airflow/example_dags/subdags/subdag.py
[2022-12-13 23:17:12,311] {processor.py:161} INFO - Processing /home/igor/Documents/airflowalura/venv/lib/python3.9/site-packages/airflow/example_dags/subdags/subdag.py took 1.578 seconds
[2022-12-13 23:18:11,936] {processor.py:153} INFO - Started process (PID=37585) to work on /home/igor/Documents/airflowalura/venv/lib/python3.9/site-packages/airflow/example_dags/subdags/subdag.py
[2022-12-13 23:18:11,946] {processor.py:641} INFO - Processing file /home/igor/Documents/airflowalura/venv/lib/python3.9/site-packages/airflow/example_dags/subdags/subdag.py for tasks to queue
[2022-12-13 23:18:11,955] {logging_mixin.py:115} INFO - [2022-12-13 23:18:11,955] {dagbag.py:507} INFO - Filling up the DagBag from /home/igor/Documents/airflowalura/venv/lib/python3.9/site-packages/airflow/example_dags/subdags/subdag.py
[2022-12-13 23:18:11,964] {processor.py:653} WARNING - No viable dags retrieved from /home/igor/Documents/airflowalura/venv/lib/python3.9/site-packages/airflow/example_dags/subdags/subdag.py
[2022-12-13 23:18:12,020] {processor.py:161} INFO - Processing /home/igor/Documents/airflowalura/venv/lib/python3.9/site-packages/airflow/example_dags/subdags/subdag.py took 0.092 seconds
[2022-12-13 23:18:58,001] {processor.py:153} INFO - Started process (PID=37697) to work on /home/igor/Documents/airflowalura/venv/lib/python3.9/site-packages/airflow/example_dags/subdags/subdag.py
[2022-12-13 23:18:58,012] {processor.py:641} INFO - Processing file /home/igor/Documents/airflowalura/venv/lib/python3.9/site-packages/airflow/example_dags/subdags/subdag.py for tasks to queue
[2022-12-13 23:18:58,014] {logging_mixin.py:115} INFO - [2022-12-13 23:18:58,013] {dagbag.py:507} INFO - Filling up the DagBag from /home/igor/Documents/airflowalura/venv/lib/python3.9/site-packages/airflow/example_dags/subdags/subdag.py
[2022-12-13 23:18:58,032] {processor.py:653} WARNING - No viable dags retrieved from /home/igor/Documents/airflowalura/venv/lib/python3.9/site-packages/airflow/example_dags/subdags/subdag.py
[2022-12-13 23:18:58,118] {processor.py:161} INFO - Processing /home/igor/Documents/airflowalura/venv/lib/python3.9/site-packages/airflow/example_dags/subdags/subdag.py took 0.144 seconds
[2022-12-13 23:20:14,674] {processor.py:153} INFO - Started process (PID=37881) to work on /home/igor/Documents/airflowalura/venv/lib/python3.9/site-packages/airflow/example_dags/subdags/subdag.py
[2022-12-13 23:20:14,682] {processor.py:641} INFO - Processing file /home/igor/Documents/airflowalura/venv/lib/python3.9/site-packages/airflow/example_dags/subdags/subdag.py for tasks to queue
[2022-12-13 23:20:14,683] {logging_mixin.py:115} INFO - [2022-12-13 23:20:14,683] {dagbag.py:507} INFO - Filling up the DagBag from /home/igor/Documents/airflowalura/venv/lib/python3.9/site-packages/airflow/example_dags/subdags/subdag.py
[2022-12-13 23:20:14,687] {processor.py:653} WARNING - No viable dags retrieved from /home/igor/Documents/airflowalura/venv/lib/python3.9/site-packages/airflow/example_dags/subdags/subdag.py
[2022-12-13 23:20:14,797] {processor.py:161} INFO - Processing /home/igor/Documents/airflowalura/venv/lib/python3.9/site-packages/airflow/example_dags/subdags/subdag.py took 0.151 seconds
[2022-12-13 23:21:27,087] {processor.py:153} INFO - Started process (PID=38069) to work on /home/igor/Documents/airflowalura/venv/lib/python3.9/site-packages/airflow/example_dags/subdags/subdag.py
[2022-12-13 23:21:27,116] {processor.py:641} INFO - Processing file /home/igor/Documents/airflowalura/venv/lib/python3.9/site-packages/airflow/example_dags/subdags/subdag.py for tasks to queue
[2022-12-13 23:21:27,117] {logging_mixin.py:115} INFO - [2022-12-13 23:21:27,117] {dagbag.py:507} INFO - Filling up the DagBag from /home/igor/Documents/airflowalura/venv/lib/python3.9/site-packages/airflow/example_dags/subdags/subdag.py
[2022-12-13 23:21:27,123] {processor.py:653} WARNING - No viable dags retrieved from /home/igor/Documents/airflowalura/venv/lib/python3.9/site-packages/airflow/example_dags/subdags/subdag.py
[2022-12-13 23:21:27,217] {processor.py:161} INFO - Processing /home/igor/Documents/airflowalura/venv/lib/python3.9/site-packages/airflow/example_dags/subdags/subdag.py took 0.150 seconds
[2022-12-13 23:22:07,704] {processor.py:153} INFO - Started process (PID=38183) to work on /home/igor/Documents/airflowalura/venv/lib/python3.9/site-packages/airflow/example_dags/subdags/subdag.py
[2022-12-13 23:22:07,707] {processor.py:641} INFO - Processing file /home/igor/Documents/airflowalura/venv/lib/python3.9/site-packages/airflow/example_dags/subdags/subdag.py for tasks to queue
[2022-12-13 23:22:07,723] {logging_mixin.py:115} INFO - [2022-12-13 23:22:07,723] {dagbag.py:507} INFO - Filling up the DagBag from /home/igor/Documents/airflowalura/venv/lib/python3.9/site-packages/airflow/example_dags/subdags/subdag.py
[2022-12-13 23:22:07,742] {processor.py:653} WARNING - No viable dags retrieved from /home/igor/Documents/airflowalura/venv/lib/python3.9/site-packages/airflow/example_dags/subdags/subdag.py
[2022-12-13 23:22:07,844] {processor.py:161} INFO - Processing /home/igor/Documents/airflowalura/venv/lib/python3.9/site-packages/airflow/example_dags/subdags/subdag.py took 0.166 seconds
[2022-12-13 23:23:27,411] {processor.py:153} INFO - Started process (PID=38445) to work on /home/igor/Documents/airflowalura/venv/lib/python3.9/site-packages/airflow/example_dags/subdags/subdag.py
[2022-12-13 23:23:27,416] {processor.py:641} INFO - Processing file /home/igor/Documents/airflowalura/venv/lib/python3.9/site-packages/airflow/example_dags/subdags/subdag.py for tasks to queue
[2022-12-13 23:23:27,418] {logging_mixin.py:115} INFO - [2022-12-13 23:23:27,417] {dagbag.py:507} INFO - Filling up the DagBag from /home/igor/Documents/airflowalura/venv/lib/python3.9/site-packages/airflow/example_dags/subdags/subdag.py
[2022-12-13 23:23:27,428] {processor.py:653} WARNING - No viable dags retrieved from /home/igor/Documents/airflowalura/venv/lib/python3.9/site-packages/airflow/example_dags/subdags/subdag.py
[2022-12-13 23:23:27,508] {processor.py:161} INFO - Processing /home/igor/Documents/airflowalura/venv/lib/python3.9/site-packages/airflow/example_dags/subdags/subdag.py took 0.115 seconds
[2022-12-13 23:24:08,213] {processor.py:153} INFO - Started process (PID=38552) to work on /home/igor/Documents/airflowalura/venv/lib/python3.9/site-packages/airflow/example_dags/subdags/subdag.py
[2022-12-13 23:24:08,217] {processor.py:641} INFO - Processing file /home/igor/Documents/airflowalura/venv/lib/python3.9/site-packages/airflow/example_dags/subdags/subdag.py for tasks to queue
[2022-12-13 23:24:08,218] {logging_mixin.py:115} INFO - [2022-12-13 23:24:08,218] {dagbag.py:507} INFO - Filling up the DagBag from /home/igor/Documents/airflowalura/venv/lib/python3.9/site-packages/airflow/example_dags/subdags/subdag.py
[2022-12-13 23:24:08,224] {processor.py:653} WARNING - No viable dags retrieved from /home/igor/Documents/airflowalura/venv/lib/python3.9/site-packages/airflow/example_dags/subdags/subdag.py
[2022-12-13 23:24:08,335] {processor.py:161} INFO - Processing /home/igor/Documents/airflowalura/venv/lib/python3.9/site-packages/airflow/example_dags/subdags/subdag.py took 0.152 seconds
[2022-12-13 23:25:21,280] {processor.py:153} INFO - Started process (PID=38732) to work on /home/igor/Documents/airflowalura/venv/lib/python3.9/site-packages/airflow/example_dags/subdags/subdag.py
[2022-12-13 23:25:21,286] {processor.py:641} INFO - Processing file /home/igor/Documents/airflowalura/venv/lib/python3.9/site-packages/airflow/example_dags/subdags/subdag.py for tasks to queue
[2022-12-13 23:25:21,287] {logging_mixin.py:115} INFO - [2022-12-13 23:25:21,287] {dagbag.py:507} INFO - Filling up the DagBag from /home/igor/Documents/airflowalura/venv/lib/python3.9/site-packages/airflow/example_dags/subdags/subdag.py
[2022-12-13 23:25:21,290] {processor.py:653} WARNING - No viable dags retrieved from /home/igor/Documents/airflowalura/venv/lib/python3.9/site-packages/airflow/example_dags/subdags/subdag.py
[2022-12-13 23:25:21,393] {processor.py:161} INFO - Processing /home/igor/Documents/airflowalura/venv/lib/python3.9/site-packages/airflow/example_dags/subdags/subdag.py took 0.137 seconds
[2022-12-13 23:26:34,315] {processor.py:153} INFO - Started process (PID=38915) to work on /home/igor/Documents/airflowalura/venv/lib/python3.9/site-packages/airflow/example_dags/subdags/subdag.py
[2022-12-13 23:26:34,320] {processor.py:641} INFO - Processing file /home/igor/Documents/airflowalura/venv/lib/python3.9/site-packages/airflow/example_dags/subdags/subdag.py for tasks to queue
[2022-12-13 23:26:34,322] {logging_mixin.py:115} INFO - [2022-12-13 23:26:34,321] {dagbag.py:507} INFO - Filling up the DagBag from /home/igor/Documents/airflowalura/venv/lib/python3.9/site-packages/airflow/example_dags/subdags/subdag.py
[2022-12-13 23:26:34,337] {processor.py:653} WARNING - No viable dags retrieved from /home/igor/Documents/airflowalura/venv/lib/python3.9/site-packages/airflow/example_dags/subdags/subdag.py
[2022-12-13 23:26:34,429] {processor.py:161} INFO - Processing /home/igor/Documents/airflowalura/venv/lib/python3.9/site-packages/airflow/example_dags/subdags/subdag.py took 0.162 seconds
