[2022-12-13 21:27:19,553] {processor.py:153} INFO - Started process (PID=29896) to work on /home/igor/Documents/airflowalura/venv/lib/python3.9/site-packages/airflow/example_dags/example_branch_day_of_week_operator.py
[2022-12-13 21:27:19,560] {processor.py:641} INFO - Processing file /home/igor/Documents/airflowalura/venv/lib/python3.9/site-packages/airflow/example_dags/example_branch_day_of_week_operator.py for tasks to queue
[2022-12-13 21:27:19,583] {logging_mixin.py:115} INFO - [2022-12-13 21:27:19,561] {dagbag.py:507} INFO - Filling up the DagBag from /home/igor/Documents/airflowalura/venv/lib/python3.9/site-packages/airflow/example_dags/example_branch_day_of_week_operator.py
[2022-12-13 21:27:19,733] {processor.py:651} INFO - DAG(s) dict_keys(['example_weekday_branch_operator']) retrieved from /home/igor/Documents/airflowalura/venv/lib/python3.9/site-packages/airflow/example_dags/example_branch_day_of_week_operator.py
[2022-12-13 21:27:19,941] {logging_mixin.py:115} INFO - [2022-12-13 21:27:19,941] {dag.py:2379} INFO - Sync 1 DAGs
[2022-12-13 21:27:20,178] {logging_mixin.py:115} INFO - [2022-12-13 21:27:20,178] {dag.py:2927} INFO - Setting next_dagrun for example_weekday_branch_operator to 2022-12-13T00:00:00+00:00, run_after=2022-12-14T00:00:00+00:00
[2022-12-13 21:27:20,292] {processor.py:161} INFO - Processing /home/igor/Documents/airflowalura/venv/lib/python3.9/site-packages/airflow/example_dags/example_branch_day_of_week_operator.py took 0.786 seconds
[2022-12-13 21:28:32,598] {processor.py:153} INFO - Started process (PID=30106) to work on /home/igor/Documents/airflowalura/venv/lib/python3.9/site-packages/airflow/example_dags/example_branch_day_of_week_operator.py
[2022-12-13 21:28:32,611] {processor.py:641} INFO - Processing file /home/igor/Documents/airflowalura/venv/lib/python3.9/site-packages/airflow/example_dags/example_branch_day_of_week_operator.py for tasks to queue
[2022-12-13 21:28:32,612] {logging_mixin.py:115} INFO - [2022-12-13 21:28:32,612] {dagbag.py:507} INFO - Filling up the DagBag from /home/igor/Documents/airflowalura/venv/lib/python3.9/site-packages/airflow/example_dags/example_branch_day_of_week_operator.py
[2022-12-13 21:28:32,648] {processor.py:651} INFO - DAG(s) dict_keys(['example_weekday_branch_operator']) retrieved from /home/igor/Documents/airflowalura/venv/lib/python3.9/site-packages/airflow/example_dags/example_branch_day_of_week_operator.py
[2022-12-13 21:28:32,738] {logging_mixin.py:115} INFO - [2022-12-13 21:28:32,738] {dag.py:2379} INFO - Sync 1 DAGs
[2022-12-13 21:28:32,969] {logging_mixin.py:115} INFO - [2022-12-13 21:28:32,969] {dag.py:2927} INFO - Setting next_dagrun for example_weekday_branch_operator to 2022-12-13T00:00:00+00:00, run_after=2022-12-14T00:00:00+00:00
[2022-12-13 21:28:33,054] {processor.py:161} INFO - Processing /home/igor/Documents/airflowalura/venv/lib/python3.9/site-packages/airflow/example_dags/example_branch_day_of_week_operator.py took 0.475 seconds
[2022-12-13 21:29:35,080] {processor.py:153} INFO - Started process (PID=30299) to work on /home/igor/Documents/airflowalura/venv/lib/python3.9/site-packages/airflow/example_dags/example_branch_day_of_week_operator.py
[2022-12-13 21:29:35,082] {processor.py:641} INFO - Processing file /home/igor/Documents/airflowalura/venv/lib/python3.9/site-packages/airflow/example_dags/example_branch_day_of_week_operator.py for tasks to queue
[2022-12-13 21:29:35,083] {logging_mixin.py:115} INFO - [2022-12-13 21:29:35,083] {dagbag.py:507} INFO - Filling up the DagBag from /home/igor/Documents/airflowalura/venv/lib/python3.9/site-packages/airflow/example_dags/example_branch_day_of_week_operator.py
[2022-12-13 21:29:35,135] {processor.py:651} INFO - DAG(s) dict_keys(['example_weekday_branch_operator']) retrieved from /home/igor/Documents/airflowalura/venv/lib/python3.9/site-packages/airflow/example_dags/example_branch_day_of_week_operator.py
[2022-12-13 21:29:35,320] {logging_mixin.py:115} INFO - [2022-12-13 21:29:35,320] {dag.py:2379} INFO - Sync 1 DAGs
[2022-12-13 21:29:35,511] {logging_mixin.py:115} INFO - [2022-12-13 21:29:35,510] {dag.py:2927} INFO - Setting next_dagrun for example_weekday_branch_operator to 2022-12-13T00:00:00+00:00, run_after=2022-12-14T00:00:00+00:00
[2022-12-13 21:29:35,619] {processor.py:161} INFO - Processing /home/igor/Documents/airflowalura/venv/lib/python3.9/site-packages/airflow/example_dags/example_branch_day_of_week_operator.py took 0.573 seconds
[2022-12-13 21:31:06,872] {processor.py:153} INFO - Started process (PID=30493) to work on /home/igor/Documents/airflowalura/venv/lib/python3.9/site-packages/airflow/example_dags/example_branch_day_of_week_operator.py
[2022-12-13 21:31:06,881] {processor.py:641} INFO - Processing file /home/igor/Documents/airflowalura/venv/lib/python3.9/site-packages/airflow/example_dags/example_branch_day_of_week_operator.py for tasks to queue
[2022-12-13 21:31:06,883] {logging_mixin.py:115} INFO - [2022-12-13 21:31:06,882] {dagbag.py:507} INFO - Filling up the DagBag from /home/igor/Documents/airflowalura/venv/lib/python3.9/site-packages/airflow/example_dags/example_branch_day_of_week_operator.py
[2022-12-13 21:31:07,066] {processor.py:651} INFO - DAG(s) dict_keys(['example_weekday_branch_operator']) retrieved from /home/igor/Documents/airflowalura/venv/lib/python3.9/site-packages/airflow/example_dags/example_branch_day_of_week_operator.py
[2022-12-13 21:31:07,374] {logging_mixin.py:115} INFO - [2022-12-13 21:31:07,374] {dag.py:2379} INFO - Sync 1 DAGs
[2022-12-13 21:31:07,709] {logging_mixin.py:115} INFO - [2022-12-13 21:31:07,708] {dag.py:2927} INFO - Setting next_dagrun for example_weekday_branch_operator to 2022-12-13T00:00:00+00:00, run_after=2022-12-14T00:00:00+00:00
[2022-12-13 21:31:08,002] {processor.py:161} INFO - Processing /home/igor/Documents/airflowalura/venv/lib/python3.9/site-packages/airflow/example_dags/example_branch_day_of_week_operator.py took 1.177 seconds
[2022-12-13 21:32:56,257] {processor.py:153} INFO - Started process (PID=30715) to work on /home/igor/Documents/airflowalura/venv/lib/python3.9/site-packages/airflow/example_dags/example_branch_day_of_week_operator.py
[2022-12-13 21:32:56,259] {processor.py:641} INFO - Processing file /home/igor/Documents/airflowalura/venv/lib/python3.9/site-packages/airflow/example_dags/example_branch_day_of_week_operator.py for tasks to queue
[2022-12-13 21:32:56,261] {logging_mixin.py:115} INFO - [2022-12-13 21:32:56,261] {dagbag.py:507} INFO - Filling up the DagBag from /home/igor/Documents/airflowalura/venv/lib/python3.9/site-packages/airflow/example_dags/example_branch_day_of_week_operator.py
[2022-12-13 21:32:56,363] {processor.py:651} INFO - DAG(s) dict_keys(['example_weekday_branch_operator']) retrieved from /home/igor/Documents/airflowalura/venv/lib/python3.9/site-packages/airflow/example_dags/example_branch_day_of_week_operator.py
[2022-12-13 21:32:56,540] {logging_mixin.py:115} INFO - [2022-12-13 21:32:56,539] {dag.py:2379} INFO - Sync 1 DAGs
[2022-12-13 21:32:56,755] {logging_mixin.py:115} INFO - [2022-12-13 21:32:56,755] {dag.py:2927} INFO - Setting next_dagrun for example_weekday_branch_operator to 2022-12-13T00:00:00+00:00, run_after=2022-12-14T00:00:00+00:00
[2022-12-13 21:32:56,850] {processor.py:161} INFO - Processing /home/igor/Documents/airflowalura/venv/lib/python3.9/site-packages/airflow/example_dags/example_branch_day_of_week_operator.py took 0.626 seconds
[2022-12-13 21:34:48,234] {processor.py:153} INFO - Started process (PID=30928) to work on /home/igor/Documents/airflowalura/venv/lib/python3.9/site-packages/airflow/example_dags/example_branch_day_of_week_operator.py
[2022-12-13 21:34:48,261] {processor.py:641} INFO - Processing file /home/igor/Documents/airflowalura/venv/lib/python3.9/site-packages/airflow/example_dags/example_branch_day_of_week_operator.py for tasks to queue
[2022-12-13 21:34:48,264] {logging_mixin.py:115} INFO - [2022-12-13 21:34:48,263] {dagbag.py:507} INFO - Filling up the DagBag from /home/igor/Documents/airflowalura/venv/lib/python3.9/site-packages/airflow/example_dags/example_branch_day_of_week_operator.py
[2022-12-13 21:34:48,332] {processor.py:651} INFO - DAG(s) dict_keys(['example_weekday_branch_operator']) retrieved from /home/igor/Documents/airflowalura/venv/lib/python3.9/site-packages/airflow/example_dags/example_branch_day_of_week_operator.py
[2022-12-13 21:34:48,781] {logging_mixin.py:115} INFO - [2022-12-13 21:34:48,781] {dag.py:2379} INFO - Sync 1 DAGs
[2022-12-13 21:34:49,309] {logging_mixin.py:115} INFO - [2022-12-13 21:34:49,308] {dag.py:2927} INFO - Setting next_dagrun for example_weekday_branch_operator to 2022-12-13T00:00:00+00:00, run_after=2022-12-14T00:00:00+00:00
[2022-12-13 21:34:49,490] {processor.py:161} INFO - Processing /home/igor/Documents/airflowalura/venv/lib/python3.9/site-packages/airflow/example_dags/example_branch_day_of_week_operator.py took 1.281 seconds
[2022-12-13 21:37:32,068] {processor.py:153} INFO - Started process (PID=31354) to work on /home/igor/Documents/airflowalura/venv/lib/python3.9/site-packages/airflow/example_dags/example_branch_day_of_week_operator.py
[2022-12-13 21:37:32,072] {processor.py:641} INFO - Processing file /home/igor/Documents/airflowalura/venv/lib/python3.9/site-packages/airflow/example_dags/example_branch_day_of_week_operator.py for tasks to queue
[2022-12-13 21:37:32,074] {logging_mixin.py:115} INFO - [2022-12-13 21:37:32,074] {dagbag.py:507} INFO - Filling up the DagBag from /home/igor/Documents/airflowalura/venv/lib/python3.9/site-packages/airflow/example_dags/example_branch_day_of_week_operator.py
[2022-12-13 21:37:32,162] {processor.py:651} INFO - DAG(s) dict_keys(['example_weekday_branch_operator']) retrieved from /home/igor/Documents/airflowalura/venv/lib/python3.9/site-packages/airflow/example_dags/example_branch_day_of_week_operator.py
[2022-12-13 21:37:32,325] {logging_mixin.py:115} INFO - [2022-12-13 21:37:32,325] {dag.py:2379} INFO - Sync 1 DAGs
[2022-12-13 21:37:32,547] {logging_mixin.py:115} INFO - [2022-12-13 21:37:32,547] {dag.py:2927} INFO - Setting next_dagrun for example_weekday_branch_operator to 2022-12-13T00:00:00+00:00, run_after=2022-12-14T00:00:00+00:00
[2022-12-13 21:37:32,691] {processor.py:161} INFO - Processing /home/igor/Documents/airflowalura/venv/lib/python3.9/site-packages/airflow/example_dags/example_branch_day_of_week_operator.py took 0.661 seconds
[2022-12-13 21:38:44,100] {processor.py:153} INFO - Started process (PID=31562) to work on /home/igor/Documents/airflowalura/venv/lib/python3.9/site-packages/airflow/example_dags/example_branch_day_of_week_operator.py
[2022-12-13 21:38:44,112] {processor.py:641} INFO - Processing file /home/igor/Documents/airflowalura/venv/lib/python3.9/site-packages/airflow/example_dags/example_branch_day_of_week_operator.py for tasks to queue
[2022-12-13 21:38:44,114] {logging_mixin.py:115} INFO - [2022-12-13 21:38:44,114] {dagbag.py:507} INFO - Filling up the DagBag from /home/igor/Documents/airflowalura/venv/lib/python3.9/site-packages/airflow/example_dags/example_branch_day_of_week_operator.py
[2022-12-13 21:38:44,236] {processor.py:651} INFO - DAG(s) dict_keys(['example_weekday_branch_operator']) retrieved from /home/igor/Documents/airflowalura/venv/lib/python3.9/site-packages/airflow/example_dags/example_branch_day_of_week_operator.py
[2022-12-13 21:38:44,436] {logging_mixin.py:115} INFO - [2022-12-13 21:38:44,435] {dag.py:2379} INFO - Sync 1 DAGs
[2022-12-13 21:38:44,678] {logging_mixin.py:115} INFO - [2022-12-13 21:38:44,678] {dag.py:2927} INFO - Setting next_dagrun for example_weekday_branch_operator to 2022-12-13T00:00:00+00:00, run_after=2022-12-14T00:00:00+00:00
[2022-12-13 21:38:44,830] {processor.py:161} INFO - Processing /home/igor/Documents/airflowalura/venv/lib/python3.9/site-packages/airflow/example_dags/example_branch_day_of_week_operator.py took 0.740 seconds
[2022-12-13 23:01:16,571] {processor.py:153} INFO - Started process (PID=35358) to work on /home/igor/Documents/airflowalura/venv/lib/python3.9/site-packages/airflow/example_dags/example_branch_day_of_week_operator.py
[2022-12-13 23:01:16,600] {processor.py:641} INFO - Processing file /home/igor/Documents/airflowalura/venv/lib/python3.9/site-packages/airflow/example_dags/example_branch_day_of_week_operator.py for tasks to queue
[2022-12-13 23:01:16,601] {logging_mixin.py:115} INFO - [2022-12-13 23:01:16,601] {dagbag.py:507} INFO - Filling up the DagBag from /home/igor/Documents/airflowalura/venv/lib/python3.9/site-packages/airflow/example_dags/example_branch_day_of_week_operator.py
[2022-12-13 23:01:16,788] {processor.py:651} INFO - DAG(s) dict_keys(['example_weekday_branch_operator']) retrieved from /home/igor/Documents/airflowalura/venv/lib/python3.9/site-packages/airflow/example_dags/example_branch_day_of_week_operator.py
[2022-12-13 23:01:16,962] {logging_mixin.py:115} INFO - [2022-12-13 23:01:16,955] {dag.py:2379} INFO - Sync 1 DAGs
[2022-12-13 23:01:17,145] {logging_mixin.py:115} INFO - [2022-12-13 23:01:17,145] {dag.py:2927} INFO - Setting next_dagrun for example_weekday_branch_operator to 2022-12-13T00:00:00+00:00, run_after=2022-12-14T00:00:00+00:00
[2022-12-13 23:01:17,240] {processor.py:161} INFO - Processing /home/igor/Documents/airflowalura/venv/lib/python3.9/site-packages/airflow/example_dags/example_branch_day_of_week_operator.py took 0.722 seconds
[2022-12-13 23:03:19,393] {processor.py:153} INFO - Started process (PID=35777) to work on /home/igor/Documents/airflowalura/venv/lib/python3.9/site-packages/airflow/example_dags/example_branch_day_of_week_operator.py
[2022-12-13 23:03:19,412] {processor.py:641} INFO - Processing file /home/igor/Documents/airflowalura/venv/lib/python3.9/site-packages/airflow/example_dags/example_branch_day_of_week_operator.py for tasks to queue
[2022-12-13 23:03:19,413] {logging_mixin.py:115} INFO - [2022-12-13 23:03:19,412] {dagbag.py:507} INFO - Filling up the DagBag from /home/igor/Documents/airflowalura/venv/lib/python3.9/site-packages/airflow/example_dags/example_branch_day_of_week_operator.py
[2022-12-13 23:03:19,476] {processor.py:651} INFO - DAG(s) dict_keys(['example_weekday_branch_operator']) retrieved from /home/igor/Documents/airflowalura/venv/lib/python3.9/site-packages/airflow/example_dags/example_branch_day_of_week_operator.py
[2022-12-13 23:03:19,641] {logging_mixin.py:115} INFO - [2022-12-13 23:03:19,641] {dag.py:2379} INFO - Sync 1 DAGs
[2022-12-13 23:03:19,868] {logging_mixin.py:115} INFO - [2022-12-13 23:03:19,868] {dag.py:2927} INFO - Setting next_dagrun for example_weekday_branch_operator to 2022-12-13T00:00:00+00:00, run_after=2022-12-14T00:00:00+00:00
[2022-12-13 23:03:20,141] {processor.py:161} INFO - Processing /home/igor/Documents/airflowalura/venv/lib/python3.9/site-packages/airflow/example_dags/example_branch_day_of_week_operator.py took 0.770 seconds
[2022-12-13 23:05:22,586] {processor.py:153} INFO - Started process (PID=36055) to work on /home/igor/Documents/airflowalura/venv/lib/python3.9/site-packages/airflow/example_dags/example_branch_day_of_week_operator.py
[2022-12-13 23:05:22,602] {processor.py:641} INFO - Processing file /home/igor/Documents/airflowalura/venv/lib/python3.9/site-packages/airflow/example_dags/example_branch_day_of_week_operator.py for tasks to queue
[2022-12-13 23:05:22,603] {logging_mixin.py:115} INFO - [2022-12-13 23:05:22,603] {dagbag.py:507} INFO - Filling up the DagBag from /home/igor/Documents/airflowalura/venv/lib/python3.9/site-packages/airflow/example_dags/example_branch_day_of_week_operator.py
[2022-12-13 23:05:22,698] {processor.py:651} INFO - DAG(s) dict_keys(['example_weekday_branch_operator']) retrieved from /home/igor/Documents/airflowalura/venv/lib/python3.9/site-packages/airflow/example_dags/example_branch_day_of_week_operator.py
[2022-12-13 23:05:22,972] {logging_mixin.py:115} INFO - [2022-12-13 23:05:22,972] {dag.py:2379} INFO - Sync 1 DAGs
[2022-12-13 23:05:23,165] {logging_mixin.py:115} INFO - [2022-12-13 23:05:23,165] {dag.py:2927} INFO - Setting next_dagrun for example_weekday_branch_operator to 2022-12-13T00:00:00+00:00, run_after=2022-12-14T00:00:00+00:00
[2022-12-13 23:05:23,255] {processor.py:161} INFO - Processing /home/igor/Documents/airflowalura/venv/lib/python3.9/site-packages/airflow/example_dags/example_branch_day_of_week_operator.py took 0.675 seconds
[2022-12-13 23:07:26,252] {processor.py:153} INFO - Started process (PID=36272) to work on /home/igor/Documents/airflowalura/venv/lib/python3.9/site-packages/airflow/example_dags/example_branch_day_of_week_operator.py
[2022-12-13 23:07:26,261] {processor.py:641} INFO - Processing file /home/igor/Documents/airflowalura/venv/lib/python3.9/site-packages/airflow/example_dags/example_branch_day_of_week_operator.py for tasks to queue
[2022-12-13 23:07:26,284] {logging_mixin.py:115} INFO - [2022-12-13 23:07:26,276] {dagbag.py:507} INFO - Filling up the DagBag from /home/igor/Documents/airflowalura/venv/lib/python3.9/site-packages/airflow/example_dags/example_branch_day_of_week_operator.py
[2022-12-13 23:07:26,454] {processor.py:651} INFO - DAG(s) dict_keys(['example_weekday_branch_operator']) retrieved from /home/igor/Documents/airflowalura/venv/lib/python3.9/site-packages/airflow/example_dags/example_branch_day_of_week_operator.py
[2022-12-13 23:07:26,810] {logging_mixin.py:115} INFO - [2022-12-13 23:07:26,810] {dag.py:2379} INFO - Sync 1 DAGs
[2022-12-13 23:07:27,602] {logging_mixin.py:115} INFO - [2022-12-13 23:07:27,602] {dag.py:2927} INFO - Setting next_dagrun for example_weekday_branch_operator to 2022-12-13T00:00:00+00:00, run_after=2022-12-14T00:00:00+00:00
[2022-12-13 23:07:27,898] {processor.py:161} INFO - Processing /home/igor/Documents/airflowalura/venv/lib/python3.9/site-packages/airflow/example_dags/example_branch_day_of_week_operator.py took 1.741 seconds
[2022-12-13 23:11:04,247] {processor.py:153} INFO - Started process (PID=36589) to work on /home/igor/Documents/airflowalura/venv/lib/python3.9/site-packages/airflow/example_dags/example_branch_day_of_week_operator.py
[2022-12-13 23:11:04,254] {processor.py:641} INFO - Processing file /home/igor/Documents/airflowalura/venv/lib/python3.9/site-packages/airflow/example_dags/example_branch_day_of_week_operator.py for tasks to queue
[2022-12-13 23:11:04,262] {logging_mixin.py:115} INFO - [2022-12-13 23:11:04,261] {dagbag.py:507} INFO - Filling up the DagBag from /home/igor/Documents/airflowalura/venv/lib/python3.9/site-packages/airflow/example_dags/example_branch_day_of_week_operator.py
[2022-12-13 23:11:04,550] {processor.py:651} INFO - DAG(s) dict_keys(['example_weekday_branch_operator']) retrieved from /home/igor/Documents/airflowalura/venv/lib/python3.9/site-packages/airflow/example_dags/example_branch_day_of_week_operator.py
[2022-12-13 23:11:05,206] {logging_mixin.py:115} INFO - [2022-12-13 23:11:05,205] {dag.py:2379} INFO - Sync 1 DAGs
[2022-12-13 23:11:05,546] {logging_mixin.py:115} INFO - [2022-12-13 23:11:05,546] {dag.py:2927} INFO - Setting next_dagrun for example_weekday_branch_operator to 2022-12-13T00:00:00+00:00, run_after=2022-12-14T00:00:00+00:00
[2022-12-13 23:11:05,847] {processor.py:161} INFO - Processing /home/igor/Documents/airflowalura/venv/lib/python3.9/site-packages/airflow/example_dags/example_branch_day_of_week_operator.py took 1.648 seconds
[2022-12-13 23:13:38,180] {processor.py:153} INFO - Started process (PID=37082) to work on /home/igor/Documents/airflowalura/venv/lib/python3.9/site-packages/airflow/example_dags/example_branch_day_of_week_operator.py
[2022-12-13 23:13:38,186] {processor.py:641} INFO - Processing file /home/igor/Documents/airflowalura/venv/lib/python3.9/site-packages/airflow/example_dags/example_branch_day_of_week_operator.py for tasks to queue
[2022-12-13 23:13:38,188] {logging_mixin.py:115} INFO - [2022-12-13 23:13:38,187] {dagbag.py:507} INFO - Filling up the DagBag from /home/igor/Documents/airflowalura/venv/lib/python3.9/site-packages/airflow/example_dags/example_branch_day_of_week_operator.py
[2022-12-13 23:13:38,344] {processor.py:651} INFO - DAG(s) dict_keys(['example_weekday_branch_operator']) retrieved from /home/igor/Documents/airflowalura/venv/lib/python3.9/site-packages/airflow/example_dags/example_branch_day_of_week_operator.py
[2022-12-13 23:13:38,480] {logging_mixin.py:115} INFO - [2022-12-13 23:13:38,480] {dag.py:2379} INFO - Sync 1 DAGs
[2022-12-13 23:13:38,690] {logging_mixin.py:115} INFO - [2022-12-13 23:13:38,690] {dag.py:2927} INFO - Setting next_dagrun for example_weekday_branch_operator to 2022-12-13T00:00:00+00:00, run_after=2022-12-14T00:00:00+00:00
[2022-12-13 23:13:38,872] {processor.py:161} INFO - Processing /home/igor/Documents/airflowalura/venv/lib/python3.9/site-packages/airflow/example_dags/example_branch_day_of_week_operator.py took 0.728 seconds
[2022-12-13 23:15:08,781] {processor.py:153} INFO - Started process (PID=37298) to work on /home/igor/Documents/airflowalura/venv/lib/python3.9/site-packages/airflow/example_dags/example_branch_day_of_week_operator.py
[2022-12-13 23:15:08,791] {processor.py:641} INFO - Processing file /home/igor/Documents/airflowalura/venv/lib/python3.9/site-packages/airflow/example_dags/example_branch_day_of_week_operator.py for tasks to queue
[2022-12-13 23:15:08,793] {logging_mixin.py:115} INFO - [2022-12-13 23:15:08,792] {dagbag.py:507} INFO - Filling up the DagBag from /home/igor/Documents/airflowalura/venv/lib/python3.9/site-packages/airflow/example_dags/example_branch_day_of_week_operator.py
[2022-12-13 23:15:08,978] {processor.py:651} INFO - DAG(s) dict_keys(['example_weekday_branch_operator']) retrieved from /home/igor/Documents/airflowalura/venv/lib/python3.9/site-packages/airflow/example_dags/example_branch_day_of_week_operator.py
[2022-12-13 23:15:09,258] {logging_mixin.py:115} INFO - [2022-12-13 23:15:09,258] {dag.py:2379} INFO - Sync 1 DAGs
[2022-12-13 23:15:09,468] {logging_mixin.py:115} INFO - [2022-12-13 23:15:09,461] {dag.py:2927} INFO - Setting next_dagrun for example_weekday_branch_operator to 2022-12-13T00:00:00+00:00, run_after=2022-12-14T00:00:00+00:00
[2022-12-13 23:15:09,583] {processor.py:161} INFO - Processing /home/igor/Documents/airflowalura/venv/lib/python3.9/site-packages/airflow/example_dags/example_branch_day_of_week_operator.py took 0.829 seconds
[2022-12-13 23:17:52,562] {processor.py:153} INFO - Started process (PID=37540) to work on /home/igor/Documents/airflowalura/venv/lib/python3.9/site-packages/airflow/example_dags/example_branch_day_of_week_operator.py
[2022-12-13 23:17:52,575] {processor.py:641} INFO - Processing file /home/igor/Documents/airflowalura/venv/lib/python3.9/site-packages/airflow/example_dags/example_branch_day_of_week_operator.py for tasks to queue
[2022-12-13 23:17:52,578] {logging_mixin.py:115} INFO - [2022-12-13 23:17:52,577] {dagbag.py:507} INFO - Filling up the DagBag from /home/igor/Documents/airflowalura/venv/lib/python3.9/site-packages/airflow/example_dags/example_branch_day_of_week_operator.py
[2022-12-13 23:17:52,666] {processor.py:651} INFO - DAG(s) dict_keys(['example_weekday_branch_operator']) retrieved from /home/igor/Documents/airflowalura/venv/lib/python3.9/site-packages/airflow/example_dags/example_branch_day_of_week_operator.py
[2022-12-13 23:17:52,816] {logging_mixin.py:115} INFO - [2022-12-13 23:17:52,816] {dag.py:2379} INFO - Sync 1 DAGs
[2022-12-13 23:17:52,993] {logging_mixin.py:115} INFO - [2022-12-13 23:17:52,993] {dag.py:2927} INFO - Setting next_dagrun for example_weekday_branch_operator to 2022-12-13T00:00:00+00:00, run_after=2022-12-14T00:00:00+00:00
[2022-12-13 23:17:53,122] {processor.py:161} INFO - Processing /home/igor/Documents/airflowalura/venv/lib/python3.9/site-packages/airflow/example_dags/example_branch_day_of_week_operator.py took 0.604 seconds
[2022-12-13 23:19:20,373] {processor.py:153} INFO - Started process (PID=37757) to work on /home/igor/Documents/airflowalura/venv/lib/python3.9/site-packages/airflow/example_dags/example_branch_day_of_week_operator.py
[2022-12-13 23:19:20,380] {processor.py:641} INFO - Processing file /home/igor/Documents/airflowalura/venv/lib/python3.9/site-packages/airflow/example_dags/example_branch_day_of_week_operator.py for tasks to queue
[2022-12-13 23:19:20,382] {logging_mixin.py:115} INFO - [2022-12-13 23:19:20,381] {dagbag.py:507} INFO - Filling up the DagBag from /home/igor/Documents/airflowalura/venv/lib/python3.9/site-packages/airflow/example_dags/example_branch_day_of_week_operator.py
[2022-12-13 23:19:20,481] {processor.py:651} INFO - DAG(s) dict_keys(['example_weekday_branch_operator']) retrieved from /home/igor/Documents/airflowalura/venv/lib/python3.9/site-packages/airflow/example_dags/example_branch_day_of_week_operator.py
[2022-12-13 23:19:20,626] {logging_mixin.py:115} INFO - [2022-12-13 23:19:20,626] {dag.py:2379} INFO - Sync 1 DAGs
[2022-12-13 23:19:20,766] {logging_mixin.py:115} INFO - [2022-12-13 23:19:20,766] {dag.py:2927} INFO - Setting next_dagrun for example_weekday_branch_operator to 2022-12-13T00:00:00+00:00, run_after=2022-12-14T00:00:00+00:00
[2022-12-13 23:19:20,874] {processor.py:161} INFO - Processing /home/igor/Documents/airflowalura/venv/lib/python3.9/site-packages/airflow/example_dags/example_branch_day_of_week_operator.py took 0.544 seconds
[2022-12-13 23:20:36,587] {processor.py:153} INFO - Started process (PID=37948) to work on /home/igor/Documents/airflowalura/venv/lib/python3.9/site-packages/airflow/example_dags/example_branch_day_of_week_operator.py
[2022-12-13 23:20:36,594] {processor.py:641} INFO - Processing file /home/igor/Documents/airflowalura/venv/lib/python3.9/site-packages/airflow/example_dags/example_branch_day_of_week_operator.py for tasks to queue
[2022-12-13 23:20:36,596] {logging_mixin.py:115} INFO - [2022-12-13 23:20:36,596] {dagbag.py:507} INFO - Filling up the DagBag from /home/igor/Documents/airflowalura/venv/lib/python3.9/site-packages/airflow/example_dags/example_branch_day_of_week_operator.py
[2022-12-13 23:20:36,684] {processor.py:651} INFO - DAG(s) dict_keys(['example_weekday_branch_operator']) retrieved from /home/igor/Documents/airflowalura/venv/lib/python3.9/site-packages/airflow/example_dags/example_branch_day_of_week_operator.py
[2022-12-13 23:20:36,840] {logging_mixin.py:115} INFO - [2022-12-13 23:20:36,840] {dag.py:2379} INFO - Sync 1 DAGs
[2022-12-13 23:20:37,008] {logging_mixin.py:115} INFO - [2022-12-13 23:20:37,008] {dag.py:2927} INFO - Setting next_dagrun for example_weekday_branch_operator to 2022-12-13T00:00:00+00:00, run_after=2022-12-14T00:00:00+00:00
[2022-12-13 23:20:37,104] {processor.py:161} INFO - Processing /home/igor/Documents/airflowalura/venv/lib/python3.9/site-packages/airflow/example_dags/example_branch_day_of_week_operator.py took 0.557 seconds
[2022-12-13 23:21:50,796] {processor.py:153} INFO - Started process (PID=38135) to work on /home/igor/Documents/airflowalura/venv/lib/python3.9/site-packages/airflow/example_dags/example_branch_day_of_week_operator.py
[2022-12-13 23:21:50,804] {processor.py:641} INFO - Processing file /home/igor/Documents/airflowalura/venv/lib/python3.9/site-packages/airflow/example_dags/example_branch_day_of_week_operator.py for tasks to queue
[2022-12-13 23:21:50,806] {logging_mixin.py:115} INFO - [2022-12-13 23:21:50,806] {dagbag.py:507} INFO - Filling up the DagBag from /home/igor/Documents/airflowalura/venv/lib/python3.9/site-packages/airflow/example_dags/example_branch_day_of_week_operator.py
[2022-12-13 23:21:50,876] {processor.py:651} INFO - DAG(s) dict_keys(['example_weekday_branch_operator']) retrieved from /home/igor/Documents/airflowalura/venv/lib/python3.9/site-packages/airflow/example_dags/example_branch_day_of_week_operator.py
[2022-12-13 23:21:50,991] {logging_mixin.py:115} INFO - [2022-12-13 23:21:50,991] {dag.py:2379} INFO - Sync 1 DAGs
[2022-12-13 23:21:51,218] {logging_mixin.py:115} INFO - [2022-12-13 23:21:51,218] {dag.py:2927} INFO - Setting next_dagrun for example_weekday_branch_operator to 2022-12-13T00:00:00+00:00, run_after=2022-12-14T00:00:00+00:00
[2022-12-13 23:21:51,314] {processor.py:161} INFO - Processing /home/igor/Documents/airflowalura/venv/lib/python3.9/site-packages/airflow/example_dags/example_branch_day_of_week_operator.py took 0.554 seconds
[2022-12-13 23:23:10,630] {processor.py:153} INFO - Started process (PID=38408) to work on /home/igor/Documents/airflowalura/venv/lib/python3.9/site-packages/airflow/example_dags/example_branch_day_of_week_operator.py
[2022-12-13 23:23:10,646] {processor.py:641} INFO - Processing file /home/igor/Documents/airflowalura/venv/lib/python3.9/site-packages/airflow/example_dags/example_branch_day_of_week_operator.py for tasks to queue
[2022-12-13 23:23:10,647] {logging_mixin.py:115} INFO - [2022-12-13 23:23:10,647] {dagbag.py:507} INFO - Filling up the DagBag from /home/igor/Documents/airflowalura/venv/lib/python3.9/site-packages/airflow/example_dags/example_branch_day_of_week_operator.py
[2022-12-13 23:23:10,692] {processor.py:651} INFO - DAG(s) dict_keys(['example_weekday_branch_operator']) retrieved from /home/igor/Documents/airflowalura/venv/lib/python3.9/site-packages/airflow/example_dags/example_branch_day_of_week_operator.py
[2022-12-13 23:23:10,782] {logging_mixin.py:115} INFO - [2022-12-13 23:23:10,782] {dag.py:2379} INFO - Sync 1 DAGs
[2022-12-13 23:23:10,944] {logging_mixin.py:115} INFO - [2022-12-13 23:23:10,944] {dag.py:2927} INFO - Setting next_dagrun for example_weekday_branch_operator to 2022-12-13T00:00:00+00:00, run_after=2022-12-14T00:00:00+00:00
[2022-12-13 23:23:11,039] {processor.py:161} INFO - Processing /home/igor/Documents/airflowalura/venv/lib/python3.9/site-packages/airflow/example_dags/example_branch_day_of_week_operator.py took 0.424 seconds
[2022-12-13 23:24:29,671] {processor.py:153} INFO - Started process (PID=38601) to work on /home/igor/Documents/airflowalura/venv/lib/python3.9/site-packages/airflow/example_dags/example_branch_day_of_week_operator.py
[2022-12-13 23:24:29,681] {processor.py:641} INFO - Processing file /home/igor/Documents/airflowalura/venv/lib/python3.9/site-packages/airflow/example_dags/example_branch_day_of_week_operator.py for tasks to queue
[2022-12-13 23:24:29,682] {logging_mixin.py:115} INFO - [2022-12-13 23:24:29,682] {dagbag.py:507} INFO - Filling up the DagBag from /home/igor/Documents/airflowalura/venv/lib/python3.9/site-packages/airflow/example_dags/example_branch_day_of_week_operator.py
[2022-12-13 23:24:29,740] {processor.py:651} INFO - DAG(s) dict_keys(['example_weekday_branch_operator']) retrieved from /home/igor/Documents/airflowalura/venv/lib/python3.9/site-packages/airflow/example_dags/example_branch_day_of_week_operator.py
[2022-12-13 23:24:29,893] {logging_mixin.py:115} INFO - [2022-12-13 23:24:29,892] {dag.py:2379} INFO - Sync 1 DAGs
[2022-12-13 23:24:30,062] {logging_mixin.py:115} INFO - [2022-12-13 23:24:30,061] {dag.py:2927} INFO - Setting next_dagrun for example_weekday_branch_operator to 2022-12-13T00:00:00+00:00, run_after=2022-12-14T00:00:00+00:00
[2022-12-13 23:24:30,139] {processor.py:161} INFO - Processing /home/igor/Documents/airflowalura/venv/lib/python3.9/site-packages/airflow/example_dags/example_branch_day_of_week_operator.py took 0.493 seconds
[2022-12-13 23:25:42,640] {processor.py:153} INFO - Started process (PID=38789) to work on /home/igor/Documents/airflowalura/venv/lib/python3.9/site-packages/airflow/example_dags/example_branch_day_of_week_operator.py
[2022-12-13 23:25:42,651] {processor.py:641} INFO - Processing file /home/igor/Documents/airflowalura/venv/lib/python3.9/site-packages/airflow/example_dags/example_branch_day_of_week_operator.py for tasks to queue
[2022-12-13 23:25:42,652] {logging_mixin.py:115} INFO - [2022-12-13 23:25:42,652] {dagbag.py:507} INFO - Filling up the DagBag from /home/igor/Documents/airflowalura/venv/lib/python3.9/site-packages/airflow/example_dags/example_branch_day_of_week_operator.py
[2022-12-13 23:25:42,730] {processor.py:651} INFO - DAG(s) dict_keys(['example_weekday_branch_operator']) retrieved from /home/igor/Documents/airflowalura/venv/lib/python3.9/site-packages/airflow/example_dags/example_branch_day_of_week_operator.py
[2022-12-13 23:25:42,858] {logging_mixin.py:115} INFO - [2022-12-13 23:25:42,858] {dag.py:2379} INFO - Sync 1 DAGs
[2022-12-13 23:25:43,045] {logging_mixin.py:115} INFO - [2022-12-13 23:25:43,044] {dag.py:2927} INFO - Setting next_dagrun for example_weekday_branch_operator to 2022-12-13T00:00:00+00:00, run_after=2022-12-14T00:00:00+00:00
[2022-12-13 23:25:43,141] {processor.py:161} INFO - Processing /home/igor/Documents/airflowalura/venv/lib/python3.9/site-packages/airflow/example_dags/example_branch_day_of_week_operator.py took 0.517 seconds
[2022-12-13 23:26:54,605] {processor.py:153} INFO - Started process (PID=38974) to work on /home/igor/Documents/airflowalura/venv/lib/python3.9/site-packages/airflow/example_dags/example_branch_day_of_week_operator.py
[2022-12-13 23:26:54,613] {processor.py:641} INFO - Processing file /home/igor/Documents/airflowalura/venv/lib/python3.9/site-packages/airflow/example_dags/example_branch_day_of_week_operator.py for tasks to queue
[2022-12-13 23:26:54,615] {logging_mixin.py:115} INFO - [2022-12-13 23:26:54,615] {dagbag.py:507} INFO - Filling up the DagBag from /home/igor/Documents/airflowalura/venv/lib/python3.9/site-packages/airflow/example_dags/example_branch_day_of_week_operator.py
[2022-12-13 23:26:54,674] {processor.py:651} INFO - DAG(s) dict_keys(['example_weekday_branch_operator']) retrieved from /home/igor/Documents/airflowalura/venv/lib/python3.9/site-packages/airflow/example_dags/example_branch_day_of_week_operator.py
[2022-12-13 23:26:54,797] {logging_mixin.py:115} INFO - [2022-12-13 23:26:54,797] {dag.py:2379} INFO - Sync 1 DAGs
[2022-12-13 23:26:54,959] {logging_mixin.py:115} INFO - [2022-12-13 23:26:54,955] {dag.py:2927} INFO - Setting next_dagrun for example_weekday_branch_operator to 2022-12-13T00:00:00+00:00, run_after=2022-12-14T00:00:00+00:00
[2022-12-13 23:26:55,045] {processor.py:161} INFO - Processing /home/igor/Documents/airflowalura/venv/lib/python3.9/site-packages/airflow/example_dags/example_branch_day_of_week_operator.py took 0.473 seconds
