[2022-12-13 21:26:43,254] {processor.py:153} INFO - Started process (PID=29802) to work on /home/igor/Documents/airflowalura/venv/lib/python3.9/site-packages/airflow/example_dags/example_short_circuit_operator.py
[2022-12-13 21:26:43,276] {processor.py:641} INFO - Processing file /home/igor/Documents/airflowalura/venv/lib/python3.9/site-packages/airflow/example_dags/example_short_circuit_operator.py for tasks to queue
[2022-12-13 21:26:43,280] {logging_mixin.py:115} INFO - [2022-12-13 21:26:43,279] {dagbag.py:507} INFO - Filling up the DagBag from /home/igor/Documents/airflowalura/venv/lib/python3.9/site-packages/airflow/example_dags/example_short_circuit_operator.py
[2022-12-13 21:26:43,428] {processor.py:651} INFO - DAG(s) dict_keys(['example_short_circuit_operator']) retrieved from /home/igor/Documents/airflowalura/venv/lib/python3.9/site-packages/airflow/example_dags/example_short_circuit_operator.py
[2022-12-13 21:26:43,641] {logging_mixin.py:115} INFO - [2022-12-13 21:26:43,641] {dag.py:2379} INFO - Sync 1 DAGs
[2022-12-13 21:26:44,026] {logging_mixin.py:115} INFO - [2022-12-13 21:26:44,018] {dag.py:2927} INFO - Setting next_dagrun for example_short_circuit_operator to 2022-12-13T00:26:44.017624+00:00, run_after=2022-12-14T00:26:44.017624+00:00
[2022-12-13 21:26:44,145] {processor.py:161} INFO - Processing /home/igor/Documents/airflowalura/venv/lib/python3.9/site-packages/airflow/example_dags/example_short_circuit_operator.py took 0.917 seconds
[2022-12-13 21:27:53,594] {processor.py:153} INFO - Started process (PID=29997) to work on /home/igor/Documents/airflowalura/venv/lib/python3.9/site-packages/airflow/example_dags/example_short_circuit_operator.py
[2022-12-13 21:27:53,600] {processor.py:641} INFO - Processing file /home/igor/Documents/airflowalura/venv/lib/python3.9/site-packages/airflow/example_dags/example_short_circuit_operator.py for tasks to queue
[2022-12-13 21:27:53,602] {logging_mixin.py:115} INFO - [2022-12-13 21:27:53,601] {dagbag.py:507} INFO - Filling up the DagBag from /home/igor/Documents/airflowalura/venv/lib/python3.9/site-packages/airflow/example_dags/example_short_circuit_operator.py
[2022-12-13 21:27:53,734] {processor.py:651} INFO - DAG(s) dict_keys(['example_short_circuit_operator']) retrieved from /home/igor/Documents/airflowalura/venv/lib/python3.9/site-packages/airflow/example_dags/example_short_circuit_operator.py
[2022-12-13 21:27:54,482] {logging_mixin.py:115} INFO - [2022-12-13 21:27:54,482] {dag.py:2379} INFO - Sync 1 DAGs
[2022-12-13 21:27:54,672] {logging_mixin.py:115} INFO - [2022-12-13 21:27:54,672] {dag.py:2927} INFO - Setting next_dagrun for example_short_circuit_operator to 2022-12-13T00:27:54.665999+00:00, run_after=2022-12-14T00:27:54.665999+00:00
[2022-12-13 21:27:54,874] {processor.py:161} INFO - Processing /home/igor/Documents/airflowalura/venv/lib/python3.9/site-packages/airflow/example_dags/example_short_circuit_operator.py took 1.325 seconds
[2022-12-13 21:29:01,632] {processor.py:153} INFO - Started process (PID=30191) to work on /home/igor/Documents/airflowalura/venv/lib/python3.9/site-packages/airflow/example_dags/example_short_circuit_operator.py
[2022-12-13 21:29:01,634] {processor.py:641} INFO - Processing file /home/igor/Documents/airflowalura/venv/lib/python3.9/site-packages/airflow/example_dags/example_short_circuit_operator.py for tasks to queue
[2022-12-13 21:29:01,636] {logging_mixin.py:115} INFO - [2022-12-13 21:29:01,636] {dagbag.py:507} INFO - Filling up the DagBag from /home/igor/Documents/airflowalura/venv/lib/python3.9/site-packages/airflow/example_dags/example_short_circuit_operator.py
[2022-12-13 21:29:01,744] {processor.py:651} INFO - DAG(s) dict_keys(['example_short_circuit_operator']) retrieved from /home/igor/Documents/airflowalura/venv/lib/python3.9/site-packages/airflow/example_dags/example_short_circuit_operator.py
[2022-12-13 21:29:01,875] {logging_mixin.py:115} INFO - [2022-12-13 21:29:01,874] {dag.py:2379} INFO - Sync 1 DAGs
[2022-12-13 21:29:02,184] {logging_mixin.py:115} INFO - [2022-12-13 21:29:02,151] {dag.py:2927} INFO - Setting next_dagrun for example_short_circuit_operator to 2022-12-13T00:29:02.150463+00:00, run_after=2022-12-14T00:29:02.150463+00:00
[2022-12-13 21:29:02,358] {processor.py:161} INFO - Processing /home/igor/Documents/airflowalura/venv/lib/python3.9/site-packages/airflow/example_dags/example_short_circuit_operator.py took 0.750 seconds
[2022-12-13 21:30:05,649] {processor.py:153} INFO - Started process (PID=30373) to work on /home/igor/Documents/airflowalura/venv/lib/python3.9/site-packages/airflow/example_dags/example_short_circuit_operator.py
[2022-12-13 21:30:05,659] {processor.py:641} INFO - Processing file /home/igor/Documents/airflowalura/venv/lib/python3.9/site-packages/airflow/example_dags/example_short_circuit_operator.py for tasks to queue
[2022-12-13 21:30:05,702] {logging_mixin.py:115} INFO - [2022-12-13 21:30:05,701] {dagbag.py:507} INFO - Filling up the DagBag from /home/igor/Documents/airflowalura/venv/lib/python3.9/site-packages/airflow/example_dags/example_short_circuit_operator.py
[2022-12-13 21:30:05,825] {processor.py:651} INFO - DAG(s) dict_keys(['example_short_circuit_operator']) retrieved from /home/igor/Documents/airflowalura/venv/lib/python3.9/site-packages/airflow/example_dags/example_short_circuit_operator.py
[2022-12-13 21:30:06,087] {logging_mixin.py:115} INFO - [2022-12-13 21:30:06,086] {dag.py:2379} INFO - Sync 1 DAGs
[2022-12-13 21:30:06,368] {logging_mixin.py:115} INFO - [2022-12-13 21:30:06,368] {dag.py:2927} INFO - Setting next_dagrun for example_short_circuit_operator to 2022-12-13T00:30:06.367761+00:00, run_after=2022-12-14T00:30:06.367761+00:00
[2022-12-13 21:30:06,455] {processor.py:161} INFO - Processing /home/igor/Documents/airflowalura/venv/lib/python3.9/site-packages/airflow/example_dags/example_short_circuit_operator.py took 0.831 seconds
[2022-12-13 21:31:54,838] {processor.py:153} INFO - Started process (PID=30585) to work on /home/igor/Documents/airflowalura/venv/lib/python3.9/site-packages/airflow/example_dags/example_short_circuit_operator.py
[2022-12-13 21:31:54,840] {processor.py:641} INFO - Processing file /home/igor/Documents/airflowalura/venv/lib/python3.9/site-packages/airflow/example_dags/example_short_circuit_operator.py for tasks to queue
[2022-12-13 21:31:54,842] {logging_mixin.py:115} INFO - [2022-12-13 21:31:54,842] {dagbag.py:507} INFO - Filling up the DagBag from /home/igor/Documents/airflowalura/venv/lib/python3.9/site-packages/airflow/example_dags/example_short_circuit_operator.py
[2022-12-13 21:31:54,995] {processor.py:651} INFO - DAG(s) dict_keys(['example_short_circuit_operator']) retrieved from /home/igor/Documents/airflowalura/venv/lib/python3.9/site-packages/airflow/example_dags/example_short_circuit_operator.py
[2022-12-13 21:31:55,326] {logging_mixin.py:115} INFO - [2022-12-13 21:31:55,326] {dag.py:2379} INFO - Sync 1 DAGs
[2022-12-13 21:31:55,539] {logging_mixin.py:115} INFO - [2022-12-13 21:31:55,523] {dag.py:2927} INFO - Setting next_dagrun for example_short_circuit_operator to 2022-12-13T00:31:55.522331+00:00, run_after=2022-12-14T00:31:55.522331+00:00
[2022-12-13 21:31:55,770] {processor.py:161} INFO - Processing /home/igor/Documents/airflowalura/venv/lib/python3.9/site-packages/airflow/example_dags/example_short_circuit_operator.py took 0.975 seconds
[2022-12-13 21:33:43,607] {processor.py:153} INFO - Started process (PID=30803) to work on /home/igor/Documents/airflowalura/venv/lib/python3.9/site-packages/airflow/example_dags/example_short_circuit_operator.py
[2022-12-13 21:33:43,672] {processor.py:641} INFO - Processing file /home/igor/Documents/airflowalura/venv/lib/python3.9/site-packages/airflow/example_dags/example_short_circuit_operator.py for tasks to queue
[2022-12-13 21:33:43,673] {logging_mixin.py:115} INFO - [2022-12-13 21:33:43,673] {dagbag.py:507} INFO - Filling up the DagBag from /home/igor/Documents/airflowalura/venv/lib/python3.9/site-packages/airflow/example_dags/example_short_circuit_operator.py
[2022-12-13 21:33:43,956] {processor.py:651} INFO - DAG(s) dict_keys(['example_short_circuit_operator']) retrieved from /home/igor/Documents/airflowalura/venv/lib/python3.9/site-packages/airflow/example_dags/example_short_circuit_operator.py
[2022-12-13 21:33:44,086] {logging_mixin.py:115} INFO - [2022-12-13 21:33:44,086] {dag.py:2379} INFO - Sync 1 DAGs
[2022-12-13 21:33:44,304] {logging_mixin.py:115} INFO - [2022-12-13 21:33:44,273] {dag.py:2927} INFO - Setting next_dagrun for example_short_circuit_operator to 2022-12-13T00:33:44.272526+00:00, run_after=2022-12-14T00:33:44.272526+00:00
[2022-12-13 21:33:44,461] {processor.py:161} INFO - Processing /home/igor/Documents/airflowalura/venv/lib/python3.9/site-packages/airflow/example_dags/example_short_circuit_operator.py took 0.872 seconds
[2022-12-13 21:35:31,641] {processor.py:153} INFO - Started process (PID=31018) to work on /home/igor/Documents/airflowalura/venv/lib/python3.9/site-packages/airflow/example_dags/example_short_circuit_operator.py
[2022-12-13 21:35:31,652] {processor.py:641} INFO - Processing file /home/igor/Documents/airflowalura/venv/lib/python3.9/site-packages/airflow/example_dags/example_short_circuit_operator.py for tasks to queue
[2022-12-13 21:35:31,654] {logging_mixin.py:115} INFO - [2022-12-13 21:35:31,654] {dagbag.py:507} INFO - Filling up the DagBag from /home/igor/Documents/airflowalura/venv/lib/python3.9/site-packages/airflow/example_dags/example_short_circuit_operator.py
[2022-12-13 21:35:31,715] {processor.py:651} INFO - DAG(s) dict_keys(['example_short_circuit_operator']) retrieved from /home/igor/Documents/airflowalura/venv/lib/python3.9/site-packages/airflow/example_dags/example_short_circuit_operator.py
[2022-12-13 21:35:31,951] {logging_mixin.py:115} INFO - [2022-12-13 21:35:31,951] {dag.py:2379} INFO - Sync 1 DAGs
[2022-12-13 21:35:32,228] {logging_mixin.py:115} INFO - [2022-12-13 21:35:32,228] {dag.py:2927} INFO - Setting next_dagrun for example_short_circuit_operator to 2022-12-13T00:35:32.226435+00:00, run_after=2022-12-14T00:35:32.226435+00:00
[2022-12-13 21:35:32,402] {processor.py:161} INFO - Processing /home/igor/Documents/airflowalura/venv/lib/python3.9/site-packages/airflow/example_dags/example_short_circuit_operator.py took 0.817 seconds
[2022-12-13 21:37:07,035] {processor.py:153} INFO - Started process (PID=31276) to work on /home/igor/Documents/airflowalura/venv/lib/python3.9/site-packages/airflow/example_dags/example_short_circuit_operator.py
[2022-12-13 21:37:07,046] {processor.py:641} INFO - Processing file /home/igor/Documents/airflowalura/venv/lib/python3.9/site-packages/airflow/example_dags/example_short_circuit_operator.py for tasks to queue
[2022-12-13 21:37:07,055] {logging_mixin.py:115} INFO - [2022-12-13 21:37:07,047] {dagbag.py:507} INFO - Filling up the DagBag from /home/igor/Documents/airflowalura/venv/lib/python3.9/site-packages/airflow/example_dags/example_short_circuit_operator.py
[2022-12-13 21:37:07,144] {processor.py:651} INFO - DAG(s) dict_keys(['example_short_circuit_operator']) retrieved from /home/igor/Documents/airflowalura/venv/lib/python3.9/site-packages/airflow/example_dags/example_short_circuit_operator.py
[2022-12-13 21:37:07,271] {logging_mixin.py:115} INFO - [2022-12-13 21:37:07,271] {dag.py:2379} INFO - Sync 1 DAGs
[2022-12-13 21:37:07,417] {logging_mixin.py:115} INFO - [2022-12-13 21:37:07,417] {dag.py:2927} INFO - Setting next_dagrun for example_short_circuit_operator to 2022-12-13T00:37:07.416709+00:00, run_after=2022-12-14T00:37:07.416709+00:00
[2022-12-13 21:37:07,510] {processor.py:161} INFO - Processing /home/igor/Documents/airflowalura/venv/lib/python3.9/site-packages/airflow/example_dags/example_short_circuit_operator.py took 0.520 seconds
[2022-12-13 21:38:06,994] {processor.py:153} INFO - Started process (PID=31448) to work on /home/igor/Documents/airflowalura/venv/lib/python3.9/site-packages/airflow/example_dags/example_short_circuit_operator.py
[2022-12-13 21:38:07,000] {processor.py:641} INFO - Processing file /home/igor/Documents/airflowalura/venv/lib/python3.9/site-packages/airflow/example_dags/example_short_circuit_operator.py for tasks to queue
[2022-12-13 21:38:07,001] {logging_mixin.py:115} INFO - [2022-12-13 21:38:07,001] {dagbag.py:507} INFO - Filling up the DagBag from /home/igor/Documents/airflowalura/venv/lib/python3.9/site-packages/airflow/example_dags/example_short_circuit_operator.py
[2022-12-13 21:38:07,087] {processor.py:651} INFO - DAG(s) dict_keys(['example_short_circuit_operator']) retrieved from /home/igor/Documents/airflowalura/venv/lib/python3.9/site-packages/airflow/example_dags/example_short_circuit_operator.py
[2022-12-13 21:38:07,222] {logging_mixin.py:115} INFO - [2022-12-13 21:38:07,221] {dag.py:2379} INFO - Sync 1 DAGs
[2022-12-13 21:38:07,397] {logging_mixin.py:115} INFO - [2022-12-13 21:38:07,397] {dag.py:2927} INFO - Setting next_dagrun for example_short_circuit_operator to 2022-12-13T00:38:07.396814+00:00, run_after=2022-12-14T00:38:07.396814+00:00
[2022-12-13 21:38:07,474] {processor.py:161} INFO - Processing /home/igor/Documents/airflowalura/venv/lib/python3.9/site-packages/airflow/example_dags/example_short_circuit_operator.py took 0.506 seconds
[2022-12-13 23:00:38,605] {processor.py:153} INFO - Started process (PID=35104) to work on /home/igor/Documents/airflowalura/venv/lib/python3.9/site-packages/airflow/example_dags/example_short_circuit_operator.py
[2022-12-13 23:00:38,623] {processor.py:641} INFO - Processing file /home/igor/Documents/airflowalura/venv/lib/python3.9/site-packages/airflow/example_dags/example_short_circuit_operator.py for tasks to queue
[2022-12-13 23:00:38,636] {logging_mixin.py:115} INFO - [2022-12-13 23:00:38,636] {dagbag.py:507} INFO - Filling up the DagBag from /home/igor/Documents/airflowalura/venv/lib/python3.9/site-packages/airflow/example_dags/example_short_circuit_operator.py
[2022-12-13 23:00:38,762] {processor.py:651} INFO - DAG(s) dict_keys(['example_short_circuit_operator']) retrieved from /home/igor/Documents/airflowalura/venv/lib/python3.9/site-packages/airflow/example_dags/example_short_circuit_operator.py
[2022-12-13 23:00:38,925] {logging_mixin.py:115} INFO - [2022-12-13 23:00:38,925] {dag.py:2379} INFO - Sync 1 DAGs
[2022-12-13 23:00:39,064] {logging_mixin.py:115} INFO - [2022-12-13 23:00:39,064] {dag.py:2927} INFO - Setting next_dagrun for example_short_circuit_operator to 2022-12-13T02:00:39.064205+00:00, run_after=2022-12-14T02:00:39.064205+00:00
[2022-12-13 23:00:39,137] {processor.py:161} INFO - Processing /home/igor/Documents/airflowalura/venv/lib/python3.9/site-packages/airflow/example_dags/example_short_circuit_operator.py took 0.549 seconds
[2022-12-13 23:02:06,088] {processor.py:153} INFO - Started process (PID=35553) to work on /home/igor/Documents/airflowalura/venv/lib/python3.9/site-packages/airflow/example_dags/example_short_circuit_operator.py
[2022-12-13 23:02:06,091] {processor.py:641} INFO - Processing file /home/igor/Documents/airflowalura/venv/lib/python3.9/site-packages/airflow/example_dags/example_short_circuit_operator.py for tasks to queue
[2022-12-13 23:02:06,107] {logging_mixin.py:115} INFO - [2022-12-13 23:02:06,107] {dagbag.py:507} INFO - Filling up the DagBag from /home/igor/Documents/airflowalura/venv/lib/python3.9/site-packages/airflow/example_dags/example_short_circuit_operator.py
[2022-12-13 23:02:06,237] {processor.py:651} INFO - DAG(s) dict_keys(['example_short_circuit_operator']) retrieved from /home/igor/Documents/airflowalura/venv/lib/python3.9/site-packages/airflow/example_dags/example_short_circuit_operator.py
[2022-12-13 23:02:06,611] {logging_mixin.py:115} INFO - [2022-12-13 23:02:06,610] {dag.py:2379} INFO - Sync 1 DAGs
[2022-12-13 23:02:06,975] {logging_mixin.py:115} INFO - [2022-12-13 23:02:06,973] {dag.py:2927} INFO - Setting next_dagrun for example_short_circuit_operator to 2022-12-13T02:02:06.938898+00:00, run_after=2022-12-14T02:02:06.938898+00:00
[2022-12-13 23:02:07,117] {processor.py:161} INFO - Processing /home/igor/Documents/airflowalura/venv/lib/python3.9/site-packages/airflow/example_dags/example_short_circuit_operator.py took 1.057 seconds
[2022-12-13 23:04:13,783] {processor.py:153} INFO - Started process (PID=35883) to work on /home/igor/Documents/airflowalura/venv/lib/python3.9/site-packages/airflow/example_dags/example_short_circuit_operator.py
[2022-12-13 23:04:13,820] {processor.py:641} INFO - Processing file /home/igor/Documents/airflowalura/venv/lib/python3.9/site-packages/airflow/example_dags/example_short_circuit_operator.py for tasks to queue
[2022-12-13 23:04:13,822] {logging_mixin.py:115} INFO - [2022-12-13 23:04:13,822] {dagbag.py:507} INFO - Filling up the DagBag from /home/igor/Documents/airflowalura/venv/lib/python3.9/site-packages/airflow/example_dags/example_short_circuit_operator.py
[2022-12-13 23:04:13,948] {processor.py:651} INFO - DAG(s) dict_keys(['example_short_circuit_operator']) retrieved from /home/igor/Documents/airflowalura/venv/lib/python3.9/site-packages/airflow/example_dags/example_short_circuit_operator.py
[2022-12-13 23:04:14,374] {logging_mixin.py:115} INFO - [2022-12-13 23:04:14,373] {dag.py:2379} INFO - Sync 1 DAGs
[2022-12-13 23:04:14,626] {logging_mixin.py:115} INFO - [2022-12-13 23:04:14,626] {dag.py:2927} INFO - Setting next_dagrun for example_short_circuit_operator to 2022-12-13T02:04:14.620540+00:00, run_after=2022-12-14T02:04:14.620540+00:00
[2022-12-13 23:04:14,779] {processor.py:161} INFO - Processing /home/igor/Documents/airflowalura/venv/lib/python3.9/site-packages/airflow/example_dags/example_short_circuit_operator.py took 1.048 seconds
[2022-12-13 23:06:10,059] {processor.py:153} INFO - Started process (PID=36136) to work on /home/igor/Documents/airflowalura/venv/lib/python3.9/site-packages/airflow/example_dags/example_short_circuit_operator.py
[2022-12-13 23:06:10,070] {processor.py:641} INFO - Processing file /home/igor/Documents/airflowalura/venv/lib/python3.9/site-packages/airflow/example_dags/example_short_circuit_operator.py for tasks to queue
[2022-12-13 23:06:10,079] {logging_mixin.py:115} INFO - [2022-12-13 23:06:10,079] {dagbag.py:507} INFO - Filling up the DagBag from /home/igor/Documents/airflowalura/venv/lib/python3.9/site-packages/airflow/example_dags/example_short_circuit_operator.py
[2022-12-13 23:06:10,189] {processor.py:651} INFO - DAG(s) dict_keys(['example_short_circuit_operator']) retrieved from /home/igor/Documents/airflowalura/venv/lib/python3.9/site-packages/airflow/example_dags/example_short_circuit_operator.py
[2022-12-13 23:06:10,434] {logging_mixin.py:115} INFO - [2022-12-13 23:06:10,433] {dag.py:2379} INFO - Sync 1 DAGs
[2022-12-13 23:06:10,673] {logging_mixin.py:115} INFO - [2022-12-13 23:06:10,673] {dag.py:2927} INFO - Setting next_dagrun for example_short_circuit_operator to 2022-12-13T02:06:10.655884+00:00, run_after=2022-12-14T02:06:10.655884+00:00
[2022-12-13 23:06:10,813] {processor.py:161} INFO - Processing /home/igor/Documents/airflowalura/venv/lib/python3.9/site-packages/airflow/example_dags/example_short_circuit_operator.py took 0.795 seconds
[2022-12-13 23:08:39,816] {processor.py:153} INFO - Started process (PID=36382) to work on /home/igor/Documents/airflowalura/venv/lib/python3.9/site-packages/airflow/example_dags/example_short_circuit_operator.py
[2022-12-13 23:08:39,841] {processor.py:641} INFO - Processing file /home/igor/Documents/airflowalura/venv/lib/python3.9/site-packages/airflow/example_dags/example_short_circuit_operator.py for tasks to queue
[2022-12-13 23:08:39,844] {logging_mixin.py:115} INFO - [2022-12-13 23:08:39,843] {dagbag.py:507} INFO - Filling up the DagBag from /home/igor/Documents/airflowalura/venv/lib/python3.9/site-packages/airflow/example_dags/example_short_circuit_operator.py
[2022-12-13 23:08:40,106] {processor.py:651} INFO - DAG(s) dict_keys(['example_short_circuit_operator']) retrieved from /home/igor/Documents/airflowalura/venv/lib/python3.9/site-packages/airflow/example_dags/example_short_circuit_operator.py
[2022-12-13 23:08:40,394] {logging_mixin.py:115} INFO - [2022-12-13 23:08:40,394] {dag.py:2379} INFO - Sync 1 DAGs
[2022-12-13 23:08:40,882] {logging_mixin.py:115} INFO - [2022-12-13 23:08:40,881] {dag.py:2927} INFO - Setting next_dagrun for example_short_circuit_operator to 2022-12-13T02:08:40.868811+00:00, run_after=2022-12-14T02:08:40.868811+00:00
[2022-12-13 23:08:41,329] {processor.py:161} INFO - Processing /home/igor/Documents/airflowalura/venv/lib/python3.9/site-packages/airflow/example_dags/example_short_circuit_operator.py took 1.558 seconds
[2022-12-13 23:10:27,267] {processor.py:153} INFO - Started process (PID=36541) to work on /home/igor/Documents/airflowalura/venv/lib/python3.9/site-packages/airflow/example_dags/example_short_circuit_operator.py
[2022-12-13 23:10:27,278] {processor.py:641} INFO - Processing file /home/igor/Documents/airflowalura/venv/lib/python3.9/site-packages/airflow/example_dags/example_short_circuit_operator.py for tasks to queue
[2022-12-13 23:10:27,282] {logging_mixin.py:115} INFO - [2022-12-13 23:10:27,282] {dagbag.py:507} INFO - Filling up the DagBag from /home/igor/Documents/airflowalura/venv/lib/python3.9/site-packages/airflow/example_dags/example_short_circuit_operator.py
[2022-12-13 23:10:27,650] {processor.py:651} INFO - DAG(s) dict_keys(['example_short_circuit_operator']) retrieved from /home/igor/Documents/airflowalura/venv/lib/python3.9/site-packages/airflow/example_dags/example_short_circuit_operator.py
[2022-12-13 23:10:28,356] {logging_mixin.py:115} INFO - [2022-12-13 23:10:28,355] {dag.py:2379} INFO - Sync 1 DAGs
[2022-12-13 23:10:28,696] {logging_mixin.py:115} INFO - [2022-12-13 23:10:28,695] {dag.py:2927} INFO - Setting next_dagrun for example_short_circuit_operator to 2022-12-13T02:10:28.681730+00:00, run_after=2022-12-14T02:10:28.681730+00:00
[2022-12-13 23:10:29,026] {processor.py:161} INFO - Processing /home/igor/Documents/airflowalura/venv/lib/python3.9/site-packages/airflow/example_dags/example_short_circuit_operator.py took 1.800 seconds
[2022-12-13 23:12:18,669] {processor.py:153} INFO - Started process (PID=36731) to work on /home/igor/Documents/airflowalura/venv/lib/python3.9/site-packages/airflow/example_dags/example_short_circuit_operator.py
[2022-12-13 23:12:18,709] {processor.py:641} INFO - Processing file /home/igor/Documents/airflowalura/venv/lib/python3.9/site-packages/airflow/example_dags/example_short_circuit_operator.py for tasks to queue
[2022-12-13 23:12:18,736] {logging_mixin.py:115} INFO - [2022-12-13 23:12:18,735] {dagbag.py:507} INFO - Filling up the DagBag from /home/igor/Documents/airflowalura/venv/lib/python3.9/site-packages/airflow/example_dags/example_short_circuit_operator.py
[2022-12-13 23:12:19,116] {processor.py:651} INFO - DAG(s) dict_keys(['example_short_circuit_operator']) retrieved from /home/igor/Documents/airflowalura/venv/lib/python3.9/site-packages/airflow/example_dags/example_short_circuit_operator.py
[2022-12-13 23:12:19,470] {logging_mixin.py:115} INFO - [2022-12-13 23:12:19,469] {dag.py:2379} INFO - Sync 1 DAGs
[2022-12-13 23:12:19,846] {logging_mixin.py:115} INFO - [2022-12-13 23:12:19,842] {dag.py:2927} INFO - Setting next_dagrun for example_short_circuit_operator to 2022-12-13T02:12:19.837483+00:00, run_after=2022-12-14T02:12:19.837483+00:00
[2022-12-13 23:12:20,330] {processor.py:161} INFO - Processing /home/igor/Documents/airflowalura/venv/lib/python3.9/site-packages/airflow/example_dags/example_short_circuit_operator.py took 1.740 seconds
[2022-12-13 23:13:30,550] {processor.py:153} INFO - Started process (PID=37058) to work on /home/igor/Documents/airflowalura/venv/lib/python3.9/site-packages/airflow/example_dags/example_short_circuit_operator.py
[2022-12-13 23:13:30,553] {processor.py:641} INFO - Processing file /home/igor/Documents/airflowalura/venv/lib/python3.9/site-packages/airflow/example_dags/example_short_circuit_operator.py for tasks to queue
[2022-12-13 23:13:30,554] {logging_mixin.py:115} INFO - [2022-12-13 23:13:30,554] {dagbag.py:507} INFO - Filling up the DagBag from /home/igor/Documents/airflowalura/venv/lib/python3.9/site-packages/airflow/example_dags/example_short_circuit_operator.py
[2022-12-13 23:13:30,670] {processor.py:651} INFO - DAG(s) dict_keys(['example_short_circuit_operator']) retrieved from /home/igor/Documents/airflowalura/venv/lib/python3.9/site-packages/airflow/example_dags/example_short_circuit_operator.py
[2022-12-13 23:13:30,819] {logging_mixin.py:115} INFO - [2022-12-13 23:13:30,819] {dag.py:2379} INFO - Sync 1 DAGs
[2022-12-13 23:13:31,080] {logging_mixin.py:115} INFO - [2022-12-13 23:13:31,079] {dag.py:2927} INFO - Setting next_dagrun for example_short_circuit_operator to 2022-12-13T02:13:31.062621+00:00, run_after=2022-12-14T02:13:31.062621+00:00
[2022-12-13 23:13:31,206] {processor.py:161} INFO - Processing /home/igor/Documents/airflowalura/venv/lib/python3.9/site-packages/airflow/example_dags/example_short_circuit_operator.py took 0.683 seconds
[2022-12-13 23:15:00,710] {processor.py:153} INFO - Started process (PID=37277) to work on /home/igor/Documents/airflowalura/venv/lib/python3.9/site-packages/airflow/example_dags/example_short_circuit_operator.py
[2022-12-13 23:15:00,722] {processor.py:641} INFO - Processing file /home/igor/Documents/airflowalura/venv/lib/python3.9/site-packages/airflow/example_dags/example_short_circuit_operator.py for tasks to queue
[2022-12-13 23:15:00,725] {logging_mixin.py:115} INFO - [2022-12-13 23:15:00,725] {dagbag.py:507} INFO - Filling up the DagBag from /home/igor/Documents/airflowalura/venv/lib/python3.9/site-packages/airflow/example_dags/example_short_circuit_operator.py
[2022-12-13 23:15:00,853] {processor.py:651} INFO - DAG(s) dict_keys(['example_short_circuit_operator']) retrieved from /home/igor/Documents/airflowalura/venv/lib/python3.9/site-packages/airflow/example_dags/example_short_circuit_operator.py
[2022-12-13 23:15:01,074] {logging_mixin.py:115} INFO - [2022-12-13 23:15:01,074] {dag.py:2379} INFO - Sync 1 DAGs
[2022-12-13 23:15:01,306] {logging_mixin.py:115} INFO - [2022-12-13 23:15:01,305] {dag.py:2927} INFO - Setting next_dagrun for example_short_circuit_operator to 2022-12-13T02:15:01.304678+00:00, run_after=2022-12-14T02:15:01.304678+00:00
[2022-12-13 23:15:01,517] {processor.py:161} INFO - Processing /home/igor/Documents/airflowalura/venv/lib/python3.9/site-packages/airflow/example_dags/example_short_circuit_operator.py took 0.881 seconds
[2022-12-13 23:17:44,548] {processor.py:153} INFO - Started process (PID=37522) to work on /home/igor/Documents/airflowalura/venv/lib/python3.9/site-packages/airflow/example_dags/example_short_circuit_operator.py
[2022-12-13 23:17:44,564] {processor.py:641} INFO - Processing file /home/igor/Documents/airflowalura/venv/lib/python3.9/site-packages/airflow/example_dags/example_short_circuit_operator.py for tasks to queue
[2022-12-13 23:17:44,566] {logging_mixin.py:115} INFO - [2022-12-13 23:17:44,565] {dagbag.py:507} INFO - Filling up the DagBag from /home/igor/Documents/airflowalura/venv/lib/python3.9/site-packages/airflow/example_dags/example_short_circuit_operator.py
[2022-12-13 23:17:44,664] {processor.py:651} INFO - DAG(s) dict_keys(['example_short_circuit_operator']) retrieved from /home/igor/Documents/airflowalura/venv/lib/python3.9/site-packages/airflow/example_dags/example_short_circuit_operator.py
[2022-12-13 23:17:44,843] {logging_mixin.py:115} INFO - [2022-12-13 23:17:44,834] {dag.py:2379} INFO - Sync 1 DAGs
[2022-12-13 23:17:45,004] {logging_mixin.py:115} INFO - [2022-12-13 23:17:45,003] {dag.py:2927} INFO - Setting next_dagrun for example_short_circuit_operator to 2022-12-13T02:17:44.993299+00:00, run_after=2022-12-14T02:17:44.993299+00:00
[2022-12-13 23:17:45,108] {processor.py:161} INFO - Processing /home/igor/Documents/airflowalura/venv/lib/python3.9/site-packages/airflow/example_dags/example_short_circuit_operator.py took 0.593 seconds
[2022-12-13 23:19:13,443] {processor.py:153} INFO - Started process (PID=37736) to work on /home/igor/Documents/airflowalura/venv/lib/python3.9/site-packages/airflow/example_dags/example_short_circuit_operator.py
[2022-12-13 23:19:13,446] {processor.py:641} INFO - Processing file /home/igor/Documents/airflowalura/venv/lib/python3.9/site-packages/airflow/example_dags/example_short_circuit_operator.py for tasks to queue
[2022-12-13 23:19:13,447] {logging_mixin.py:115} INFO - [2022-12-13 23:19:13,447] {dagbag.py:507} INFO - Filling up the DagBag from /home/igor/Documents/airflowalura/venv/lib/python3.9/site-packages/airflow/example_dags/example_short_circuit_operator.py
[2022-12-13 23:19:13,528] {processor.py:651} INFO - DAG(s) dict_keys(['example_short_circuit_operator']) retrieved from /home/igor/Documents/airflowalura/venv/lib/python3.9/site-packages/airflow/example_dags/example_short_circuit_operator.py
[2022-12-13 23:19:13,660] {logging_mixin.py:115} INFO - [2022-12-13 23:19:13,660] {dag.py:2379} INFO - Sync 1 DAGs
[2022-12-13 23:19:13,808] {logging_mixin.py:115} INFO - [2022-12-13 23:19:13,807] {dag.py:2927} INFO - Setting next_dagrun for example_short_circuit_operator to 2022-12-13T02:19:13.807277+00:00, run_after=2022-12-14T02:19:13.807277+00:00
[2022-12-13 23:19:13,909] {processor.py:161} INFO - Processing /home/igor/Documents/airflowalura/venv/lib/python3.9/site-packages/airflow/example_dags/example_short_circuit_operator.py took 0.496 seconds
[2022-12-13 23:20:30,371] {processor.py:153} INFO - Started process (PID=37923) to work on /home/igor/Documents/airflowalura/venv/lib/python3.9/site-packages/airflow/example_dags/example_short_circuit_operator.py
[2022-12-13 23:20:30,375] {processor.py:641} INFO - Processing file /home/igor/Documents/airflowalura/venv/lib/python3.9/site-packages/airflow/example_dags/example_short_circuit_operator.py for tasks to queue
[2022-12-13 23:20:30,376] {logging_mixin.py:115} INFO - [2022-12-13 23:20:30,376] {dagbag.py:507} INFO - Filling up the DagBag from /home/igor/Documents/airflowalura/venv/lib/python3.9/site-packages/airflow/example_dags/example_short_circuit_operator.py
[2022-12-13 23:20:30,453] {processor.py:651} INFO - DAG(s) dict_keys(['example_short_circuit_operator']) retrieved from /home/igor/Documents/airflowalura/venv/lib/python3.9/site-packages/airflow/example_dags/example_short_circuit_operator.py
[2022-12-13 23:20:30,601] {logging_mixin.py:115} INFO - [2022-12-13 23:20:30,600] {dag.py:2379} INFO - Sync 1 DAGs
[2022-12-13 23:20:30,777] {logging_mixin.py:115} INFO - [2022-12-13 23:20:30,777] {dag.py:2927} INFO - Setting next_dagrun for example_short_circuit_operator to 2022-12-13T02:20:30.776751+00:00, run_after=2022-12-14T02:20:30.776751+00:00
[2022-12-13 23:20:30,854] {processor.py:161} INFO - Processing /home/igor/Documents/airflowalura/venv/lib/python3.9/site-packages/airflow/example_dags/example_short_circuit_operator.py took 0.510 seconds
[2022-12-13 23:21:43,720] {processor.py:153} INFO - Started process (PID=38115) to work on /home/igor/Documents/airflowalura/venv/lib/python3.9/site-packages/airflow/example_dags/example_short_circuit_operator.py
[2022-12-13 23:21:43,729] {processor.py:641} INFO - Processing file /home/igor/Documents/airflowalura/venv/lib/python3.9/site-packages/airflow/example_dags/example_short_circuit_operator.py for tasks to queue
[2022-12-13 23:21:43,733] {logging_mixin.py:115} INFO - [2022-12-13 23:21:43,733] {dagbag.py:507} INFO - Filling up the DagBag from /home/igor/Documents/airflowalura/venv/lib/python3.9/site-packages/airflow/example_dags/example_short_circuit_operator.py
[2022-12-13 23:21:43,824] {processor.py:651} INFO - DAG(s) dict_keys(['example_short_circuit_operator']) retrieved from /home/igor/Documents/airflowalura/venv/lib/python3.9/site-packages/airflow/example_dags/example_short_circuit_operator.py
[2022-12-13 23:21:43,971] {logging_mixin.py:115} INFO - [2022-12-13 23:21:43,971] {dag.py:2379} INFO - Sync 1 DAGs
[2022-12-13 23:21:44,143] {logging_mixin.py:115} INFO - [2022-12-13 23:21:44,143] {dag.py:2927} INFO - Setting next_dagrun for example_short_circuit_operator to 2022-12-13T02:21:44.142028+00:00, run_after=2022-12-14T02:21:44.142028+00:00
[2022-12-13 23:21:44,232] {processor.py:161} INFO - Processing /home/igor/Documents/airflowalura/venv/lib/python3.9/site-packages/airflow/example_dags/example_short_circuit_operator.py took 0.547 seconds
[2022-12-13 23:23:02,980] {processor.py:153} INFO - Started process (PID=38384) to work on /home/igor/Documents/airflowalura/venv/lib/python3.9/site-packages/airflow/example_dags/example_short_circuit_operator.py
[2022-12-13 23:23:02,988] {processor.py:641} INFO - Processing file /home/igor/Documents/airflowalura/venv/lib/python3.9/site-packages/airflow/example_dags/example_short_circuit_operator.py for tasks to queue
[2022-12-13 23:23:02,989] {logging_mixin.py:115} INFO - [2022-12-13 23:23:02,989] {dagbag.py:507} INFO - Filling up the DagBag from /home/igor/Documents/airflowalura/venv/lib/python3.9/site-packages/airflow/example_dags/example_short_circuit_operator.py
[2022-12-13 23:23:03,091] {processor.py:651} INFO - DAG(s) dict_keys(['example_short_circuit_operator']) retrieved from /home/igor/Documents/airflowalura/venv/lib/python3.9/site-packages/airflow/example_dags/example_short_circuit_operator.py
[2022-12-13 23:23:03,242] {logging_mixin.py:115} INFO - [2022-12-13 23:23:03,242] {dag.py:2379} INFO - Sync 1 DAGs
[2022-12-13 23:23:03,392] {logging_mixin.py:115} INFO - [2022-12-13 23:23:03,392] {dag.py:2927} INFO - Setting next_dagrun for example_short_circuit_operator to 2022-12-13T02:23:03.391175+00:00, run_after=2022-12-14T02:23:03.391175+00:00
[2022-12-13 23:23:03,510] {processor.py:161} INFO - Processing /home/igor/Documents/airflowalura/venv/lib/python3.9/site-packages/airflow/example_dags/example_short_circuit_operator.py took 0.552 seconds
[2022-12-13 23:24:22,184] {processor.py:153} INFO - Started process (PID=38583) to work on /home/igor/Documents/airflowalura/venv/lib/python3.9/site-packages/airflow/example_dags/example_short_circuit_operator.py
[2022-12-13 23:24:22,194] {processor.py:641} INFO - Processing file /home/igor/Documents/airflowalura/venv/lib/python3.9/site-packages/airflow/example_dags/example_short_circuit_operator.py for tasks to queue
[2022-12-13 23:24:22,197] {logging_mixin.py:115} INFO - [2022-12-13 23:24:22,197] {dagbag.py:507} INFO - Filling up the DagBag from /home/igor/Documents/airflowalura/venv/lib/python3.9/site-packages/airflow/example_dags/example_short_circuit_operator.py
[2022-12-13 23:24:22,292] {processor.py:651} INFO - DAG(s) dict_keys(['example_short_circuit_operator']) retrieved from /home/igor/Documents/airflowalura/venv/lib/python3.9/site-packages/airflow/example_dags/example_short_circuit_operator.py
[2022-12-13 23:24:22,493] {logging_mixin.py:115} INFO - [2022-12-13 23:24:22,492] {dag.py:2379} INFO - Sync 1 DAGs
[2022-12-13 23:24:22,637] {logging_mixin.py:115} INFO - [2022-12-13 23:24:22,636] {dag.py:2927} INFO - Setting next_dagrun for example_short_circuit_operator to 2022-12-13T02:24:22.635947+00:00, run_after=2022-12-14T02:24:22.635947+00:00
[2022-12-13 23:24:22,780] {processor.py:161} INFO - Processing /home/igor/Documents/airflowalura/venv/lib/python3.9/site-packages/airflow/example_dags/example_short_circuit_operator.py took 0.623 seconds
[2022-12-13 23:25:35,381] {processor.py:153} INFO - Started process (PID=38768) to work on /home/igor/Documents/airflowalura/venv/lib/python3.9/site-packages/airflow/example_dags/example_short_circuit_operator.py
[2022-12-13 23:25:35,386] {processor.py:641} INFO - Processing file /home/igor/Documents/airflowalura/venv/lib/python3.9/site-packages/airflow/example_dags/example_short_circuit_operator.py for tasks to queue
[2022-12-13 23:25:35,388] {logging_mixin.py:115} INFO - [2022-12-13 23:25:35,387] {dagbag.py:507} INFO - Filling up the DagBag from /home/igor/Documents/airflowalura/venv/lib/python3.9/site-packages/airflow/example_dags/example_short_circuit_operator.py
[2022-12-13 23:25:35,490] {processor.py:651} INFO - DAG(s) dict_keys(['example_short_circuit_operator']) retrieved from /home/igor/Documents/airflowalura/venv/lib/python3.9/site-packages/airflow/example_dags/example_short_circuit_operator.py
[2022-12-13 23:25:35,636] {logging_mixin.py:115} INFO - [2022-12-13 23:25:35,636] {dag.py:2379} INFO - Sync 1 DAGs
[2022-12-13 23:25:35,772] {logging_mixin.py:115} INFO - [2022-12-13 23:25:35,771] {dag.py:2927} INFO - Setting next_dagrun for example_short_circuit_operator to 2022-12-13T02:25:35.758593+00:00, run_after=2022-12-14T02:25:35.758593+00:00
[2022-12-13 23:25:35,886] {processor.py:161} INFO - Processing /home/igor/Documents/airflowalura/venv/lib/python3.9/site-packages/airflow/example_dags/example_short_circuit_operator.py took 0.538 seconds
[2022-12-13 23:26:47,155] {processor.py:153} INFO - Started process (PID=38956) to work on /home/igor/Documents/airflowalura/venv/lib/python3.9/site-packages/airflow/example_dags/example_short_circuit_operator.py
[2022-12-13 23:26:47,170] {processor.py:641} INFO - Processing file /home/igor/Documents/airflowalura/venv/lib/python3.9/site-packages/airflow/example_dags/example_short_circuit_operator.py for tasks to queue
[2022-12-13 23:26:47,183] {logging_mixin.py:115} INFO - [2022-12-13 23:26:47,182] {dagbag.py:507} INFO - Filling up the DagBag from /home/igor/Documents/airflowalura/venv/lib/python3.9/site-packages/airflow/example_dags/example_short_circuit_operator.py
[2022-12-13 23:26:47,285] {processor.py:651} INFO - DAG(s) dict_keys(['example_short_circuit_operator']) retrieved from /home/igor/Documents/airflowalura/venv/lib/python3.9/site-packages/airflow/example_dags/example_short_circuit_operator.py
[2022-12-13 23:26:47,485] {logging_mixin.py:115} INFO - [2022-12-13 23:26:47,484] {dag.py:2379} INFO - Sync 1 DAGs
[2022-12-13 23:26:47,622] {logging_mixin.py:115} INFO - [2022-12-13 23:26:47,622] {dag.py:2927} INFO - Setting next_dagrun for example_short_circuit_operator to 2022-12-13T02:26:47.621588+00:00, run_after=2022-12-14T02:26:47.621588+00:00
[2022-12-13 23:26:47,713] {processor.py:161} INFO - Processing /home/igor/Documents/airflowalura/venv/lib/python3.9/site-packages/airflow/example_dags/example_short_circuit_operator.py took 0.582 seconds
