[2022-12-13 21:27:15,833] {processor.py:153} INFO - Started process (PID=29885) to work on /home/igor/Documents/airflowalura/venv/lib/python3.9/site-packages/airflow/example_dags/example_branch_datetime_operator.py
[2022-12-13 21:27:15,835] {processor.py:641} INFO - Processing file /home/igor/Documents/airflowalura/venv/lib/python3.9/site-packages/airflow/example_dags/example_branch_datetime_operator.py for tasks to queue
[2022-12-13 21:27:15,837] {logging_mixin.py:115} INFO - [2022-12-13 21:27:15,837] {dagbag.py:507} INFO - Filling up the DagBag from /home/igor/Documents/airflowalura/venv/lib/python3.9/site-packages/airflow/example_dags/example_branch_datetime_operator.py
[2022-12-13 21:27:15,910] {processor.py:651} INFO - DAG(s) dict_keys(['example_branch_datetime_operator_2']) retrieved from /home/igor/Documents/airflowalura/venv/lib/python3.9/site-packages/airflow/example_dags/example_branch_datetime_operator.py
[2022-12-13 21:27:16,046] {logging_mixin.py:115} INFO - [2022-12-13 21:27:16,045] {dag.py:2379} INFO - Sync 1 DAGs
[2022-12-13 21:27:16,371] {logging_mixin.py:115} INFO - [2022-12-13 21:27:16,371] {dag.py:2927} INFO - Setting next_dagrun for example_branch_datetime_operator_2 to 2022-12-13T00:00:00+00:00, run_after=2022-12-14T00:00:00+00:00
[2022-12-13 21:27:16,452] {processor.py:161} INFO - Processing /home/igor/Documents/airflowalura/venv/lib/python3.9/site-packages/airflow/example_dags/example_branch_datetime_operator.py took 0.655 seconds
[2022-12-13 21:28:28,953] {processor.py:153} INFO - Started process (PID=30096) to work on /home/igor/Documents/airflowalura/venv/lib/python3.9/site-packages/airflow/example_dags/example_branch_datetime_operator.py
[2022-12-13 21:28:28,956] {processor.py:641} INFO - Processing file /home/igor/Documents/airflowalura/venv/lib/python3.9/site-packages/airflow/example_dags/example_branch_datetime_operator.py for tasks to queue
[2022-12-13 21:28:28,957] {logging_mixin.py:115} INFO - [2022-12-13 21:28:28,957] {dagbag.py:507} INFO - Filling up the DagBag from /home/igor/Documents/airflowalura/venv/lib/python3.9/site-packages/airflow/example_dags/example_branch_datetime_operator.py
[2022-12-13 21:28:29,012] {processor.py:651} INFO - DAG(s) dict_keys(['example_branch_datetime_operator_2']) retrieved from /home/igor/Documents/airflowalura/venv/lib/python3.9/site-packages/airflow/example_dags/example_branch_datetime_operator.py
[2022-12-13 21:28:29,145] {logging_mixin.py:115} INFO - [2022-12-13 21:28:29,145] {dag.py:2379} INFO - Sync 1 DAGs
[2022-12-13 21:28:29,318] {logging_mixin.py:115} INFO - [2022-12-13 21:28:29,317] {dag.py:2927} INFO - Setting next_dagrun for example_branch_datetime_operator_2 to 2022-12-13T00:00:00+00:00, run_after=2022-12-14T00:00:00+00:00
[2022-12-13 21:28:29,379] {processor.py:161} INFO - Processing /home/igor/Documents/airflowalura/venv/lib/python3.9/site-packages/airflow/example_dags/example_branch_datetime_operator.py took 0.442 seconds
[2022-12-13 21:29:31,355] {processor.py:153} INFO - Started process (PID=30286) to work on /home/igor/Documents/airflowalura/venv/lib/python3.9/site-packages/airflow/example_dags/example_branch_datetime_operator.py
[2022-12-13 21:29:31,361] {processor.py:641} INFO - Processing file /home/igor/Documents/airflowalura/venv/lib/python3.9/site-packages/airflow/example_dags/example_branch_datetime_operator.py for tasks to queue
[2022-12-13 21:29:31,363] {logging_mixin.py:115} INFO - [2022-12-13 21:29:31,362] {dagbag.py:507} INFO - Filling up the DagBag from /home/igor/Documents/airflowalura/venv/lib/python3.9/site-packages/airflow/example_dags/example_branch_datetime_operator.py
[2022-12-13 21:29:31,421] {processor.py:651} INFO - DAG(s) dict_keys(['example_branch_datetime_operator_2']) retrieved from /home/igor/Documents/airflowalura/venv/lib/python3.9/site-packages/airflow/example_dags/example_branch_datetime_operator.py
[2022-12-13 21:29:31,517] {logging_mixin.py:115} INFO - [2022-12-13 21:29:31,517] {dag.py:2379} INFO - Sync 1 DAGs
[2022-12-13 21:29:31,659] {logging_mixin.py:115} INFO - [2022-12-13 21:29:31,658] {dag.py:2927} INFO - Setting next_dagrun for example_branch_datetime_operator_2 to 2022-12-13T00:00:00+00:00, run_after=2022-12-14T00:00:00+00:00
[2022-12-13 21:29:31,740] {processor.py:161} INFO - Processing /home/igor/Documents/airflowalura/venv/lib/python3.9/site-packages/airflow/example_dags/example_branch_datetime_operator.py took 0.404 seconds
[2022-12-13 21:31:03,093] {processor.py:153} INFO - Started process (PID=30485) to work on /home/igor/Documents/airflowalura/venv/lib/python3.9/site-packages/airflow/example_dags/example_branch_datetime_operator.py
[2022-12-13 21:31:03,098] {processor.py:641} INFO - Processing file /home/igor/Documents/airflowalura/venv/lib/python3.9/site-packages/airflow/example_dags/example_branch_datetime_operator.py for tasks to queue
[2022-12-13 21:31:03,120] {logging_mixin.py:115} INFO - [2022-12-13 21:31:03,120] {dagbag.py:507} INFO - Filling up the DagBag from /home/igor/Documents/airflowalura/venv/lib/python3.9/site-packages/airflow/example_dags/example_branch_datetime_operator.py
[2022-12-13 21:31:03,207] {processor.py:651} INFO - DAG(s) dict_keys(['example_branch_datetime_operator_2']) retrieved from /home/igor/Documents/airflowalura/venv/lib/python3.9/site-packages/airflow/example_dags/example_branch_datetime_operator.py
[2022-12-13 21:31:03,382] {logging_mixin.py:115} INFO - [2022-12-13 21:31:03,381] {dag.py:2379} INFO - Sync 1 DAGs
[2022-12-13 21:31:03,731] {logging_mixin.py:115} INFO - [2022-12-13 21:31:03,729] {dag.py:2927} INFO - Setting next_dagrun for example_branch_datetime_operator_2 to 2022-12-13T00:00:00+00:00, run_after=2022-12-14T00:00:00+00:00
[2022-12-13 21:31:03,858] {processor.py:161} INFO - Processing /home/igor/Documents/airflowalura/venv/lib/python3.9/site-packages/airflow/example_dags/example_branch_datetime_operator.py took 0.883 seconds
[2022-12-13 21:32:52,397] {processor.py:153} INFO - Started process (PID=30706) to work on /home/igor/Documents/airflowalura/venv/lib/python3.9/site-packages/airflow/example_dags/example_branch_datetime_operator.py
[2022-12-13 21:32:52,416] {processor.py:641} INFO - Processing file /home/igor/Documents/airflowalura/venv/lib/python3.9/site-packages/airflow/example_dags/example_branch_datetime_operator.py for tasks to queue
[2022-12-13 21:32:52,418] {logging_mixin.py:115} INFO - [2022-12-13 21:32:52,418] {dagbag.py:507} INFO - Filling up the DagBag from /home/igor/Documents/airflowalura/venv/lib/python3.9/site-packages/airflow/example_dags/example_branch_datetime_operator.py
[2022-12-13 21:32:52,478] {processor.py:651} INFO - DAG(s) dict_keys(['example_branch_datetime_operator_2']) retrieved from /home/igor/Documents/airflowalura/venv/lib/python3.9/site-packages/airflow/example_dags/example_branch_datetime_operator.py
[2022-12-13 21:32:52,590] {logging_mixin.py:115} INFO - [2022-12-13 21:32:52,589] {dag.py:2379} INFO - Sync 1 DAGs
[2022-12-13 21:32:52,842] {logging_mixin.py:115} INFO - [2022-12-13 21:32:52,842] {dag.py:2927} INFO - Setting next_dagrun for example_branch_datetime_operator_2 to 2022-12-13T00:00:00+00:00, run_after=2022-12-14T00:00:00+00:00
[2022-12-13 21:32:53,039] {processor.py:161} INFO - Processing /home/igor/Documents/airflowalura/venv/lib/python3.9/site-packages/airflow/example_dags/example_branch_datetime_operator.py took 0.651 seconds
[2022-12-13 21:34:44,019] {processor.py:153} INFO - Started process (PID=30918) to work on /home/igor/Documents/airflowalura/venv/lib/python3.9/site-packages/airflow/example_dags/example_branch_datetime_operator.py
[2022-12-13 21:34:44,032] {processor.py:641} INFO - Processing file /home/igor/Documents/airflowalura/venv/lib/python3.9/site-packages/airflow/example_dags/example_branch_datetime_operator.py for tasks to queue
[2022-12-13 21:34:44,033] {logging_mixin.py:115} INFO - [2022-12-13 21:34:44,033] {dagbag.py:507} INFO - Filling up the DagBag from /home/igor/Documents/airflowalura/venv/lib/python3.9/site-packages/airflow/example_dags/example_branch_datetime_operator.py
[2022-12-13 21:34:44,103] {processor.py:651} INFO - DAG(s) dict_keys(['example_branch_datetime_operator_2']) retrieved from /home/igor/Documents/airflowalura/venv/lib/python3.9/site-packages/airflow/example_dags/example_branch_datetime_operator.py
[2022-12-13 21:34:44,457] {logging_mixin.py:115} INFO - [2022-12-13 21:34:44,456] {dag.py:2379} INFO - Sync 1 DAGs
[2022-12-13 21:34:44,898] {logging_mixin.py:115} INFO - [2022-12-13 21:34:44,898] {dag.py:2927} INFO - Setting next_dagrun for example_branch_datetime_operator_2 to 2022-12-13T00:00:00+00:00, run_after=2022-12-14T00:00:00+00:00
[2022-12-13 21:34:45,076] {processor.py:161} INFO - Processing /home/igor/Documents/airflowalura/venv/lib/python3.9/site-packages/airflow/example_dags/example_branch_datetime_operator.py took 1.106 seconds
[2022-12-13 21:37:28,077] {processor.py:153} INFO - Started process (PID=31345) to work on /home/igor/Documents/airflowalura/venv/lib/python3.9/site-packages/airflow/example_dags/example_branch_datetime_operator.py
[2022-12-13 21:37:28,082] {processor.py:641} INFO - Processing file /home/igor/Documents/airflowalura/venv/lib/python3.9/site-packages/airflow/example_dags/example_branch_datetime_operator.py for tasks to queue
[2022-12-13 21:37:28,092] {logging_mixin.py:115} INFO - [2022-12-13 21:37:28,092] {dagbag.py:507} INFO - Filling up the DagBag from /home/igor/Documents/airflowalura/venv/lib/python3.9/site-packages/airflow/example_dags/example_branch_datetime_operator.py
[2022-12-13 21:37:28,214] {processor.py:651} INFO - DAG(s) dict_keys(['example_branch_datetime_operator_2']) retrieved from /home/igor/Documents/airflowalura/venv/lib/python3.9/site-packages/airflow/example_dags/example_branch_datetime_operator.py
[2022-12-13 21:37:28,446] {logging_mixin.py:115} INFO - [2022-12-13 21:37:28,446] {dag.py:2379} INFO - Sync 1 DAGs
[2022-12-13 21:37:28,689] {logging_mixin.py:115} INFO - [2022-12-13 21:37:28,689] {dag.py:2927} INFO - Setting next_dagrun for example_branch_datetime_operator_2 to 2022-12-13T00:00:00+00:00, run_after=2022-12-14T00:00:00+00:00
[2022-12-13 21:37:28,822] {processor.py:161} INFO - Processing /home/igor/Documents/airflowalura/venv/lib/python3.9/site-packages/airflow/example_dags/example_branch_datetime_operator.py took 0.790 seconds
[2022-12-13 21:38:40,710] {processor.py:153} INFO - Started process (PID=31551) to work on /home/igor/Documents/airflowalura/venv/lib/python3.9/site-packages/airflow/example_dags/example_branch_datetime_operator.py
[2022-12-13 21:38:40,749] {processor.py:641} INFO - Processing file /home/igor/Documents/airflowalura/venv/lib/python3.9/site-packages/airflow/example_dags/example_branch_datetime_operator.py for tasks to queue
[2022-12-13 21:38:40,752] {logging_mixin.py:115} INFO - [2022-12-13 21:38:40,751] {dagbag.py:507} INFO - Filling up the DagBag from /home/igor/Documents/airflowalura/venv/lib/python3.9/site-packages/airflow/example_dags/example_branch_datetime_operator.py
[2022-12-13 21:38:40,796] {processor.py:651} INFO - DAG(s) dict_keys(['example_branch_datetime_operator_2']) retrieved from /home/igor/Documents/airflowalura/venv/lib/python3.9/site-packages/airflow/example_dags/example_branch_datetime_operator.py
[2022-12-13 21:38:40,897] {logging_mixin.py:115} INFO - [2022-12-13 21:38:40,896] {dag.py:2379} INFO - Sync 1 DAGs
[2022-12-13 21:38:41,055] {logging_mixin.py:115} INFO - [2022-12-13 21:38:41,055] {dag.py:2927} INFO - Setting next_dagrun for example_branch_datetime_operator_2 to 2022-12-13T00:00:00+00:00, run_after=2022-12-14T00:00:00+00:00
[2022-12-13 21:38:41,117] {processor.py:161} INFO - Processing /home/igor/Documents/airflowalura/venv/lib/python3.9/site-packages/airflow/example_dags/example_branch_datetime_operator.py took 0.426 seconds
[2022-12-13 23:01:12,065] {processor.py:153} INFO - Started process (PID=35325) to work on /home/igor/Documents/airflowalura/venv/lib/python3.9/site-packages/airflow/example_dags/example_branch_datetime_operator.py
[2022-12-13 23:01:12,090] {processor.py:641} INFO - Processing file /home/igor/Documents/airflowalura/venv/lib/python3.9/site-packages/airflow/example_dags/example_branch_datetime_operator.py for tasks to queue
[2022-12-13 23:01:12,100] {logging_mixin.py:115} INFO - [2022-12-13 23:01:12,099] {dagbag.py:507} INFO - Filling up the DagBag from /home/igor/Documents/airflowalura/venv/lib/python3.9/site-packages/airflow/example_dags/example_branch_datetime_operator.py
[2022-12-13 23:01:12,235] {processor.py:651} INFO - DAG(s) dict_keys(['example_branch_datetime_operator_2']) retrieved from /home/igor/Documents/airflowalura/venv/lib/python3.9/site-packages/airflow/example_dags/example_branch_datetime_operator.py
[2022-12-13 23:01:12,512] {logging_mixin.py:115} INFO - [2022-12-13 23:01:12,512] {dag.py:2379} INFO - Sync 1 DAGs
[2022-12-13 23:01:12,739] {logging_mixin.py:115} INFO - [2022-12-13 23:01:12,739] {dag.py:2927} INFO - Setting next_dagrun for example_branch_datetime_operator_2 to 2022-12-13T00:00:00+00:00, run_after=2022-12-14T00:00:00+00:00
[2022-12-13 23:01:12,874] {processor.py:161} INFO - Processing /home/igor/Documents/airflowalura/venv/lib/python3.9/site-packages/airflow/example_dags/example_branch_datetime_operator.py took 0.830 seconds
[2022-12-13 23:03:15,590] {processor.py:153} INFO - Started process (PID=35764) to work on /home/igor/Documents/airflowalura/venv/lib/python3.9/site-packages/airflow/example_dags/example_branch_datetime_operator.py
[2022-12-13 23:03:15,597] {processor.py:641} INFO - Processing file /home/igor/Documents/airflowalura/venv/lib/python3.9/site-packages/airflow/example_dags/example_branch_datetime_operator.py for tasks to queue
[2022-12-13 23:03:15,599] {logging_mixin.py:115} INFO - [2022-12-13 23:03:15,598] {dagbag.py:507} INFO - Filling up the DagBag from /home/igor/Documents/airflowalura/venv/lib/python3.9/site-packages/airflow/example_dags/example_branch_datetime_operator.py
[2022-12-13 23:03:15,766] {processor.py:651} INFO - DAG(s) dict_keys(['example_branch_datetime_operator_2']) retrieved from /home/igor/Documents/airflowalura/venv/lib/python3.9/site-packages/airflow/example_dags/example_branch_datetime_operator.py
[2022-12-13 23:03:15,988] {logging_mixin.py:115} INFO - [2022-12-13 23:03:15,988] {dag.py:2379} INFO - Sync 1 DAGs
[2022-12-13 23:03:16,173] {logging_mixin.py:115} INFO - [2022-12-13 23:03:16,172] {dag.py:2927} INFO - Setting next_dagrun for example_branch_datetime_operator_2 to 2022-12-13T00:00:00+00:00, run_after=2022-12-14T00:00:00+00:00
[2022-12-13 23:03:16,275] {processor.py:161} INFO - Processing /home/igor/Documents/airflowalura/venv/lib/python3.9/site-packages/airflow/example_dags/example_branch_datetime_operator.py took 0.736 seconds
[2022-12-13 23:05:18,266] {processor.py:153} INFO - Started process (PID=36037) to work on /home/igor/Documents/airflowalura/venv/lib/python3.9/site-packages/airflow/example_dags/example_branch_datetime_operator.py
[2022-12-13 23:05:18,276] {processor.py:641} INFO - Processing file /home/igor/Documents/airflowalura/venv/lib/python3.9/site-packages/airflow/example_dags/example_branch_datetime_operator.py for tasks to queue
[2022-12-13 23:05:18,278] {logging_mixin.py:115} INFO - [2022-12-13 23:05:18,277] {dagbag.py:507} INFO - Filling up the DagBag from /home/igor/Documents/airflowalura/venv/lib/python3.9/site-packages/airflow/example_dags/example_branch_datetime_operator.py
[2022-12-13 23:05:18,344] {processor.py:651} INFO - DAG(s) dict_keys(['example_branch_datetime_operator_2']) retrieved from /home/igor/Documents/airflowalura/venv/lib/python3.9/site-packages/airflow/example_dags/example_branch_datetime_operator.py
[2022-12-13 23:05:18,482] {logging_mixin.py:115} INFO - [2022-12-13 23:05:18,482] {dag.py:2379} INFO - Sync 1 DAGs
[2022-12-13 23:05:18,678] {logging_mixin.py:115} INFO - [2022-12-13 23:05:18,677] {dag.py:2927} INFO - Setting next_dagrun for example_branch_datetime_operator_2 to 2022-12-13T00:00:00+00:00, run_after=2022-12-14T00:00:00+00:00
[2022-12-13 23:05:18,850] {processor.py:161} INFO - Processing /home/igor/Documents/airflowalura/venv/lib/python3.9/site-packages/airflow/example_dags/example_branch_datetime_operator.py took 0.602 seconds
[2022-12-13 23:07:18,237] {processor.py:153} INFO - Started process (PID=36253) to work on /home/igor/Documents/airflowalura/venv/lib/python3.9/site-packages/airflow/example_dags/example_branch_datetime_operator.py
[2022-12-13 23:07:18,245] {processor.py:641} INFO - Processing file /home/igor/Documents/airflowalura/venv/lib/python3.9/site-packages/airflow/example_dags/example_branch_datetime_operator.py for tasks to queue
[2022-12-13 23:07:18,258] {logging_mixin.py:115} INFO - [2022-12-13 23:07:18,258] {dagbag.py:507} INFO - Filling up the DagBag from /home/igor/Documents/airflowalura/venv/lib/python3.9/site-packages/airflow/example_dags/example_branch_datetime_operator.py
[2022-12-13 23:07:18,397] {processor.py:651} INFO - DAG(s) dict_keys(['example_branch_datetime_operator_2']) retrieved from /home/igor/Documents/airflowalura/venv/lib/python3.9/site-packages/airflow/example_dags/example_branch_datetime_operator.py
[2022-12-13 23:07:19,089] {logging_mixin.py:115} INFO - [2022-12-13 23:07:19,089] {dag.py:2379} INFO - Sync 1 DAGs
[2022-12-13 23:07:19,788] {logging_mixin.py:115} INFO - [2022-12-13 23:07:19,788] {dag.py:2927} INFO - Setting next_dagrun for example_branch_datetime_operator_2 to 2022-12-13T00:00:00+00:00, run_after=2022-12-14T00:00:00+00:00
[2022-12-13 23:07:20,493] {processor.py:161} INFO - Processing /home/igor/Documents/airflowalura/venv/lib/python3.9/site-packages/airflow/example_dags/example_branch_datetime_operator.py took 2.306 seconds
[2022-12-13 23:10:55,429] {processor.py:153} INFO - Started process (PID=36582) to work on /home/igor/Documents/airflowalura/venv/lib/python3.9/site-packages/airflow/example_dags/example_branch_datetime_operator.py
[2022-12-13 23:10:55,461] {processor.py:641} INFO - Processing file /home/igor/Documents/airflowalura/venv/lib/python3.9/site-packages/airflow/example_dags/example_branch_datetime_operator.py for tasks to queue
[2022-12-13 23:10:55,472] {logging_mixin.py:115} INFO - [2022-12-13 23:10:55,472] {dagbag.py:507} INFO - Filling up the DagBag from /home/igor/Documents/airflowalura/venv/lib/python3.9/site-packages/airflow/example_dags/example_branch_datetime_operator.py
[2022-12-13 23:10:55,930] {processor.py:651} INFO - DAG(s) dict_keys(['example_branch_datetime_operator_2']) retrieved from /home/igor/Documents/airflowalura/venv/lib/python3.9/site-packages/airflow/example_dags/example_branch_datetime_operator.py
[2022-12-13 23:10:56,615] {logging_mixin.py:115} INFO - [2022-12-13 23:10:56,575] {dag.py:2379} INFO - Sync 1 DAGs
[2022-12-13 23:10:57,294] {logging_mixin.py:115} INFO - [2022-12-13 23:10:57,283] {dag.py:2927} INFO - Setting next_dagrun for example_branch_datetime_operator_2 to 2022-12-13T00:00:00+00:00, run_after=2022-12-14T00:00:00+00:00
[2022-12-13 23:10:57,554] {processor.py:161} INFO - Processing /home/igor/Documents/airflowalura/venv/lib/python3.9/site-packages/airflow/example_dags/example_branch_datetime_operator.py took 2.172 seconds
[2022-12-13 23:13:34,016] {processor.py:153} INFO - Started process (PID=37071) to work on /home/igor/Documents/airflowalura/venv/lib/python3.9/site-packages/airflow/example_dags/example_branch_datetime_operator.py
[2022-12-13 23:13:34,029] {processor.py:641} INFO - Processing file /home/igor/Documents/airflowalura/venv/lib/python3.9/site-packages/airflow/example_dags/example_branch_datetime_operator.py for tasks to queue
[2022-12-13 23:13:34,031] {logging_mixin.py:115} INFO - [2022-12-13 23:13:34,031] {dagbag.py:507} INFO - Filling up the DagBag from /home/igor/Documents/airflowalura/venv/lib/python3.9/site-packages/airflow/example_dags/example_branch_datetime_operator.py
[2022-12-13 23:13:34,242] {processor.py:651} INFO - DAG(s) dict_keys(['example_branch_datetime_operator_2']) retrieved from /home/igor/Documents/airflowalura/venv/lib/python3.9/site-packages/airflow/example_dags/example_branch_datetime_operator.py
[2022-12-13 23:13:34,450] {logging_mixin.py:115} INFO - [2022-12-13 23:13:34,450] {dag.py:2379} INFO - Sync 1 DAGs
[2022-12-13 23:13:34,676] {logging_mixin.py:115} INFO - [2022-12-13 23:13:34,675] {dag.py:2927} INFO - Setting next_dagrun for example_branch_datetime_operator_2 to 2022-12-13T00:00:00+00:00, run_after=2022-12-14T00:00:00+00:00
[2022-12-13 23:13:34,783] {processor.py:161} INFO - Processing /home/igor/Documents/airflowalura/venv/lib/python3.9/site-packages/airflow/example_dags/example_branch_datetime_operator.py took 0.797 seconds
[2022-12-13 23:15:04,547] {processor.py:153} INFO - Started process (PID=37287) to work on /home/igor/Documents/airflowalura/venv/lib/python3.9/site-packages/airflow/example_dags/example_branch_datetime_operator.py
[2022-12-13 23:15:04,556] {processor.py:641} INFO - Processing file /home/igor/Documents/airflowalura/venv/lib/python3.9/site-packages/airflow/example_dags/example_branch_datetime_operator.py for tasks to queue
[2022-12-13 23:15:04,557] {logging_mixin.py:115} INFO - [2022-12-13 23:15:04,557] {dagbag.py:507} INFO - Filling up the DagBag from /home/igor/Documents/airflowalura/venv/lib/python3.9/site-packages/airflow/example_dags/example_branch_datetime_operator.py
[2022-12-13 23:15:04,657] {processor.py:651} INFO - DAG(s) dict_keys(['example_branch_datetime_operator_2']) retrieved from /home/igor/Documents/airflowalura/venv/lib/python3.9/site-packages/airflow/example_dags/example_branch_datetime_operator.py
[2022-12-13 23:15:04,828] {logging_mixin.py:115} INFO - [2022-12-13 23:15:04,827] {dag.py:2379} INFO - Sync 1 DAGs
[2022-12-13 23:15:05,038] {logging_mixin.py:115} INFO - [2022-12-13 23:15:05,037] {dag.py:2927} INFO - Setting next_dagrun for example_branch_datetime_operator_2 to 2022-12-13T00:00:00+00:00, run_after=2022-12-14T00:00:00+00:00
[2022-12-13 23:15:05,148] {processor.py:161} INFO - Processing /home/igor/Documents/airflowalura/venv/lib/python3.9/site-packages/airflow/example_dags/example_branch_datetime_operator.py took 0.633 seconds
[2022-12-13 23:17:48,528] {processor.py:153} INFO - Started process (PID=37531) to work on /home/igor/Documents/airflowalura/venv/lib/python3.9/site-packages/airflow/example_dags/example_branch_datetime_operator.py
[2022-12-13 23:17:48,530] {processor.py:641} INFO - Processing file /home/igor/Documents/airflowalura/venv/lib/python3.9/site-packages/airflow/example_dags/example_branch_datetime_operator.py for tasks to queue
[2022-12-13 23:17:48,533] {logging_mixin.py:115} INFO - [2022-12-13 23:17:48,533] {dagbag.py:507} INFO - Filling up the DagBag from /home/igor/Documents/airflowalura/venv/lib/python3.9/site-packages/airflow/example_dags/example_branch_datetime_operator.py
[2022-12-13 23:17:48,666] {processor.py:651} INFO - DAG(s) dict_keys(['example_branch_datetime_operator_2']) retrieved from /home/igor/Documents/airflowalura/venv/lib/python3.9/site-packages/airflow/example_dags/example_branch_datetime_operator.py
[2022-12-13 23:17:48,890] {logging_mixin.py:115} INFO - [2022-12-13 23:17:48,890] {dag.py:2379} INFO - Sync 1 DAGs
[2022-12-13 23:17:49,169] {logging_mixin.py:115} INFO - [2022-12-13 23:17:49,169] {dag.py:2927} INFO - Setting next_dagrun for example_branch_datetime_operator_2 to 2022-12-13T00:00:00+00:00, run_after=2022-12-14T00:00:00+00:00
[2022-12-13 23:17:49,402] {processor.py:161} INFO - Processing /home/igor/Documents/airflowalura/venv/lib/python3.9/site-packages/airflow/example_dags/example_branch_datetime_operator.py took 0.935 seconds
[2022-12-13 23:19:16,336] {processor.py:153} INFO - Started process (PID=37743) to work on /home/igor/Documents/airflowalura/venv/lib/python3.9/site-packages/airflow/example_dags/example_branch_datetime_operator.py
[2022-12-13 23:19:16,343] {processor.py:641} INFO - Processing file /home/igor/Documents/airflowalura/venv/lib/python3.9/site-packages/airflow/example_dags/example_branch_datetime_operator.py for tasks to queue
[2022-12-13 23:19:16,344] {logging_mixin.py:115} INFO - [2022-12-13 23:19:16,344] {dagbag.py:507} INFO - Filling up the DagBag from /home/igor/Documents/airflowalura/venv/lib/python3.9/site-packages/airflow/example_dags/example_branch_datetime_operator.py
[2022-12-13 23:19:16,427] {processor.py:651} INFO - DAG(s) dict_keys(['example_branch_datetime_operator_2']) retrieved from /home/igor/Documents/airflowalura/venv/lib/python3.9/site-packages/airflow/example_dags/example_branch_datetime_operator.py
[2022-12-13 23:19:16,574] {logging_mixin.py:115} INFO - [2022-12-13 23:19:16,574] {dag.py:2379} INFO - Sync 1 DAGs
[2022-12-13 23:19:16,811] {logging_mixin.py:115} INFO - [2022-12-13 23:19:16,810] {dag.py:2927} INFO - Setting next_dagrun for example_branch_datetime_operator_2 to 2022-12-13T00:00:00+00:00, run_after=2022-12-14T00:00:00+00:00
[2022-12-13 23:19:16,965] {processor.py:161} INFO - Processing /home/igor/Documents/airflowalura/venv/lib/python3.9/site-packages/airflow/example_dags/example_branch_datetime_operator.py took 0.652 seconds
[2022-12-13 23:20:32,684] {processor.py:153} INFO - Started process (PID=37934) to work on /home/igor/Documents/airflowalura/venv/lib/python3.9/site-packages/airflow/example_dags/example_branch_datetime_operator.py
[2022-12-13 23:20:32,689] {processor.py:641} INFO - Processing file /home/igor/Documents/airflowalura/venv/lib/python3.9/site-packages/airflow/example_dags/example_branch_datetime_operator.py for tasks to queue
[2022-12-13 23:20:32,696] {logging_mixin.py:115} INFO - [2022-12-13 23:20:32,696] {dagbag.py:507} INFO - Filling up the DagBag from /home/igor/Documents/airflowalura/venv/lib/python3.9/site-packages/airflow/example_dags/example_branch_datetime_operator.py
[2022-12-13 23:20:32,765] {processor.py:651} INFO - DAG(s) dict_keys(['example_branch_datetime_operator_2']) retrieved from /home/igor/Documents/airflowalura/venv/lib/python3.9/site-packages/airflow/example_dags/example_branch_datetime_operator.py
[2022-12-13 23:20:32,879] {logging_mixin.py:115} INFO - [2022-12-13 23:20:32,879] {dag.py:2379} INFO - Sync 1 DAGs
[2022-12-13 23:20:33,045] {logging_mixin.py:115} INFO - [2022-12-13 23:20:33,044] {dag.py:2927} INFO - Setting next_dagrun for example_branch_datetime_operator_2 to 2022-12-13T00:00:00+00:00, run_after=2022-12-14T00:00:00+00:00
[2022-12-13 23:20:33,131] {processor.py:161} INFO - Processing /home/igor/Documents/airflowalura/venv/lib/python3.9/site-packages/airflow/example_dags/example_branch_datetime_operator.py took 0.479 seconds
[2022-12-13 23:21:46,984] {processor.py:153} INFO - Started process (PID=38125) to work on /home/igor/Documents/airflowalura/venv/lib/python3.9/site-packages/airflow/example_dags/example_branch_datetime_operator.py
[2022-12-13 23:21:46,988] {processor.py:641} INFO - Processing file /home/igor/Documents/airflowalura/venv/lib/python3.9/site-packages/airflow/example_dags/example_branch_datetime_operator.py for tasks to queue
[2022-12-13 23:21:46,990] {logging_mixin.py:115} INFO - [2022-12-13 23:21:46,990] {dagbag.py:507} INFO - Filling up the DagBag from /home/igor/Documents/airflowalura/venv/lib/python3.9/site-packages/airflow/example_dags/example_branch_datetime_operator.py
[2022-12-13 23:21:47,102] {processor.py:651} INFO - DAG(s) dict_keys(['example_branch_datetime_operator_2']) retrieved from /home/igor/Documents/airflowalura/venv/lib/python3.9/site-packages/airflow/example_dags/example_branch_datetime_operator.py
[2022-12-13 23:21:47,245] {logging_mixin.py:115} INFO - [2022-12-13 23:21:47,245] {dag.py:2379} INFO - Sync 1 DAGs
[2022-12-13 23:21:47,411] {logging_mixin.py:115} INFO - [2022-12-13 23:21:47,403] {dag.py:2927} INFO - Setting next_dagrun for example_branch_datetime_operator_2 to 2022-12-13T00:00:00+00:00, run_after=2022-12-14T00:00:00+00:00
[2022-12-13 23:21:47,500] {processor.py:161} INFO - Processing /home/igor/Documents/airflowalura/venv/lib/python3.9/site-packages/airflow/example_dags/example_branch_datetime_operator.py took 0.539 seconds
[2022-12-13 23:23:06,745] {processor.py:153} INFO - Started process (PID=38394) to work on /home/igor/Documents/airflowalura/venv/lib/python3.9/site-packages/airflow/example_dags/example_branch_datetime_operator.py
[2022-12-13 23:23:06,750] {processor.py:641} INFO - Processing file /home/igor/Documents/airflowalura/venv/lib/python3.9/site-packages/airflow/example_dags/example_branch_datetime_operator.py for tasks to queue
[2022-12-13 23:23:06,752] {logging_mixin.py:115} INFO - [2022-12-13 23:23:06,751] {dagbag.py:507} INFO - Filling up the DagBag from /home/igor/Documents/airflowalura/venv/lib/python3.9/site-packages/airflow/example_dags/example_branch_datetime_operator.py
[2022-12-13 23:23:06,815] {processor.py:651} INFO - DAG(s) dict_keys(['example_branch_datetime_operator_2']) retrieved from /home/igor/Documents/airflowalura/venv/lib/python3.9/site-packages/airflow/example_dags/example_branch_datetime_operator.py
[2022-12-13 23:23:06,900] {logging_mixin.py:115} INFO - [2022-12-13 23:23:06,900] {dag.py:2379} INFO - Sync 1 DAGs
[2022-12-13 23:23:07,148] {logging_mixin.py:115} INFO - [2022-12-13 23:23:07,148] {dag.py:2927} INFO - Setting next_dagrun for example_branch_datetime_operator_2 to 2022-12-13T00:00:00+00:00, run_after=2022-12-14T00:00:00+00:00
[2022-12-13 23:23:07,269] {processor.py:161} INFO - Processing /home/igor/Documents/airflowalura/venv/lib/python3.9/site-packages/airflow/example_dags/example_branch_datetime_operator.py took 0.545 seconds
[2022-12-13 23:24:26,118] {processor.py:153} INFO - Started process (PID=38592) to work on /home/igor/Documents/airflowalura/venv/lib/python3.9/site-packages/airflow/example_dags/example_branch_datetime_operator.py
[2022-12-13 23:24:26,125] {processor.py:641} INFO - Processing file /home/igor/Documents/airflowalura/venv/lib/python3.9/site-packages/airflow/example_dags/example_branch_datetime_operator.py for tasks to queue
[2022-12-13 23:24:26,126] {logging_mixin.py:115} INFO - [2022-12-13 23:24:26,126] {dagbag.py:507} INFO - Filling up the DagBag from /home/igor/Documents/airflowalura/venv/lib/python3.9/site-packages/airflow/example_dags/example_branch_datetime_operator.py
[2022-12-13 23:24:26,194] {processor.py:651} INFO - DAG(s) dict_keys(['example_branch_datetime_operator_2']) retrieved from /home/igor/Documents/airflowalura/venv/lib/python3.9/site-packages/airflow/example_dags/example_branch_datetime_operator.py
[2022-12-13 23:24:26,313] {logging_mixin.py:115} INFO - [2022-12-13 23:24:26,313] {dag.py:2379} INFO - Sync 1 DAGs
[2022-12-13 23:24:26,432] {logging_mixin.py:115} INFO - [2022-12-13 23:24:26,432] {dag.py:2927} INFO - Setting next_dagrun for example_branch_datetime_operator_2 to 2022-12-13T00:00:00+00:00, run_after=2022-12-14T00:00:00+00:00
[2022-12-13 23:24:26,527] {processor.py:161} INFO - Processing /home/igor/Documents/airflowalura/venv/lib/python3.9/site-packages/airflow/example_dags/example_branch_datetime_operator.py took 0.444 seconds
[2022-12-13 23:25:38,856] {processor.py:153} INFO - Started process (PID=38775) to work on /home/igor/Documents/airflowalura/venv/lib/python3.9/site-packages/airflow/example_dags/example_branch_datetime_operator.py
[2022-12-13 23:25:38,870] {processor.py:641} INFO - Processing file /home/igor/Documents/airflowalura/venv/lib/python3.9/site-packages/airflow/example_dags/example_branch_datetime_operator.py for tasks to queue
[2022-12-13 23:25:38,872] {logging_mixin.py:115} INFO - [2022-12-13 23:25:38,872] {dagbag.py:507} INFO - Filling up the DagBag from /home/igor/Documents/airflowalura/venv/lib/python3.9/site-packages/airflow/example_dags/example_branch_datetime_operator.py
[2022-12-13 23:25:38,939] {processor.py:651} INFO - DAG(s) dict_keys(['example_branch_datetime_operator_2']) retrieved from /home/igor/Documents/airflowalura/venv/lib/python3.9/site-packages/airflow/example_dags/example_branch_datetime_operator.py
[2022-12-13 23:25:39,073] {logging_mixin.py:115} INFO - [2022-12-13 23:25:39,073] {dag.py:2379} INFO - Sync 1 DAGs
[2022-12-13 23:25:39,256] {logging_mixin.py:115} INFO - [2022-12-13 23:25:39,256] {dag.py:2927} INFO - Setting next_dagrun for example_branch_datetime_operator_2 to 2022-12-13T00:00:00+00:00, run_after=2022-12-14T00:00:00+00:00
[2022-12-13 23:25:39,380] {processor.py:161} INFO - Processing /home/igor/Documents/airflowalura/venv/lib/python3.9/site-packages/airflow/example_dags/example_branch_datetime_operator.py took 0.576 seconds
[2022-12-13 23:26:50,950] {processor.py:153} INFO - Started process (PID=38965) to work on /home/igor/Documents/airflowalura/venv/lib/python3.9/site-packages/airflow/example_dags/example_branch_datetime_operator.py
[2022-12-13 23:26:50,964] {processor.py:641} INFO - Processing file /home/igor/Documents/airflowalura/venv/lib/python3.9/site-packages/airflow/example_dags/example_branch_datetime_operator.py for tasks to queue
[2022-12-13 23:26:50,965] {logging_mixin.py:115} INFO - [2022-12-13 23:26:50,965] {dagbag.py:507} INFO - Filling up the DagBag from /home/igor/Documents/airflowalura/venv/lib/python3.9/site-packages/airflow/example_dags/example_branch_datetime_operator.py
[2022-12-13 23:26:51,031] {processor.py:651} INFO - DAG(s) dict_keys(['example_branch_datetime_operator_2']) retrieved from /home/igor/Documents/airflowalura/venv/lib/python3.9/site-packages/airflow/example_dags/example_branch_datetime_operator.py
[2022-12-13 23:26:51,128] {logging_mixin.py:115} INFO - [2022-12-13 23:26:51,128] {dag.py:2379} INFO - Sync 1 DAGs
[2022-12-13 23:26:51,295] {logging_mixin.py:115} INFO - [2022-12-13 23:26:51,295] {dag.py:2927} INFO - Setting next_dagrun for example_branch_datetime_operator_2 to 2022-12-13T00:00:00+00:00, run_after=2022-12-14T00:00:00+00:00
[2022-12-13 23:26:51,341] {processor.py:161} INFO - Processing /home/igor/Documents/airflowalura/venv/lib/python3.9/site-packages/airflow/example_dags/example_branch_datetime_operator.py took 0.418 seconds
