[2022-12-13 21:26:56,720] {processor.py:153} INFO - Started process (PID=29838) to work on /home/igor/Documents/airflowalura/venv/lib/python3.9/site-packages/airflow/example_dags/example_latest_only_with_trigger.py
[2022-12-13 21:26:56,721] {processor.py:641} INFO - Processing file /home/igor/Documents/airflowalura/venv/lib/python3.9/site-packages/airflow/example_dags/example_latest_only_with_trigger.py for tasks to queue
[2022-12-13 21:26:56,732] {logging_mixin.py:115} INFO - [2022-12-13 21:26:56,731] {dagbag.py:507} INFO - Filling up the DagBag from /home/igor/Documents/airflowalura/venv/lib/python3.9/site-packages/airflow/example_dags/example_latest_only_with_trigger.py
[2022-12-13 21:26:56,806] {processor.py:651} INFO - DAG(s) dict_keys(['latest_only_with_trigger']) retrieved from /home/igor/Documents/airflowalura/venv/lib/python3.9/site-packages/airflow/example_dags/example_latest_only_with_trigger.py
[2022-12-13 21:26:57,144] {logging_mixin.py:115} INFO - [2022-12-13 21:26:57,143] {dag.py:2379} INFO - Sync 1 DAGs
[2022-12-13 21:26:57,431] {logging_mixin.py:115} INFO - [2022-12-13 21:26:57,431] {dag.py:2927} INFO - Setting next_dagrun for latest_only_with_trigger to 2022-12-13T20:26:57.430563+00:00, run_after=2022-12-14T00:26:57.430563+00:00
[2022-12-13 21:26:57,537] {processor.py:161} INFO - Processing /home/igor/Documents/airflowalura/venv/lib/python3.9/site-packages/airflow/example_dags/example_latest_only_with_trigger.py took 0.858 seconds
[2022-12-13 21:28:05,016] {processor.py:153} INFO - Started process (PID=30029) to work on /home/igor/Documents/airflowalura/venv/lib/python3.9/site-packages/airflow/example_dags/example_latest_only_with_trigger.py
[2022-12-13 21:28:05,023] {processor.py:641} INFO - Processing file /home/igor/Documents/airflowalura/venv/lib/python3.9/site-packages/airflow/example_dags/example_latest_only_with_trigger.py for tasks to queue
[2022-12-13 21:28:05,026] {logging_mixin.py:115} INFO - [2022-12-13 21:28:05,026] {dagbag.py:507} INFO - Filling up the DagBag from /home/igor/Documents/airflowalura/venv/lib/python3.9/site-packages/airflow/example_dags/example_latest_only_with_trigger.py
[2022-12-13 21:28:05,050] {processor.py:651} INFO - DAG(s) dict_keys(['latest_only_with_trigger']) retrieved from /home/igor/Documents/airflowalura/venv/lib/python3.9/site-packages/airflow/example_dags/example_latest_only_with_trigger.py
[2022-12-13 21:28:05,149] {logging_mixin.py:115} INFO - [2022-12-13 21:28:05,149] {dag.py:2379} INFO - Sync 1 DAGs
[2022-12-13 21:28:05,301] {logging_mixin.py:115} INFO - [2022-12-13 21:28:05,300] {dag.py:2927} INFO - Setting next_dagrun for latest_only_with_trigger to 2022-12-13T20:28:05.299347+00:00, run_after=2022-12-14T00:28:05.299347+00:00
[2022-12-13 21:28:05,404] {processor.py:161} INFO - Processing /home/igor/Documents/airflowalura/venv/lib/python3.9/site-packages/airflow/example_dags/example_latest_only_with_trigger.py took 0.420 seconds
[2022-12-13 21:29:12,258] {processor.py:153} INFO - Started process (PID=30223) to work on /home/igor/Documents/airflowalura/venv/lib/python3.9/site-packages/airflow/example_dags/example_latest_only_with_trigger.py
[2022-12-13 21:29:12,265] {processor.py:641} INFO - Processing file /home/igor/Documents/airflowalura/venv/lib/python3.9/site-packages/airflow/example_dags/example_latest_only_with_trigger.py for tasks to queue
[2022-12-13 21:29:12,266] {logging_mixin.py:115} INFO - [2022-12-13 21:29:12,266] {dagbag.py:507} INFO - Filling up the DagBag from /home/igor/Documents/airflowalura/venv/lib/python3.9/site-packages/airflow/example_dags/example_latest_only_with_trigger.py
[2022-12-13 21:29:12,285] {processor.py:651} INFO - DAG(s) dict_keys(['latest_only_with_trigger']) retrieved from /home/igor/Documents/airflowalura/venv/lib/python3.9/site-packages/airflow/example_dags/example_latest_only_with_trigger.py
[2022-12-13 21:29:12,366] {logging_mixin.py:115} INFO - [2022-12-13 21:29:12,366] {dag.py:2379} INFO - Sync 1 DAGs
[2022-12-13 21:29:12,488] {logging_mixin.py:115} INFO - [2022-12-13 21:29:12,487] {dag.py:2927} INFO - Setting next_dagrun for latest_only_with_trigger to 2022-12-13T20:29:12.479121+00:00, run_after=2022-12-14T00:29:12.479121+00:00
[2022-12-13 21:29:12,567] {processor.py:161} INFO - Processing /home/igor/Documents/airflowalura/venv/lib/python3.9/site-packages/airflow/example_dags/example_latest_only_with_trigger.py took 0.314 seconds
[2022-12-13 21:30:41,417] {processor.py:153} INFO - Started process (PID=30441) to work on /home/igor/Documents/airflowalura/venv/lib/python3.9/site-packages/airflow/example_dags/example_latest_only_with_trigger.py
[2022-12-13 21:30:41,424] {processor.py:641} INFO - Processing file /home/igor/Documents/airflowalura/venv/lib/python3.9/site-packages/airflow/example_dags/example_latest_only_with_trigger.py for tasks to queue
[2022-12-13 21:30:41,427] {logging_mixin.py:115} INFO - [2022-12-13 21:30:41,426] {dagbag.py:507} INFO - Filling up the DagBag from /home/igor/Documents/airflowalura/venv/lib/python3.9/site-packages/airflow/example_dags/example_latest_only_with_trigger.py
[2022-12-13 21:30:41,625] {processor.py:651} INFO - DAG(s) dict_keys(['latest_only_with_trigger']) retrieved from /home/igor/Documents/airflowalura/venv/lib/python3.9/site-packages/airflow/example_dags/example_latest_only_with_trigger.py
[2022-12-13 21:30:41,999] {logging_mixin.py:115} INFO - [2022-12-13 21:30:41,998] {dag.py:2379} INFO - Sync 1 DAGs
[2022-12-13 21:30:42,239] {logging_mixin.py:115} INFO - [2022-12-13 21:30:42,238] {dag.py:2927} INFO - Setting next_dagrun for latest_only_with_trigger to 2022-12-13T20:30:42.237618+00:00, run_after=2022-12-14T00:30:42.237618+00:00
[2022-12-13 21:30:42,441] {processor.py:161} INFO - Processing /home/igor/Documents/airflowalura/venv/lib/python3.9/site-packages/airflow/example_dags/example_latest_only_with_trigger.py took 1.079 seconds
[2022-12-13 21:32:09,058] {processor.py:153} INFO - Started process (PID=30611) to work on /home/igor/Documents/airflowalura/venv/lib/python3.9/site-packages/airflow/example_dags/example_latest_only_with_trigger.py
[2022-12-13 21:32:09,077] {processor.py:641} INFO - Processing file /home/igor/Documents/airflowalura/venv/lib/python3.9/site-packages/airflow/example_dags/example_latest_only_with_trigger.py for tasks to queue
[2022-12-13 21:32:09,079] {logging_mixin.py:115} INFO - [2022-12-13 21:32:09,078] {dagbag.py:507} INFO - Filling up the DagBag from /home/igor/Documents/airflowalura/venv/lib/python3.9/site-packages/airflow/example_dags/example_latest_only_with_trigger.py
[2022-12-13 21:32:09,155] {processor.py:651} INFO - DAG(s) dict_keys(['latest_only_with_trigger']) retrieved from /home/igor/Documents/airflowalura/venv/lib/python3.9/site-packages/airflow/example_dags/example_latest_only_with_trigger.py
[2022-12-13 21:32:09,327] {logging_mixin.py:115} INFO - [2022-12-13 21:32:09,326] {dag.py:2379} INFO - Sync 1 DAGs
[2022-12-13 21:32:09,638] {logging_mixin.py:115} INFO - [2022-12-13 21:32:09,637] {dag.py:2927} INFO - Setting next_dagrun for latest_only_with_trigger to 2022-12-13T20:32:09.635801+00:00, run_after=2022-12-14T00:32:09.635801+00:00
[2022-12-13 21:32:09,834] {processor.py:161} INFO - Processing /home/igor/Documents/airflowalura/venv/lib/python3.9/site-packages/airflow/example_dags/example_latest_only_with_trigger.py took 0.800 seconds
[2022-12-13 21:33:56,557] {processor.py:153} INFO - Started process (PID=30826) to work on /home/igor/Documents/airflowalura/venv/lib/python3.9/site-packages/airflow/example_dags/example_latest_only_with_trigger.py
[2022-12-13 21:33:56,607] {processor.py:641} INFO - Processing file /home/igor/Documents/airflowalura/venv/lib/python3.9/site-packages/airflow/example_dags/example_latest_only_with_trigger.py for tasks to queue
[2022-12-13 21:33:56,610] {logging_mixin.py:115} INFO - [2022-12-13 21:33:56,610] {dagbag.py:507} INFO - Filling up the DagBag from /home/igor/Documents/airflowalura/venv/lib/python3.9/site-packages/airflow/example_dags/example_latest_only_with_trigger.py
[2022-12-13 21:33:56,686] {processor.py:651} INFO - DAG(s) dict_keys(['latest_only_with_trigger']) retrieved from /home/igor/Documents/airflowalura/venv/lib/python3.9/site-packages/airflow/example_dags/example_latest_only_with_trigger.py
[2022-12-13 21:33:56,948] {logging_mixin.py:115} INFO - [2022-12-13 21:33:56,947] {dag.py:2379} INFO - Sync 1 DAGs
[2022-12-13 21:33:57,199] {logging_mixin.py:115} INFO - [2022-12-13 21:33:57,199] {dag.py:2927} INFO - Setting next_dagrun for latest_only_with_trigger to 2022-12-13T20:33:57.198841+00:00, run_after=2022-12-14T00:33:57.198841+00:00
[2022-12-13 21:33:57,792] {processor.py:161} INFO - Processing /home/igor/Documents/airflowalura/venv/lib/python3.9/site-packages/airflow/example_dags/example_latest_only_with_trigger.py took 1.252 seconds
[2022-12-13 21:36:25,856] {processor.py:153} INFO - Started process (PID=31070) to work on /home/igor/Documents/airflowalura/venv/lib/python3.9/site-packages/airflow/example_dags/example_latest_only_with_trigger.py
[2022-12-13 21:36:25,881] {processor.py:641} INFO - Processing file /home/igor/Documents/airflowalura/venv/lib/python3.9/site-packages/airflow/example_dags/example_latest_only_with_trigger.py for tasks to queue
[2022-12-13 21:36:25,882] {logging_mixin.py:115} INFO - [2022-12-13 21:36:25,882] {dagbag.py:507} INFO - Filling up the DagBag from /home/igor/Documents/airflowalura/venv/lib/python3.9/site-packages/airflow/example_dags/example_latest_only_with_trigger.py
[2022-12-13 21:36:26,118] {processor.py:651} INFO - DAG(s) dict_keys(['latest_only_with_trigger']) retrieved from /home/igor/Documents/airflowalura/venv/lib/python3.9/site-packages/airflow/example_dags/example_latest_only_with_trigger.py
[2022-12-13 21:36:26,386] {logging_mixin.py:115} INFO - [2022-12-13 21:36:26,367] {dag.py:2379} INFO - Sync 1 DAGs
[2022-12-13 21:36:26,800] {logging_mixin.py:115} INFO - [2022-12-13 21:36:26,800] {dag.py:2927} INFO - Setting next_dagrun for latest_only_with_trigger to 2022-12-13T20:36:26.790411+00:00, run_after=2022-12-14T00:36:26.790411+00:00
[2022-12-13 21:36:27,079] {processor.py:161} INFO - Processing /home/igor/Documents/airflowalura/venv/lib/python3.9/site-packages/airflow/example_dags/example_latest_only_with_trigger.py took 1.276 seconds
[2022-12-13 21:38:14,404] {processor.py:153} INFO - Started process (PID=31470) to work on /home/igor/Documents/airflowalura/venv/lib/python3.9/site-packages/airflow/example_dags/example_latest_only_with_trigger.py
[2022-12-13 21:38:14,408] {processor.py:641} INFO - Processing file /home/igor/Documents/airflowalura/venv/lib/python3.9/site-packages/airflow/example_dags/example_latest_only_with_trigger.py for tasks to queue
[2022-12-13 21:38:14,410] {logging_mixin.py:115} INFO - [2022-12-13 21:38:14,409] {dagbag.py:507} INFO - Filling up the DagBag from /home/igor/Documents/airflowalura/venv/lib/python3.9/site-packages/airflow/example_dags/example_latest_only_with_trigger.py
[2022-12-13 21:38:14,444] {processor.py:651} INFO - DAG(s) dict_keys(['latest_only_with_trigger']) retrieved from /home/igor/Documents/airflowalura/venv/lib/python3.9/site-packages/airflow/example_dags/example_latest_only_with_trigger.py
[2022-12-13 21:38:14,555] {logging_mixin.py:115} INFO - [2022-12-13 21:38:14,554] {dag.py:2379} INFO - Sync 1 DAGs
[2022-12-13 21:38:14,684] {logging_mixin.py:115} INFO - [2022-12-13 21:38:14,683] {dag.py:2927} INFO - Setting next_dagrun for latest_only_with_trigger to 2022-12-13T20:38:14.674515+00:00, run_after=2022-12-14T00:38:14.674515+00:00
[2022-12-13 21:38:14,861] {processor.py:161} INFO - Processing /home/igor/Documents/airflowalura/venv/lib/python3.9/site-packages/airflow/example_dags/example_latest_only_with_trigger.py took 0.484 seconds
[2022-12-13 23:00:50,569] {processor.py:153} INFO - Started process (PID=35218) to work on /home/igor/Documents/airflowalura/venv/lib/python3.9/site-packages/airflow/example_dags/example_latest_only_with_trigger.py
[2022-12-13 23:00:50,580] {processor.py:641} INFO - Processing file /home/igor/Documents/airflowalura/venv/lib/python3.9/site-packages/airflow/example_dags/example_latest_only_with_trigger.py for tasks to queue
[2022-12-13 23:00:50,581] {logging_mixin.py:115} INFO - [2022-12-13 23:00:50,581] {dagbag.py:507} INFO - Filling up the DagBag from /home/igor/Documents/airflowalura/venv/lib/python3.9/site-packages/airflow/example_dags/example_latest_only_with_trigger.py
[2022-12-13 23:00:50,629] {processor.py:651} INFO - DAG(s) dict_keys(['latest_only_with_trigger']) retrieved from /home/igor/Documents/airflowalura/venv/lib/python3.9/site-packages/airflow/example_dags/example_latest_only_with_trigger.py
[2022-12-13 23:00:50,757] {logging_mixin.py:115} INFO - [2022-12-13 23:00:50,757] {dag.py:2379} INFO - Sync 1 DAGs
[2022-12-13 23:00:51,039] {logging_mixin.py:115} INFO - [2022-12-13 23:00:51,038] {dag.py:2927} INFO - Setting next_dagrun for latest_only_with_trigger to 2022-12-13T22:00:51.037977+00:00, run_after=2022-12-14T02:00:51.037977+00:00
[2022-12-13 23:00:51,292] {processor.py:161} INFO - Processing /home/igor/Documents/airflowalura/venv/lib/python3.9/site-packages/airflow/example_dags/example_latest_only_with_trigger.py took 0.740 seconds
[2022-12-13 23:02:20,616] {processor.py:153} INFO - Started process (PID=35613) to work on /home/igor/Documents/airflowalura/venv/lib/python3.9/site-packages/airflow/example_dags/example_latest_only_with_trigger.py
[2022-12-13 23:02:20,620] {processor.py:641} INFO - Processing file /home/igor/Documents/airflowalura/venv/lib/python3.9/site-packages/airflow/example_dags/example_latest_only_with_trigger.py for tasks to queue
[2022-12-13 23:02:20,622] {logging_mixin.py:115} INFO - [2022-12-13 23:02:20,622] {dagbag.py:507} INFO - Filling up the DagBag from /home/igor/Documents/airflowalura/venv/lib/python3.9/site-packages/airflow/example_dags/example_latest_only_with_trigger.py
[2022-12-13 23:02:20,742] {processor.py:651} INFO - DAG(s) dict_keys(['latest_only_with_trigger']) retrieved from /home/igor/Documents/airflowalura/venv/lib/python3.9/site-packages/airflow/example_dags/example_latest_only_with_trigger.py
[2022-12-13 23:02:20,982] {logging_mixin.py:115} INFO - [2022-12-13 23:02:20,982] {dag.py:2379} INFO - Sync 1 DAGs
[2022-12-13 23:02:21,254] {logging_mixin.py:115} INFO - [2022-12-13 23:02:21,253] {dag.py:2927} INFO - Setting next_dagrun for latest_only_with_trigger to 2022-12-13T22:02:21.244275+00:00, run_after=2022-12-14T02:02:21.244275+00:00
[2022-12-13 23:02:21,533] {processor.py:161} INFO - Processing /home/igor/Documents/airflowalura/venv/lib/python3.9/site-packages/airflow/example_dags/example_latest_only_with_trigger.py took 0.983 seconds
[2022-12-13 23:04:27,078] {processor.py:153} INFO - Started process (PID=35916) to work on /home/igor/Documents/airflowalura/venv/lib/python3.9/site-packages/airflow/example_dags/example_latest_only_with_trigger.py
[2022-12-13 23:04:27,088] {processor.py:641} INFO - Processing file /home/igor/Documents/airflowalura/venv/lib/python3.9/site-packages/airflow/example_dags/example_latest_only_with_trigger.py for tasks to queue
[2022-12-13 23:04:27,089] {logging_mixin.py:115} INFO - [2022-12-13 23:04:27,089] {dagbag.py:507} INFO - Filling up the DagBag from /home/igor/Documents/airflowalura/venv/lib/python3.9/site-packages/airflow/example_dags/example_latest_only_with_trigger.py
[2022-12-13 23:04:27,177] {processor.py:651} INFO - DAG(s) dict_keys(['latest_only_with_trigger']) retrieved from /home/igor/Documents/airflowalura/venv/lib/python3.9/site-packages/airflow/example_dags/example_latest_only_with_trigger.py
[2022-12-13 23:04:27,482] {logging_mixin.py:115} INFO - [2022-12-13 23:04:27,482] {dag.py:2379} INFO - Sync 1 DAGs
[2022-12-13 23:04:27,866] {logging_mixin.py:115} INFO - [2022-12-13 23:04:27,865] {dag.py:2927} INFO - Setting next_dagrun for latest_only_with_trigger to 2022-12-13T22:04:27.847661+00:00, run_after=2022-12-14T02:04:27.847661+00:00
[2022-12-13 23:04:28,051] {processor.py:161} INFO - Processing /home/igor/Documents/airflowalura/venv/lib/python3.9/site-packages/airflow/example_dags/example_latest_only_with_trigger.py took 0.979 seconds
[2022-12-13 23:06:22,425] {processor.py:153} INFO - Started process (PID=36162) to work on /home/igor/Documents/airflowalura/venv/lib/python3.9/site-packages/airflow/example_dags/example_latest_only_with_trigger.py
[2022-12-13 23:06:22,433] {processor.py:641} INFO - Processing file /home/igor/Documents/airflowalura/venv/lib/python3.9/site-packages/airflow/example_dags/example_latest_only_with_trigger.py for tasks to queue
[2022-12-13 23:06:22,435] {logging_mixin.py:115} INFO - [2022-12-13 23:06:22,434] {dagbag.py:507} INFO - Filling up the DagBag from /home/igor/Documents/airflowalura/venv/lib/python3.9/site-packages/airflow/example_dags/example_latest_only_with_trigger.py
[2022-12-13 23:06:22,494] {processor.py:651} INFO - DAG(s) dict_keys(['latest_only_with_trigger']) retrieved from /home/igor/Documents/airflowalura/venv/lib/python3.9/site-packages/airflow/example_dags/example_latest_only_with_trigger.py
[2022-12-13 23:06:22,678] {logging_mixin.py:115} INFO - [2022-12-13 23:06:22,678] {dag.py:2379} INFO - Sync 1 DAGs
[2022-12-13 23:06:22,832] {logging_mixin.py:115} INFO - [2022-12-13 23:06:22,831] {dag.py:2927} INFO - Setting next_dagrun for latest_only_with_trigger to 2022-12-13T22:06:22.820849+00:00, run_after=2022-12-14T02:06:22.820849+00:00
[2022-12-13 23:06:22,912] {processor.py:161} INFO - Processing /home/igor/Documents/airflowalura/venv/lib/python3.9/site-packages/airflow/example_dags/example_latest_only_with_trigger.py took 0.518 seconds
[2022-12-13 23:09:02,926] {processor.py:153} INFO - Started process (PID=36418) to work on /home/igor/Documents/airflowalura/venv/lib/python3.9/site-packages/airflow/example_dags/example_latest_only_with_trigger.py
[2022-12-13 23:09:02,940] {processor.py:641} INFO - Processing file /home/igor/Documents/airflowalura/venv/lib/python3.9/site-packages/airflow/example_dags/example_latest_only_with_trigger.py for tasks to queue
[2022-12-13 23:09:02,941] {logging_mixin.py:115} INFO - [2022-12-13 23:09:02,941] {dagbag.py:507} INFO - Filling up the DagBag from /home/igor/Documents/airflowalura/venv/lib/python3.9/site-packages/airflow/example_dags/example_latest_only_with_trigger.py
[2022-12-13 23:09:03,025] {processor.py:651} INFO - DAG(s) dict_keys(['latest_only_with_trigger']) retrieved from /home/igor/Documents/airflowalura/venv/lib/python3.9/site-packages/airflow/example_dags/example_latest_only_with_trigger.py
[2022-12-13 23:09:03,364] {logging_mixin.py:115} INFO - [2022-12-13 23:09:03,363] {dag.py:2379} INFO - Sync 1 DAGs
[2022-12-13 23:09:03,894] {logging_mixin.py:115} INFO - [2022-12-13 23:09:03,893] {dag.py:2927} INFO - Setting next_dagrun for latest_only_with_trigger to 2022-12-13T22:09:03.851205+00:00, run_after=2022-12-14T02:09:03.851205+00:00
[2022-12-13 23:09:04,113] {processor.py:161} INFO - Processing /home/igor/Documents/airflowalura/venv/lib/python3.9/site-packages/airflow/example_dags/example_latest_only_with_trigger.py took 1.229 seconds
[2022-12-13 23:12:36,345] {processor.py:153} INFO - Started process (PID=36796) to work on /home/igor/Documents/airflowalura/venv/lib/python3.9/site-packages/airflow/example_dags/example_latest_only_with_trigger.py
[2022-12-13 23:12:36,362] {processor.py:641} INFO - Processing file /home/igor/Documents/airflowalura/venv/lib/python3.9/site-packages/airflow/example_dags/example_latest_only_with_trigger.py for tasks to queue
[2022-12-13 23:12:36,373] {logging_mixin.py:115} INFO - [2022-12-13 23:12:36,373] {dagbag.py:507} INFO - Filling up the DagBag from /home/igor/Documents/airflowalura/venv/lib/python3.9/site-packages/airflow/example_dags/example_latest_only_with_trigger.py
[2022-12-13 23:12:36,986] {processor.py:651} INFO - DAG(s) dict_keys(['latest_only_with_trigger']) retrieved from /home/igor/Documents/airflowalura/venv/lib/python3.9/site-packages/airflow/example_dags/example_latest_only_with_trigger.py
[2022-12-13 23:12:37,351] {logging_mixin.py:115} INFO - [2022-12-13 23:12:37,351] {dag.py:2379} INFO - Sync 1 DAGs
[2022-12-13 23:12:37,736] {logging_mixin.py:115} INFO - [2022-12-13 23:12:37,719] {dag.py:2927} INFO - Setting next_dagrun for latest_only_with_trigger to 2022-12-13T22:12:37.718473+00:00, run_after=2022-12-14T02:12:37.718473+00:00
[2022-12-13 23:12:38,180] {processor.py:161} INFO - Processing /home/igor/Documents/airflowalura/venv/lib/python3.9/site-packages/airflow/example_dags/example_latest_only_with_trigger.py took 2.259 seconds
[2022-12-13 23:14:14,442] {processor.py:153} INFO - Started process (PID=37171) to work on /home/igor/Documents/airflowalura/venv/lib/python3.9/site-packages/airflow/example_dags/example_latest_only_with_trigger.py
[2022-12-13 23:14:14,455] {processor.py:641} INFO - Processing file /home/igor/Documents/airflowalura/venv/lib/python3.9/site-packages/airflow/example_dags/example_latest_only_with_trigger.py for tasks to queue
[2022-12-13 23:14:14,464] {logging_mixin.py:115} INFO - [2022-12-13 23:14:14,463] {dagbag.py:507} INFO - Filling up the DagBag from /home/igor/Documents/airflowalura/venv/lib/python3.9/site-packages/airflow/example_dags/example_latest_only_with_trigger.py
[2022-12-13 23:14:14,588] {processor.py:651} INFO - DAG(s) dict_keys(['latest_only_with_trigger']) retrieved from /home/igor/Documents/airflowalura/venv/lib/python3.9/site-packages/airflow/example_dags/example_latest_only_with_trigger.py
[2022-12-13 23:14:14,758] {logging_mixin.py:115} INFO - [2022-12-13 23:14:14,758] {dag.py:2379} INFO - Sync 1 DAGs
[2022-12-13 23:14:14,918] {logging_mixin.py:115} INFO - [2022-12-13 23:14:14,918] {dag.py:2927} INFO - Setting next_dagrun for latest_only_with_trigger to 2022-12-13T22:14:14.917482+00:00, run_after=2022-12-14T02:14:14.917482+00:00
[2022-12-13 23:14:15,013] {processor.py:161} INFO - Processing /home/igor/Documents/airflowalura/venv/lib/python3.9/site-packages/airflow/example_dags/example_latest_only_with_trigger.py took 0.611 seconds
[2022-12-13 23:15:47,670] {processor.py:153} INFO - Started process (PID=37382) to work on /home/igor/Documents/airflowalura/venv/lib/python3.9/site-packages/airflow/example_dags/example_latest_only_with_trigger.py
[2022-12-13 23:15:47,689] {processor.py:641} INFO - Processing file /home/igor/Documents/airflowalura/venv/lib/python3.9/site-packages/airflow/example_dags/example_latest_only_with_trigger.py for tasks to queue
[2022-12-13 23:15:47,690] {logging_mixin.py:115} INFO - [2022-12-13 23:15:47,690] {dagbag.py:507} INFO - Filling up the DagBag from /home/igor/Documents/airflowalura/venv/lib/python3.9/site-packages/airflow/example_dags/example_latest_only_with_trigger.py
[2022-12-13 23:15:47,758] {processor.py:651} INFO - DAG(s) dict_keys(['latest_only_with_trigger']) retrieved from /home/igor/Documents/airflowalura/venv/lib/python3.9/site-packages/airflow/example_dags/example_latest_only_with_trigger.py
[2022-12-13 23:15:47,924] {logging_mixin.py:115} INFO - [2022-12-13 23:15:47,923] {dag.py:2379} INFO - Sync 1 DAGs
[2022-12-13 23:15:48,106] {logging_mixin.py:115} INFO - [2022-12-13 23:15:48,105] {dag.py:2927} INFO - Setting next_dagrun for latest_only_with_trigger to 2022-12-13T22:15:48.104511+00:00, run_after=2022-12-14T02:15:48.104511+00:00
[2022-12-13 23:15:48,277] {processor.py:161} INFO - Processing /home/igor/Documents/airflowalura/venv/lib/python3.9/site-packages/airflow/example_dags/example_latest_only_with_trigger.py took 0.636 seconds
[2022-12-13 23:18:30,800] {processor.py:153} INFO - Started process (PID=37631) to work on /home/igor/Documents/airflowalura/venv/lib/python3.9/site-packages/airflow/example_dags/example_latest_only_with_trigger.py
[2022-12-13 23:18:30,807] {processor.py:641} INFO - Processing file /home/igor/Documents/airflowalura/venv/lib/python3.9/site-packages/airflow/example_dags/example_latest_only_with_trigger.py for tasks to queue
[2022-12-13 23:18:30,809] {logging_mixin.py:115} INFO - [2022-12-13 23:18:30,809] {dagbag.py:507} INFO - Filling up the DagBag from /home/igor/Documents/airflowalura/venv/lib/python3.9/site-packages/airflow/example_dags/example_latest_only_with_trigger.py
[2022-12-13 23:18:30,865] {processor.py:651} INFO - DAG(s) dict_keys(['latest_only_with_trigger']) retrieved from /home/igor/Documents/airflowalura/venv/lib/python3.9/site-packages/airflow/example_dags/example_latest_only_with_trigger.py
[2022-12-13 23:18:31,010] {logging_mixin.py:115} INFO - [2022-12-13 23:18:31,010] {dag.py:2379} INFO - Sync 1 DAGs
[2022-12-13 23:18:31,162] {logging_mixin.py:115} INFO - [2022-12-13 23:18:31,161] {dag.py:2927} INFO - Setting next_dagrun for latest_only_with_trigger to 2022-12-13T22:18:31.150457+00:00, run_after=2022-12-14T02:18:31.150457+00:00
[2022-12-13 23:18:31,248] {processor.py:161} INFO - Processing /home/igor/Documents/airflowalura/venv/lib/python3.9/site-packages/airflow/example_dags/example_latest_only_with_trigger.py took 0.479 seconds
[2022-12-13 23:19:53,367] {processor.py:153} INFO - Started process (PID=37832) to work on /home/igor/Documents/airflowalura/venv/lib/python3.9/site-packages/airflow/example_dags/example_latest_only_with_trigger.py
[2022-12-13 23:19:53,377] {processor.py:641} INFO - Processing file /home/igor/Documents/airflowalura/venv/lib/python3.9/site-packages/airflow/example_dags/example_latest_only_with_trigger.py for tasks to queue
[2022-12-13 23:19:53,378] {logging_mixin.py:115} INFO - [2022-12-13 23:19:53,378] {dagbag.py:507} INFO - Filling up the DagBag from /home/igor/Documents/airflowalura/venv/lib/python3.9/site-packages/airflow/example_dags/example_latest_only_with_trigger.py
[2022-12-13 23:19:53,429] {processor.py:651} INFO - DAG(s) dict_keys(['latest_only_with_trigger']) retrieved from /home/igor/Documents/airflowalura/venv/lib/python3.9/site-packages/airflow/example_dags/example_latest_only_with_trigger.py
[2022-12-13 23:19:53,587] {logging_mixin.py:115} INFO - [2022-12-13 23:19:53,586] {dag.py:2379} INFO - Sync 1 DAGs
[2022-12-13 23:19:53,750] {logging_mixin.py:115} INFO - [2022-12-13 23:19:53,750] {dag.py:2927} INFO - Setting next_dagrun for latest_only_with_trigger to 2022-12-13T22:19:53.742710+00:00, run_after=2022-12-14T02:19:53.742710+00:00
[2022-12-13 23:19:53,843] {processor.py:161} INFO - Processing /home/igor/Documents/airflowalura/venv/lib/python3.9/site-packages/airflow/example_dags/example_latest_only_with_trigger.py took 0.522 seconds
[2022-12-13 23:21:06,118] {processor.py:153} INFO - Started process (PID=38023) to work on /home/igor/Documents/airflowalura/venv/lib/python3.9/site-packages/airflow/example_dags/example_latest_only_with_trigger.py
[2022-12-13 23:21:06,123] {processor.py:641} INFO - Processing file /home/igor/Documents/airflowalura/venv/lib/python3.9/site-packages/airflow/example_dags/example_latest_only_with_trigger.py for tasks to queue
[2022-12-13 23:21:06,126] {logging_mixin.py:115} INFO - [2022-12-13 23:21:06,125] {dagbag.py:507} INFO - Filling up the DagBag from /home/igor/Documents/airflowalura/venv/lib/python3.9/site-packages/airflow/example_dags/example_latest_only_with_trigger.py
[2022-12-13 23:21:06,181] {processor.py:651} INFO - DAG(s) dict_keys(['latest_only_with_trigger']) retrieved from /home/igor/Documents/airflowalura/venv/lib/python3.9/site-packages/airflow/example_dags/example_latest_only_with_trigger.py
[2022-12-13 23:21:06,314] {logging_mixin.py:115} INFO - [2022-12-13 23:21:06,313] {dag.py:2379} INFO - Sync 1 DAGs
[2022-12-13 23:21:06,478] {logging_mixin.py:115} INFO - [2022-12-13 23:21:06,477] {dag.py:2927} INFO - Setting next_dagrun for latest_only_with_trigger to 2022-12-13T22:21:06.477193+00:00, run_after=2022-12-14T02:21:06.477193+00:00
[2022-12-13 23:21:06,546] {processor.py:161} INFO - Processing /home/igor/Documents/airflowalura/venv/lib/python3.9/site-packages/airflow/example_dags/example_latest_only_with_trigger.py took 0.465 seconds
[2022-12-13 23:22:22,961] {processor.py:153} INFO - Started process (PID=38224) to work on /home/igor/Documents/airflowalura/venv/lib/python3.9/site-packages/airflow/example_dags/example_latest_only_with_trigger.py
[2022-12-13 23:22:22,967] {processor.py:641} INFO - Processing file /home/igor/Documents/airflowalura/venv/lib/python3.9/site-packages/airflow/example_dags/example_latest_only_with_trigger.py for tasks to queue
[2022-12-13 23:22:22,969] {logging_mixin.py:115} INFO - [2022-12-13 23:22:22,969] {dagbag.py:507} INFO - Filling up the DagBag from /home/igor/Documents/airflowalura/venv/lib/python3.9/site-packages/airflow/example_dags/example_latest_only_with_trigger.py
[2022-12-13 23:22:23,034] {processor.py:651} INFO - DAG(s) dict_keys(['latest_only_with_trigger']) retrieved from /home/igor/Documents/airflowalura/venv/lib/python3.9/site-packages/airflow/example_dags/example_latest_only_with_trigger.py
[2022-12-13 23:22:23,180] {logging_mixin.py:115} INFO - [2022-12-13 23:22:23,180] {dag.py:2379} INFO - Sync 1 DAGs
[2022-12-13 23:22:23,347] {logging_mixin.py:115} INFO - [2022-12-13 23:22:23,347] {dag.py:2927} INFO - Setting next_dagrun for latest_only_with_trigger to 2022-12-13T22:22:23.346765+00:00, run_after=2022-12-14T02:22:23.346765+00:00
[2022-12-13 23:22:23,449] {processor.py:161} INFO - Processing /home/igor/Documents/airflowalura/venv/lib/python3.9/site-packages/airflow/example_dags/example_latest_only_with_trigger.py took 0.517 seconds
[2022-12-13 23:23:43,955] {processor.py:153} INFO - Started process (PID=38501) to work on /home/igor/Documents/airflowalura/venv/lib/python3.9/site-packages/airflow/example_dags/example_latest_only_with_trigger.py
[2022-12-13 23:23:43,971] {processor.py:641} INFO - Processing file /home/igor/Documents/airflowalura/venv/lib/python3.9/site-packages/airflow/example_dags/example_latest_only_with_trigger.py for tasks to queue
[2022-12-13 23:23:43,984] {logging_mixin.py:115} INFO - [2022-12-13 23:23:43,984] {dagbag.py:507} INFO - Filling up the DagBag from /home/igor/Documents/airflowalura/venv/lib/python3.9/site-packages/airflow/example_dags/example_latest_only_with_trigger.py
[2022-12-13 23:23:44,041] {processor.py:651} INFO - DAG(s) dict_keys(['latest_only_with_trigger']) retrieved from /home/igor/Documents/airflowalura/venv/lib/python3.9/site-packages/airflow/example_dags/example_latest_only_with_trigger.py
[2022-12-13 23:23:44,254] {logging_mixin.py:115} INFO - [2022-12-13 23:23:44,254] {dag.py:2379} INFO - Sync 1 DAGs
[2022-12-13 23:23:44,446] {logging_mixin.py:115} INFO - [2022-12-13 23:23:44,446] {dag.py:2927} INFO - Setting next_dagrun for latest_only_with_trigger to 2022-12-13T22:23:44.445747+00:00, run_after=2022-12-14T02:23:44.445747+00:00
[2022-12-13 23:23:44,547] {processor.py:161} INFO - Processing /home/igor/Documents/airflowalura/venv/lib/python3.9/site-packages/airflow/example_dags/example_latest_only_with_trigger.py took 0.611 seconds
[2022-12-13 23:24:58,334] {processor.py:153} INFO - Started process (PID=38671) to work on /home/igor/Documents/airflowalura/venv/lib/python3.9/site-packages/airflow/example_dags/example_latest_only_with_trigger.py
[2022-12-13 23:24:58,349] {processor.py:641} INFO - Processing file /home/igor/Documents/airflowalura/venv/lib/python3.9/site-packages/airflow/example_dags/example_latest_only_with_trigger.py for tasks to queue
[2022-12-13 23:24:58,351] {logging_mixin.py:115} INFO - [2022-12-13 23:24:58,350] {dagbag.py:507} INFO - Filling up the DagBag from /home/igor/Documents/airflowalura/venv/lib/python3.9/site-packages/airflow/example_dags/example_latest_only_with_trigger.py
[2022-12-13 23:24:58,404] {processor.py:651} INFO - DAG(s) dict_keys(['latest_only_with_trigger']) retrieved from /home/igor/Documents/airflowalura/venv/lib/python3.9/site-packages/airflow/example_dags/example_latest_only_with_trigger.py
[2022-12-13 23:24:58,568] {logging_mixin.py:115} INFO - [2022-12-13 23:24:58,568] {dag.py:2379} INFO - Sync 1 DAGs
[2022-12-13 23:24:58,832] {logging_mixin.py:115} INFO - [2022-12-13 23:24:58,831] {dag.py:2927} INFO - Setting next_dagrun for latest_only_with_trigger to 2022-12-13T22:24:58.818889+00:00, run_after=2022-12-14T02:24:58.818889+00:00
[2022-12-13 23:24:58,948] {processor.py:161} INFO - Processing /home/igor/Documents/airflowalura/venv/lib/python3.9/site-packages/airflow/example_dags/example_latest_only_with_trigger.py took 0.635 seconds
[2022-12-13 23:26:11,979] {processor.py:153} INFO - Started process (PID=38864) to work on /home/igor/Documents/airflowalura/venv/lib/python3.9/site-packages/airflow/example_dags/example_latest_only_with_trigger.py
[2022-12-13 23:26:12,000] {processor.py:641} INFO - Processing file /home/igor/Documents/airflowalura/venv/lib/python3.9/site-packages/airflow/example_dags/example_latest_only_with_trigger.py for tasks to queue
[2022-12-13 23:26:12,003] {logging_mixin.py:115} INFO - [2022-12-13 23:26:12,002] {dagbag.py:507} INFO - Filling up the DagBag from /home/igor/Documents/airflowalura/venv/lib/python3.9/site-packages/airflow/example_dags/example_latest_only_with_trigger.py
[2022-12-13 23:26:12,056] {processor.py:651} INFO - DAG(s) dict_keys(['latest_only_with_trigger']) retrieved from /home/igor/Documents/airflowalura/venv/lib/python3.9/site-packages/airflow/example_dags/example_latest_only_with_trigger.py
[2022-12-13 23:26:12,193] {logging_mixin.py:115} INFO - [2022-12-13 23:26:12,192] {dag.py:2379} INFO - Sync 1 DAGs
[2022-12-13 23:26:12,352] {logging_mixin.py:115} INFO - [2022-12-13 23:26:12,352] {dag.py:2927} INFO - Setting next_dagrun for latest_only_with_trigger to 2022-12-13T22:26:12.339065+00:00, run_after=2022-12-14T02:26:12.339065+00:00
[2022-12-13 23:26:12,425] {processor.py:161} INFO - Processing /home/igor/Documents/airflowalura/venv/lib/python3.9/site-packages/airflow/example_dags/example_latest_only_with_trigger.py took 0.469 seconds
[2022-12-13 23:27:27,261] {processor.py:153} INFO - Started process (PID=39050) to work on /home/igor/Documents/airflowalura/venv/lib/python3.9/site-packages/airflow/example_dags/example_latest_only_with_trigger.py
[2022-12-13 23:27:27,277] {processor.py:641} INFO - Processing file /home/igor/Documents/airflowalura/venv/lib/python3.9/site-packages/airflow/example_dags/example_latest_only_with_trigger.py for tasks to queue
[2022-12-13 23:27:27,292] {logging_mixin.py:115} INFO - [2022-12-13 23:27:27,291] {dagbag.py:507} INFO - Filling up the DagBag from /home/igor/Documents/airflowalura/venv/lib/python3.9/site-packages/airflow/example_dags/example_latest_only_with_trigger.py
[2022-12-13 23:27:27,370] {processor.py:651} INFO - DAG(s) dict_keys(['latest_only_with_trigger']) retrieved from /home/igor/Documents/airflowalura/venv/lib/python3.9/site-packages/airflow/example_dags/example_latest_only_with_trigger.py
[2022-12-13 23:27:27,561] {logging_mixin.py:115} INFO - [2022-12-13 23:27:27,561] {dag.py:2379} INFO - Sync 1 DAGs
[2022-12-13 23:27:27,717] {logging_mixin.py:115} INFO - [2022-12-13 23:27:27,717] {dag.py:2927} INFO - Setting next_dagrun for latest_only_with_trigger to 2022-12-13T22:27:27.716316+00:00, run_after=2022-12-14T02:27:27.716316+00:00
[2022-12-13 23:27:27,822] {processor.py:161} INFO - Processing /home/igor/Documents/airflowalura/venv/lib/python3.9/site-packages/airflow/example_dags/example_latest_only_with_trigger.py took 0.612 seconds
