[2022-12-13 21:27:12,619] {processor.py:153} INFO - Started process (PID=29878) to work on /home/igor/Documents/airflowalura/venv/lib/python3.9/site-packages/airflow/example_dags/example_branch_operator_decorator.py
[2022-12-13 21:27:12,646] {processor.py:641} INFO - Processing file /home/igor/Documents/airflowalura/venv/lib/python3.9/site-packages/airflow/example_dags/example_branch_operator_decorator.py for tasks to queue
[2022-12-13 21:27:12,694] {logging_mixin.py:115} INFO - [2022-12-13 21:27:12,654] {dagbag.py:507} INFO - Filling up the DagBag from /home/igor/Documents/airflowalura/venv/lib/python3.9/site-packages/airflow/example_dags/example_branch_operator_decorator.py
[2022-12-13 21:27:12,912] {processor.py:651} INFO - DAG(s) dict_keys(['example_branch_python_operator_decorator']) retrieved from /home/igor/Documents/airflowalura/venv/lib/python3.9/site-packages/airflow/example_dags/example_branch_operator_decorator.py
[2022-12-13 21:27:13,097] {logging_mixin.py:115} INFO - [2022-12-13 21:27:13,097] {dag.py:2379} INFO - Sync 1 DAGs
[2022-12-13 21:27:13,276] {logging_mixin.py:115} INFO - [2022-12-13 21:27:13,275] {dag.py:2927} INFO - Setting next_dagrun for example_branch_python_operator_decorator to 2022-12-13T00:00:00+00:00, run_after=2022-12-14T00:00:00+00:00
[2022-12-13 21:27:13,380] {processor.py:161} INFO - Processing /home/igor/Documents/airflowalura/venv/lib/python3.9/site-packages/airflow/example_dags/example_branch_operator_decorator.py took 0.800 seconds
[2022-12-13 21:28:25,147] {processor.py:153} INFO - Started process (PID=30084) to work on /home/igor/Documents/airflowalura/venv/lib/python3.9/site-packages/airflow/example_dags/example_branch_operator_decorator.py
[2022-12-13 21:28:25,152] {processor.py:641} INFO - Processing file /home/igor/Documents/airflowalura/venv/lib/python3.9/site-packages/airflow/example_dags/example_branch_operator_decorator.py for tasks to queue
[2022-12-13 21:28:25,153] {logging_mixin.py:115} INFO - [2022-12-13 21:28:25,153] {dagbag.py:507} INFO - Filling up the DagBag from /home/igor/Documents/airflowalura/venv/lib/python3.9/site-packages/airflow/example_dags/example_branch_operator_decorator.py
[2022-12-13 21:28:25,313] {processor.py:651} INFO - DAG(s) dict_keys(['example_branch_python_operator_decorator']) retrieved from /home/igor/Documents/airflowalura/venv/lib/python3.9/site-packages/airflow/example_dags/example_branch_operator_decorator.py
[2022-12-13 21:28:25,476] {logging_mixin.py:115} INFO - [2022-12-13 21:28:25,476] {dag.py:2379} INFO - Sync 1 DAGs
[2022-12-13 21:28:25,614] {logging_mixin.py:115} INFO - [2022-12-13 21:28:25,614] {dag.py:2927} INFO - Setting next_dagrun for example_branch_python_operator_decorator to 2022-12-13T00:00:00+00:00, run_after=2022-12-14T00:00:00+00:00
[2022-12-13 21:28:25,689] {processor.py:161} INFO - Processing /home/igor/Documents/airflowalura/venv/lib/python3.9/site-packages/airflow/example_dags/example_branch_operator_decorator.py took 0.556 seconds
[2022-12-13 21:29:28,023] {processor.py:153} INFO - Started process (PID=30276) to work on /home/igor/Documents/airflowalura/venv/lib/python3.9/site-packages/airflow/example_dags/example_branch_operator_decorator.py
[2022-12-13 21:29:28,047] {processor.py:641} INFO - Processing file /home/igor/Documents/airflowalura/venv/lib/python3.9/site-packages/airflow/example_dags/example_branch_operator_decorator.py for tasks to queue
[2022-12-13 21:29:28,048] {logging_mixin.py:115} INFO - [2022-12-13 21:29:28,048] {dagbag.py:507} INFO - Filling up the DagBag from /home/igor/Documents/airflowalura/venv/lib/python3.9/site-packages/airflow/example_dags/example_branch_operator_decorator.py
[2022-12-13 21:29:28,183] {processor.py:651} INFO - DAG(s) dict_keys(['example_branch_python_operator_decorator']) retrieved from /home/igor/Documents/airflowalura/venv/lib/python3.9/site-packages/airflow/example_dags/example_branch_operator_decorator.py
[2022-12-13 21:29:28,330] {logging_mixin.py:115} INFO - [2022-12-13 21:29:28,330] {dag.py:2379} INFO - Sync 1 DAGs
[2022-12-13 21:29:28,543] {logging_mixin.py:115} INFO - [2022-12-13 21:29:28,543] {dag.py:2927} INFO - Setting next_dagrun for example_branch_python_operator_decorator to 2022-12-13T00:00:00+00:00, run_after=2022-12-14T00:00:00+00:00
[2022-12-13 21:29:28,622] {processor.py:161} INFO - Processing /home/igor/Documents/airflowalura/venv/lib/python3.9/site-packages/airflow/example_dags/example_branch_operator_decorator.py took 0.622 seconds
[2022-12-13 21:30:57,534] {processor.py:153} INFO - Started process (PID=30474) to work on /home/igor/Documents/airflowalura/venv/lib/python3.9/site-packages/airflow/example_dags/example_branch_operator_decorator.py
[2022-12-13 21:30:57,556] {processor.py:641} INFO - Processing file /home/igor/Documents/airflowalura/venv/lib/python3.9/site-packages/airflow/example_dags/example_branch_operator_decorator.py for tasks to queue
[2022-12-13 21:30:57,558] {logging_mixin.py:115} INFO - [2022-12-13 21:30:57,557] {dagbag.py:507} INFO - Filling up the DagBag from /home/igor/Documents/airflowalura/venv/lib/python3.9/site-packages/airflow/example_dags/example_branch_operator_decorator.py
[2022-12-13 21:30:57,972] {processor.py:651} INFO - DAG(s) dict_keys(['example_branch_python_operator_decorator']) retrieved from /home/igor/Documents/airflowalura/venv/lib/python3.9/site-packages/airflow/example_dags/example_branch_operator_decorator.py
[2022-12-13 21:30:58,211] {logging_mixin.py:115} INFO - [2022-12-13 21:30:58,202] {dag.py:2379} INFO - Sync 1 DAGs
[2022-12-13 21:30:58,462] {logging_mixin.py:115} INFO - [2022-12-13 21:30:58,462] {dag.py:2927} INFO - Setting next_dagrun for example_branch_python_operator_decorator to 2022-12-13T00:00:00+00:00, run_after=2022-12-14T00:00:00+00:00
[2022-12-13 21:30:58,610] {processor.py:161} INFO - Processing /home/igor/Documents/airflowalura/venv/lib/python3.9/site-packages/airflow/example_dags/example_branch_operator_decorator.py took 1.154 seconds
[2022-12-13 21:32:45,807] {processor.py:153} INFO - Started process (PID=30695) to work on /home/igor/Documents/airflowalura/venv/lib/python3.9/site-packages/airflow/example_dags/example_branch_operator_decorator.py
[2022-12-13 21:32:45,816] {processor.py:641} INFO - Processing file /home/igor/Documents/airflowalura/venv/lib/python3.9/site-packages/airflow/example_dags/example_branch_operator_decorator.py for tasks to queue
[2022-12-13 21:32:45,817] {logging_mixin.py:115} INFO - [2022-12-13 21:32:45,817] {dagbag.py:507} INFO - Filling up the DagBag from /home/igor/Documents/airflowalura/venv/lib/python3.9/site-packages/airflow/example_dags/example_branch_operator_decorator.py
[2022-12-13 21:32:46,118] {processor.py:651} INFO - DAG(s) dict_keys(['example_branch_python_operator_decorator']) retrieved from /home/igor/Documents/airflowalura/venv/lib/python3.9/site-packages/airflow/example_dags/example_branch_operator_decorator.py
[2022-12-13 21:32:46,905] {logging_mixin.py:115} INFO - [2022-12-13 21:32:46,904] {dag.py:2379} INFO - Sync 1 DAGs
[2022-12-13 21:32:47,149] {logging_mixin.py:115} INFO - [2022-12-13 21:32:47,149] {dag.py:2927} INFO - Setting next_dagrun for example_branch_python_operator_decorator to 2022-12-13T00:00:00+00:00, run_after=2022-12-14T00:00:00+00:00
[2022-12-13 21:32:47,317] {processor.py:161} INFO - Processing /home/igor/Documents/airflowalura/venv/lib/python3.9/site-packages/airflow/example_dags/example_branch_operator_decorator.py took 1.526 seconds
[2022-12-13 21:34:39,052] {processor.py:153} INFO - Started process (PID=30908) to work on /home/igor/Documents/airflowalura/venv/lib/python3.9/site-packages/airflow/example_dags/example_branch_operator_decorator.py
[2022-12-13 21:34:39,071] {processor.py:641} INFO - Processing file /home/igor/Documents/airflowalura/venv/lib/python3.9/site-packages/airflow/example_dags/example_branch_operator_decorator.py for tasks to queue
[2022-12-13 21:34:39,073] {logging_mixin.py:115} INFO - [2022-12-13 21:34:39,072] {dagbag.py:507} INFO - Filling up the DagBag from /home/igor/Documents/airflowalura/venv/lib/python3.9/site-packages/airflow/example_dags/example_branch_operator_decorator.py
[2022-12-13 21:34:39,408] {processor.py:651} INFO - DAG(s) dict_keys(['example_branch_python_operator_decorator']) retrieved from /home/igor/Documents/airflowalura/venv/lib/python3.9/site-packages/airflow/example_dags/example_branch_operator_decorator.py
[2022-12-13 21:34:39,553] {logging_mixin.py:115} INFO - [2022-12-13 21:34:39,553] {dag.py:2379} INFO - Sync 1 DAGs
[2022-12-13 21:34:39,722] {logging_mixin.py:115} INFO - [2022-12-13 21:34:39,711] {dag.py:2927} INFO - Setting next_dagrun for example_branch_python_operator_decorator to 2022-12-13T00:00:00+00:00, run_after=2022-12-14T00:00:00+00:00
[2022-12-13 21:34:39,818] {processor.py:161} INFO - Processing /home/igor/Documents/airflowalura/venv/lib/python3.9/site-packages/airflow/example_dags/example_branch_operator_decorator.py took 0.826 seconds
[2022-12-13 21:37:21,794] {processor.py:153} INFO - Started process (PID=31334) to work on /home/igor/Documents/airflowalura/venv/lib/python3.9/site-packages/airflow/example_dags/example_branch_operator_decorator.py
[2022-12-13 21:37:21,818] {processor.py:641} INFO - Processing file /home/igor/Documents/airflowalura/venv/lib/python3.9/site-packages/airflow/example_dags/example_branch_operator_decorator.py for tasks to queue
[2022-12-13 21:37:21,832] {logging_mixin.py:115} INFO - [2022-12-13 21:37:21,832] {dagbag.py:507} INFO - Filling up the DagBag from /home/igor/Documents/airflowalura/venv/lib/python3.9/site-packages/airflow/example_dags/example_branch_operator_decorator.py
[2022-12-13 21:37:22,287] {processor.py:651} INFO - DAG(s) dict_keys(['example_branch_python_operator_decorator']) retrieved from /home/igor/Documents/airflowalura/venv/lib/python3.9/site-packages/airflow/example_dags/example_branch_operator_decorator.py
[2022-12-13 21:37:22,717] {logging_mixin.py:115} INFO - [2022-12-13 21:37:22,717] {dag.py:2379} INFO - Sync 1 DAGs
[2022-12-13 21:37:23,190] {logging_mixin.py:115} INFO - [2022-12-13 21:37:23,190] {dag.py:2927} INFO - Setting next_dagrun for example_branch_python_operator_decorator to 2022-12-13T00:00:00+00:00, run_after=2022-12-14T00:00:00+00:00
[2022-12-13 21:37:23,524] {processor.py:161} INFO - Processing /home/igor/Documents/airflowalura/venv/lib/python3.9/site-packages/airflow/example_dags/example_branch_operator_decorator.py took 1.775 seconds
[2022-12-13 21:38:38,060] {processor.py:153} INFO - Started process (PID=31542) to work on /home/igor/Documents/airflowalura/venv/lib/python3.9/site-packages/airflow/example_dags/example_branch_operator_decorator.py
[2022-12-13 21:38:38,086] {processor.py:641} INFO - Processing file /home/igor/Documents/airflowalura/venv/lib/python3.9/site-packages/airflow/example_dags/example_branch_operator_decorator.py for tasks to queue
[2022-12-13 21:38:38,087] {logging_mixin.py:115} INFO - [2022-12-13 21:38:38,087] {dagbag.py:507} INFO - Filling up the DagBag from /home/igor/Documents/airflowalura/venv/lib/python3.9/site-packages/airflow/example_dags/example_branch_operator_decorator.py
[2022-12-13 21:38:38,209] {processor.py:651} INFO - DAG(s) dict_keys(['example_branch_python_operator_decorator']) retrieved from /home/igor/Documents/airflowalura/venv/lib/python3.9/site-packages/airflow/example_dags/example_branch_operator_decorator.py
[2022-12-13 21:38:38,326] {logging_mixin.py:115} INFO - [2022-12-13 21:38:38,326] {dag.py:2379} INFO - Sync 1 DAGs
[2022-12-13 21:38:38,450] {logging_mixin.py:115} INFO - [2022-12-13 21:38:38,449] {dag.py:2927} INFO - Setting next_dagrun for example_branch_python_operator_decorator to 2022-12-13T00:00:00+00:00, run_after=2022-12-14T00:00:00+00:00
[2022-12-13 21:38:38,560] {processor.py:161} INFO - Processing /home/igor/Documents/airflowalura/venv/lib/python3.9/site-packages/airflow/example_dags/example_branch_operator_decorator.py took 0.519 seconds
[2022-12-13 23:01:05,161] {processor.py:153} INFO - Started process (PID=35284) to work on /home/igor/Documents/airflowalura/venv/lib/python3.9/site-packages/airflow/example_dags/example_branch_operator_decorator.py
[2022-12-13 23:01:05,175] {processor.py:641} INFO - Processing file /home/igor/Documents/airflowalura/venv/lib/python3.9/site-packages/airflow/example_dags/example_branch_operator_decorator.py for tasks to queue
[2022-12-13 23:01:05,176] {logging_mixin.py:115} INFO - [2022-12-13 23:01:05,176] {dagbag.py:507} INFO - Filling up the DagBag from /home/igor/Documents/airflowalura/venv/lib/python3.9/site-packages/airflow/example_dags/example_branch_operator_decorator.py
[2022-12-13 23:01:05,492] {processor.py:651} INFO - DAG(s) dict_keys(['example_branch_python_operator_decorator']) retrieved from /home/igor/Documents/airflowalura/venv/lib/python3.9/site-packages/airflow/example_dags/example_branch_operator_decorator.py
[2022-12-13 23:01:05,893] {logging_mixin.py:115} INFO - [2022-12-13 23:01:05,886] {dag.py:2379} INFO - Sync 1 DAGs
[2022-12-13 23:01:06,178] {logging_mixin.py:115} INFO - [2022-12-13 23:01:06,177] {dag.py:2927} INFO - Setting next_dagrun for example_branch_python_operator_decorator to 2022-12-13T00:00:00+00:00, run_after=2022-12-14T00:00:00+00:00
[2022-12-13 23:01:06,365] {processor.py:161} INFO - Processing /home/igor/Documents/airflowalura/venv/lib/python3.9/site-packages/airflow/example_dags/example_branch_operator_decorator.py took 1.222 seconds
[2022-12-13 23:03:09,053] {processor.py:153} INFO - Started process (PID=35741) to work on /home/igor/Documents/airflowalura/venv/lib/python3.9/site-packages/airflow/example_dags/example_branch_operator_decorator.py
[2022-12-13 23:03:09,069] {processor.py:641} INFO - Processing file /home/igor/Documents/airflowalura/venv/lib/python3.9/site-packages/airflow/example_dags/example_branch_operator_decorator.py for tasks to queue
[2022-12-13 23:03:09,084] {logging_mixin.py:115} INFO - [2022-12-13 23:03:09,084] {dagbag.py:507} INFO - Filling up the DagBag from /home/igor/Documents/airflowalura/venv/lib/python3.9/site-packages/airflow/example_dags/example_branch_operator_decorator.py
[2022-12-13 23:03:09,413] {processor.py:651} INFO - DAG(s) dict_keys(['example_branch_python_operator_decorator']) retrieved from /home/igor/Documents/airflowalura/venv/lib/python3.9/site-packages/airflow/example_dags/example_branch_operator_decorator.py
[2022-12-13 23:03:09,611] {logging_mixin.py:115} INFO - [2022-12-13 23:03:09,610] {dag.py:2379} INFO - Sync 1 DAGs
[2022-12-13 23:03:10,168] {logging_mixin.py:115} INFO - [2022-12-13 23:03:10,152] {dag.py:2927} INFO - Setting next_dagrun for example_branch_python_operator_decorator to 2022-12-13T00:00:00+00:00, run_after=2022-12-14T00:00:00+00:00
[2022-12-13 23:03:10,494] {processor.py:161} INFO - Processing /home/igor/Documents/airflowalura/venv/lib/python3.9/site-packages/airflow/example_dags/example_branch_operator_decorator.py took 1.481 seconds
[2022-12-13 23:05:15,115] {processor.py:153} INFO - Started process (PID=36029) to work on /home/igor/Documents/airflowalura/venv/lib/python3.9/site-packages/airflow/example_dags/example_branch_operator_decorator.py
[2022-12-13 23:05:15,124] {processor.py:641} INFO - Processing file /home/igor/Documents/airflowalura/venv/lib/python3.9/site-packages/airflow/example_dags/example_branch_operator_decorator.py for tasks to queue
[2022-12-13 23:05:15,125] {logging_mixin.py:115} INFO - [2022-12-13 23:05:15,125] {dagbag.py:507} INFO - Filling up the DagBag from /home/igor/Documents/airflowalura/venv/lib/python3.9/site-packages/airflow/example_dags/example_branch_operator_decorator.py
[2022-12-13 23:05:15,334] {processor.py:651} INFO - DAG(s) dict_keys(['example_branch_python_operator_decorator']) retrieved from /home/igor/Documents/airflowalura/venv/lib/python3.9/site-packages/airflow/example_dags/example_branch_operator_decorator.py
[2022-12-13 23:05:15,588] {logging_mixin.py:115} INFO - [2022-12-13 23:05:15,588] {dag.py:2379} INFO - Sync 1 DAGs
[2022-12-13 23:05:15,872] {logging_mixin.py:115} INFO - [2022-12-13 23:05:15,872] {dag.py:2927} INFO - Setting next_dagrun for example_branch_python_operator_decorator to 2022-12-13T00:00:00+00:00, run_after=2022-12-14T00:00:00+00:00
[2022-12-13 23:05:16,024] {processor.py:161} INFO - Processing /home/igor/Documents/airflowalura/venv/lib/python3.9/site-packages/airflow/example_dags/example_branch_operator_decorator.py took 0.943 seconds
[2022-12-13 23:07:12,329] {processor.py:153} INFO - Started process (PID=36234) to work on /home/igor/Documents/airflowalura/venv/lib/python3.9/site-packages/airflow/example_dags/example_branch_operator_decorator.py
[2022-12-13 23:07:12,367] {processor.py:641} INFO - Processing file /home/igor/Documents/airflowalura/venv/lib/python3.9/site-packages/airflow/example_dags/example_branch_operator_decorator.py for tasks to queue
[2022-12-13 23:07:12,420] {logging_mixin.py:115} INFO - [2022-12-13 23:07:12,420] {dagbag.py:507} INFO - Filling up the DagBag from /home/igor/Documents/airflowalura/venv/lib/python3.9/site-packages/airflow/example_dags/example_branch_operator_decorator.py
[2022-12-13 23:07:12,915] {processor.py:651} INFO - DAG(s) dict_keys(['example_branch_python_operator_decorator']) retrieved from /home/igor/Documents/airflowalura/venv/lib/python3.9/site-packages/airflow/example_dags/example_branch_operator_decorator.py
[2022-12-13 23:07:13,145] {logging_mixin.py:115} INFO - [2022-12-13 23:07:13,145] {dag.py:2379} INFO - Sync 1 DAGs
[2022-12-13 23:07:13,594] {logging_mixin.py:115} INFO - [2022-12-13 23:07:13,583] {dag.py:2927} INFO - Setting next_dagrun for example_branch_python_operator_decorator to 2022-12-13T00:00:00+00:00, run_after=2022-12-14T00:00:00+00:00
[2022-12-13 23:07:13,825] {processor.py:161} INFO - Processing /home/igor/Documents/airflowalura/venv/lib/python3.9/site-packages/airflow/example_dags/example_branch_operator_decorator.py took 1.685 seconds
[2022-12-13 23:10:43,816] {processor.py:153} INFO - Started process (PID=36574) to work on /home/igor/Documents/airflowalura/venv/lib/python3.9/site-packages/airflow/example_dags/example_branch_operator_decorator.py
[2022-12-13 23:10:43,866] {processor.py:641} INFO - Processing file /home/igor/Documents/airflowalura/venv/lib/python3.9/site-packages/airflow/example_dags/example_branch_operator_decorator.py for tasks to queue
[2022-12-13 23:10:43,963] {logging_mixin.py:115} INFO - [2022-12-13 23:10:43,963] {dagbag.py:507} INFO - Filling up the DagBag from /home/igor/Documents/airflowalura/venv/lib/python3.9/site-packages/airflow/example_dags/example_branch_operator_decorator.py
[2022-12-13 23:10:44,792] {processor.py:651} INFO - DAG(s) dict_keys(['example_branch_python_operator_decorator']) retrieved from /home/igor/Documents/airflowalura/venv/lib/python3.9/site-packages/airflow/example_dags/example_branch_operator_decorator.py
[2022-12-13 23:10:45,520] {logging_mixin.py:115} INFO - [2022-12-13 23:10:45,520] {dag.py:2379} INFO - Sync 1 DAGs
[2022-12-13 23:10:46,666] {logging_mixin.py:115} INFO - [2022-12-13 23:10:46,665] {dag.py:2927} INFO - Setting next_dagrun for example_branch_python_operator_decorator to 2022-12-13T00:00:00+00:00, run_after=2022-12-14T00:00:00+00:00
[2022-12-13 23:10:47,010] {processor.py:161} INFO - Processing /home/igor/Documents/airflowalura/venv/lib/python3.9/site-packages/airflow/example_dags/example_branch_operator_decorator.py took 3.339 seconds
[2022-12-13 23:12:51,340] {processor.py:153} INFO - Started process (PID=36915) to work on /home/igor/Documents/airflowalura/venv/lib/python3.9/site-packages/airflow/example_dags/example_branch_operator_decorator.py
[2022-12-13 23:12:51,372] {processor.py:641} INFO - Processing file /home/igor/Documents/airflowalura/venv/lib/python3.9/site-packages/airflow/example_dags/example_branch_operator_decorator.py for tasks to queue
[2022-12-13 23:12:51,374] {logging_mixin.py:115} INFO - [2022-12-13 23:12:51,374] {dagbag.py:507} INFO - Filling up the DagBag from /home/igor/Documents/airflowalura/venv/lib/python3.9/site-packages/airflow/example_dags/example_branch_operator_decorator.py
[2022-12-13 23:12:51,651] {processor.py:651} INFO - DAG(s) dict_keys(['example_branch_python_operator_decorator']) retrieved from /home/igor/Documents/airflowalura/venv/lib/python3.9/site-packages/airflow/example_dags/example_branch_operator_decorator.py
[2022-12-13 23:12:51,921] {logging_mixin.py:115} INFO - [2022-12-13 23:12:51,920] {dag.py:2379} INFO - Sync 1 DAGs
[2022-12-13 23:12:52,200] {logging_mixin.py:115} INFO - [2022-12-13 23:12:52,199] {dag.py:2927} INFO - Setting next_dagrun for example_branch_python_operator_decorator to 2022-12-13T00:00:00+00:00, run_after=2022-12-14T00:00:00+00:00
[2022-12-13 23:12:52,331] {processor.py:161} INFO - Processing /home/igor/Documents/airflowalura/venv/lib/python3.9/site-packages/airflow/example_dags/example_branch_operator_decorator.py took 1.044 seconds
[2022-12-13 23:14:27,855] {processor.py:153} INFO - Started process (PID=37202) to work on /home/igor/Documents/airflowalura/venv/lib/python3.9/site-packages/airflow/example_dags/example_branch_operator_decorator.py
[2022-12-13 23:14:27,863] {processor.py:641} INFO - Processing file /home/igor/Documents/airflowalura/venv/lib/python3.9/site-packages/airflow/example_dags/example_branch_operator_decorator.py for tasks to queue
[2022-12-13 23:14:27,875] {logging_mixin.py:115} INFO - [2022-12-13 23:14:27,871] {dagbag.py:507} INFO - Filling up the DagBag from /home/igor/Documents/airflowalura/venv/lib/python3.9/site-packages/airflow/example_dags/example_branch_operator_decorator.py
[2022-12-13 23:14:28,120] {processor.py:651} INFO - DAG(s) dict_keys(['example_branch_python_operator_decorator']) retrieved from /home/igor/Documents/airflowalura/venv/lib/python3.9/site-packages/airflow/example_dags/example_branch_operator_decorator.py
[2022-12-13 23:14:28,242] {logging_mixin.py:115} INFO - [2022-12-13 23:14:28,242] {dag.py:2379} INFO - Sync 1 DAGs
[2022-12-13 23:14:28,397] {logging_mixin.py:115} INFO - [2022-12-13 23:14:28,396] {dag.py:2927} INFO - Setting next_dagrun for example_branch_python_operator_decorator to 2022-12-13T00:00:00+00:00, run_after=2022-12-14T00:00:00+00:00
[2022-12-13 23:14:28,583] {processor.py:161} INFO - Processing /home/igor/Documents/airflowalura/venv/lib/python3.9/site-packages/airflow/example_dags/example_branch_operator_decorator.py took 0.738 seconds
[2022-12-13 23:16:01,339] {processor.py:153} INFO - Started process (PID=37412) to work on /home/igor/Documents/airflowalura/venv/lib/python3.9/site-packages/airflow/example_dags/example_branch_operator_decorator.py
[2022-12-13 23:16:01,358] {processor.py:641} INFO - Processing file /home/igor/Documents/airflowalura/venv/lib/python3.9/site-packages/airflow/example_dags/example_branch_operator_decorator.py for tasks to queue
[2022-12-13 23:16:01,362] {logging_mixin.py:115} INFO - [2022-12-13 23:16:01,359] {dagbag.py:507} INFO - Filling up the DagBag from /home/igor/Documents/airflowalura/venv/lib/python3.9/site-packages/airflow/example_dags/example_branch_operator_decorator.py
[2022-12-13 23:16:01,640] {processor.py:651} INFO - DAG(s) dict_keys(['example_branch_python_operator_decorator']) retrieved from /home/igor/Documents/airflowalura/venv/lib/python3.9/site-packages/airflow/example_dags/example_branch_operator_decorator.py
[2022-12-13 23:16:01,829] {logging_mixin.py:115} INFO - [2022-12-13 23:16:01,829] {dag.py:2379} INFO - Sync 1 DAGs
[2022-12-13 23:16:02,126] {logging_mixin.py:115} INFO - [2022-12-13 23:16:02,124] {dag.py:2927} INFO - Setting next_dagrun for example_branch_python_operator_decorator to 2022-12-13T00:00:00+00:00, run_after=2022-12-14T00:00:00+00:00
[2022-12-13 23:16:02,749] {processor.py:161} INFO - Processing /home/igor/Documents/airflowalura/venv/lib/python3.9/site-packages/airflow/example_dags/example_branch_operator_decorator.py took 1.432 seconds
[2022-12-13 23:18:44,000] {processor.py:153} INFO - Started process (PID=37664) to work on /home/igor/Documents/airflowalura/venv/lib/python3.9/site-packages/airflow/example_dags/example_branch_operator_decorator.py
[2022-12-13 23:18:44,008] {processor.py:641} INFO - Processing file /home/igor/Documents/airflowalura/venv/lib/python3.9/site-packages/airflow/example_dags/example_branch_operator_decorator.py for tasks to queue
[2022-12-13 23:18:44,009] {logging_mixin.py:115} INFO - [2022-12-13 23:18:44,009] {dagbag.py:507} INFO - Filling up the DagBag from /home/igor/Documents/airflowalura/venv/lib/python3.9/site-packages/airflow/example_dags/example_branch_operator_decorator.py
[2022-12-13 23:18:44,280] {processor.py:651} INFO - DAG(s) dict_keys(['example_branch_python_operator_decorator']) retrieved from /home/igor/Documents/airflowalura/venv/lib/python3.9/site-packages/airflow/example_dags/example_branch_operator_decorator.py
[2022-12-13 23:18:44,472] {logging_mixin.py:115} INFO - [2022-12-13 23:18:44,472] {dag.py:2379} INFO - Sync 1 DAGs
[2022-12-13 23:18:44,673] {logging_mixin.py:115} INFO - [2022-12-13 23:18:44,673] {dag.py:2927} INFO - Setting next_dagrun for example_branch_python_operator_decorator to 2022-12-13T00:00:00+00:00, run_after=2022-12-14T00:00:00+00:00
[2022-12-13 23:18:44,801] {processor.py:161} INFO - Processing /home/igor/Documents/airflowalura/venv/lib/python3.9/site-packages/airflow/example_dags/example_branch_operator_decorator.py took 0.830 seconds
[2022-12-13 23:20:04,601] {processor.py:153} INFO - Started process (PID=37862) to work on /home/igor/Documents/airflowalura/venv/lib/python3.9/site-packages/airflow/example_dags/example_branch_operator_decorator.py
[2022-12-13 23:20:04,607] {processor.py:641} INFO - Processing file /home/igor/Documents/airflowalura/venv/lib/python3.9/site-packages/airflow/example_dags/example_branch_operator_decorator.py for tasks to queue
[2022-12-13 23:20:04,609] {logging_mixin.py:115} INFO - [2022-12-13 23:20:04,608] {dagbag.py:507} INFO - Filling up the DagBag from /home/igor/Documents/airflowalura/venv/lib/python3.9/site-packages/airflow/example_dags/example_branch_operator_decorator.py
[2022-12-13 23:20:04,749] {processor.py:651} INFO - DAG(s) dict_keys(['example_branch_python_operator_decorator']) retrieved from /home/igor/Documents/airflowalura/venv/lib/python3.9/site-packages/airflow/example_dags/example_branch_operator_decorator.py
[2022-12-13 23:20:04,886] {logging_mixin.py:115} INFO - [2022-12-13 23:20:04,886] {dag.py:2379} INFO - Sync 1 DAGs
[2022-12-13 23:20:05,019] {logging_mixin.py:115} INFO - [2022-12-13 23:20:05,019] {dag.py:2927} INFO - Setting next_dagrun for example_branch_python_operator_decorator to 2022-12-13T00:00:00+00:00, run_after=2022-12-14T00:00:00+00:00
[2022-12-13 23:20:05,101] {processor.py:161} INFO - Processing /home/igor/Documents/airflowalura/venv/lib/python3.9/site-packages/airflow/example_dags/example_branch_operator_decorator.py took 0.531 seconds
[2022-12-13 23:21:17,750] {processor.py:153} INFO - Started process (PID=38056) to work on /home/igor/Documents/airflowalura/venv/lib/python3.9/site-packages/airflow/example_dags/example_branch_operator_decorator.py
[2022-12-13 23:21:17,768] {processor.py:641} INFO - Processing file /home/igor/Documents/airflowalura/venv/lib/python3.9/site-packages/airflow/example_dags/example_branch_operator_decorator.py for tasks to queue
[2022-12-13 23:21:17,777] {logging_mixin.py:115} INFO - [2022-12-13 23:21:17,777] {dagbag.py:507} INFO - Filling up the DagBag from /home/igor/Documents/airflowalura/venv/lib/python3.9/site-packages/airflow/example_dags/example_branch_operator_decorator.py
[2022-12-13 23:21:17,912] {processor.py:651} INFO - DAG(s) dict_keys(['example_branch_python_operator_decorator']) retrieved from /home/igor/Documents/airflowalura/venv/lib/python3.9/site-packages/airflow/example_dags/example_branch_operator_decorator.py
[2022-12-13 23:21:18,040] {logging_mixin.py:115} INFO - [2022-12-13 23:21:18,040] {dag.py:2379} INFO - Sync 1 DAGs
[2022-12-13 23:21:18,219] {logging_mixin.py:115} INFO - [2022-12-13 23:21:18,219] {dag.py:2927} INFO - Setting next_dagrun for example_branch_python_operator_decorator to 2022-12-13T00:00:00+00:00, run_after=2022-12-14T00:00:00+00:00
[2022-12-13 23:21:18,295] {processor.py:161} INFO - Processing /home/igor/Documents/airflowalura/venv/lib/python3.9/site-packages/airflow/example_dags/example_branch_operator_decorator.py took 0.572 seconds
[2022-12-13 23:22:35,159] {processor.py:153} INFO - Started process (PID=38278) to work on /home/igor/Documents/airflowalura/venv/lib/python3.9/site-packages/airflow/example_dags/example_branch_operator_decorator.py
[2022-12-13 23:22:35,168] {processor.py:641} INFO - Processing file /home/igor/Documents/airflowalura/venv/lib/python3.9/site-packages/airflow/example_dags/example_branch_operator_decorator.py for tasks to queue
[2022-12-13 23:22:35,170] {logging_mixin.py:115} INFO - [2022-12-13 23:22:35,170] {dagbag.py:507} INFO - Filling up the DagBag from /home/igor/Documents/airflowalura/venv/lib/python3.9/site-packages/airflow/example_dags/example_branch_operator_decorator.py
[2022-12-13 23:22:35,353] {processor.py:651} INFO - DAG(s) dict_keys(['example_branch_python_operator_decorator']) retrieved from /home/igor/Documents/airflowalura/venv/lib/python3.9/site-packages/airflow/example_dags/example_branch_operator_decorator.py
[2022-12-13 23:22:35,487] {logging_mixin.py:115} INFO - [2022-12-13 23:22:35,487] {dag.py:2379} INFO - Sync 1 DAGs
[2022-12-13 23:22:35,658] {logging_mixin.py:115} INFO - [2022-12-13 23:22:35,657] {dag.py:2927} INFO - Setting next_dagrun for example_branch_python_operator_decorator to 2022-12-13T00:00:00+00:00, run_after=2022-12-14T00:00:00+00:00
[2022-12-13 23:22:35,766] {processor.py:161} INFO - Processing /home/igor/Documents/airflowalura/venv/lib/python3.9/site-packages/airflow/example_dags/example_branch_operator_decorator.py took 0.647 seconds
[2022-12-13 23:23:56,650] {processor.py:153} INFO - Started process (PID=38529) to work on /home/igor/Documents/airflowalura/venv/lib/python3.9/site-packages/airflow/example_dags/example_branch_operator_decorator.py
[2022-12-13 23:23:56,657] {processor.py:641} INFO - Processing file /home/igor/Documents/airflowalura/venv/lib/python3.9/site-packages/airflow/example_dags/example_branch_operator_decorator.py for tasks to queue
[2022-12-13 23:23:56,658] {logging_mixin.py:115} INFO - [2022-12-13 23:23:56,658] {dagbag.py:507} INFO - Filling up the DagBag from /home/igor/Documents/airflowalura/venv/lib/python3.9/site-packages/airflow/example_dags/example_branch_operator_decorator.py
[2022-12-13 23:23:56,808] {processor.py:651} INFO - DAG(s) dict_keys(['example_branch_python_operator_decorator']) retrieved from /home/igor/Documents/airflowalura/venv/lib/python3.9/site-packages/airflow/example_dags/example_branch_operator_decorator.py
[2022-12-13 23:23:56,950] {logging_mixin.py:115} INFO - [2022-12-13 23:23:56,949] {dag.py:2379} INFO - Sync 1 DAGs
[2022-12-13 23:23:57,152] {logging_mixin.py:115} INFO - [2022-12-13 23:23:57,152] {dag.py:2927} INFO - Setting next_dagrun for example_branch_python_operator_decorator to 2022-12-13T00:00:00+00:00, run_after=2022-12-14T00:00:00+00:00
[2022-12-13 23:23:57,323] {processor.py:161} INFO - Processing /home/igor/Documents/airflowalura/venv/lib/python3.9/site-packages/airflow/example_dags/example_branch_operator_decorator.py took 0.713 seconds
[2022-12-13 23:25:10,203] {processor.py:153} INFO - Started process (PID=38705) to work on /home/igor/Documents/airflowalura/venv/lib/python3.9/site-packages/airflow/example_dags/example_branch_operator_decorator.py
[2022-12-13 23:25:10,212] {processor.py:641} INFO - Processing file /home/igor/Documents/airflowalura/venv/lib/python3.9/site-packages/airflow/example_dags/example_branch_operator_decorator.py for tasks to queue
[2022-12-13 23:25:10,215] {logging_mixin.py:115} INFO - [2022-12-13 23:25:10,215] {dagbag.py:507} INFO - Filling up the DagBag from /home/igor/Documents/airflowalura/venv/lib/python3.9/site-packages/airflow/example_dags/example_branch_operator_decorator.py
[2022-12-13 23:25:10,374] {processor.py:651} INFO - DAG(s) dict_keys(['example_branch_python_operator_decorator']) retrieved from /home/igor/Documents/airflowalura/venv/lib/python3.9/site-packages/airflow/example_dags/example_branch_operator_decorator.py
[2022-12-13 23:25:10,522] {logging_mixin.py:115} INFO - [2022-12-13 23:25:10,522] {dag.py:2379} INFO - Sync 1 DAGs
[2022-12-13 23:25:10,718] {logging_mixin.py:115} INFO - [2022-12-13 23:25:10,718] {dag.py:2927} INFO - Setting next_dagrun for example_branch_python_operator_decorator to 2022-12-13T00:00:00+00:00, run_after=2022-12-14T00:00:00+00:00
[2022-12-13 23:25:10,814] {processor.py:161} INFO - Processing /home/igor/Documents/airflowalura/venv/lib/python3.9/site-packages/airflow/example_dags/example_branch_operator_decorator.py took 0.649 seconds
[2022-12-13 23:26:24,154] {processor.py:153} INFO - Started process (PID=38895) to work on /home/igor/Documents/airflowalura/venv/lib/python3.9/site-packages/airflow/example_dags/example_branch_operator_decorator.py
[2022-12-13 23:26:24,161] {processor.py:641} INFO - Processing file /home/igor/Documents/airflowalura/venv/lib/python3.9/site-packages/airflow/example_dags/example_branch_operator_decorator.py for tasks to queue
[2022-12-13 23:26:24,162] {logging_mixin.py:115} INFO - [2022-12-13 23:26:24,162] {dagbag.py:507} INFO - Filling up the DagBag from /home/igor/Documents/airflowalura/venv/lib/python3.9/site-packages/airflow/example_dags/example_branch_operator_decorator.py
[2022-12-13 23:26:24,326] {processor.py:651} INFO - DAG(s) dict_keys(['example_branch_python_operator_decorator']) retrieved from /home/igor/Documents/airflowalura/venv/lib/python3.9/site-packages/airflow/example_dags/example_branch_operator_decorator.py
[2022-12-13 23:26:24,454] {logging_mixin.py:115} INFO - [2022-12-13 23:26:24,454] {dag.py:2379} INFO - Sync 1 DAGs
[2022-12-13 23:26:24,601] {logging_mixin.py:115} INFO - [2022-12-13 23:26:24,600] {dag.py:2927} INFO - Setting next_dagrun for example_branch_python_operator_decorator to 2022-12-13T00:00:00+00:00, run_after=2022-12-14T00:00:00+00:00
[2022-12-13 23:26:24,699] {processor.py:161} INFO - Processing /home/igor/Documents/airflowalura/venv/lib/python3.9/site-packages/airflow/example_dags/example_branch_operator_decorator.py took 0.570 seconds
[2022-12-13 23:27:40,188] {processor.py:153} INFO - Started process (PID=39095) to work on /home/igor/Documents/airflowalura/venv/lib/python3.9/site-packages/airflow/example_dags/example_branch_operator_decorator.py
[2022-12-13 23:27:40,208] {processor.py:641} INFO - Processing file /home/igor/Documents/airflowalura/venv/lib/python3.9/site-packages/airflow/example_dags/example_branch_operator_decorator.py for tasks to queue
[2022-12-13 23:27:40,213] {logging_mixin.py:115} INFO - [2022-12-13 23:27:40,213] {dagbag.py:507} INFO - Filling up the DagBag from /home/igor/Documents/airflowalura/venv/lib/python3.9/site-packages/airflow/example_dags/example_branch_operator_decorator.py
[2022-12-13 23:27:40,447] {processor.py:651} INFO - DAG(s) dict_keys(['example_branch_python_operator_decorator']) retrieved from /home/igor/Documents/airflowalura/venv/lib/python3.9/site-packages/airflow/example_dags/example_branch_operator_decorator.py
[2022-12-13 23:27:40,753] {logging_mixin.py:115} INFO - [2022-12-13 23:27:40,753] {dag.py:2379} INFO - Sync 1 DAGs
[2022-12-13 23:27:41,080] {logging_mixin.py:115} INFO - [2022-12-13 23:27:41,080] {dag.py:2927} INFO - Setting next_dagrun for example_branch_python_operator_decorator to 2022-12-13T00:00:00+00:00, run_after=2022-12-14T00:00:00+00:00
[2022-12-13 23:27:41,156] {processor.py:161} INFO - Processing /home/igor/Documents/airflowalura/venv/lib/python3.9/site-packages/airflow/example_dags/example_branch_operator_decorator.py took 1.007 seconds
