[2022-12-13 21:26:29,854] {processor.py:153} INFO - Started process (PID=29775) to work on /home/igor/Documents/airflowalura/venv/lib/python3.9/site-packages/airflow/example_dags/example_task_group_decorator.py
[2022-12-13 21:26:29,858] {processor.py:641} INFO - Processing file /home/igor/Documents/airflowalura/venv/lib/python3.9/site-packages/airflow/example_dags/example_task_group_decorator.py for tasks to queue
[2022-12-13 21:26:29,864] {logging_mixin.py:115} INFO - [2022-12-13 21:26:29,863] {dagbag.py:507} INFO - Filling up the DagBag from /home/igor/Documents/airflowalura/venv/lib/python3.9/site-packages/airflow/example_dags/example_task_group_decorator.py
[2022-12-13 21:26:30,178] {processor.py:651} INFO - DAG(s) dict_keys(['example_task_group_decorator']) retrieved from /home/igor/Documents/airflowalura/venv/lib/python3.9/site-packages/airflow/example_dags/example_task_group_decorator.py
[2022-12-13 21:26:30,779] {logging_mixin.py:115} INFO - [2022-12-13 21:26:30,779] {dag.py:2379} INFO - Sync 1 DAGs
[2022-12-13 21:26:30,880] {logging_mixin.py:115} INFO - [2022-12-13 21:26:30,880] {dag.py:2927} INFO - Setting next_dagrun for example_task_group_decorator to 2022-12-13T00:26:30.879502+00:00, run_after=2022-12-14T00:26:30.879502+00:00
[2022-12-13 21:26:32,582] {processor.py:161} INFO - Processing /home/igor/Documents/airflowalura/venv/lib/python3.9/site-packages/airflow/example_dags/example_task_group_decorator.py took 2.730 seconds
[2022-12-13 21:27:46,203] {processor.py:153} INFO - Started process (PID=29975) to work on /home/igor/Documents/airflowalura/venv/lib/python3.9/site-packages/airflow/example_dags/example_task_group_decorator.py
[2022-12-13 21:27:46,211] {processor.py:641} INFO - Processing file /home/igor/Documents/airflowalura/venv/lib/python3.9/site-packages/airflow/example_dags/example_task_group_decorator.py for tasks to queue
[2022-12-13 21:27:46,213] {logging_mixin.py:115} INFO - [2022-12-13 21:27:46,213] {dagbag.py:507} INFO - Filling up the DagBag from /home/igor/Documents/airflowalura/venv/lib/python3.9/site-packages/airflow/example_dags/example_task_group_decorator.py
[2022-12-13 21:27:46,389] {processor.py:651} INFO - DAG(s) dict_keys(['example_task_group_decorator']) retrieved from /home/igor/Documents/airflowalura/venv/lib/python3.9/site-packages/airflow/example_dags/example_task_group_decorator.py
[2022-12-13 21:27:46,640] {logging_mixin.py:115} INFO - [2022-12-13 21:27:46,640] {dag.py:2379} INFO - Sync 1 DAGs
[2022-12-13 21:27:46,720] {logging_mixin.py:115} INFO - [2022-12-13 21:27:46,720] {dag.py:2927} INFO - Setting next_dagrun for example_task_group_decorator to 2022-12-13T00:27:46.719172+00:00, run_after=2022-12-14T00:27:46.719172+00:00
[2022-12-13 21:27:46,837] {processor.py:161} INFO - Processing /home/igor/Documents/airflowalura/venv/lib/python3.9/site-packages/airflow/example_dags/example_task_group_decorator.py took 0.653 seconds
[2022-12-13 21:28:52,170] {processor.py:153} INFO - Started process (PID=30164) to work on /home/igor/Documents/airflowalura/venv/lib/python3.9/site-packages/airflow/example_dags/example_task_group_decorator.py
[2022-12-13 21:28:52,180] {processor.py:641} INFO - Processing file /home/igor/Documents/airflowalura/venv/lib/python3.9/site-packages/airflow/example_dags/example_task_group_decorator.py for tasks to queue
[2022-12-13 21:28:52,182] {logging_mixin.py:115} INFO - [2022-12-13 21:28:52,181] {dagbag.py:507} INFO - Filling up the DagBag from /home/igor/Documents/airflowalura/venv/lib/python3.9/site-packages/airflow/example_dags/example_task_group_decorator.py
[2022-12-13 21:28:52,357] {processor.py:651} INFO - DAG(s) dict_keys(['example_task_group_decorator']) retrieved from /home/igor/Documents/airflowalura/venv/lib/python3.9/site-packages/airflow/example_dags/example_task_group_decorator.py
[2022-12-13 21:28:52,709] {logging_mixin.py:115} INFO - [2022-12-13 21:28:52,709] {dag.py:2379} INFO - Sync 1 DAGs
[2022-12-13 21:28:52,887] {logging_mixin.py:115} INFO - [2022-12-13 21:28:52,887] {dag.py:2927} INFO - Setting next_dagrun for example_task_group_decorator to 2022-12-13T00:28:52.886641+00:00, run_after=2022-12-14T00:28:52.886641+00:00
[2022-12-13 21:28:53,026] {processor.py:161} INFO - Processing /home/igor/Documents/airflowalura/venv/lib/python3.9/site-packages/airflow/example_dags/example_task_group_decorator.py took 0.871 seconds
[2022-12-13 21:29:53,880] {processor.py:153} INFO - Started process (PID=30345) to work on /home/igor/Documents/airflowalura/venv/lib/python3.9/site-packages/airflow/example_dags/example_task_group_decorator.py
[2022-12-13 21:29:53,882] {processor.py:641} INFO - Processing file /home/igor/Documents/airflowalura/venv/lib/python3.9/site-packages/airflow/example_dags/example_task_group_decorator.py for tasks to queue
[2022-12-13 21:29:53,885] {logging_mixin.py:115} INFO - [2022-12-13 21:29:53,884] {dagbag.py:507} INFO - Filling up the DagBag from /home/igor/Documents/airflowalura/venv/lib/python3.9/site-packages/airflow/example_dags/example_task_group_decorator.py
[2022-12-13 21:29:54,183] {processor.py:651} INFO - DAG(s) dict_keys(['example_task_group_decorator']) retrieved from /home/igor/Documents/airflowalura/venv/lib/python3.9/site-packages/airflow/example_dags/example_task_group_decorator.py
[2022-12-13 21:29:54,684] {logging_mixin.py:115} INFO - [2022-12-13 21:29:54,684] {dag.py:2379} INFO - Sync 1 DAGs
[2022-12-13 21:29:54,913] {logging_mixin.py:115} INFO - [2022-12-13 21:29:54,913] {dag.py:2927} INFO - Setting next_dagrun for example_task_group_decorator to 2022-12-13T00:29:54.912391+00:00, run_after=2022-12-14T00:29:54.912391+00:00
[2022-12-13 21:29:55,214] {processor.py:161} INFO - Processing /home/igor/Documents/airflowalura/venv/lib/python3.9/site-packages/airflow/example_dags/example_task_group_decorator.py took 1.369 seconds
[2022-12-13 21:31:40,591] {processor.py:153} INFO - Started process (PID=30561) to work on /home/igor/Documents/airflowalura/venv/lib/python3.9/site-packages/airflow/example_dags/example_task_group_decorator.py
[2022-12-13 21:31:40,603] {processor.py:641} INFO - Processing file /home/igor/Documents/airflowalura/venv/lib/python3.9/site-packages/airflow/example_dags/example_task_group_decorator.py for tasks to queue
[2022-12-13 21:31:40,605] {logging_mixin.py:115} INFO - [2022-12-13 21:31:40,605] {dagbag.py:507} INFO - Filling up the DagBag from /home/igor/Documents/airflowalura/venv/lib/python3.9/site-packages/airflow/example_dags/example_task_group_decorator.py
[2022-12-13 21:31:40,875] {processor.py:651} INFO - DAG(s) dict_keys(['example_task_group_decorator']) retrieved from /home/igor/Documents/airflowalura/venv/lib/python3.9/site-packages/airflow/example_dags/example_task_group_decorator.py
[2022-12-13 21:31:41,466] {logging_mixin.py:115} INFO - [2022-12-13 21:31:41,466] {dag.py:2379} INFO - Sync 1 DAGs
[2022-12-13 21:31:41,604] {logging_mixin.py:115} INFO - [2022-12-13 21:31:41,595] {dag.py:2927} INFO - Setting next_dagrun for example_task_group_decorator to 2022-12-13T00:31:41.594253+00:00, run_after=2022-12-14T00:31:41.594253+00:00
[2022-12-13 21:31:41,724] {processor.py:161} INFO - Processing /home/igor/Documents/airflowalura/venv/lib/python3.9/site-packages/airflow/example_dags/example_task_group_decorator.py took 1.159 seconds
[2022-12-13 21:32:33,629] {processor.py:153} INFO - Started process (PID=30668) to work on /home/igor/Documents/airflowalura/venv/lib/python3.9/site-packages/airflow/example_dags/example_task_group_decorator.py
[2022-12-13 21:32:33,637] {processor.py:641} INFO - Processing file /home/igor/Documents/airflowalura/venv/lib/python3.9/site-packages/airflow/example_dags/example_task_group_decorator.py for tasks to queue
[2022-12-13 21:32:33,638] {logging_mixin.py:115} INFO - [2022-12-13 21:32:33,638] {dagbag.py:507} INFO - Filling up the DagBag from /home/igor/Documents/airflowalura/venv/lib/python3.9/site-packages/airflow/example_dags/example_task_group_decorator.py
[2022-12-13 21:32:33,998] {processor.py:651} INFO - DAG(s) dict_keys(['example_task_group_decorator']) retrieved from /home/igor/Documents/airflowalura/venv/lib/python3.9/site-packages/airflow/example_dags/example_task_group_decorator.py
[2022-12-13 21:32:34,553] {logging_mixin.py:115} INFO - [2022-12-13 21:32:34,553] {dag.py:2379} INFO - Sync 1 DAGs
[2022-12-13 21:32:34,678] {logging_mixin.py:115} INFO - [2022-12-13 21:32:34,677] {dag.py:2927} INFO - Setting next_dagrun for example_task_group_decorator to 2022-12-13T00:32:34.676651+00:00, run_after=2022-12-14T00:32:34.676651+00:00
[2022-12-13 21:32:34,779] {processor.py:161} INFO - Processing /home/igor/Documents/airflowalura/venv/lib/python3.9/site-packages/airflow/example_dags/example_task_group_decorator.py took 1.183 seconds
[2022-12-13 21:33:32,022] {processor.py:153} INFO - Started process (PID=30775) to work on /home/igor/Documents/airflowalura/venv/lib/python3.9/site-packages/airflow/example_dags/example_task_group_decorator.py
[2022-12-13 21:33:32,037] {processor.py:641} INFO - Processing file /home/igor/Documents/airflowalura/venv/lib/python3.9/site-packages/airflow/example_dags/example_task_group_decorator.py for tasks to queue
[2022-12-13 21:33:32,039] {logging_mixin.py:115} INFO - [2022-12-13 21:33:32,039] {dagbag.py:507} INFO - Filling up the DagBag from /home/igor/Documents/airflowalura/venv/lib/python3.9/site-packages/airflow/example_dags/example_task_group_decorator.py
[2022-12-13 21:33:32,320] {processor.py:651} INFO - DAG(s) dict_keys(['example_task_group_decorator']) retrieved from /home/igor/Documents/airflowalura/venv/lib/python3.9/site-packages/airflow/example_dags/example_task_group_decorator.py
[2022-12-13 21:33:32,873] {logging_mixin.py:115} INFO - [2022-12-13 21:33:32,873] {dag.py:2379} INFO - Sync 1 DAGs
[2022-12-13 21:33:33,108] {logging_mixin.py:115} INFO - [2022-12-13 21:33:33,108] {dag.py:2927} INFO - Setting next_dagrun for example_task_group_decorator to 2022-12-13T00:33:33.096852+00:00, run_after=2022-12-14T00:33:33.096852+00:00
[2022-12-13 21:33:33,644] {processor.py:161} INFO - Processing /home/igor/Documents/airflowalura/venv/lib/python3.9/site-packages/airflow/example_dags/example_task_group_decorator.py took 1.638 seconds
[2022-12-13 21:35:17,731] {processor.py:153} INFO - Started process (PID=30992) to work on /home/igor/Documents/airflowalura/venv/lib/python3.9/site-packages/airflow/example_dags/example_task_group_decorator.py
[2022-12-13 21:35:17,748] {processor.py:641} INFO - Processing file /home/igor/Documents/airflowalura/venv/lib/python3.9/site-packages/airflow/example_dags/example_task_group_decorator.py for tasks to queue
[2022-12-13 21:35:17,750] {logging_mixin.py:115} INFO - [2022-12-13 21:35:17,749] {dagbag.py:507} INFO - Filling up the DagBag from /home/igor/Documents/airflowalura/venv/lib/python3.9/site-packages/airflow/example_dags/example_task_group_decorator.py
[2022-12-13 21:35:18,167] {processor.py:651} INFO - DAG(s) dict_keys(['example_task_group_decorator']) retrieved from /home/igor/Documents/airflowalura/venv/lib/python3.9/site-packages/airflow/example_dags/example_task_group_decorator.py
[2022-12-13 21:35:18,970] {logging_mixin.py:115} INFO - [2022-12-13 21:35:18,969] {dag.py:2379} INFO - Sync 1 DAGs
[2022-12-13 21:35:19,199] {logging_mixin.py:115} INFO - [2022-12-13 21:35:19,198] {dag.py:2927} INFO - Setting next_dagrun for example_task_group_decorator to 2022-12-13T00:35:19.198102+00:00, run_after=2022-12-14T00:35:19.198102+00:00
[2022-12-13 21:35:19,404] {processor.py:161} INFO - Processing /home/igor/Documents/airflowalura/venv/lib/python3.9/site-packages/airflow/example_dags/example_task_group_decorator.py took 1.718 seconds
[2022-12-13 21:36:56,278] {processor.py:153} INFO - Started process (PID=31239) to work on /home/igor/Documents/airflowalura/venv/lib/python3.9/site-packages/airflow/example_dags/example_task_group_decorator.py
[2022-12-13 21:36:56,299] {processor.py:641} INFO - Processing file /home/igor/Documents/airflowalura/venv/lib/python3.9/site-packages/airflow/example_dags/example_task_group_decorator.py for tasks to queue
[2022-12-13 21:36:56,302] {logging_mixin.py:115} INFO - [2022-12-13 21:36:56,301] {dagbag.py:507} INFO - Filling up the DagBag from /home/igor/Documents/airflowalura/venv/lib/python3.9/site-packages/airflow/example_dags/example_task_group_decorator.py
[2022-12-13 21:36:56,576] {processor.py:651} INFO - DAG(s) dict_keys(['example_task_group_decorator']) retrieved from /home/igor/Documents/airflowalura/venv/lib/python3.9/site-packages/airflow/example_dags/example_task_group_decorator.py
[2022-12-13 21:36:57,041] {logging_mixin.py:115} INFO - [2022-12-13 21:36:57,040] {dag.py:2379} INFO - Sync 1 DAGs
[2022-12-13 21:36:57,196] {logging_mixin.py:115} INFO - [2022-12-13 21:36:57,196] {dag.py:2927} INFO - Setting next_dagrun for example_task_group_decorator to 2022-12-13T00:36:57.195076+00:00, run_after=2022-12-14T00:36:57.195076+00:00
[2022-12-13 21:36:57,354] {processor.py:161} INFO - Processing /home/igor/Documents/airflowalura/venv/lib/python3.9/site-packages/airflow/example_dags/example_task_group_decorator.py took 1.121 seconds
[2022-12-13 21:37:57,656] {processor.py:153} INFO - Started process (PID=31423) to work on /home/igor/Documents/airflowalura/venv/lib/python3.9/site-packages/airflow/example_dags/example_task_group_decorator.py
[2022-12-13 21:37:57,660] {processor.py:641} INFO - Processing file /home/igor/Documents/airflowalura/venv/lib/python3.9/site-packages/airflow/example_dags/example_task_group_decorator.py for tasks to queue
[2022-12-13 21:37:57,661] {logging_mixin.py:115} INFO - [2022-12-13 21:37:57,661] {dagbag.py:507} INFO - Filling up the DagBag from /home/igor/Documents/airflowalura/venv/lib/python3.9/site-packages/airflow/example_dags/example_task_group_decorator.py
[2022-12-13 21:37:57,943] {processor.py:651} INFO - DAG(s) dict_keys(['example_task_group_decorator']) retrieved from /home/igor/Documents/airflowalura/venv/lib/python3.9/site-packages/airflow/example_dags/example_task_group_decorator.py
[2022-12-13 21:37:58,092] {logging_mixin.py:115} INFO - [2022-12-13 21:37:58,092] {dag.py:2379} INFO - Sync 1 DAGs
[2022-12-13 21:37:58,241] {logging_mixin.py:115} INFO - [2022-12-13 21:37:58,240] {dag.py:2927} INFO - Setting next_dagrun for example_task_group_decorator to 2022-12-13T00:37:58.235337+00:00, run_after=2022-12-14T00:37:58.235337+00:00
[2022-12-13 21:37:58,346] {processor.py:161} INFO - Processing /home/igor/Documents/airflowalura/venv/lib/python3.9/site-packages/airflow/example_dags/example_task_group_decorator.py took 0.722 seconds
[2022-12-13 21:38:58,104] {processor.py:153} INFO - Started process (PID=31601) to work on /home/igor/Documents/airflowalura/venv/lib/python3.9/site-packages/airflow/example_dags/example_task_group_decorator.py
[2022-12-13 21:38:58,128] {processor.py:641} INFO - Processing file /home/igor/Documents/airflowalura/venv/lib/python3.9/site-packages/airflow/example_dags/example_task_group_decorator.py for tasks to queue
[2022-12-13 21:38:58,130] {logging_mixin.py:115} INFO - [2022-12-13 21:38:58,129] {dagbag.py:507} INFO - Filling up the DagBag from /home/igor/Documents/airflowalura/venv/lib/python3.9/site-packages/airflow/example_dags/example_task_group_decorator.py
[2022-12-13 21:38:58,434] {processor.py:651} INFO - DAG(s) dict_keys(['example_task_group_decorator']) retrieved from /home/igor/Documents/airflowalura/venv/lib/python3.9/site-packages/airflow/example_dags/example_task_group_decorator.py
[2022-12-13 21:38:58,791] {logging_mixin.py:115} INFO - [2022-12-13 21:38:58,790] {dag.py:2379} INFO - Sync 1 DAGs
[2022-12-13 21:38:58,907] {logging_mixin.py:115} INFO - [2022-12-13 21:38:58,906] {dag.py:2927} INFO - Setting next_dagrun for example_task_group_decorator to 2022-12-13T00:38:58.905064+00:00, run_after=2022-12-14T00:38:58.905064+00:00
[2022-12-13 21:38:59,019] {processor.py:161} INFO - Processing /home/igor/Documents/airflowalura/venv/lib/python3.9/site-packages/airflow/example_dags/example_task_group_decorator.py took 0.953 seconds
[2022-12-13 23:00:29,735] {processor.py:153} INFO - Started process (PID=35065) to work on /home/igor/Documents/airflowalura/venv/lib/python3.9/site-packages/airflow/example_dags/example_task_group_decorator.py
[2022-12-13 23:00:29,739] {processor.py:641} INFO - Processing file /home/igor/Documents/airflowalura/venv/lib/python3.9/site-packages/airflow/example_dags/example_task_group_decorator.py for tasks to queue
[2022-12-13 23:00:29,741] {logging_mixin.py:115} INFO - [2022-12-13 23:00:29,741] {dagbag.py:507} INFO - Filling up the DagBag from /home/igor/Documents/airflowalura/venv/lib/python3.9/site-packages/airflow/example_dags/example_task_group_decorator.py
[2022-12-13 23:00:30,023] {processor.py:651} INFO - DAG(s) dict_keys(['example_task_group_decorator']) retrieved from /home/igor/Documents/airflowalura/venv/lib/python3.9/site-packages/airflow/example_dags/example_task_group_decorator.py
[2022-12-13 23:00:30,607] {logging_mixin.py:115} INFO - [2022-12-13 23:00:30,607] {dag.py:2379} INFO - Sync 1 DAGs
[2022-12-13 23:00:30,725] {logging_mixin.py:115} INFO - [2022-12-13 23:00:30,725] {dag.py:2927} INFO - Setting next_dagrun for example_task_group_decorator to 2022-12-13T02:00:30.724002+00:00, run_after=2022-12-14T02:00:30.724002+00:00
[2022-12-13 23:00:30,831] {processor.py:161} INFO - Processing /home/igor/Documents/airflowalura/venv/lib/python3.9/site-packages/airflow/example_dags/example_task_group_decorator.py took 1.123 seconds
[2022-12-13 23:01:56,225] {processor.py:153} INFO - Started process (PID=35506) to work on /home/igor/Documents/airflowalura/venv/lib/python3.9/site-packages/airflow/example_dags/example_task_group_decorator.py
[2022-12-13 23:01:56,241] {processor.py:641} INFO - Processing file /home/igor/Documents/airflowalura/venv/lib/python3.9/site-packages/airflow/example_dags/example_task_group_decorator.py for tasks to queue
[2022-12-13 23:01:56,242] {logging_mixin.py:115} INFO - [2022-12-13 23:01:56,242] {dagbag.py:507} INFO - Filling up the DagBag from /home/igor/Documents/airflowalura/venv/lib/python3.9/site-packages/airflow/example_dags/example_task_group_decorator.py
[2022-12-13 23:01:56,805] {processor.py:651} INFO - DAG(s) dict_keys(['example_task_group_decorator']) retrieved from /home/igor/Documents/airflowalura/venv/lib/python3.9/site-packages/airflow/example_dags/example_task_group_decorator.py
[2022-12-13 23:01:56,985] {logging_mixin.py:115} INFO - [2022-12-13 23:01:56,984] {dag.py:2379} INFO - Sync 1 DAGs
[2022-12-13 23:01:57,133] {logging_mixin.py:115} INFO - [2022-12-13 23:01:57,133] {dag.py:2927} INFO - Setting next_dagrun for example_task_group_decorator to 2022-12-13T02:01:57.132638+00:00, run_after=2022-12-14T02:01:57.132638+00:00
[2022-12-13 23:01:57,228] {processor.py:161} INFO - Processing /home/igor/Documents/airflowalura/venv/lib/python3.9/site-packages/airflow/example_dags/example_task_group_decorator.py took 1.024 seconds
[2022-12-13 23:04:02,674] {processor.py:153} INFO - Started process (PID=35855) to work on /home/igor/Documents/airflowalura/venv/lib/python3.9/site-packages/airflow/example_dags/example_task_group_decorator.py
[2022-12-13 23:04:02,695] {processor.py:641} INFO - Processing file /home/igor/Documents/airflowalura/venv/lib/python3.9/site-packages/airflow/example_dags/example_task_group_decorator.py for tasks to queue
[2022-12-13 23:04:02,697] {logging_mixin.py:115} INFO - [2022-12-13 23:04:02,697] {dagbag.py:507} INFO - Filling up the DagBag from /home/igor/Documents/airflowalura/venv/lib/python3.9/site-packages/airflow/example_dags/example_task_group_decorator.py
[2022-12-13 23:04:03,485] {processor.py:651} INFO - DAG(s) dict_keys(['example_task_group_decorator']) retrieved from /home/igor/Documents/airflowalura/venv/lib/python3.9/site-packages/airflow/example_dags/example_task_group_decorator.py
[2022-12-13 23:04:03,683] {logging_mixin.py:115} INFO - [2022-12-13 23:04:03,683] {dag.py:2379} INFO - Sync 1 DAGs
[2022-12-13 23:04:03,910] {logging_mixin.py:115} INFO - [2022-12-13 23:04:03,910] {dag.py:2927} INFO - Setting next_dagrun for example_task_group_decorator to 2022-12-13T02:04:03.886285+00:00, run_after=2022-12-14T02:04:03.886285+00:00
[2022-12-13 23:04:04,052] {processor.py:161} INFO - Processing /home/igor/Documents/airflowalura/venv/lib/python3.9/site-packages/airflow/example_dags/example_task_group_decorator.py took 1.419 seconds
[2022-12-13 23:05:06,151] {processor.py:153} INFO - Started process (PID=35993) to work on /home/igor/Documents/airflowalura/venv/lib/python3.9/site-packages/airflow/example_dags/example_task_group_decorator.py
[2022-12-13 23:05:06,156] {processor.py:641} INFO - Processing file /home/igor/Documents/airflowalura/venv/lib/python3.9/site-packages/airflow/example_dags/example_task_group_decorator.py for tasks to queue
[2022-12-13 23:05:06,165] {logging_mixin.py:115} INFO - [2022-12-13 23:05:06,164] {dagbag.py:507} INFO - Filling up the DagBag from /home/igor/Documents/airflowalura/venv/lib/python3.9/site-packages/airflow/example_dags/example_task_group_decorator.py
[2022-12-13 23:05:06,547] {processor.py:651} INFO - DAG(s) dict_keys(['example_task_group_decorator']) retrieved from /home/igor/Documents/airflowalura/venv/lib/python3.9/site-packages/airflow/example_dags/example_task_group_decorator.py
[2022-12-13 23:05:07,158] {logging_mixin.py:115} INFO - [2022-12-13 23:05:07,158] {dag.py:2379} INFO - Sync 1 DAGs
[2022-12-13 23:05:07,477] {logging_mixin.py:115} INFO - [2022-12-13 23:05:07,477] {dag.py:2927} INFO - Setting next_dagrun for example_task_group_decorator to 2022-12-13T02:05:07.455046+00:00, run_after=2022-12-14T02:05:07.455046+00:00
[2022-12-13 23:05:07,706] {processor.py:161} INFO - Processing /home/igor/Documents/airflowalura/venv/lib/python3.9/site-packages/airflow/example_dags/example_task_group_decorator.py took 1.653 seconds
[2022-12-13 23:07:01,961] {processor.py:153} INFO - Started process (PID=36224) to work on /home/igor/Documents/airflowalura/venv/lib/python3.9/site-packages/airflow/example_dags/example_task_group_decorator.py
[2022-12-13 23:07:01,984] {processor.py:641} INFO - Processing file /home/igor/Documents/airflowalura/venv/lib/python3.9/site-packages/airflow/example_dags/example_task_group_decorator.py for tasks to queue
[2022-12-13 23:07:01,985] {logging_mixin.py:115} INFO - [2022-12-13 23:07:01,985] {dagbag.py:507} INFO - Filling up the DagBag from /home/igor/Documents/airflowalura/venv/lib/python3.9/site-packages/airflow/example_dags/example_task_group_decorator.py
[2022-12-13 23:07:02,237] {processor.py:651} INFO - DAG(s) dict_keys(['example_task_group_decorator']) retrieved from /home/igor/Documents/airflowalura/venv/lib/python3.9/site-packages/airflow/example_dags/example_task_group_decorator.py
[2022-12-13 23:07:02,635] {logging_mixin.py:115} INFO - [2022-12-13 23:07:02,635] {dag.py:2379} INFO - Sync 1 DAGs
[2022-12-13 23:07:02,955] {logging_mixin.py:115} INFO - [2022-12-13 23:07:02,953] {dag.py:2927} INFO - Setting next_dagrun for example_task_group_decorator to 2022-12-13T02:07:02.926528+00:00, run_after=2022-12-14T02:07:02.926528+00:00
[2022-12-13 23:07:03,198] {processor.py:161} INFO - Processing /home/igor/Documents/airflowalura/venv/lib/python3.9/site-packages/airflow/example_dags/example_task_group_decorator.py took 1.248 seconds
[2022-12-13 23:08:18,655] {processor.py:153} INFO - Started process (PID=36346) to work on /home/igor/Documents/airflowalura/venv/lib/python3.9/site-packages/airflow/example_dags/example_task_group_decorator.py
[2022-12-13 23:08:18,659] {processor.py:641} INFO - Processing file /home/igor/Documents/airflowalura/venv/lib/python3.9/site-packages/airflow/example_dags/example_task_group_decorator.py for tasks to queue
[2022-12-13 23:08:18,660] {logging_mixin.py:115} INFO - [2022-12-13 23:08:18,660] {dagbag.py:507} INFO - Filling up the DagBag from /home/igor/Documents/airflowalura/venv/lib/python3.9/site-packages/airflow/example_dags/example_task_group_decorator.py
[2022-12-13 23:08:19,324] {processor.py:651} INFO - DAG(s) dict_keys(['example_task_group_decorator']) retrieved from /home/igor/Documents/airflowalura/venv/lib/python3.9/site-packages/airflow/example_dags/example_task_group_decorator.py
[2022-12-13 23:08:20,192] {logging_mixin.py:115} INFO - [2022-12-13 23:08:20,191] {dag.py:2379} INFO - Sync 1 DAGs
[2022-12-13 23:08:20,451] {logging_mixin.py:115} INFO - [2022-12-13 23:08:20,442] {dag.py:2927} INFO - Setting next_dagrun for example_task_group_decorator to 2022-12-13T02:08:20.425056+00:00, run_after=2022-12-14T02:08:20.425056+00:00
[2022-12-13 23:08:20,773] {processor.py:161} INFO - Processing /home/igor/Documents/airflowalura/venv/lib/python3.9/site-packages/airflow/example_dags/example_task_group_decorator.py took 2.174 seconds
[2022-12-13 23:10:07,645] {processor.py:153} INFO - Started process (PID=36522) to work on /home/igor/Documents/airflowalura/venv/lib/python3.9/site-packages/airflow/example_dags/example_task_group_decorator.py
[2022-12-13 23:10:07,704] {processor.py:641} INFO - Processing file /home/igor/Documents/airflowalura/venv/lib/python3.9/site-packages/airflow/example_dags/example_task_group_decorator.py for tasks to queue
[2022-12-13 23:10:07,706] {logging_mixin.py:115} INFO - [2022-12-13 23:10:07,705] {dagbag.py:507} INFO - Filling up the DagBag from /home/igor/Documents/airflowalura/venv/lib/python3.9/site-packages/airflow/example_dags/example_task_group_decorator.py
[2022-12-13 23:10:08,777] {processor.py:651} INFO - DAG(s) dict_keys(['example_task_group_decorator']) retrieved from /home/igor/Documents/airflowalura/venv/lib/python3.9/site-packages/airflow/example_dags/example_task_group_decorator.py
[2022-12-13 23:10:09,830] {logging_mixin.py:115} INFO - [2022-12-13 23:10:09,830] {dag.py:2379} INFO - Sync 1 DAGs
[2022-12-13 23:10:10,520] {logging_mixin.py:115} INFO - [2022-12-13 23:10:10,516] {dag.py:2927} INFO - Setting next_dagrun for example_task_group_decorator to 2022-12-13T02:10:10.484200+00:00, run_after=2022-12-14T02:10:10.484200+00:00
[2022-12-13 23:10:10,939] {processor.py:161} INFO - Processing /home/igor/Documents/airflowalura/venv/lib/python3.9/site-packages/airflow/example_dags/example_task_group_decorator.py took 3.350 seconds
[2022-12-13 23:11:58,129] {processor.py:153} INFO - Started process (PID=36682) to work on /home/igor/Documents/airflowalura/venv/lib/python3.9/site-packages/airflow/example_dags/example_task_group_decorator.py
[2022-12-13 23:11:58,134] {processor.py:641} INFO - Processing file /home/igor/Documents/airflowalura/venv/lib/python3.9/site-packages/airflow/example_dags/example_task_group_decorator.py for tasks to queue
[2022-12-13 23:11:58,143] {logging_mixin.py:115} INFO - [2022-12-13 23:11:58,142] {dagbag.py:507} INFO - Filling up the DagBag from /home/igor/Documents/airflowalura/venv/lib/python3.9/site-packages/airflow/example_dags/example_task_group_decorator.py
[2022-12-13 23:12:00,514] {processor.py:651} INFO - DAG(s) dict_keys(['example_task_group_decorator']) retrieved from /home/igor/Documents/airflowalura/venv/lib/python3.9/site-packages/airflow/example_dags/example_task_group_decorator.py
[2022-12-13 23:12:00,989] {logging_mixin.py:115} INFO - [2022-12-13 23:12:00,989] {dag.py:2379} INFO - Sync 1 DAGs
[2022-12-13 23:12:01,506] {logging_mixin.py:115} INFO - [2022-12-13 23:12:01,506] {dag.py:2927} INFO - Setting next_dagrun for example_task_group_decorator to 2022-12-13T02:12:01.483300+00:00, run_after=2022-12-14T02:12:01.483300+00:00
[2022-12-13 23:12:02,433] {processor.py:161} INFO - Processing /home/igor/Documents/airflowalura/venv/lib/python3.9/site-packages/airflow/example_dags/example_task_group_decorator.py took 4.337 seconds
[2022-12-13 23:13:20,968] {processor.py:153} INFO - Started process (PID=37033) to work on /home/igor/Documents/airflowalura/venv/lib/python3.9/site-packages/airflow/example_dags/example_task_group_decorator.py
[2022-12-13 23:13:20,977] {processor.py:641} INFO - Processing file /home/igor/Documents/airflowalura/venv/lib/python3.9/site-packages/airflow/example_dags/example_task_group_decorator.py for tasks to queue
[2022-12-13 23:13:20,978] {logging_mixin.py:115} INFO - [2022-12-13 23:13:20,978] {dagbag.py:507} INFO - Filling up the DagBag from /home/igor/Documents/airflowalura/venv/lib/python3.9/site-packages/airflow/example_dags/example_task_group_decorator.py
[2022-12-13 23:13:21,280] {processor.py:651} INFO - DAG(s) dict_keys(['example_task_group_decorator']) retrieved from /home/igor/Documents/airflowalura/venv/lib/python3.9/site-packages/airflow/example_dags/example_task_group_decorator.py
[2022-12-13 23:13:21,512] {logging_mixin.py:115} INFO - [2022-12-13 23:13:21,511] {dag.py:2379} INFO - Sync 1 DAGs
[2022-12-13 23:13:21,810] {logging_mixin.py:115} INFO - [2022-12-13 23:13:21,810] {dag.py:2927} INFO - Setting next_dagrun for example_task_group_decorator to 2022-12-13T02:13:21.809520+00:00, run_after=2022-12-14T02:13:21.809520+00:00
[2022-12-13 23:13:21,940] {processor.py:161} INFO - Processing /home/igor/Documents/airflowalura/venv/lib/python3.9/site-packages/airflow/example_dags/example_task_group_decorator.py took 0.986 seconds
[2022-12-13 23:14:50,176] {processor.py:153} INFO - Started process (PID=37251) to work on /home/igor/Documents/airflowalura/venv/lib/python3.9/site-packages/airflow/example_dags/example_task_group_decorator.py
[2022-12-13 23:14:50,183] {processor.py:641} INFO - Processing file /home/igor/Documents/airflowalura/venv/lib/python3.9/site-packages/airflow/example_dags/example_task_group_decorator.py for tasks to queue
[2022-12-13 23:14:50,252] {logging_mixin.py:115} INFO - [2022-12-13 23:14:50,252] {dagbag.py:507} INFO - Filling up the DagBag from /home/igor/Documents/airflowalura/venv/lib/python3.9/site-packages/airflow/example_dags/example_task_group_decorator.py
[2022-12-13 23:14:50,620] {processor.py:651} INFO - DAG(s) dict_keys(['example_task_group_decorator']) retrieved from /home/igor/Documents/airflowalura/venv/lib/python3.9/site-packages/airflow/example_dags/example_task_group_decorator.py
[2022-12-13 23:14:51,111] {logging_mixin.py:115} INFO - [2022-12-13 23:14:51,111] {dag.py:2379} INFO - Sync 1 DAGs
[2022-12-13 23:14:51,286] {logging_mixin.py:115} INFO - [2022-12-13 23:14:51,286] {dag.py:2927} INFO - Setting next_dagrun for example_task_group_decorator to 2022-12-13T02:14:51.282581+00:00, run_after=2022-12-14T02:14:51.282581+00:00
[2022-12-13 23:14:51,456] {processor.py:161} INFO - Processing /home/igor/Documents/airflowalura/venv/lib/python3.9/site-packages/airflow/example_dags/example_task_group_decorator.py took 1.333 seconds
[2022-12-13 23:17:34,449] {processor.py:153} INFO - Started process (PID=37501) to work on /home/igor/Documents/airflowalura/venv/lib/python3.9/site-packages/airflow/example_dags/example_task_group_decorator.py
[2022-12-13 23:17:34,462] {processor.py:641} INFO - Processing file /home/igor/Documents/airflowalura/venv/lib/python3.9/site-packages/airflow/example_dags/example_task_group_decorator.py for tasks to queue
[2022-12-13 23:17:34,464] {logging_mixin.py:115} INFO - [2022-12-13 23:17:34,464] {dagbag.py:507} INFO - Filling up the DagBag from /home/igor/Documents/airflowalura/venv/lib/python3.9/site-packages/airflow/example_dags/example_task_group_decorator.py
[2022-12-13 23:17:34,787] {processor.py:651} INFO - DAG(s) dict_keys(['example_task_group_decorator']) retrieved from /home/igor/Documents/airflowalura/venv/lib/python3.9/site-packages/airflow/example_dags/example_task_group_decorator.py
[2022-12-13 23:17:35,239] {logging_mixin.py:115} INFO - [2022-12-13 23:17:35,239] {dag.py:2379} INFO - Sync 1 DAGs
[2022-12-13 23:17:35,397] {logging_mixin.py:115} INFO - [2022-12-13 23:17:35,397] {dag.py:2927} INFO - Setting next_dagrun for example_task_group_decorator to 2022-12-13T02:17:35.396827+00:00, run_after=2022-12-14T02:17:35.396827+00:00
[2022-12-13 23:17:35,554] {processor.py:161} INFO - Processing /home/igor/Documents/airflowalura/venv/lib/python3.9/site-packages/airflow/example_dags/example_task_group_decorator.py took 1.127 seconds
[2022-12-13 23:19:04,572] {processor.py:153} INFO - Started process (PID=37718) to work on /home/igor/Documents/airflowalura/venv/lib/python3.9/site-packages/airflow/example_dags/example_task_group_decorator.py
[2022-12-13 23:19:04,586] {processor.py:641} INFO - Processing file /home/igor/Documents/airflowalura/venv/lib/python3.9/site-packages/airflow/example_dags/example_task_group_decorator.py for tasks to queue
[2022-12-13 23:19:04,592] {logging_mixin.py:115} INFO - [2022-12-13 23:19:04,592] {dagbag.py:507} INFO - Filling up the DagBag from /home/igor/Documents/airflowalura/venv/lib/python3.9/site-packages/airflow/example_dags/example_task_group_decorator.py
[2022-12-13 23:19:04,878] {processor.py:651} INFO - DAG(s) dict_keys(['example_task_group_decorator']) retrieved from /home/igor/Documents/airflowalura/venv/lib/python3.9/site-packages/airflow/example_dags/example_task_group_decorator.py
[2022-12-13 23:19:05,075] {logging_mixin.py:115} INFO - [2022-12-13 23:19:05,075] {dag.py:2379} INFO - Sync 1 DAGs
[2022-12-13 23:19:05,284] {logging_mixin.py:115} INFO - [2022-12-13 23:19:05,284] {dag.py:2927} INFO - Setting next_dagrun for example_task_group_decorator to 2022-12-13T02:19:05.282302+00:00, run_after=2022-12-14T02:19:05.282302+00:00
[2022-12-13 23:19:05,394] {processor.py:161} INFO - Processing /home/igor/Documents/airflowalura/venv/lib/python3.9/site-packages/airflow/example_dags/example_task_group_decorator.py took 0.851 seconds
[2022-12-13 23:20:20,336] {processor.py:153} INFO - Started process (PID=37895) to work on /home/igor/Documents/airflowalura/venv/lib/python3.9/site-packages/airflow/example_dags/example_task_group_decorator.py
[2022-12-13 23:20:20,350] {processor.py:641} INFO - Processing file /home/igor/Documents/airflowalura/venv/lib/python3.9/site-packages/airflow/example_dags/example_task_group_decorator.py for tasks to queue
[2022-12-13 23:20:20,357] {logging_mixin.py:115} INFO - [2022-12-13 23:20:20,356] {dagbag.py:507} INFO - Filling up the DagBag from /home/igor/Documents/airflowalura/venv/lib/python3.9/site-packages/airflow/example_dags/example_task_group_decorator.py
[2022-12-13 23:20:20,630] {processor.py:651} INFO - DAG(s) dict_keys(['example_task_group_decorator']) retrieved from /home/igor/Documents/airflowalura/venv/lib/python3.9/site-packages/airflow/example_dags/example_task_group_decorator.py
[2022-12-13 23:20:21,078] {logging_mixin.py:115} INFO - [2022-12-13 23:20:21,078] {dag.py:2379} INFO - Sync 1 DAGs
[2022-12-13 23:20:21,238] {logging_mixin.py:115} INFO - [2022-12-13 23:20:21,238] {dag.py:2927} INFO - Setting next_dagrun for example_task_group_decorator to 2022-12-13T02:20:21.237659+00:00, run_after=2022-12-14T02:20:21.237659+00:00
[2022-12-13 23:20:21,314] {processor.py:161} INFO - Processing /home/igor/Documents/airflowalura/venv/lib/python3.9/site-packages/airflow/example_dags/example_task_group_decorator.py took 1.005 seconds
[2022-12-13 23:21:34,283] {processor.py:153} INFO - Started process (PID=38092) to work on /home/igor/Documents/airflowalura/venv/lib/python3.9/site-packages/airflow/example_dags/example_task_group_decorator.py
[2022-12-13 23:21:34,306] {processor.py:641} INFO - Processing file /home/igor/Documents/airflowalura/venv/lib/python3.9/site-packages/airflow/example_dags/example_task_group_decorator.py for tasks to queue
[2022-12-13 23:21:34,307] {logging_mixin.py:115} INFO - [2022-12-13 23:21:34,307] {dagbag.py:507} INFO - Filling up the DagBag from /home/igor/Documents/airflowalura/venv/lib/python3.9/site-packages/airflow/example_dags/example_task_group_decorator.py
[2022-12-13 23:21:34,583] {processor.py:651} INFO - DAG(s) dict_keys(['example_task_group_decorator']) retrieved from /home/igor/Documents/airflowalura/venv/lib/python3.9/site-packages/airflow/example_dags/example_task_group_decorator.py
[2022-12-13 23:21:34,742] {logging_mixin.py:115} INFO - [2022-12-13 23:21:34,742] {dag.py:2379} INFO - Sync 1 DAGs
[2022-12-13 23:21:34,888] {logging_mixin.py:115} INFO - [2022-12-13 23:21:34,887] {dag.py:2927} INFO - Setting next_dagrun for example_task_group_decorator to 2022-12-13T02:21:34.874395+00:00, run_after=2022-12-14T02:21:34.874395+00:00
[2022-12-13 23:21:34,994] {processor.py:161} INFO - Processing /home/igor/Documents/airflowalura/venv/lib/python3.9/site-packages/airflow/example_dags/example_task_group_decorator.py took 0.738 seconds
[2022-12-13 23:22:53,285] {processor.py:153} INFO - Started process (PID=38322) to work on /home/igor/Documents/airflowalura/venv/lib/python3.9/site-packages/airflow/example_dags/example_task_group_decorator.py
[2022-12-13 23:22:53,287] {processor.py:641} INFO - Processing file /home/igor/Documents/airflowalura/venv/lib/python3.9/site-packages/airflow/example_dags/example_task_group_decorator.py for tasks to queue
[2022-12-13 23:22:53,288] {logging_mixin.py:115} INFO - [2022-12-13 23:22:53,288] {dagbag.py:507} INFO - Filling up the DagBag from /home/igor/Documents/airflowalura/venv/lib/python3.9/site-packages/airflow/example_dags/example_task_group_decorator.py
[2022-12-13 23:22:53,776] {processor.py:651} INFO - DAG(s) dict_keys(['example_task_group_decorator']) retrieved from /home/igor/Documents/airflowalura/venv/lib/python3.9/site-packages/airflow/example_dags/example_task_group_decorator.py
[2022-12-13 23:22:54,409] {logging_mixin.py:115} INFO - [2022-12-13 23:22:54,409] {dag.py:2379} INFO - Sync 1 DAGs
[2022-12-13 23:22:54,656] {logging_mixin.py:115} INFO - [2022-12-13 23:22:54,656] {dag.py:2927} INFO - Setting next_dagrun for example_task_group_decorator to 2022-12-13T02:22:54.653677+00:00, run_after=2022-12-14T02:22:54.653677+00:00
[2022-12-13 23:22:54,778] {processor.py:161} INFO - Processing /home/igor/Documents/airflowalura/venv/lib/python3.9/site-packages/airflow/example_dags/example_task_group_decorator.py took 1.505 seconds
[2022-12-13 23:24:13,127] {processor.py:153} INFO - Started process (PID=38563) to work on /home/igor/Documents/airflowalura/venv/lib/python3.9/site-packages/airflow/example_dags/example_task_group_decorator.py
[2022-12-13 23:24:13,138] {processor.py:641} INFO - Processing file /home/igor/Documents/airflowalura/venv/lib/python3.9/site-packages/airflow/example_dags/example_task_group_decorator.py for tasks to queue
[2022-12-13 23:24:13,141] {logging_mixin.py:115} INFO - [2022-12-13 23:24:13,140] {dagbag.py:507} INFO - Filling up the DagBag from /home/igor/Documents/airflowalura/venv/lib/python3.9/site-packages/airflow/example_dags/example_task_group_decorator.py
[2022-12-13 23:24:13,436] {processor.py:651} INFO - DAG(s) dict_keys(['example_task_group_decorator']) retrieved from /home/igor/Documents/airflowalura/venv/lib/python3.9/site-packages/airflow/example_dags/example_task_group_decorator.py
[2022-12-13 23:24:13,594] {logging_mixin.py:115} INFO - [2022-12-13 23:24:13,593] {dag.py:2379} INFO - Sync 1 DAGs
[2022-12-13 23:24:13,754] {logging_mixin.py:115} INFO - [2022-12-13 23:24:13,754] {dag.py:2927} INFO - Setting next_dagrun for example_task_group_decorator to 2022-12-13T02:24:13.751074+00:00, run_after=2022-12-14T02:24:13.751074+00:00
[2022-12-13 23:24:13,886] {processor.py:161} INFO - Processing /home/igor/Documents/airflowalura/venv/lib/python3.9/site-packages/airflow/example_dags/example_task_group_decorator.py took 0.800 seconds
[2022-12-13 23:25:26,317] {processor.py:153} INFO - Started process (PID=38742) to work on /home/igor/Documents/airflowalura/venv/lib/python3.9/site-packages/airflow/example_dags/example_task_group_decorator.py
[2022-12-13 23:25:26,321] {processor.py:641} INFO - Processing file /home/igor/Documents/airflowalura/venv/lib/python3.9/site-packages/airflow/example_dags/example_task_group_decorator.py for tasks to queue
[2022-12-13 23:25:26,326] {logging_mixin.py:115} INFO - [2022-12-13 23:25:26,326] {dagbag.py:507} INFO - Filling up the DagBag from /home/igor/Documents/airflowalura/venv/lib/python3.9/site-packages/airflow/example_dags/example_task_group_decorator.py
[2022-12-13 23:25:26,557] {processor.py:651} INFO - DAG(s) dict_keys(['example_task_group_decorator']) retrieved from /home/igor/Documents/airflowalura/venv/lib/python3.9/site-packages/airflow/example_dags/example_task_group_decorator.py
[2022-12-13 23:25:26,938] {logging_mixin.py:115} INFO - [2022-12-13 23:25:26,937] {dag.py:2379} INFO - Sync 1 DAGs
[2022-12-13 23:25:27,096] {logging_mixin.py:115} INFO - [2022-12-13 23:25:27,096] {dag.py:2927} INFO - Setting next_dagrun for example_task_group_decorator to 2022-12-13T02:25:27.091220+00:00, run_after=2022-12-14T02:25:27.091220+00:00
[2022-12-13 23:25:27,223] {processor.py:161} INFO - Processing /home/igor/Documents/airflowalura/venv/lib/python3.9/site-packages/airflow/example_dags/example_task_group_decorator.py took 0.928 seconds
[2022-12-13 23:26:39,426] {processor.py:153} INFO - Started process (PID=38929) to work on /home/igor/Documents/airflowalura/venv/lib/python3.9/site-packages/airflow/example_dags/example_task_group_decorator.py
[2022-12-13 23:26:39,434] {processor.py:641} INFO - Processing file /home/igor/Documents/airflowalura/venv/lib/python3.9/site-packages/airflow/example_dags/example_task_group_decorator.py for tasks to queue
[2022-12-13 23:26:39,456] {logging_mixin.py:115} INFO - [2022-12-13 23:26:39,456] {dagbag.py:507} INFO - Filling up the DagBag from /home/igor/Documents/airflowalura/venv/lib/python3.9/site-packages/airflow/example_dags/example_task_group_decorator.py
[2022-12-13 23:26:39,798] {processor.py:651} INFO - DAG(s) dict_keys(['example_task_group_decorator']) retrieved from /home/igor/Documents/airflowalura/venv/lib/python3.9/site-packages/airflow/example_dags/example_task_group_decorator.py
[2022-12-13 23:26:40,237] {logging_mixin.py:115} INFO - [2022-12-13 23:26:40,236] {dag.py:2379} INFO - Sync 1 DAGs
[2022-12-13 23:26:40,421] {logging_mixin.py:115} INFO - [2022-12-13 23:26:40,420] {dag.py:2927} INFO - Setting next_dagrun for example_task_group_decorator to 2022-12-13T02:26:40.420092+00:00, run_after=2022-12-14T02:26:40.420092+00:00
[2022-12-13 23:26:40,694] {processor.py:161} INFO - Processing /home/igor/Documents/airflowalura/venv/lib/python3.9/site-packages/airflow/example_dags/example_task_group_decorator.py took 1.308 seconds
