[2022-12-13 21:27:14,181] {processor.py:153} INFO - Started process (PID=29883) to work on /home/igor/Documents/airflowalura/venv/lib/python3.9/site-packages/airflow/example_dags/example_branch_operator.py
[2022-12-13 21:27:14,182] {processor.py:641} INFO - Processing file /home/igor/Documents/airflowalura/venv/lib/python3.9/site-packages/airflow/example_dags/example_branch_operator.py for tasks to queue
[2022-12-13 21:27:14,186] {logging_mixin.py:115} INFO - [2022-12-13 21:27:14,185] {dagbag.py:507} INFO - Filling up the DagBag from /home/igor/Documents/airflowalura/venv/lib/python3.9/site-packages/airflow/example_dags/example_branch_operator.py
[2022-12-13 21:27:14,282] {processor.py:651} INFO - DAG(s) dict_keys(['example_branch_operator']) retrieved from /home/igor/Documents/airflowalura/venv/lib/python3.9/site-packages/airflow/example_dags/example_branch_operator.py
[2022-12-13 21:27:14,416] {logging_mixin.py:115} INFO - [2022-12-13 21:27:14,415] {dag.py:2379} INFO - Sync 1 DAGs
[2022-12-13 21:27:14,618] {logging_mixin.py:115} INFO - [2022-12-13 21:27:14,618] {dag.py:2927} INFO - Setting next_dagrun for example_branch_operator to 2022-12-13T00:00:00+00:00, run_after=2022-12-14T00:00:00+00:00
[2022-12-13 21:27:14,745] {processor.py:161} INFO - Processing /home/igor/Documents/airflowalura/venv/lib/python3.9/site-packages/airflow/example_dags/example_branch_operator.py took 0.606 seconds
[2022-12-13 21:28:26,977] {processor.py:153} INFO - Started process (PID=30090) to work on /home/igor/Documents/airflowalura/venv/lib/python3.9/site-packages/airflow/example_dags/example_branch_operator.py
[2022-12-13 21:28:26,984] {processor.py:641} INFO - Processing file /home/igor/Documents/airflowalura/venv/lib/python3.9/site-packages/airflow/example_dags/example_branch_operator.py for tasks to queue
[2022-12-13 21:28:26,985] {logging_mixin.py:115} INFO - [2022-12-13 21:28:26,985] {dagbag.py:507} INFO - Filling up the DagBag from /home/igor/Documents/airflowalura/venv/lib/python3.9/site-packages/airflow/example_dags/example_branch_operator.py
[2022-12-13 21:28:27,066] {processor.py:651} INFO - DAG(s) dict_keys(['example_branch_operator']) retrieved from /home/igor/Documents/airflowalura/venv/lib/python3.9/site-packages/airflow/example_dags/example_branch_operator.py
[2022-12-13 21:28:27,256] {logging_mixin.py:115} INFO - [2022-12-13 21:28:27,256] {dag.py:2379} INFO - Sync 1 DAGs
[2022-12-13 21:28:27,514] {logging_mixin.py:115} INFO - [2022-12-13 21:28:27,514] {dag.py:2927} INFO - Setting next_dagrun for example_branch_operator to 2022-12-13T00:00:00+00:00, run_after=2022-12-14T00:00:00+00:00
[2022-12-13 21:28:27,609] {processor.py:161} INFO - Processing /home/igor/Documents/airflowalura/venv/lib/python3.9/site-packages/airflow/example_dags/example_branch_operator.py took 0.655 seconds
[2022-12-13 21:29:29,489] {processor.py:153} INFO - Started process (PID=30281) to work on /home/igor/Documents/airflowalura/venv/lib/python3.9/site-packages/airflow/example_dags/example_branch_operator.py
[2022-12-13 21:29:29,493] {processor.py:641} INFO - Processing file /home/igor/Documents/airflowalura/venv/lib/python3.9/site-packages/airflow/example_dags/example_branch_operator.py for tasks to queue
[2022-12-13 21:29:29,499] {logging_mixin.py:115} INFO - [2022-12-13 21:29:29,498] {dagbag.py:507} INFO - Filling up the DagBag from /home/igor/Documents/airflowalura/venv/lib/python3.9/site-packages/airflow/example_dags/example_branch_operator.py
[2022-12-13 21:29:29,615] {processor.py:651} INFO - DAG(s) dict_keys(['example_branch_operator']) retrieved from /home/igor/Documents/airflowalura/venv/lib/python3.9/site-packages/airflow/example_dags/example_branch_operator.py
[2022-12-13 21:29:29,778] {logging_mixin.py:115} INFO - [2022-12-13 21:29:29,778] {dag.py:2379} INFO - Sync 1 DAGs
[2022-12-13 21:29:29,913] {logging_mixin.py:115} INFO - [2022-12-13 21:29:29,913] {dag.py:2927} INFO - Setting next_dagrun for example_branch_operator to 2022-12-13T00:00:00+00:00, run_after=2022-12-14T00:00:00+00:00
[2022-12-13 21:29:29,985] {processor.py:161} INFO - Processing /home/igor/Documents/airflowalura/venv/lib/python3.9/site-packages/airflow/example_dags/example_branch_operator.py took 0.523 seconds
[2022-12-13 21:31:00,649] {processor.py:153} INFO - Started process (PID=30475) to work on /home/igor/Documents/airflowalura/venv/lib/python3.9/site-packages/airflow/example_dags/example_branch_operator.py
[2022-12-13 21:31:00,669] {processor.py:641} INFO - Processing file /home/igor/Documents/airflowalura/venv/lib/python3.9/site-packages/airflow/example_dags/example_branch_operator.py for tasks to queue
[2022-12-13 21:31:00,672] {logging_mixin.py:115} INFO - [2022-12-13 21:31:00,671] {dagbag.py:507} INFO - Filling up the DagBag from /home/igor/Documents/airflowalura/venv/lib/python3.9/site-packages/airflow/example_dags/example_branch_operator.py
[2022-12-13 21:31:00,805] {processor.py:651} INFO - DAG(s) dict_keys(['example_branch_operator']) retrieved from /home/igor/Documents/airflowalura/venv/lib/python3.9/site-packages/airflow/example_dags/example_branch_operator.py
[2022-12-13 21:31:00,990] {logging_mixin.py:115} INFO - [2022-12-13 21:31:00,989] {dag.py:2379} INFO - Sync 1 DAGs
[2022-12-13 21:31:01,273] {logging_mixin.py:115} INFO - [2022-12-13 21:31:01,273] {dag.py:2927} INFO - Setting next_dagrun for example_branch_operator to 2022-12-13T00:00:00+00:00, run_after=2022-12-14T00:00:00+00:00
[2022-12-13 21:31:01,420] {processor.py:161} INFO - Processing /home/igor/Documents/airflowalura/venv/lib/python3.9/site-packages/airflow/example_dags/example_branch_operator.py took 0.801 seconds
[2022-12-13 21:32:48,945] {processor.py:153} INFO - Started process (PID=30698) to work on /home/igor/Documents/airflowalura/venv/lib/python3.9/site-packages/airflow/example_dags/example_branch_operator.py
[2022-12-13 21:32:48,961] {processor.py:641} INFO - Processing file /home/igor/Documents/airflowalura/venv/lib/python3.9/site-packages/airflow/example_dags/example_branch_operator.py for tasks to queue
[2022-12-13 21:32:48,964] {logging_mixin.py:115} INFO - [2022-12-13 21:32:48,963] {dagbag.py:507} INFO - Filling up the DagBag from /home/igor/Documents/airflowalura/venv/lib/python3.9/site-packages/airflow/example_dags/example_branch_operator.py
[2022-12-13 21:32:49,336] {processor.py:651} INFO - DAG(s) dict_keys(['example_branch_operator']) retrieved from /home/igor/Documents/airflowalura/venv/lib/python3.9/site-packages/airflow/example_dags/example_branch_operator.py
[2022-12-13 21:32:49,841] {logging_mixin.py:115} INFO - [2022-12-13 21:32:49,841] {dag.py:2379} INFO - Sync 1 DAGs
[2022-12-13 21:32:50,754] {logging_mixin.py:115} INFO - [2022-12-13 21:32:50,753] {dag.py:2927} INFO - Setting next_dagrun for example_branch_operator to 2022-12-13T00:00:00+00:00, run_after=2022-12-14T00:00:00+00:00
[2022-12-13 21:32:50,993] {processor.py:161} INFO - Processing /home/igor/Documents/airflowalura/venv/lib/python3.9/site-packages/airflow/example_dags/example_branch_operator.py took 2.069 seconds
[2022-12-13 21:34:41,444] {processor.py:153} INFO - Started process (PID=30913) to work on /home/igor/Documents/airflowalura/venv/lib/python3.9/site-packages/airflow/example_dags/example_branch_operator.py
[2022-12-13 21:34:41,448] {processor.py:641} INFO - Processing file /home/igor/Documents/airflowalura/venv/lib/python3.9/site-packages/airflow/example_dags/example_branch_operator.py for tasks to queue
[2022-12-13 21:34:41,464] {logging_mixin.py:115} INFO - [2022-12-13 21:34:41,463] {dagbag.py:507} INFO - Filling up the DagBag from /home/igor/Documents/airflowalura/venv/lib/python3.9/site-packages/airflow/example_dags/example_branch_operator.py
[2022-12-13 21:34:41,673] {processor.py:651} INFO - DAG(s) dict_keys(['example_branch_operator']) retrieved from /home/igor/Documents/airflowalura/venv/lib/python3.9/site-packages/airflow/example_dags/example_branch_operator.py
[2022-12-13 21:34:42,038] {logging_mixin.py:115} INFO - [2022-12-13 21:34:42,038] {dag.py:2379} INFO - Sync 1 DAGs
[2022-12-13 21:34:42,391] {logging_mixin.py:115} INFO - [2022-12-13 21:34:42,383] {dag.py:2927} INFO - Setting next_dagrun for example_branch_operator to 2022-12-13T00:00:00+00:00, run_after=2022-12-14T00:00:00+00:00
[2022-12-13 21:34:42,570] {processor.py:161} INFO - Processing /home/igor/Documents/airflowalura/venv/lib/python3.9/site-packages/airflow/example_dags/example_branch_operator.py took 1.167 seconds
[2022-12-13 21:37:25,124] {processor.py:153} INFO - Started process (PID=31335) to work on /home/igor/Documents/airflowalura/venv/lib/python3.9/site-packages/airflow/example_dags/example_branch_operator.py
[2022-12-13 21:37:25,143] {processor.py:641} INFO - Processing file /home/igor/Documents/airflowalura/venv/lib/python3.9/site-packages/airflow/example_dags/example_branch_operator.py for tasks to queue
[2022-12-13 21:37:25,144] {logging_mixin.py:115} INFO - [2022-12-13 21:37:25,144] {dagbag.py:507} INFO - Filling up the DagBag from /home/igor/Documents/airflowalura/venv/lib/python3.9/site-packages/airflow/example_dags/example_branch_operator.py
[2022-12-13 21:37:25,395] {processor.py:651} INFO - DAG(s) dict_keys(['example_branch_operator']) retrieved from /home/igor/Documents/airflowalura/venv/lib/python3.9/site-packages/airflow/example_dags/example_branch_operator.py
[2022-12-13 21:37:25,714] {logging_mixin.py:115} INFO - [2022-12-13 21:37:25,712] {dag.py:2379} INFO - Sync 1 DAGs
[2022-12-13 21:37:26,142] {logging_mixin.py:115} INFO - [2022-12-13 21:37:26,142] {dag.py:2927} INFO - Setting next_dagrun for example_branch_operator to 2022-12-13T00:00:00+00:00, run_after=2022-12-14T00:00:00+00:00
[2022-12-13 21:37:26,322] {processor.py:161} INFO - Processing /home/igor/Documents/airflowalura/venv/lib/python3.9/site-packages/airflow/example_dags/example_branch_operator.py took 1.244 seconds
[2022-12-13 21:38:39,762] {processor.py:153} INFO - Started process (PID=31547) to work on /home/igor/Documents/airflowalura/venv/lib/python3.9/site-packages/airflow/example_dags/example_branch_operator.py
[2022-12-13 21:38:39,777] {processor.py:641} INFO - Processing file /home/igor/Documents/airflowalura/venv/lib/python3.9/site-packages/airflow/example_dags/example_branch_operator.py for tasks to queue
[2022-12-13 21:38:39,783] {logging_mixin.py:115} INFO - [2022-12-13 21:38:39,779] {dagbag.py:507} INFO - Filling up the DagBag from /home/igor/Documents/airflowalura/venv/lib/python3.9/site-packages/airflow/example_dags/example_branch_operator.py
[2022-12-13 21:38:39,868] {processor.py:651} INFO - DAG(s) dict_keys(['example_branch_operator']) retrieved from /home/igor/Documents/airflowalura/venv/lib/python3.9/site-packages/airflow/example_dags/example_branch_operator.py
[2022-12-13 21:38:39,981] {logging_mixin.py:115} INFO - [2022-12-13 21:38:39,981] {dag.py:2379} INFO - Sync 1 DAGs
[2022-12-13 21:38:40,131] {logging_mixin.py:115} INFO - [2022-12-13 21:38:40,130] {dag.py:2927} INFO - Setting next_dagrun for example_branch_operator to 2022-12-13T00:00:00+00:00, run_after=2022-12-14T00:00:00+00:00
[2022-12-13 21:38:40,218] {processor.py:161} INFO - Processing /home/igor/Documents/airflowalura/venv/lib/python3.9/site-packages/airflow/example_dags/example_branch_operator.py took 0.483 seconds
[2022-12-13 23:01:08,438] {processor.py:153} INFO - Started process (PID=35316) to work on /home/igor/Documents/airflowalura/venv/lib/python3.9/site-packages/airflow/example_dags/example_branch_operator.py
[2022-12-13 23:01:08,473] {processor.py:641} INFO - Processing file /home/igor/Documents/airflowalura/venv/lib/python3.9/site-packages/airflow/example_dags/example_branch_operator.py for tasks to queue
[2022-12-13 23:01:08,475] {logging_mixin.py:115} INFO - [2022-12-13 23:01:08,475] {dagbag.py:507} INFO - Filling up the DagBag from /home/igor/Documents/airflowalura/venv/lib/python3.9/site-packages/airflow/example_dags/example_branch_operator.py
[2022-12-13 23:01:09,043] {processor.py:651} INFO - DAG(s) dict_keys(['example_branch_operator']) retrieved from /home/igor/Documents/airflowalura/venv/lib/python3.9/site-packages/airflow/example_dags/example_branch_operator.py
[2022-12-13 23:01:09,467] {logging_mixin.py:115} INFO - [2022-12-13 23:01:09,467] {dag.py:2379} INFO - Sync 1 DAGs
[2022-12-13 23:01:09,801] {logging_mixin.py:115} INFO - [2022-12-13 23:01:09,779] {dag.py:2927} INFO - Setting next_dagrun for example_branch_operator to 2022-12-13T00:00:00+00:00, run_after=2022-12-14T00:00:00+00:00
[2022-12-13 23:01:10,212] {processor.py:161} INFO - Processing /home/igor/Documents/airflowalura/venv/lib/python3.9/site-packages/airflow/example_dags/example_branch_operator.py took 1.842 seconds
[2022-12-13 23:03:12,380] {processor.py:153} INFO - Started process (PID=35760) to work on /home/igor/Documents/airflowalura/venv/lib/python3.9/site-packages/airflow/example_dags/example_branch_operator.py
[2022-12-13 23:03:12,383] {processor.py:641} INFO - Processing file /home/igor/Documents/airflowalura/venv/lib/python3.9/site-packages/airflow/example_dags/example_branch_operator.py for tasks to queue
[2022-12-13 23:03:12,397] {logging_mixin.py:115} INFO - [2022-12-13 23:03:12,397] {dagbag.py:507} INFO - Filling up the DagBag from /home/igor/Documents/airflowalura/venv/lib/python3.9/site-packages/airflow/example_dags/example_branch_operator.py
[2022-12-13 23:03:12,719] {processor.py:651} INFO - DAG(s) dict_keys(['example_branch_operator']) retrieved from /home/igor/Documents/airflowalura/venv/lib/python3.9/site-packages/airflow/example_dags/example_branch_operator.py
[2022-12-13 23:03:13,096] {logging_mixin.py:115} INFO - [2022-12-13 23:03:13,096] {dag.py:2379} INFO - Sync 1 DAGs
[2022-12-13 23:03:13,512] {logging_mixin.py:115} INFO - [2022-12-13 23:03:13,511] {dag.py:2927} INFO - Setting next_dagrun for example_branch_operator to 2022-12-13T00:00:00+00:00, run_after=2022-12-14T00:00:00+00:00
[2022-12-13 23:03:13,707] {processor.py:161} INFO - Processing /home/igor/Documents/airflowalura/venv/lib/python3.9/site-packages/airflow/example_dags/example_branch_operator.py took 1.413 seconds
[2022-12-13 23:05:17,363] {processor.py:153} INFO - Started process (PID=36035) to work on /home/igor/Documents/airflowalura/venv/lib/python3.9/site-packages/airflow/example_dags/example_branch_operator.py
[2022-12-13 23:05:17,367] {processor.py:641} INFO - Processing file /home/igor/Documents/airflowalura/venv/lib/python3.9/site-packages/airflow/example_dags/example_branch_operator.py for tasks to queue
[2022-12-13 23:05:17,369] {logging_mixin.py:115} INFO - [2022-12-13 23:05:17,368] {dagbag.py:507} INFO - Filling up the DagBag from /home/igor/Documents/airflowalura/venv/lib/python3.9/site-packages/airflow/example_dags/example_branch_operator.py
[2022-12-13 23:05:17,485] {processor.py:651} INFO - DAG(s) dict_keys(['example_branch_operator']) retrieved from /home/igor/Documents/airflowalura/venv/lib/python3.9/site-packages/airflow/example_dags/example_branch_operator.py
[2022-12-13 23:05:17,592] {logging_mixin.py:115} INFO - [2022-12-13 23:05:17,583] {dag.py:2379} INFO - Sync 1 DAGs
[2022-12-13 23:05:17,757] {logging_mixin.py:115} INFO - [2022-12-13 23:05:17,756] {dag.py:2927} INFO - Setting next_dagrun for example_branch_operator to 2022-12-13T00:00:00+00:00, run_after=2022-12-14T00:00:00+00:00
[2022-12-13 23:05:17,861] {processor.py:161} INFO - Processing /home/igor/Documents/airflowalura/venv/lib/python3.9/site-packages/airflow/example_dags/example_branch_operator.py took 0.512 seconds
[2022-12-13 23:07:15,218] {processor.py:153} INFO - Started process (PID=36246) to work on /home/igor/Documents/airflowalura/venv/lib/python3.9/site-packages/airflow/example_dags/example_branch_operator.py
[2022-12-13 23:07:15,232] {processor.py:641} INFO - Processing file /home/igor/Documents/airflowalura/venv/lib/python3.9/site-packages/airflow/example_dags/example_branch_operator.py for tasks to queue
[2022-12-13 23:07:15,237] {logging_mixin.py:115} INFO - [2022-12-13 23:07:15,237] {dagbag.py:507} INFO - Filling up the DagBag from /home/igor/Documents/airflowalura/venv/lib/python3.9/site-packages/airflow/example_dags/example_branch_operator.py
[2022-12-13 23:07:15,523] {processor.py:651} INFO - DAG(s) dict_keys(['example_branch_operator']) retrieved from /home/igor/Documents/airflowalura/venv/lib/python3.9/site-packages/airflow/example_dags/example_branch_operator.py
[2022-12-13 23:07:15,775] {logging_mixin.py:115} INFO - [2022-12-13 23:07:15,774] {dag.py:2379} INFO - Sync 1 DAGs
[2022-12-13 23:07:16,061] {logging_mixin.py:115} INFO - [2022-12-13 23:07:16,059] {dag.py:2927} INFO - Setting next_dagrun for example_branch_operator to 2022-12-13T00:00:00+00:00, run_after=2022-12-14T00:00:00+00:00
[2022-12-13 23:07:16,294] {processor.py:161} INFO - Processing /home/igor/Documents/airflowalura/venv/lib/python3.9/site-packages/airflow/example_dags/example_branch_operator.py took 1.122 seconds
[2022-12-13 23:10:49,362] {processor.py:153} INFO - Started process (PID=36579) to work on /home/igor/Documents/airflowalura/venv/lib/python3.9/site-packages/airflow/example_dags/example_branch_operator.py
[2022-12-13 23:10:49,382] {processor.py:641} INFO - Processing file /home/igor/Documents/airflowalura/venv/lib/python3.9/site-packages/airflow/example_dags/example_branch_operator.py for tasks to queue
[2022-12-13 23:10:49,385] {logging_mixin.py:115} INFO - [2022-12-13 23:10:49,384] {dagbag.py:507} INFO - Filling up the DagBag from /home/igor/Documents/airflowalura/venv/lib/python3.9/site-packages/airflow/example_dags/example_branch_operator.py
[2022-12-13 23:10:50,234] {processor.py:651} INFO - DAG(s) dict_keys(['example_branch_operator']) retrieved from /home/igor/Documents/airflowalura/venv/lib/python3.9/site-packages/airflow/example_dags/example_branch_operator.py
[2022-12-13 23:10:50,832] {logging_mixin.py:115} INFO - [2022-12-13 23:10:50,832] {dag.py:2379} INFO - Sync 1 DAGs
[2022-12-13 23:10:52,549] {logging_mixin.py:115} INFO - [2022-12-13 23:10:52,517] {dag.py:2927} INFO - Setting next_dagrun for example_branch_operator to 2022-12-13T00:00:00+00:00, run_after=2022-12-14T00:00:00+00:00
[2022-12-13 23:10:53,097] {processor.py:161} INFO - Processing /home/igor/Documents/airflowalura/venv/lib/python3.9/site-packages/airflow/example_dags/example_branch_operator.py took 3.768 seconds
[2022-12-13 23:13:32,261] {processor.py:153} INFO - Started process (PID=37066) to work on /home/igor/Documents/airflowalura/venv/lib/python3.9/site-packages/airflow/example_dags/example_branch_operator.py
[2022-12-13 23:13:32,284] {processor.py:641} INFO - Processing file /home/igor/Documents/airflowalura/venv/lib/python3.9/site-packages/airflow/example_dags/example_branch_operator.py for tasks to queue
[2022-12-13 23:13:32,285] {logging_mixin.py:115} INFO - [2022-12-13 23:13:32,285] {dagbag.py:507} INFO - Filling up the DagBag from /home/igor/Documents/airflowalura/venv/lib/python3.9/site-packages/airflow/example_dags/example_branch_operator.py
[2022-12-13 23:13:32,409] {processor.py:651} INFO - DAG(s) dict_keys(['example_branch_operator']) retrieved from /home/igor/Documents/airflowalura/venv/lib/python3.9/site-packages/airflow/example_dags/example_branch_operator.py
[2022-12-13 23:13:32,533] {logging_mixin.py:115} INFO - [2022-12-13 23:13:32,533] {dag.py:2379} INFO - Sync 1 DAGs
[2022-12-13 23:13:32,682] {logging_mixin.py:115} INFO - [2022-12-13 23:13:32,682] {dag.py:2927} INFO - Setting next_dagrun for example_branch_operator to 2022-12-13T00:00:00+00:00, run_after=2022-12-14T00:00:00+00:00
[2022-12-13 23:13:32,765] {processor.py:161} INFO - Processing /home/igor/Documents/airflowalura/venv/lib/python3.9/site-packages/airflow/example_dags/example_branch_operator.py took 0.529 seconds
[2022-12-13 23:15:03,149] {processor.py:153} INFO - Started process (PID=37283) to work on /home/igor/Documents/airflowalura/venv/lib/python3.9/site-packages/airflow/example_dags/example_branch_operator.py
[2022-12-13 23:15:03,163] {processor.py:641} INFO - Processing file /home/igor/Documents/airflowalura/venv/lib/python3.9/site-packages/airflow/example_dags/example_branch_operator.py for tasks to queue
[2022-12-13 23:15:03,166] {logging_mixin.py:115} INFO - [2022-12-13 23:15:03,165] {dagbag.py:507} INFO - Filling up the DagBag from /home/igor/Documents/airflowalura/venv/lib/python3.9/site-packages/airflow/example_dags/example_branch_operator.py
[2022-12-13 23:15:03,285] {processor.py:651} INFO - DAG(s) dict_keys(['example_branch_operator']) retrieved from /home/igor/Documents/airflowalura/venv/lib/python3.9/site-packages/airflow/example_dags/example_branch_operator.py
[2022-12-13 23:15:03,429] {logging_mixin.py:115} INFO - [2022-12-13 23:15:03,429] {dag.py:2379} INFO - Sync 1 DAGs
[2022-12-13 23:15:03,618] {logging_mixin.py:115} INFO - [2022-12-13 23:15:03,617] {dag.py:2927} INFO - Setting next_dagrun for example_branch_operator to 2022-12-13T00:00:00+00:00, run_after=2022-12-14T00:00:00+00:00
[2022-12-13 23:15:03,732] {processor.py:161} INFO - Processing /home/igor/Documents/airflowalura/venv/lib/python3.9/site-packages/airflow/example_dags/example_branch_operator.py took 0.617 seconds
[2022-12-13 23:17:46,478] {processor.py:153} INFO - Started process (PID=37527) to work on /home/igor/Documents/airflowalura/venv/lib/python3.9/site-packages/airflow/example_dags/example_branch_operator.py
[2022-12-13 23:17:46,482] {processor.py:641} INFO - Processing file /home/igor/Documents/airflowalura/venv/lib/python3.9/site-packages/airflow/example_dags/example_branch_operator.py for tasks to queue
[2022-12-13 23:17:46,485] {logging_mixin.py:115} INFO - [2022-12-13 23:17:46,484] {dagbag.py:507} INFO - Filling up the DagBag from /home/igor/Documents/airflowalura/venv/lib/python3.9/site-packages/airflow/example_dags/example_branch_operator.py
[2022-12-13 23:17:46,587] {processor.py:651} INFO - DAG(s) dict_keys(['example_branch_operator']) retrieved from /home/igor/Documents/airflowalura/venv/lib/python3.9/site-packages/airflow/example_dags/example_branch_operator.py
[2022-12-13 23:17:46,734] {logging_mixin.py:115} INFO - [2022-12-13 23:17:46,733] {dag.py:2379} INFO - Sync 1 DAGs
[2022-12-13 23:17:46,942] {logging_mixin.py:115} INFO - [2022-12-13 23:17:46,942] {dag.py:2927} INFO - Setting next_dagrun for example_branch_operator to 2022-12-13T00:00:00+00:00, run_after=2022-12-14T00:00:00+00:00
[2022-12-13 23:17:47,051] {processor.py:161} INFO - Processing /home/igor/Documents/airflowalura/venv/lib/python3.9/site-packages/airflow/example_dags/example_branch_operator.py took 0.608 seconds
[2022-12-13 23:19:14,466] {processor.py:153} INFO - Started process (PID=37741) to work on /home/igor/Documents/airflowalura/venv/lib/python3.9/site-packages/airflow/example_dags/example_branch_operator.py
[2022-12-13 23:19:14,476] {processor.py:641} INFO - Processing file /home/igor/Documents/airflowalura/venv/lib/python3.9/site-packages/airflow/example_dags/example_branch_operator.py for tasks to queue
[2022-12-13 23:19:14,477] {logging_mixin.py:115} INFO - [2022-12-13 23:19:14,476] {dagbag.py:507} INFO - Filling up the DagBag from /home/igor/Documents/airflowalura/venv/lib/python3.9/site-packages/airflow/example_dags/example_branch_operator.py
[2022-12-13 23:19:14,546] {processor.py:651} INFO - DAG(s) dict_keys(['example_branch_operator']) retrieved from /home/igor/Documents/airflowalura/venv/lib/python3.9/site-packages/airflow/example_dags/example_branch_operator.py
[2022-12-13 23:19:14,667] {logging_mixin.py:115} INFO - [2022-12-13 23:19:14,659] {dag.py:2379} INFO - Sync 1 DAGs
[2022-12-13 23:19:14,830] {logging_mixin.py:115} INFO - [2022-12-13 23:19:14,829] {dag.py:2927} INFO - Setting next_dagrun for example_branch_operator to 2022-12-13T00:00:00+00:00, run_after=2022-12-14T00:00:00+00:00
[2022-12-13 23:19:14,944] {processor.py:161} INFO - Processing /home/igor/Documents/airflowalura/venv/lib/python3.9/site-packages/airflow/example_dags/example_branch_operator.py took 0.500 seconds
[2022-12-13 23:20:31,720] {processor.py:153} INFO - Started process (PID=37933) to work on /home/igor/Documents/airflowalura/venv/lib/python3.9/site-packages/airflow/example_dags/example_branch_operator.py
[2022-12-13 23:20:31,727] {processor.py:641} INFO - Processing file /home/igor/Documents/airflowalura/venv/lib/python3.9/site-packages/airflow/example_dags/example_branch_operator.py for tasks to queue
[2022-12-13 23:20:31,734] {logging_mixin.py:115} INFO - [2022-12-13 23:20:31,734] {dagbag.py:507} INFO - Filling up the DagBag from /home/igor/Documents/airflowalura/venv/lib/python3.9/site-packages/airflow/example_dags/example_branch_operator.py
[2022-12-13 23:20:31,839] {processor.py:651} INFO - DAG(s) dict_keys(['example_branch_operator']) retrieved from /home/igor/Documents/airflowalura/venv/lib/python3.9/site-packages/airflow/example_dags/example_branch_operator.py
[2022-12-13 23:20:31,974] {logging_mixin.py:115} INFO - [2022-12-13 23:20:31,973] {dag.py:2379} INFO - Sync 1 DAGs
[2022-12-13 23:20:32,143] {logging_mixin.py:115} INFO - [2022-12-13 23:20:32,143] {dag.py:2927} INFO - Setting next_dagrun for example_branch_operator to 2022-12-13T00:00:00+00:00, run_after=2022-12-14T00:00:00+00:00
[2022-12-13 23:20:32,240] {processor.py:161} INFO - Processing /home/igor/Documents/airflowalura/venv/lib/python3.9/site-packages/airflow/example_dags/example_branch_operator.py took 0.531 seconds
[2022-12-13 23:21:45,562] {processor.py:153} INFO - Started process (PID=38120) to work on /home/igor/Documents/airflowalura/venv/lib/python3.9/site-packages/airflow/example_dags/example_branch_operator.py
[2022-12-13 23:21:45,574] {processor.py:641} INFO - Processing file /home/igor/Documents/airflowalura/venv/lib/python3.9/site-packages/airflow/example_dags/example_branch_operator.py for tasks to queue
[2022-12-13 23:21:45,576] {logging_mixin.py:115} INFO - [2022-12-13 23:21:45,576] {dagbag.py:507} INFO - Filling up the DagBag from /home/igor/Documents/airflowalura/venv/lib/python3.9/site-packages/airflow/example_dags/example_branch_operator.py
[2022-12-13 23:21:45,694] {processor.py:651} INFO - DAG(s) dict_keys(['example_branch_operator']) retrieved from /home/igor/Documents/airflowalura/venv/lib/python3.9/site-packages/airflow/example_dags/example_branch_operator.py
[2022-12-13 23:21:45,843] {logging_mixin.py:115} INFO - [2022-12-13 23:21:45,843] {dag.py:2379} INFO - Sync 1 DAGs
[2022-12-13 23:21:46,011] {logging_mixin.py:115} INFO - [2022-12-13 23:21:46,011] {dag.py:2927} INFO - Setting next_dagrun for example_branch_operator to 2022-12-13T00:00:00+00:00, run_after=2022-12-14T00:00:00+00:00
[2022-12-13 23:21:46,120] {processor.py:161} INFO - Processing /home/igor/Documents/airflowalura/venv/lib/python3.9/site-packages/airflow/example_dags/example_branch_operator.py took 0.600 seconds
[2022-12-13 23:23:04,909] {processor.py:153} INFO - Started process (PID=38385) to work on /home/igor/Documents/airflowalura/venv/lib/python3.9/site-packages/airflow/example_dags/example_branch_operator.py
[2022-12-13 23:23:04,924] {processor.py:641} INFO - Processing file /home/igor/Documents/airflowalura/venv/lib/python3.9/site-packages/airflow/example_dags/example_branch_operator.py for tasks to queue
[2022-12-13 23:23:04,926] {logging_mixin.py:115} INFO - [2022-12-13 23:23:04,925] {dagbag.py:507} INFO - Filling up the DagBag from /home/igor/Documents/airflowalura/venv/lib/python3.9/site-packages/airflow/example_dags/example_branch_operator.py
[2022-12-13 23:23:05,020] {processor.py:651} INFO - DAG(s) dict_keys(['example_branch_operator']) retrieved from /home/igor/Documents/airflowalura/venv/lib/python3.9/site-packages/airflow/example_dags/example_branch_operator.py
[2022-12-13 23:23:05,147] {logging_mixin.py:115} INFO - [2022-12-13 23:23:05,146] {dag.py:2379} INFO - Sync 1 DAGs
[2022-12-13 23:23:05,318] {logging_mixin.py:115} INFO - [2022-12-13 23:23:05,318] {dag.py:2927} INFO - Setting next_dagrun for example_branch_operator to 2022-12-13T00:00:00+00:00, run_after=2022-12-14T00:00:00+00:00
[2022-12-13 23:23:05,390] {processor.py:161} INFO - Processing /home/igor/Documents/airflowalura/venv/lib/python3.9/site-packages/airflow/example_dags/example_branch_operator.py took 0.506 seconds
[2022-12-13 23:24:24,082] {processor.py:153} INFO - Started process (PID=38588) to work on /home/igor/Documents/airflowalura/venv/lib/python3.9/site-packages/airflow/example_dags/example_branch_operator.py
[2022-12-13 23:24:24,099] {processor.py:641} INFO - Processing file /home/igor/Documents/airflowalura/venv/lib/python3.9/site-packages/airflow/example_dags/example_branch_operator.py for tasks to queue
[2022-12-13 23:24:24,105] {logging_mixin.py:115} INFO - [2022-12-13 23:24:24,105] {dagbag.py:507} INFO - Filling up the DagBag from /home/igor/Documents/airflowalura/venv/lib/python3.9/site-packages/airflow/example_dags/example_branch_operator.py
[2022-12-13 23:24:24,234] {processor.py:651} INFO - DAG(s) dict_keys(['example_branch_operator']) retrieved from /home/igor/Documents/airflowalura/venv/lib/python3.9/site-packages/airflow/example_dags/example_branch_operator.py
[2022-12-13 23:24:24,386] {logging_mixin.py:115} INFO - [2022-12-13 23:24:24,386] {dag.py:2379} INFO - Sync 1 DAGs
[2022-12-13 23:24:24,561] {logging_mixin.py:115} INFO - [2022-12-13 23:24:24,561] {dag.py:2927} INFO - Setting next_dagrun for example_branch_operator to 2022-12-13T00:00:00+00:00, run_after=2022-12-14T00:00:00+00:00
[2022-12-13 23:24:24,668] {processor.py:161} INFO - Processing /home/igor/Documents/airflowalura/venv/lib/python3.9/site-packages/airflow/example_dags/example_branch_operator.py took 0.610 seconds
[2022-12-13 23:25:37,217] {processor.py:153} INFO - Started process (PID=38774) to work on /home/igor/Documents/airflowalura/venv/lib/python3.9/site-packages/airflow/example_dags/example_branch_operator.py
[2022-12-13 23:25:37,229] {processor.py:641} INFO - Processing file /home/igor/Documents/airflowalura/venv/lib/python3.9/site-packages/airflow/example_dags/example_branch_operator.py for tasks to queue
[2022-12-13 23:25:37,230] {logging_mixin.py:115} INFO - [2022-12-13 23:25:37,230] {dagbag.py:507} INFO - Filling up the DagBag from /home/igor/Documents/airflowalura/venv/lib/python3.9/site-packages/airflow/example_dags/example_branch_operator.py
[2022-12-13 23:25:37,348] {processor.py:651} INFO - DAG(s) dict_keys(['example_branch_operator']) retrieved from /home/igor/Documents/airflowalura/venv/lib/python3.9/site-packages/airflow/example_dags/example_branch_operator.py
[2022-12-13 23:25:37,487] {logging_mixin.py:115} INFO - [2022-12-13 23:25:37,487] {dag.py:2379} INFO - Sync 1 DAGs
[2022-12-13 23:25:37,650] {logging_mixin.py:115} INFO - [2022-12-13 23:25:37,650] {dag.py:2927} INFO - Setting next_dagrun for example_branch_operator to 2022-12-13T00:00:00+00:00, run_after=2022-12-14T00:00:00+00:00
[2022-12-13 23:25:37,726] {processor.py:161} INFO - Processing /home/igor/Documents/airflowalura/venv/lib/python3.9/site-packages/airflow/example_dags/example_branch_operator.py took 0.542 seconds
[2022-12-13 23:26:49,151] {processor.py:153} INFO - Started process (PID=38957) to work on /home/igor/Documents/airflowalura/venv/lib/python3.9/site-packages/airflow/example_dags/example_branch_operator.py
[2022-12-13 23:26:49,157] {processor.py:641} INFO - Processing file /home/igor/Documents/airflowalura/venv/lib/python3.9/site-packages/airflow/example_dags/example_branch_operator.py for tasks to queue
[2022-12-13 23:26:49,158] {logging_mixin.py:115} INFO - [2022-12-13 23:26:49,158] {dagbag.py:507} INFO - Filling up the DagBag from /home/igor/Documents/airflowalura/venv/lib/python3.9/site-packages/airflow/example_dags/example_branch_operator.py
[2022-12-13 23:26:49,253] {processor.py:651} INFO - DAG(s) dict_keys(['example_branch_operator']) retrieved from /home/igor/Documents/airflowalura/venv/lib/python3.9/site-packages/airflow/example_dags/example_branch_operator.py
[2022-12-13 23:26:49,391] {logging_mixin.py:115} INFO - [2022-12-13 23:26:49,391] {dag.py:2379} INFO - Sync 1 DAGs
[2022-12-13 23:26:49,552] {logging_mixin.py:115} INFO - [2022-12-13 23:26:49,552] {dag.py:2927} INFO - Setting next_dagrun for example_branch_operator to 2022-12-13T00:00:00+00:00, run_after=2022-12-14T00:00:00+00:00
[2022-12-13 23:26:49,645] {processor.py:161} INFO - Processing /home/igor/Documents/airflowalura/venv/lib/python3.9/site-packages/airflow/example_dags/example_branch_operator.py took 0.526 seconds
