[2022-12-13 21:27:08,278] {processor.py:153} INFO - Started process (PID=29864) to work on /home/igor/Documents/airflowalura/venv/lib/python3.9/site-packages/airflow/example_dags/example_kubernetes_executor.py
[2022-12-13 21:27:08,291] {processor.py:641} INFO - Processing file /home/igor/Documents/airflowalura/venv/lib/python3.9/site-packages/airflow/example_dags/example_kubernetes_executor.py for tasks to queue
[2022-12-13 21:27:08,293] {logging_mixin.py:115} INFO - [2022-12-13 21:27:08,292] {dagbag.py:507} INFO - Filling up the DagBag from /home/igor/Documents/airflowalura/venv/lib/python3.9/site-packages/airflow/example_dags/example_kubernetes_executor.py
[2022-12-13 21:27:08,450] {logging_mixin.py:115} INFO - [2022-12-13 21:27:08,450] {example_kubernetes_executor.py:39} WARNING - The example_kubernetes_executor example DAG requires the kubernetes provider. Please install it with: pip install apache-airflow[cncf.kubernetes]
[2022-12-13 21:27:08,450] {processor.py:653} WARNING - No viable dags retrieved from /home/igor/Documents/airflowalura/venv/lib/python3.9/site-packages/airflow/example_dags/example_kubernetes_executor.py
[2022-12-13 21:27:08,545] {processor.py:161} INFO - Processing /home/igor/Documents/airflowalura/venv/lib/python3.9/site-packages/airflow/example_dags/example_kubernetes_executor.py took 0.294 seconds
[2022-12-13 21:28:20,716] {processor.py:153} INFO - Started process (PID=30076) to work on /home/igor/Documents/airflowalura/venv/lib/python3.9/site-packages/airflow/example_dags/example_kubernetes_executor.py
[2022-12-13 21:28:20,717] {processor.py:641} INFO - Processing file /home/igor/Documents/airflowalura/venv/lib/python3.9/site-packages/airflow/example_dags/example_kubernetes_executor.py for tasks to queue
[2022-12-13 21:28:20,719] {logging_mixin.py:115} INFO - [2022-12-13 21:28:20,718] {dagbag.py:507} INFO - Filling up the DagBag from /home/igor/Documents/airflowalura/venv/lib/python3.9/site-packages/airflow/example_dags/example_kubernetes_executor.py
[2022-12-13 21:28:21,020] {logging_mixin.py:115} INFO - [2022-12-13 21:28:21,020] {example_kubernetes_executor.py:39} WARNING - The example_kubernetes_executor example DAG requires the kubernetes provider. Please install it with: pip install apache-airflow[cncf.kubernetes]
[2022-12-13 21:28:21,021] {processor.py:653} WARNING - No viable dags retrieved from /home/igor/Documents/airflowalura/venv/lib/python3.9/site-packages/airflow/example_dags/example_kubernetes_executor.py
[2022-12-13 21:28:21,156] {processor.py:161} INFO - Processing /home/igor/Documents/airflowalura/venv/lib/python3.9/site-packages/airflow/example_dags/example_kubernetes_executor.py took 0.507 seconds
[2022-12-13 21:29:24,642] {processor.py:153} INFO - Started process (PID=30265) to work on /home/igor/Documents/airflowalura/venv/lib/python3.9/site-packages/airflow/example_dags/example_kubernetes_executor.py
[2022-12-13 21:29:24,656] {processor.py:641} INFO - Processing file /home/igor/Documents/airflowalura/venv/lib/python3.9/site-packages/airflow/example_dags/example_kubernetes_executor.py for tasks to queue
[2022-12-13 21:29:24,657] {logging_mixin.py:115} INFO - [2022-12-13 21:29:24,657] {dagbag.py:507} INFO - Filling up the DagBag from /home/igor/Documents/airflowalura/venv/lib/python3.9/site-packages/airflow/example_dags/example_kubernetes_executor.py
[2022-12-13 21:29:24,822] {logging_mixin.py:115} INFO - [2022-12-13 21:29:24,822] {example_kubernetes_executor.py:39} WARNING - The example_kubernetes_executor example DAG requires the kubernetes provider. Please install it with: pip install apache-airflow[cncf.kubernetes]
[2022-12-13 21:29:24,823] {processor.py:653} WARNING - No viable dags retrieved from /home/igor/Documents/airflowalura/venv/lib/python3.9/site-packages/airflow/example_dags/example_kubernetes_executor.py
[2022-12-13 21:29:24,973] {processor.py:161} INFO - Processing /home/igor/Documents/airflowalura/venv/lib/python3.9/site-packages/airflow/example_dags/example_kubernetes_executor.py took 0.351 seconds
[2022-12-13 21:30:53,307] {processor.py:153} INFO - Started process (PID=30465) to work on /home/igor/Documents/airflowalura/venv/lib/python3.9/site-packages/airflow/example_dags/example_kubernetes_executor.py
[2022-12-13 21:30:53,310] {processor.py:641} INFO - Processing file /home/igor/Documents/airflowalura/venv/lib/python3.9/site-packages/airflow/example_dags/example_kubernetes_executor.py for tasks to queue
[2022-12-13 21:30:53,313] {logging_mixin.py:115} INFO - [2022-12-13 21:30:53,312] {dagbag.py:507} INFO - Filling up the DagBag from /home/igor/Documents/airflowalura/venv/lib/python3.9/site-packages/airflow/example_dags/example_kubernetes_executor.py
[2022-12-13 21:30:53,586] {logging_mixin.py:115} INFO - [2022-12-13 21:30:53,586] {example_kubernetes_executor.py:39} WARNING - The example_kubernetes_executor example DAG requires the kubernetes provider. Please install it with: pip install apache-airflow[cncf.kubernetes]
[2022-12-13 21:30:53,587] {processor.py:653} WARNING - No viable dags retrieved from /home/igor/Documents/airflowalura/venv/lib/python3.9/site-packages/airflow/example_dags/example_kubernetes_executor.py
[2022-12-13 21:30:53,737] {processor.py:161} INFO - Processing /home/igor/Documents/airflowalura/venv/lib/python3.9/site-packages/airflow/example_dags/example_kubernetes_executor.py took 0.467 seconds
[2022-12-13 21:32:42,206] {processor.py:153} INFO - Started process (PID=30688) to work on /home/igor/Documents/airflowalura/venv/lib/python3.9/site-packages/airflow/example_dags/example_kubernetes_executor.py
[2022-12-13 21:32:42,232] {processor.py:641} INFO - Processing file /home/igor/Documents/airflowalura/venv/lib/python3.9/site-packages/airflow/example_dags/example_kubernetes_executor.py for tasks to queue
[2022-12-13 21:32:42,235] {logging_mixin.py:115} INFO - [2022-12-13 21:32:42,234] {dagbag.py:507} INFO - Filling up the DagBag from /home/igor/Documents/airflowalura/venv/lib/python3.9/site-packages/airflow/example_dags/example_kubernetes_executor.py
[2022-12-13 21:32:42,412] {logging_mixin.py:115} INFO - [2022-12-13 21:32:42,411] {example_kubernetes_executor.py:39} WARNING - The example_kubernetes_executor example DAG requires the kubernetes provider. Please install it with: pip install apache-airflow[cncf.kubernetes]
[2022-12-13 21:32:42,413] {processor.py:653} WARNING - No viable dags retrieved from /home/igor/Documents/airflowalura/venv/lib/python3.9/site-packages/airflow/example_dags/example_kubernetes_executor.py
[2022-12-13 21:32:42,482] {processor.py:161} INFO - Processing /home/igor/Documents/airflowalura/venv/lib/python3.9/site-packages/airflow/example_dags/example_kubernetes_executor.py took 0.283 seconds
[2022-12-13 21:34:32,861] {processor.py:153} INFO - Started process (PID=30898) to work on /home/igor/Documents/airflowalura/venv/lib/python3.9/site-packages/airflow/example_dags/example_kubernetes_executor.py
[2022-12-13 21:34:32,863] {processor.py:641} INFO - Processing file /home/igor/Documents/airflowalura/venv/lib/python3.9/site-packages/airflow/example_dags/example_kubernetes_executor.py for tasks to queue
[2022-12-13 21:34:32,864] {logging_mixin.py:115} INFO - [2022-12-13 21:34:32,864] {dagbag.py:507} INFO - Filling up the DagBag from /home/igor/Documents/airflowalura/venv/lib/python3.9/site-packages/airflow/example_dags/example_kubernetes_executor.py
[2022-12-13 21:34:33,391] {logging_mixin.py:115} INFO - [2022-12-13 21:34:33,391] {example_kubernetes_executor.py:39} WARNING - The example_kubernetes_executor example DAG requires the kubernetes provider. Please install it with: pip install apache-airflow[cncf.kubernetes]
[2022-12-13 21:34:33,392] {processor.py:653} WARNING - No viable dags retrieved from /home/igor/Documents/airflowalura/venv/lib/python3.9/site-packages/airflow/example_dags/example_kubernetes_executor.py
[2022-12-13 21:34:33,493] {processor.py:161} INFO - Processing /home/igor/Documents/airflowalura/venv/lib/python3.9/site-packages/airflow/example_dags/example_kubernetes_executor.py took 0.680 seconds
[2022-12-13 21:37:16,698] {processor.py:153} INFO - Started process (PID=31315) to work on /home/igor/Documents/airflowalura/venv/lib/python3.9/site-packages/airflow/example_dags/example_kubernetes_executor.py
[2022-12-13 21:37:16,708] {processor.py:641} INFO - Processing file /home/igor/Documents/airflowalura/venv/lib/python3.9/site-packages/airflow/example_dags/example_kubernetes_executor.py for tasks to queue
[2022-12-13 21:37:16,710] {logging_mixin.py:115} INFO - [2022-12-13 21:37:16,709] {dagbag.py:507} INFO - Filling up the DagBag from /home/igor/Documents/airflowalura/venv/lib/python3.9/site-packages/airflow/example_dags/example_kubernetes_executor.py
[2022-12-13 21:37:16,998] {logging_mixin.py:115} INFO - [2022-12-13 21:37:16,998] {example_kubernetes_executor.py:39} WARNING - The example_kubernetes_executor example DAG requires the kubernetes provider. Please install it with: pip install apache-airflow[cncf.kubernetes]
[2022-12-13 21:37:16,999] {processor.py:653} WARNING - No viable dags retrieved from /home/igor/Documents/airflowalura/venv/lib/python3.9/site-packages/airflow/example_dags/example_kubernetes_executor.py
[2022-12-13 21:37:17,138] {processor.py:161} INFO - Processing /home/igor/Documents/airflowalura/venv/lib/python3.9/site-packages/airflow/example_dags/example_kubernetes_executor.py took 0.497 seconds
[2022-12-13 21:38:34,836] {processor.py:153} INFO - Started process (PID=31533) to work on /home/igor/Documents/airflowalura/venv/lib/python3.9/site-packages/airflow/example_dags/example_kubernetes_executor.py
[2022-12-13 21:38:34,875] {processor.py:641} INFO - Processing file /home/igor/Documents/airflowalura/venv/lib/python3.9/site-packages/airflow/example_dags/example_kubernetes_executor.py for tasks to queue
[2022-12-13 21:38:34,877] {logging_mixin.py:115} INFO - [2022-12-13 21:38:34,877] {dagbag.py:507} INFO - Filling up the DagBag from /home/igor/Documents/airflowalura/venv/lib/python3.9/site-packages/airflow/example_dags/example_kubernetes_executor.py
[2022-12-13 21:38:34,964] {logging_mixin.py:115} INFO - [2022-12-13 21:38:34,964] {example_kubernetes_executor.py:39} WARNING - The example_kubernetes_executor example DAG requires the kubernetes provider. Please install it with: pip install apache-airflow[cncf.kubernetes]
[2022-12-13 21:38:34,964] {processor.py:653} WARNING - No viable dags retrieved from /home/igor/Documents/airflowalura/venv/lib/python3.9/site-packages/airflow/example_dags/example_kubernetes_executor.py
[2022-12-13 21:38:35,033] {processor.py:161} INFO - Processing /home/igor/Documents/airflowalura/venv/lib/python3.9/site-packages/airflow/example_dags/example_kubernetes_executor.py took 0.215 seconds
[2022-12-13 23:01:01,348] {processor.py:153} INFO - Started process (PID=35261) to work on /home/igor/Documents/airflowalura/venv/lib/python3.9/site-packages/airflow/example_dags/example_kubernetes_executor.py
[2022-12-13 23:01:01,361] {processor.py:641} INFO - Processing file /home/igor/Documents/airflowalura/venv/lib/python3.9/site-packages/airflow/example_dags/example_kubernetes_executor.py for tasks to queue
[2022-12-13 23:01:01,372] {logging_mixin.py:115} INFO - [2022-12-13 23:01:01,372] {dagbag.py:507} INFO - Filling up the DagBag from /home/igor/Documents/airflowalura/venv/lib/python3.9/site-packages/airflow/example_dags/example_kubernetes_executor.py
[2022-12-13 23:01:01,584] {logging_mixin.py:115} INFO - [2022-12-13 23:01:01,584] {example_kubernetes_executor.py:39} WARNING - The example_kubernetes_executor example DAG requires the kubernetes provider. Please install it with: pip install apache-airflow[cncf.kubernetes]
[2022-12-13 23:01:01,586] {processor.py:653} WARNING - No viable dags retrieved from /home/igor/Documents/airflowalura/venv/lib/python3.9/site-packages/airflow/example_dags/example_kubernetes_executor.py
[2022-12-13 23:01:01,656] {processor.py:161} INFO - Processing /home/igor/Documents/airflowalura/venv/lib/python3.9/site-packages/airflow/example_dags/example_kubernetes_executor.py took 0.343 seconds
[2022-12-13 23:03:05,745] {processor.py:153} INFO - Started process (PID=35732) to work on /home/igor/Documents/airflowalura/venv/lib/python3.9/site-packages/airflow/example_dags/example_kubernetes_executor.py
[2022-12-13 23:03:05,754] {processor.py:641} INFO - Processing file /home/igor/Documents/airflowalura/venv/lib/python3.9/site-packages/airflow/example_dags/example_kubernetes_executor.py for tasks to queue
[2022-12-13 23:03:05,758] {logging_mixin.py:115} INFO - [2022-12-13 23:03:05,758] {dagbag.py:507} INFO - Filling up the DagBag from /home/igor/Documents/airflowalura/venv/lib/python3.9/site-packages/airflow/example_dags/example_kubernetes_executor.py
[2022-12-13 23:03:06,014] {logging_mixin.py:115} INFO - [2022-12-13 23:03:06,013] {example_kubernetes_executor.py:39} WARNING - The example_kubernetes_executor example DAG requires the kubernetes provider. Please install it with: pip install apache-airflow[cncf.kubernetes]
[2022-12-13 23:03:06,014] {processor.py:653} WARNING - No viable dags retrieved from /home/igor/Documents/airflowalura/venv/lib/python3.9/site-packages/airflow/example_dags/example_kubernetes_executor.py
[2022-12-13 23:03:06,093] {processor.py:161} INFO - Processing /home/igor/Documents/airflowalura/venv/lib/python3.9/site-packages/airflow/example_dags/example_kubernetes_executor.py took 0.384 seconds
[2022-12-13 23:05:11,313] {processor.py:153} INFO - Started process (PID=36012) to work on /home/igor/Documents/airflowalura/venv/lib/python3.9/site-packages/airflow/example_dags/example_kubernetes_executor.py
[2022-12-13 23:05:11,329] {processor.py:641} INFO - Processing file /home/igor/Documents/airflowalura/venv/lib/python3.9/site-packages/airflow/example_dags/example_kubernetes_executor.py for tasks to queue
[2022-12-13 23:05:11,337] {logging_mixin.py:115} INFO - [2022-12-13 23:05:11,337] {dagbag.py:507} INFO - Filling up the DagBag from /home/igor/Documents/airflowalura/venv/lib/python3.9/site-packages/airflow/example_dags/example_kubernetes_executor.py
[2022-12-13 23:05:11,478] {logging_mixin.py:115} INFO - [2022-12-13 23:05:11,477] {example_kubernetes_executor.py:39} WARNING - The example_kubernetes_executor example DAG requires the kubernetes provider. Please install it with: pip install apache-airflow[cncf.kubernetes]
[2022-12-13 23:05:11,478] {processor.py:653} WARNING - No viable dags retrieved from /home/igor/Documents/airflowalura/venv/lib/python3.9/site-packages/airflow/example_dags/example_kubernetes_executor.py
[2022-12-13 23:05:11,541] {processor.py:161} INFO - Processing /home/igor/Documents/airflowalura/venv/lib/python3.9/site-packages/airflow/example_dags/example_kubernetes_executor.py took 0.246 seconds
[2022-12-13 23:07:07,522] {processor.py:153} INFO - Started process (PID=36228) to work on /home/igor/Documents/airflowalura/venv/lib/python3.9/site-packages/airflow/example_dags/example_kubernetes_executor.py
[2022-12-13 23:07:07,529] {processor.py:641} INFO - Processing file /home/igor/Documents/airflowalura/venv/lib/python3.9/site-packages/airflow/example_dags/example_kubernetes_executor.py for tasks to queue
[2022-12-13 23:07:07,545] {logging_mixin.py:115} INFO - [2022-12-13 23:07:07,544] {dagbag.py:507} INFO - Filling up the DagBag from /home/igor/Documents/airflowalura/venv/lib/python3.9/site-packages/airflow/example_dags/example_kubernetes_executor.py
[2022-12-13 23:07:07,837] {logging_mixin.py:115} INFO - [2022-12-13 23:07:07,836] {example_kubernetes_executor.py:39} WARNING - The example_kubernetes_executor example DAG requires the kubernetes provider. Please install it with: pip install apache-airflow[cncf.kubernetes]
[2022-12-13 23:07:07,838] {processor.py:653} WARNING - No viable dags retrieved from /home/igor/Documents/airflowalura/venv/lib/python3.9/site-packages/airflow/example_dags/example_kubernetes_executor.py
[2022-12-13 23:07:07,896] {processor.py:161} INFO - Processing /home/igor/Documents/airflowalura/venv/lib/python3.9/site-packages/airflow/example_dags/example_kubernetes_executor.py took 0.411 seconds
[2022-12-13 23:10:35,518] {processor.py:153} INFO - Started process (PID=36560) to work on /home/igor/Documents/airflowalura/venv/lib/python3.9/site-packages/airflow/example_dags/example_kubernetes_executor.py
[2022-12-13 23:10:35,545] {processor.py:641} INFO - Processing file /home/igor/Documents/airflowalura/venv/lib/python3.9/site-packages/airflow/example_dags/example_kubernetes_executor.py for tasks to queue
[2022-12-13 23:10:35,559] {logging_mixin.py:115} INFO - [2022-12-13 23:10:35,558] {dagbag.py:507} INFO - Filling up the DagBag from /home/igor/Documents/airflowalura/venv/lib/python3.9/site-packages/airflow/example_dags/example_kubernetes_executor.py
[2022-12-13 23:10:36,303] {logging_mixin.py:115} INFO - [2022-12-13 23:10:36,303] {example_kubernetes_executor.py:39} WARNING - The example_kubernetes_executor example DAG requires the kubernetes provider. Please install it with: pip install apache-airflow[cncf.kubernetes]
[2022-12-13 23:10:36,348] {processor.py:653} WARNING - No viable dags retrieved from /home/igor/Documents/airflowalura/venv/lib/python3.9/site-packages/airflow/example_dags/example_kubernetes_executor.py
[2022-12-13 23:10:36,599] {processor.py:161} INFO - Processing /home/igor/Documents/airflowalura/venv/lib/python3.9/site-packages/airflow/example_dags/example_kubernetes_executor.py took 1.174 seconds
[2022-12-13 23:12:47,797] {processor.py:153} INFO - Started process (PID=36886) to work on /home/igor/Documents/airflowalura/venv/lib/python3.9/site-packages/airflow/example_dags/example_kubernetes_executor.py
[2022-12-13 23:12:47,817] {processor.py:641} INFO - Processing file /home/igor/Documents/airflowalura/venv/lib/python3.9/site-packages/airflow/example_dags/example_kubernetes_executor.py for tasks to queue
[2022-12-13 23:12:47,824] {logging_mixin.py:115} INFO - [2022-12-13 23:12:47,823] {dagbag.py:507} INFO - Filling up the DagBag from /home/igor/Documents/airflowalura/venv/lib/python3.9/site-packages/airflow/example_dags/example_kubernetes_executor.py
[2022-12-13 23:12:48,061] {logging_mixin.py:115} INFO - [2022-12-13 23:12:48,060] {example_kubernetes_executor.py:39} WARNING - The example_kubernetes_executor example DAG requires the kubernetes provider. Please install it with: pip install apache-airflow[cncf.kubernetes]
[2022-12-13 23:12:48,062] {processor.py:653} WARNING - No viable dags retrieved from /home/igor/Documents/airflowalura/venv/lib/python3.9/site-packages/airflow/example_dags/example_kubernetes_executor.py
[2022-12-13 23:12:48,210] {processor.py:161} INFO - Processing /home/igor/Documents/airflowalura/venv/lib/python3.9/site-packages/airflow/example_dags/example_kubernetes_executor.py took 0.472 seconds
[2022-12-13 23:14:24,010] {processor.py:153} INFO - Started process (PID=37196) to work on /home/igor/Documents/airflowalura/venv/lib/python3.9/site-packages/airflow/example_dags/example_kubernetes_executor.py
[2022-12-13 23:14:24,016] {processor.py:641} INFO - Processing file /home/igor/Documents/airflowalura/venv/lib/python3.9/site-packages/airflow/example_dags/example_kubernetes_executor.py for tasks to queue
[2022-12-13 23:14:24,018] {logging_mixin.py:115} INFO - [2022-12-13 23:14:24,017] {dagbag.py:507} INFO - Filling up the DagBag from /home/igor/Documents/airflowalura/venv/lib/python3.9/site-packages/airflow/example_dags/example_kubernetes_executor.py
[2022-12-13 23:14:24,209] {logging_mixin.py:115} INFO - [2022-12-13 23:14:24,209] {example_kubernetes_executor.py:39} WARNING - The example_kubernetes_executor example DAG requires the kubernetes provider. Please install it with: pip install apache-airflow[cncf.kubernetes]
[2022-12-13 23:14:24,210] {processor.py:653} WARNING - No viable dags retrieved from /home/igor/Documents/airflowalura/venv/lib/python3.9/site-packages/airflow/example_dags/example_kubernetes_executor.py
[2022-12-13 23:14:24,310] {processor.py:161} INFO - Processing /home/igor/Documents/airflowalura/venv/lib/python3.9/site-packages/airflow/example_dags/example_kubernetes_executor.py took 0.359 seconds
[2022-12-13 23:15:57,508] {processor.py:153} INFO - Started process (PID=37403) to work on /home/igor/Documents/airflowalura/venv/lib/python3.9/site-packages/airflow/example_dags/example_kubernetes_executor.py
[2022-12-13 23:15:57,514] {processor.py:641} INFO - Processing file /home/igor/Documents/airflowalura/venv/lib/python3.9/site-packages/airflow/example_dags/example_kubernetes_executor.py for tasks to queue
[2022-12-13 23:15:57,517] {logging_mixin.py:115} INFO - [2022-12-13 23:15:57,516] {dagbag.py:507} INFO - Filling up the DagBag from /home/igor/Documents/airflowalura/venv/lib/python3.9/site-packages/airflow/example_dags/example_kubernetes_executor.py
[2022-12-13 23:15:57,657] {logging_mixin.py:115} INFO - [2022-12-13 23:15:57,656] {example_kubernetes_executor.py:39} WARNING - The example_kubernetes_executor example DAG requires the kubernetes provider. Please install it with: pip install apache-airflow[cncf.kubernetes]
[2022-12-13 23:15:57,657] {processor.py:653} WARNING - No viable dags retrieved from /home/igor/Documents/airflowalura/venv/lib/python3.9/site-packages/airflow/example_dags/example_kubernetes_executor.py
[2022-12-13 23:15:57,754] {processor.py:161} INFO - Processing /home/igor/Documents/airflowalura/venv/lib/python3.9/site-packages/airflow/example_dags/example_kubernetes_executor.py took 0.269 seconds
[2022-12-13 23:18:40,261] {processor.py:153} INFO - Started process (PID=37652) to work on /home/igor/Documents/airflowalura/venv/lib/python3.9/site-packages/airflow/example_dags/example_kubernetes_executor.py
[2022-12-13 23:18:40,270] {processor.py:641} INFO - Processing file /home/igor/Documents/airflowalura/venv/lib/python3.9/site-packages/airflow/example_dags/example_kubernetes_executor.py for tasks to queue
[2022-12-13 23:18:40,273] {logging_mixin.py:115} INFO - [2022-12-13 23:18:40,272] {dagbag.py:507} INFO - Filling up the DagBag from /home/igor/Documents/airflowalura/venv/lib/python3.9/site-packages/airflow/example_dags/example_kubernetes_executor.py
[2022-12-13 23:18:40,464] {logging_mixin.py:115} INFO - [2022-12-13 23:18:40,463] {example_kubernetes_executor.py:39} WARNING - The example_kubernetes_executor example DAG requires the kubernetes provider. Please install it with: pip install apache-airflow[cncf.kubernetes]
[2022-12-13 23:18:40,464] {processor.py:653} WARNING - No viable dags retrieved from /home/igor/Documents/airflowalura/venv/lib/python3.9/site-packages/airflow/example_dags/example_kubernetes_executor.py
[2022-12-13 23:18:40,576] {processor.py:161} INFO - Processing /home/igor/Documents/airflowalura/venv/lib/python3.9/site-packages/airflow/example_dags/example_kubernetes_executor.py took 0.335 seconds
[2022-12-13 23:20:01,217] {processor.py:153} INFO - Started process (PID=37854) to work on /home/igor/Documents/airflowalura/venv/lib/python3.9/site-packages/airflow/example_dags/example_kubernetes_executor.py
[2022-12-13 23:20:01,240] {processor.py:641} INFO - Processing file /home/igor/Documents/airflowalura/venv/lib/python3.9/site-packages/airflow/example_dags/example_kubernetes_executor.py for tasks to queue
[2022-12-13 23:20:01,241] {logging_mixin.py:115} INFO - [2022-12-13 23:20:01,241] {dagbag.py:507} INFO - Filling up the DagBag from /home/igor/Documents/airflowalura/venv/lib/python3.9/site-packages/airflow/example_dags/example_kubernetes_executor.py
[2022-12-13 23:20:01,342] {logging_mixin.py:115} INFO - [2022-12-13 23:20:01,341] {example_kubernetes_executor.py:39} WARNING - The example_kubernetes_executor example DAG requires the kubernetes provider. Please install it with: pip install apache-airflow[cncf.kubernetes]
[2022-12-13 23:20:01,342] {processor.py:653} WARNING - No viable dags retrieved from /home/igor/Documents/airflowalura/venv/lib/python3.9/site-packages/airflow/example_dags/example_kubernetes_executor.py
[2022-12-13 23:20:01,408] {processor.py:161} INFO - Processing /home/igor/Documents/airflowalura/venv/lib/python3.9/site-packages/airflow/example_dags/example_kubernetes_executor.py took 0.201 seconds
[2022-12-13 23:21:14,210] {processor.py:153} INFO - Started process (PID=38045) to work on /home/igor/Documents/airflowalura/venv/lib/python3.9/site-packages/airflow/example_dags/example_kubernetes_executor.py
[2022-12-13 23:21:14,220] {processor.py:641} INFO - Processing file /home/igor/Documents/airflowalura/venv/lib/python3.9/site-packages/airflow/example_dags/example_kubernetes_executor.py for tasks to queue
[2022-12-13 23:21:14,221] {logging_mixin.py:115} INFO - [2022-12-13 23:21:14,221] {dagbag.py:507} INFO - Filling up the DagBag from /home/igor/Documents/airflowalura/venv/lib/python3.9/site-packages/airflow/example_dags/example_kubernetes_executor.py
[2022-12-13 23:21:14,356] {logging_mixin.py:115} INFO - [2022-12-13 23:21:14,356] {example_kubernetes_executor.py:39} WARNING - The example_kubernetes_executor example DAG requires the kubernetes provider. Please install it with: pip install apache-airflow[cncf.kubernetes]
[2022-12-13 23:21:14,357] {processor.py:653} WARNING - No viable dags retrieved from /home/igor/Documents/airflowalura/venv/lib/python3.9/site-packages/airflow/example_dags/example_kubernetes_executor.py
[2022-12-13 23:21:14,448] {processor.py:161} INFO - Processing /home/igor/Documents/airflowalura/venv/lib/python3.9/site-packages/airflow/example_dags/example_kubernetes_executor.py took 0.263 seconds
[2022-12-13 23:22:31,280] {processor.py:153} INFO - Started process (PID=38254) to work on /home/igor/Documents/airflowalura/venv/lib/python3.9/site-packages/airflow/example_dags/example_kubernetes_executor.py
[2022-12-13 23:22:31,288] {processor.py:641} INFO - Processing file /home/igor/Documents/airflowalura/venv/lib/python3.9/site-packages/airflow/example_dags/example_kubernetes_executor.py for tasks to queue
[2022-12-13 23:22:31,289] {logging_mixin.py:115} INFO - [2022-12-13 23:22:31,289] {dagbag.py:507} INFO - Filling up the DagBag from /home/igor/Documents/airflowalura/venv/lib/python3.9/site-packages/airflow/example_dags/example_kubernetes_executor.py
[2022-12-13 23:22:31,509] {logging_mixin.py:115} INFO - [2022-12-13 23:22:31,509] {example_kubernetes_executor.py:39} WARNING - The example_kubernetes_executor example DAG requires the kubernetes provider. Please install it with: pip install apache-airflow[cncf.kubernetes]
[2022-12-13 23:22:31,510] {processor.py:653} WARNING - No viable dags retrieved from /home/igor/Documents/airflowalura/venv/lib/python3.9/site-packages/airflow/example_dags/example_kubernetes_executor.py
[2022-12-13 23:22:31,715] {processor.py:161} INFO - Processing /home/igor/Documents/airflowalura/venv/lib/python3.9/site-packages/airflow/example_dags/example_kubernetes_executor.py took 0.472 seconds
[2022-12-13 23:23:53,207] {processor.py:153} INFO - Started process (PID=38520) to work on /home/igor/Documents/airflowalura/venv/lib/python3.9/site-packages/airflow/example_dags/example_kubernetes_executor.py
[2022-12-13 23:23:53,219] {processor.py:641} INFO - Processing file /home/igor/Documents/airflowalura/venv/lib/python3.9/site-packages/airflow/example_dags/example_kubernetes_executor.py for tasks to queue
[2022-12-13 23:23:53,222] {logging_mixin.py:115} INFO - [2022-12-13 23:23:53,222] {dagbag.py:507} INFO - Filling up the DagBag from /home/igor/Documents/airflowalura/venv/lib/python3.9/site-packages/airflow/example_dags/example_kubernetes_executor.py
[2022-12-13 23:23:53,364] {logging_mixin.py:115} INFO - [2022-12-13 23:23:53,363] {example_kubernetes_executor.py:39} WARNING - The example_kubernetes_executor example DAG requires the kubernetes provider. Please install it with: pip install apache-airflow[cncf.kubernetes]
[2022-12-13 23:23:53,365] {processor.py:653} WARNING - No viable dags retrieved from /home/igor/Documents/airflowalura/venv/lib/python3.9/site-packages/airflow/example_dags/example_kubernetes_executor.py
[2022-12-13 23:23:53,448] {processor.py:161} INFO - Processing /home/igor/Documents/airflowalura/venv/lib/python3.9/site-packages/airflow/example_dags/example_kubernetes_executor.py took 0.265 seconds
[2022-12-13 23:25:07,327] {processor.py:153} INFO - Started process (PID=38697) to work on /home/igor/Documents/airflowalura/venv/lib/python3.9/site-packages/airflow/example_dags/example_kubernetes_executor.py
[2022-12-13 23:25:07,334] {processor.py:641} INFO - Processing file /home/igor/Documents/airflowalura/venv/lib/python3.9/site-packages/airflow/example_dags/example_kubernetes_executor.py for tasks to queue
[2022-12-13 23:25:07,337] {logging_mixin.py:115} INFO - [2022-12-13 23:25:07,337] {dagbag.py:507} INFO - Filling up the DagBag from /home/igor/Documents/airflowalura/venv/lib/python3.9/site-packages/airflow/example_dags/example_kubernetes_executor.py
[2022-12-13 23:25:07,481] {logging_mixin.py:115} INFO - [2022-12-13 23:25:07,481] {example_kubernetes_executor.py:39} WARNING - The example_kubernetes_executor example DAG requires the kubernetes provider. Please install it with: pip install apache-airflow[cncf.kubernetes]
[2022-12-13 23:25:07,481] {processor.py:653} WARNING - No viable dags retrieved from /home/igor/Documents/airflowalura/venv/lib/python3.9/site-packages/airflow/example_dags/example_kubernetes_executor.py
[2022-12-13 23:25:07,561] {processor.py:161} INFO - Processing /home/igor/Documents/airflowalura/venv/lib/python3.9/site-packages/airflow/example_dags/example_kubernetes_executor.py took 0.249 seconds
[2022-12-13 23:26:21,088] {processor.py:153} INFO - Started process (PID=38887) to work on /home/igor/Documents/airflowalura/venv/lib/python3.9/site-packages/airflow/example_dags/example_kubernetes_executor.py
[2022-12-13 23:26:21,093] {processor.py:641} INFO - Processing file /home/igor/Documents/airflowalura/venv/lib/python3.9/site-packages/airflow/example_dags/example_kubernetes_executor.py for tasks to queue
[2022-12-13 23:26:21,094] {logging_mixin.py:115} INFO - [2022-12-13 23:26:21,094] {dagbag.py:507} INFO - Filling up the DagBag from /home/igor/Documents/airflowalura/venv/lib/python3.9/site-packages/airflow/example_dags/example_kubernetes_executor.py
[2022-12-13 23:26:21,216] {logging_mixin.py:115} INFO - [2022-12-13 23:26:21,216] {example_kubernetes_executor.py:39} WARNING - The example_kubernetes_executor example DAG requires the kubernetes provider. Please install it with: pip install apache-airflow[cncf.kubernetes]
[2022-12-13 23:26:21,217] {processor.py:653} WARNING - No viable dags retrieved from /home/igor/Documents/airflowalura/venv/lib/python3.9/site-packages/airflow/example_dags/example_kubernetes_executor.py
[2022-12-13 23:26:21,313] {processor.py:161} INFO - Processing /home/igor/Documents/airflowalura/venv/lib/python3.9/site-packages/airflow/example_dags/example_kubernetes_executor.py took 0.250 seconds
[2022-12-13 23:27:36,629] {processor.py:153} INFO - Started process (PID=39076) to work on /home/igor/Documents/airflowalura/venv/lib/python3.9/site-packages/airflow/example_dags/example_kubernetes_executor.py
[2022-12-13 23:27:36,634] {processor.py:641} INFO - Processing file /home/igor/Documents/airflowalura/venv/lib/python3.9/site-packages/airflow/example_dags/example_kubernetes_executor.py for tasks to queue
[2022-12-13 23:27:36,643] {logging_mixin.py:115} INFO - [2022-12-13 23:27:36,643] {dagbag.py:507} INFO - Filling up the DagBag from /home/igor/Documents/airflowalura/venv/lib/python3.9/site-packages/airflow/example_dags/example_kubernetes_executor.py
[2022-12-13 23:27:36,765] {logging_mixin.py:115} INFO - [2022-12-13 23:27:36,765] {example_kubernetes_executor.py:39} WARNING - The example_kubernetes_executor example DAG requires the kubernetes provider. Please install it with: pip install apache-airflow[cncf.kubernetes]
[2022-12-13 23:27:36,765] {processor.py:653} WARNING - No viable dags retrieved from /home/igor/Documents/airflowalura/venv/lib/python3.9/site-packages/airflow/example_dags/example_kubernetes_executor.py
[2022-12-13 23:27:36,825] {processor.py:161} INFO - Processing /home/igor/Documents/airflowalura/venv/lib/python3.9/site-packages/airflow/example_dags/example_kubernetes_executor.py took 0.236 seconds
