[2022-12-13 21:27:17,480] {processor.py:153} INFO - Started process (PID=29891) to work on /home/igor/Documents/airflowalura/venv/lib/python3.9/site-packages/airflow/example_dags/example_complex.py
[2022-12-13 21:27:17,481] {processor.py:641} INFO - Processing file /home/igor/Documents/airflowalura/venv/lib/python3.9/site-packages/airflow/example_dags/example_complex.py for tasks to queue
[2022-12-13 21:27:17,483] {logging_mixin.py:115} INFO - [2022-12-13 21:27:17,482] {dagbag.py:507} INFO - Filling up the DagBag from /home/igor/Documents/airflowalura/venv/lib/python3.9/site-packages/airflow/example_dags/example_complex.py
[2022-12-13 21:27:17,601] {processor.py:651} INFO - DAG(s) dict_keys(['example_complex']) retrieved from /home/igor/Documents/airflowalura/venv/lib/python3.9/site-packages/airflow/example_dags/example_complex.py
[2022-12-13 21:27:17,800] {logging_mixin.py:115} INFO - [2022-12-13 21:27:17,799] {dag.py:2379} INFO - Sync 1 DAGs
[2022-12-13 21:27:18,009] {logging_mixin.py:115} INFO - [2022-12-13 21:27:18,009] {dag.py:2927} INFO - Setting next_dagrun for example_complex to None, run_after=None
[2022-12-13 21:27:18,147] {processor.py:161} INFO - Processing /home/igor/Documents/airflowalura/venv/lib/python3.9/site-packages/airflow/example_dags/example_complex.py took 0.697 seconds
[2022-12-13 21:28:30,831] {processor.py:153} INFO - Started process (PID=30100) to work on /home/igor/Documents/airflowalura/venv/lib/python3.9/site-packages/airflow/example_dags/example_complex.py
[2022-12-13 21:28:30,853] {processor.py:641} INFO - Processing file /home/igor/Documents/airflowalura/venv/lib/python3.9/site-packages/airflow/example_dags/example_complex.py for tasks to queue
[2022-12-13 21:28:30,854] {logging_mixin.py:115} INFO - [2022-12-13 21:28:30,854] {dagbag.py:507} INFO - Filling up the DagBag from /home/igor/Documents/airflowalura/venv/lib/python3.9/site-packages/airflow/example_dags/example_complex.py
[2022-12-13 21:28:30,957] {processor.py:651} INFO - DAG(s) dict_keys(['example_complex']) retrieved from /home/igor/Documents/airflowalura/venv/lib/python3.9/site-packages/airflow/example_dags/example_complex.py
[2022-12-13 21:28:31,114] {logging_mixin.py:115} INFO - [2022-12-13 21:28:31,114] {dag.py:2379} INFO - Sync 1 DAGs
[2022-12-13 21:28:31,228] {logging_mixin.py:115} INFO - [2022-12-13 21:28:31,227] {dag.py:2927} INFO - Setting next_dagrun for example_complex to None, run_after=None
[2022-12-13 21:28:31,293] {processor.py:161} INFO - Processing /home/igor/Documents/airflowalura/venv/lib/python3.9/site-packages/airflow/example_dags/example_complex.py took 0.486 seconds
[2022-12-13 21:29:33,126] {processor.py:153} INFO - Started process (PID=30292) to work on /home/igor/Documents/airflowalura/venv/lib/python3.9/site-packages/airflow/example_dags/example_complex.py
[2022-12-13 21:29:33,133] {processor.py:641} INFO - Processing file /home/igor/Documents/airflowalura/venv/lib/python3.9/site-packages/airflow/example_dags/example_complex.py for tasks to queue
[2022-12-13 21:29:33,134] {logging_mixin.py:115} INFO - [2022-12-13 21:29:33,134] {dagbag.py:507} INFO - Filling up the DagBag from /home/igor/Documents/airflowalura/venv/lib/python3.9/site-packages/airflow/example_dags/example_complex.py
[2022-12-13 21:29:33,252] {processor.py:651} INFO - DAG(s) dict_keys(['example_complex']) retrieved from /home/igor/Documents/airflowalura/venv/lib/python3.9/site-packages/airflow/example_dags/example_complex.py
[2022-12-13 21:29:33,415] {logging_mixin.py:115} INFO - [2022-12-13 21:29:33,414] {dag.py:2379} INFO - Sync 1 DAGs
[2022-12-13 21:29:33,616] {logging_mixin.py:115} INFO - [2022-12-13 21:29:33,616] {dag.py:2927} INFO - Setting next_dagrun for example_complex to None, run_after=None
[2022-12-13 21:29:33,736] {processor.py:161} INFO - Processing /home/igor/Documents/airflowalura/venv/lib/python3.9/site-packages/airflow/example_dags/example_complex.py took 0.640 seconds
[2022-12-13 21:31:04,577] {processor.py:153} INFO - Started process (PID=30486) to work on /home/igor/Documents/airflowalura/venv/lib/python3.9/site-packages/airflow/example_dags/example_complex.py
[2022-12-13 21:31:04,581] {processor.py:641} INFO - Processing file /home/igor/Documents/airflowalura/venv/lib/python3.9/site-packages/airflow/example_dags/example_complex.py for tasks to queue
[2022-12-13 21:31:04,583] {logging_mixin.py:115} INFO - [2022-12-13 21:31:04,582] {dagbag.py:507} INFO - Filling up the DagBag from /home/igor/Documents/airflowalura/venv/lib/python3.9/site-packages/airflow/example_dags/example_complex.py
[2022-12-13 21:31:04,712] {processor.py:651} INFO - DAG(s) dict_keys(['example_complex']) retrieved from /home/igor/Documents/airflowalura/venv/lib/python3.9/site-packages/airflow/example_dags/example_complex.py
[2022-12-13 21:31:04,917] {logging_mixin.py:115} INFO - [2022-12-13 21:31:04,916] {dag.py:2379} INFO - Sync 1 DAGs
[2022-12-13 21:31:05,120] {logging_mixin.py:115} INFO - [2022-12-13 21:31:05,120] {dag.py:2927} INFO - Setting next_dagrun for example_complex to None, run_after=None
[2022-12-13 21:31:05,256] {processor.py:161} INFO - Processing /home/igor/Documents/airflowalura/venv/lib/python3.9/site-packages/airflow/example_dags/example_complex.py took 0.701 seconds
[2022-12-13 21:32:54,570] {processor.py:153} INFO - Started process (PID=30711) to work on /home/igor/Documents/airflowalura/venv/lib/python3.9/site-packages/airflow/example_dags/example_complex.py
[2022-12-13 21:32:54,587] {processor.py:641} INFO - Processing file /home/igor/Documents/airflowalura/venv/lib/python3.9/site-packages/airflow/example_dags/example_complex.py for tasks to queue
[2022-12-13 21:32:54,593] {logging_mixin.py:115} INFO - [2022-12-13 21:32:54,593] {dagbag.py:507} INFO - Filling up the DagBag from /home/igor/Documents/airflowalura/venv/lib/python3.9/site-packages/airflow/example_dags/example_complex.py
[2022-12-13 21:32:54,753] {processor.py:651} INFO - DAG(s) dict_keys(['example_complex']) retrieved from /home/igor/Documents/airflowalura/venv/lib/python3.9/site-packages/airflow/example_dags/example_complex.py
[2022-12-13 21:32:54,949] {logging_mixin.py:115} INFO - [2022-12-13 21:32:54,949] {dag.py:2379} INFO - Sync 1 DAGs
[2022-12-13 21:32:55,175] {logging_mixin.py:115} INFO - [2022-12-13 21:32:55,175] {dag.py:2927} INFO - Setting next_dagrun for example_complex to None, run_after=None
[2022-12-13 21:32:55,294] {processor.py:161} INFO - Processing /home/igor/Documents/airflowalura/venv/lib/python3.9/site-packages/airflow/example_dags/example_complex.py took 0.768 seconds
[2022-12-13 21:34:46,446] {processor.py:153} INFO - Started process (PID=30923) to work on /home/igor/Documents/airflowalura/venv/lib/python3.9/site-packages/airflow/example_dags/example_complex.py
[2022-12-13 21:34:46,449] {processor.py:641} INFO - Processing file /home/igor/Documents/airflowalura/venv/lib/python3.9/site-packages/airflow/example_dags/example_complex.py for tasks to queue
[2022-12-13 21:34:46,453] {logging_mixin.py:115} INFO - [2022-12-13 21:34:46,452] {dagbag.py:507} INFO - Filling up the DagBag from /home/igor/Documents/airflowalura/venv/lib/python3.9/site-packages/airflow/example_dags/example_complex.py
[2022-12-13 21:34:46,580] {processor.py:651} INFO - DAG(s) dict_keys(['example_complex']) retrieved from /home/igor/Documents/airflowalura/venv/lib/python3.9/site-packages/airflow/example_dags/example_complex.py
[2022-12-13 21:34:46,805] {logging_mixin.py:115} INFO - [2022-12-13 21:34:46,805] {dag.py:2379} INFO - Sync 1 DAGs
[2022-12-13 21:34:47,073] {logging_mixin.py:115} INFO - [2022-12-13 21:34:47,073] {dag.py:2927} INFO - Setting next_dagrun for example_complex to None, run_after=None
[2022-12-13 21:34:47,356] {processor.py:161} INFO - Processing /home/igor/Documents/airflowalura/venv/lib/python3.9/site-packages/airflow/example_dags/example_complex.py took 0.943 seconds
[2022-12-13 21:37:30,196] {processor.py:153} INFO - Started process (PID=31350) to work on /home/igor/Documents/airflowalura/venv/lib/python3.9/site-packages/airflow/example_dags/example_complex.py
[2022-12-13 21:37:30,208] {processor.py:641} INFO - Processing file /home/igor/Documents/airflowalura/venv/lib/python3.9/site-packages/airflow/example_dags/example_complex.py for tasks to queue
[2022-12-13 21:37:30,211] {logging_mixin.py:115} INFO - [2022-12-13 21:37:30,210] {dagbag.py:507} INFO - Filling up the DagBag from /home/igor/Documents/airflowalura/venv/lib/python3.9/site-packages/airflow/example_dags/example_complex.py
[2022-12-13 21:37:30,363] {processor.py:651} INFO - DAG(s) dict_keys(['example_complex']) retrieved from /home/igor/Documents/airflowalura/venv/lib/python3.9/site-packages/airflow/example_dags/example_complex.py
[2022-12-13 21:37:30,630] {logging_mixin.py:115} INFO - [2022-12-13 21:37:30,630] {dag.py:2379} INFO - Sync 1 DAGs
[2022-12-13 21:37:30,811] {logging_mixin.py:115} INFO - [2022-12-13 21:37:30,811] {dag.py:2927} INFO - Setting next_dagrun for example_complex to None, run_after=None
[2022-12-13 21:37:30,910] {processor.py:161} INFO - Processing /home/igor/Documents/airflowalura/venv/lib/python3.9/site-packages/airflow/example_dags/example_complex.py took 0.736 seconds
[2022-12-13 21:38:42,401] {processor.py:153} INFO - Started process (PID=31557) to work on /home/igor/Documents/airflowalura/venv/lib/python3.9/site-packages/airflow/example_dags/example_complex.py
[2022-12-13 21:38:42,409] {processor.py:641} INFO - Processing file /home/igor/Documents/airflowalura/venv/lib/python3.9/site-packages/airflow/example_dags/example_complex.py for tasks to queue
[2022-12-13 21:38:42,410] {logging_mixin.py:115} INFO - [2022-12-13 21:38:42,410] {dagbag.py:507} INFO - Filling up the DagBag from /home/igor/Documents/airflowalura/venv/lib/python3.9/site-packages/airflow/example_dags/example_complex.py
[2022-12-13 21:38:42,497] {processor.py:651} INFO - DAG(s) dict_keys(['example_complex']) retrieved from /home/igor/Documents/airflowalura/venv/lib/python3.9/site-packages/airflow/example_dags/example_complex.py
[2022-12-13 21:38:42,659] {logging_mixin.py:115} INFO - [2022-12-13 21:38:42,659] {dag.py:2379} INFO - Sync 1 DAGs
[2022-12-13 21:38:42,767] {logging_mixin.py:115} INFO - [2022-12-13 21:38:42,767] {dag.py:2927} INFO - Setting next_dagrun for example_complex to None, run_after=None
[2022-12-13 21:38:42,832] {processor.py:161} INFO - Processing /home/igor/Documents/airflowalura/venv/lib/python3.9/site-packages/airflow/example_dags/example_complex.py took 0.465 seconds
[2022-12-13 23:01:14,346] {processor.py:153} INFO - Started process (PID=35349) to work on /home/igor/Documents/airflowalura/venv/lib/python3.9/site-packages/airflow/example_dags/example_complex.py
[2022-12-13 23:01:14,353] {processor.py:641} INFO - Processing file /home/igor/Documents/airflowalura/venv/lib/python3.9/site-packages/airflow/example_dags/example_complex.py for tasks to queue
[2022-12-13 23:01:14,354] {logging_mixin.py:115} INFO - [2022-12-13 23:01:14,354] {dagbag.py:507} INFO - Filling up the DagBag from /home/igor/Documents/airflowalura/venv/lib/python3.9/site-packages/airflow/example_dags/example_complex.py
[2022-12-13 23:01:14,502] {processor.py:651} INFO - DAG(s) dict_keys(['example_complex']) retrieved from /home/igor/Documents/airflowalura/venv/lib/python3.9/site-packages/airflow/example_dags/example_complex.py
[2022-12-13 23:01:14,710] {logging_mixin.py:115} INFO - [2022-12-13 23:01:14,709] {dag.py:2379} INFO - Sync 1 DAGs
[2022-12-13 23:01:14,875] {logging_mixin.py:115} INFO - [2022-12-13 23:01:14,874] {dag.py:2927} INFO - Setting next_dagrun for example_complex to None, run_after=None
[2022-12-13 23:01:15,008] {processor.py:161} INFO - Processing /home/igor/Documents/airflowalura/venv/lib/python3.9/site-packages/airflow/example_dags/example_complex.py took 0.688 seconds
[2022-12-13 23:03:17,596] {processor.py:153} INFO - Started process (PID=35769) to work on /home/igor/Documents/airflowalura/venv/lib/python3.9/site-packages/airflow/example_dags/example_complex.py
[2022-12-13 23:03:17,604] {processor.py:641} INFO - Processing file /home/igor/Documents/airflowalura/venv/lib/python3.9/site-packages/airflow/example_dags/example_complex.py for tasks to queue
[2022-12-13 23:03:17,605] {logging_mixin.py:115} INFO - [2022-12-13 23:03:17,605] {dagbag.py:507} INFO - Filling up the DagBag from /home/igor/Documents/airflowalura/venv/lib/python3.9/site-packages/airflow/example_dags/example_complex.py
[2022-12-13 23:03:17,746] {processor.py:651} INFO - DAG(s) dict_keys(['example_complex']) retrieved from /home/igor/Documents/airflowalura/venv/lib/python3.9/site-packages/airflow/example_dags/example_complex.py
[2022-12-13 23:03:18,089] {logging_mixin.py:115} INFO - [2022-12-13 23:03:18,088] {dag.py:2379} INFO - Sync 1 DAGs
[2022-12-13 23:03:18,222] {logging_mixin.py:115} INFO - [2022-12-13 23:03:18,221] {dag.py:2927} INFO - Setting next_dagrun for example_complex to None, run_after=None
[2022-12-13 23:03:18,330] {processor.py:161} INFO - Processing /home/igor/Documents/airflowalura/venv/lib/python3.9/site-packages/airflow/example_dags/example_complex.py took 0.757 seconds
[2022-12-13 23:05:20,517] {processor.py:153} INFO - Started process (PID=36045) to work on /home/igor/Documents/airflowalura/venv/lib/python3.9/site-packages/airflow/example_dags/example_complex.py
[2022-12-13 23:05:20,525] {processor.py:641} INFO - Processing file /home/igor/Documents/airflowalura/venv/lib/python3.9/site-packages/airflow/example_dags/example_complex.py for tasks to queue
[2022-12-13 23:05:20,526] {logging_mixin.py:115} INFO - [2022-12-13 23:05:20,526] {dagbag.py:507} INFO - Filling up the DagBag from /home/igor/Documents/airflowalura/venv/lib/python3.9/site-packages/airflow/example_dags/example_complex.py
[2022-12-13 23:05:20,685] {processor.py:651} INFO - DAG(s) dict_keys(['example_complex']) retrieved from /home/igor/Documents/airflowalura/venv/lib/python3.9/site-packages/airflow/example_dags/example_complex.py
[2022-12-13 23:05:20,989] {logging_mixin.py:115} INFO - [2022-12-13 23:05:20,989] {dag.py:2379} INFO - Sync 1 DAGs
[2022-12-13 23:05:21,192] {logging_mixin.py:115} INFO - [2022-12-13 23:05:21,192] {dag.py:2927} INFO - Setting next_dagrun for example_complex to None, run_after=None
[2022-12-13 23:05:21,285] {processor.py:161} INFO - Processing /home/igor/Documents/airflowalura/venv/lib/python3.9/site-packages/airflow/example_dags/example_complex.py took 0.798 seconds
[2022-12-13 23:07:22,292] {processor.py:153} INFO - Started process (PID=36258) to work on /home/igor/Documents/airflowalura/venv/lib/python3.9/site-packages/airflow/example_dags/example_complex.py
[2022-12-13 23:07:22,295] {processor.py:641} INFO - Processing file /home/igor/Documents/airflowalura/venv/lib/python3.9/site-packages/airflow/example_dags/example_complex.py for tasks to queue
[2022-12-13 23:07:22,297] {logging_mixin.py:115} INFO - [2022-12-13 23:07:22,297] {dagbag.py:507} INFO - Filling up the DagBag from /home/igor/Documents/airflowalura/venv/lib/python3.9/site-packages/airflow/example_dags/example_complex.py
[2022-12-13 23:07:22,833] {processor.py:651} INFO - DAG(s) dict_keys(['example_complex']) retrieved from /home/igor/Documents/airflowalura/venv/lib/python3.9/site-packages/airflow/example_dags/example_complex.py
[2022-12-13 23:07:23,385] {logging_mixin.py:115} INFO - [2022-12-13 23:07:23,385] {dag.py:2379} INFO - Sync 1 DAGs
[2022-12-13 23:07:23,710] {logging_mixin.py:115} INFO - [2022-12-13 23:07:23,710] {dag.py:2927} INFO - Setting next_dagrun for example_complex to None, run_after=None
[2022-12-13 23:07:23,875] {processor.py:161} INFO - Processing /home/igor/Documents/airflowalura/venv/lib/python3.9/site-packages/airflow/example_dags/example_complex.py took 1.649 seconds
[2022-12-13 23:10:59,437] {processor.py:153} INFO - Started process (PID=36584) to work on /home/igor/Documents/airflowalura/venv/lib/python3.9/site-packages/airflow/example_dags/example_complex.py
[2022-12-13 23:10:59,455] {processor.py:641} INFO - Processing file /home/igor/Documents/airflowalura/venv/lib/python3.9/site-packages/airflow/example_dags/example_complex.py for tasks to queue
[2022-12-13 23:10:59,458] {logging_mixin.py:115} INFO - [2022-12-13 23:10:59,457] {dagbag.py:507} INFO - Filling up the DagBag from /home/igor/Documents/airflowalura/venv/lib/python3.9/site-packages/airflow/example_dags/example_complex.py
[2022-12-13 23:11:00,528] {processor.py:651} INFO - DAG(s) dict_keys(['example_complex']) retrieved from /home/igor/Documents/airflowalura/venv/lib/python3.9/site-packages/airflow/example_dags/example_complex.py
[2022-12-13 23:11:01,329] {logging_mixin.py:115} INFO - [2022-12-13 23:11:01,319] {dag.py:2379} INFO - Sync 1 DAGs
[2022-12-13 23:11:02,086] {logging_mixin.py:115} INFO - [2022-12-13 23:11:02,085] {dag.py:2927} INFO - Setting next_dagrun for example_complex to None, run_after=None
[2022-12-13 23:11:02,250] {processor.py:161} INFO - Processing /home/igor/Documents/airflowalura/venv/lib/python3.9/site-packages/airflow/example_dags/example_complex.py took 2.885 seconds
[2022-12-13 23:13:36,128] {processor.py:153} INFO - Started process (PID=37076) to work on /home/igor/Documents/airflowalura/venv/lib/python3.9/site-packages/airflow/example_dags/example_complex.py
[2022-12-13 23:13:36,132] {processor.py:641} INFO - Processing file /home/igor/Documents/airflowalura/venv/lib/python3.9/site-packages/airflow/example_dags/example_complex.py for tasks to queue
[2022-12-13 23:13:36,134] {logging_mixin.py:115} INFO - [2022-12-13 23:13:36,133] {dagbag.py:507} INFO - Filling up the DagBag from /home/igor/Documents/airflowalura/venv/lib/python3.9/site-packages/airflow/example_dags/example_complex.py
[2022-12-13 23:13:36,285] {processor.py:651} INFO - DAG(s) dict_keys(['example_complex']) retrieved from /home/igor/Documents/airflowalura/venv/lib/python3.9/site-packages/airflow/example_dags/example_complex.py
[2022-12-13 23:13:36,450] {logging_mixin.py:115} INFO - [2022-12-13 23:13:36,450] {dag.py:2379} INFO - Sync 1 DAGs
[2022-12-13 23:13:36,594] {logging_mixin.py:115} INFO - [2022-12-13 23:13:36,594] {dag.py:2927} INFO - Setting next_dagrun for example_complex to None, run_after=None
[2022-12-13 23:13:36,766] {processor.py:161} INFO - Processing /home/igor/Documents/airflowalura/venv/lib/python3.9/site-packages/airflow/example_dags/example_complex.py took 0.653 seconds
[2022-12-13 23:15:06,708] {processor.py:153} INFO - Started process (PID=37293) to work on /home/igor/Documents/airflowalura/venv/lib/python3.9/site-packages/airflow/example_dags/example_complex.py
[2022-12-13 23:15:06,730] {processor.py:641} INFO - Processing file /home/igor/Documents/airflowalura/venv/lib/python3.9/site-packages/airflow/example_dags/example_complex.py for tasks to queue
[2022-12-13 23:15:06,745] {logging_mixin.py:115} INFO - [2022-12-13 23:15:06,745] {dagbag.py:507} INFO - Filling up the DagBag from /home/igor/Documents/airflowalura/venv/lib/python3.9/site-packages/airflow/example_dags/example_complex.py
[2022-12-13 23:15:06,884] {processor.py:651} INFO - DAG(s) dict_keys(['example_complex']) retrieved from /home/igor/Documents/airflowalura/venv/lib/python3.9/site-packages/airflow/example_dags/example_complex.py
[2022-12-13 23:15:07,106] {logging_mixin.py:115} INFO - [2022-12-13 23:15:07,106] {dag.py:2379} INFO - Sync 1 DAGs
[2022-12-13 23:15:07,268] {logging_mixin.py:115} INFO - [2022-12-13 23:15:07,259] {dag.py:2927} INFO - Setting next_dagrun for example_complex to None, run_after=None
[2022-12-13 23:15:07,384] {processor.py:161} INFO - Processing /home/igor/Documents/airflowalura/venv/lib/python3.9/site-packages/airflow/example_dags/example_complex.py took 0.695 seconds
[2022-12-13 23:17:50,789] {processor.py:153} INFO - Started process (PID=37536) to work on /home/igor/Documents/airflowalura/venv/lib/python3.9/site-packages/airflow/example_dags/example_complex.py
[2022-12-13 23:17:50,790] {processor.py:641} INFO - Processing file /home/igor/Documents/airflowalura/venv/lib/python3.9/site-packages/airflow/example_dags/example_complex.py for tasks to queue
[2022-12-13 23:17:50,792] {logging_mixin.py:115} INFO - [2022-12-13 23:17:50,792] {dagbag.py:507} INFO - Filling up the DagBag from /home/igor/Documents/airflowalura/venv/lib/python3.9/site-packages/airflow/example_dags/example_complex.py
[2022-12-13 23:17:50,979] {processor.py:651} INFO - DAG(s) dict_keys(['example_complex']) retrieved from /home/igor/Documents/airflowalura/venv/lib/python3.9/site-packages/airflow/example_dags/example_complex.py
[2022-12-13 23:17:51,192] {logging_mixin.py:115} INFO - [2022-12-13 23:17:51,187] {dag.py:2379} INFO - Sync 1 DAGs
[2022-12-13 23:17:51,359] {logging_mixin.py:115} INFO - [2022-12-13 23:17:51,358] {dag.py:2927} INFO - Setting next_dagrun for example_complex to None, run_after=None
[2022-12-13 23:17:51,496] {processor.py:161} INFO - Processing /home/igor/Documents/airflowalura/venv/lib/python3.9/site-packages/airflow/example_dags/example_complex.py took 0.739 seconds
[2022-12-13 23:19:18,289] {processor.py:153} INFO - Started process (PID=37748) to work on /home/igor/Documents/airflowalura/venv/lib/python3.9/site-packages/airflow/example_dags/example_complex.py
[2022-12-13 23:19:18,306] {processor.py:641} INFO - Processing file /home/igor/Documents/airflowalura/venv/lib/python3.9/site-packages/airflow/example_dags/example_complex.py for tasks to queue
[2022-12-13 23:19:18,308] {logging_mixin.py:115} INFO - [2022-12-13 23:19:18,308] {dagbag.py:507} INFO - Filling up the DagBag from /home/igor/Documents/airflowalura/venv/lib/python3.9/site-packages/airflow/example_dags/example_complex.py
[2022-12-13 23:19:18,478] {processor.py:651} INFO - DAG(s) dict_keys(['example_complex']) retrieved from /home/igor/Documents/airflowalura/venv/lib/python3.9/site-packages/airflow/example_dags/example_complex.py
[2022-12-13 23:19:18,681] {logging_mixin.py:115} INFO - [2022-12-13 23:19:18,680] {dag.py:2379} INFO - Sync 1 DAGs
[2022-12-13 23:19:19,149] {logging_mixin.py:115} INFO - [2022-12-13 23:19:19,148] {dag.py:2927} INFO - Setting next_dagrun for example_complex to None, run_after=None
[2022-12-13 23:19:19,242] {processor.py:161} INFO - Processing /home/igor/Documents/airflowalura/venv/lib/python3.9/site-packages/airflow/example_dags/example_complex.py took 0.990 seconds
[2022-12-13 23:20:34,681] {processor.py:153} INFO - Started process (PID=37941) to work on /home/igor/Documents/airflowalura/venv/lib/python3.9/site-packages/airflow/example_dags/example_complex.py
[2022-12-13 23:20:34,695] {processor.py:641} INFO - Processing file /home/igor/Documents/airflowalura/venv/lib/python3.9/site-packages/airflow/example_dags/example_complex.py for tasks to queue
[2022-12-13 23:20:34,701] {logging_mixin.py:115} INFO - [2022-12-13 23:20:34,700] {dagbag.py:507} INFO - Filling up the DagBag from /home/igor/Documents/airflowalura/venv/lib/python3.9/site-packages/airflow/example_dags/example_complex.py
[2022-12-13 23:20:34,848] {processor.py:651} INFO - DAG(s) dict_keys(['example_complex']) retrieved from /home/igor/Documents/airflowalura/venv/lib/python3.9/site-packages/airflow/example_dags/example_complex.py
[2022-12-13 23:20:35,033] {logging_mixin.py:115} INFO - [2022-12-13 23:20:35,033] {dag.py:2379} INFO - Sync 1 DAGs
[2022-12-13 23:20:35,162] {logging_mixin.py:115} INFO - [2022-12-13 23:20:35,161] {dag.py:2927} INFO - Setting next_dagrun for example_complex to None, run_after=None
[2022-12-13 23:20:35,249] {processor.py:161} INFO - Processing /home/igor/Documents/airflowalura/venv/lib/python3.9/site-packages/airflow/example_dags/example_complex.py took 0.604 seconds
[2022-12-13 23:21:48,871] {processor.py:153} INFO - Started process (PID=38130) to work on /home/igor/Documents/airflowalura/venv/lib/python3.9/site-packages/airflow/example_dags/example_complex.py
[2022-12-13 23:21:48,874] {processor.py:641} INFO - Processing file /home/igor/Documents/airflowalura/venv/lib/python3.9/site-packages/airflow/example_dags/example_complex.py for tasks to queue
[2022-12-13 23:21:48,876] {logging_mixin.py:115} INFO - [2022-12-13 23:21:48,876] {dagbag.py:507} INFO - Filling up the DagBag from /home/igor/Documents/airflowalura/venv/lib/python3.9/site-packages/airflow/example_dags/example_complex.py
[2022-12-13 23:21:49,029] {processor.py:651} INFO - DAG(s) dict_keys(['example_complex']) retrieved from /home/igor/Documents/airflowalura/venv/lib/python3.9/site-packages/airflow/example_dags/example_complex.py
[2022-12-13 23:21:49,206] {logging_mixin.py:115} INFO - [2022-12-13 23:21:49,206] {dag.py:2379} INFO - Sync 1 DAGs
[2022-12-13 23:21:49,344] {logging_mixin.py:115} INFO - [2022-12-13 23:21:49,344] {dag.py:2927} INFO - Setting next_dagrun for example_complex to None, run_after=None
[2022-12-13 23:21:49,437] {processor.py:161} INFO - Processing /home/igor/Documents/airflowalura/venv/lib/python3.9/site-packages/airflow/example_dags/example_complex.py took 0.603 seconds
[2022-12-13 23:23:08,610] {processor.py:153} INFO - Started process (PID=38397) to work on /home/igor/Documents/airflowalura/venv/lib/python3.9/site-packages/airflow/example_dags/example_complex.py
[2022-12-13 23:23:08,618] {processor.py:641} INFO - Processing file /home/igor/Documents/airflowalura/venv/lib/python3.9/site-packages/airflow/example_dags/example_complex.py for tasks to queue
[2022-12-13 23:23:08,623] {logging_mixin.py:115} INFO - [2022-12-13 23:23:08,619] {dagbag.py:507} INFO - Filling up the DagBag from /home/igor/Documents/airflowalura/venv/lib/python3.9/site-packages/airflow/example_dags/example_complex.py
[2022-12-13 23:23:08,757] {processor.py:651} INFO - DAG(s) dict_keys(['example_complex']) retrieved from /home/igor/Documents/airflowalura/venv/lib/python3.9/site-packages/airflow/example_dags/example_complex.py
[2022-12-13 23:23:09,011] {logging_mixin.py:115} INFO - [2022-12-13 23:23:09,010] {dag.py:2379} INFO - Sync 1 DAGs
[2022-12-13 23:23:09,181] {logging_mixin.py:115} INFO - [2022-12-13 23:23:09,180] {dag.py:2927} INFO - Setting next_dagrun for example_complex to None, run_after=None
[2022-12-13 23:23:09,269] {processor.py:161} INFO - Processing /home/igor/Documents/airflowalura/venv/lib/python3.9/site-packages/airflow/example_dags/example_complex.py took 0.680 seconds
[2022-12-13 23:24:27,830] {processor.py:153} INFO - Started process (PID=38597) to work on /home/igor/Documents/airflowalura/venv/lib/python3.9/site-packages/airflow/example_dags/example_complex.py
[2022-12-13 23:24:27,846] {processor.py:641} INFO - Processing file /home/igor/Documents/airflowalura/venv/lib/python3.9/site-packages/airflow/example_dags/example_complex.py for tasks to queue
[2022-12-13 23:24:27,847] {logging_mixin.py:115} INFO - [2022-12-13 23:24:27,847] {dagbag.py:507} INFO - Filling up the DagBag from /home/igor/Documents/airflowalura/venv/lib/python3.9/site-packages/airflow/example_dags/example_complex.py
[2022-12-13 23:24:27,956] {processor.py:651} INFO - DAG(s) dict_keys(['example_complex']) retrieved from /home/igor/Documents/airflowalura/venv/lib/python3.9/site-packages/airflow/example_dags/example_complex.py
[2022-12-13 23:24:28,126] {logging_mixin.py:115} INFO - [2022-12-13 23:24:28,126] {dag.py:2379} INFO - Sync 1 DAGs
[2022-12-13 23:24:28,279] {logging_mixin.py:115} INFO - [2022-12-13 23:24:28,278] {dag.py:2927} INFO - Setting next_dagrun for example_complex to None, run_after=None
[2022-12-13 23:24:28,353] {processor.py:161} INFO - Processing /home/igor/Documents/airflowalura/venv/lib/python3.9/site-packages/airflow/example_dags/example_complex.py took 0.549 seconds
[2022-12-13 23:25:40,731] {processor.py:153} INFO - Started process (PID=38784) to work on /home/igor/Documents/airflowalura/venv/lib/python3.9/site-packages/airflow/example_dags/example_complex.py
[2022-12-13 23:25:40,748] {processor.py:641} INFO - Processing file /home/igor/Documents/airflowalura/venv/lib/python3.9/site-packages/airflow/example_dags/example_complex.py for tasks to queue
[2022-12-13 23:25:40,749] {logging_mixin.py:115} INFO - [2022-12-13 23:25:40,749] {dagbag.py:507} INFO - Filling up the DagBag from /home/igor/Documents/airflowalura/venv/lib/python3.9/site-packages/airflow/example_dags/example_complex.py
[2022-12-13 23:25:40,861] {processor.py:651} INFO - DAG(s) dict_keys(['example_complex']) retrieved from /home/igor/Documents/airflowalura/venv/lib/python3.9/site-packages/airflow/example_dags/example_complex.py
[2022-12-13 23:25:41,060] {logging_mixin.py:115} INFO - [2022-12-13 23:25:41,060] {dag.py:2379} INFO - Sync 1 DAGs
[2022-12-13 23:25:41,202] {logging_mixin.py:115} INFO - [2022-12-13 23:25:41,201] {dag.py:2927} INFO - Setting next_dagrun for example_complex to None, run_after=None
[2022-12-13 23:25:41,288] {processor.py:161} INFO - Processing /home/igor/Documents/airflowalura/venv/lib/python3.9/site-packages/airflow/example_dags/example_complex.py took 0.577 seconds
[2022-12-13 23:26:52,610] {processor.py:153} INFO - Started process (PID=38970) to work on /home/igor/Documents/airflowalura/venv/lib/python3.9/site-packages/airflow/example_dags/example_complex.py
[2022-12-13 23:26:52,620] {processor.py:641} INFO - Processing file /home/igor/Documents/airflowalura/venv/lib/python3.9/site-packages/airflow/example_dags/example_complex.py for tasks to queue
[2022-12-13 23:26:52,621] {logging_mixin.py:115} INFO - [2022-12-13 23:26:52,621] {dagbag.py:507} INFO - Filling up the DagBag from /home/igor/Documents/airflowalura/venv/lib/python3.9/site-packages/airflow/example_dags/example_complex.py
[2022-12-13 23:26:52,717] {processor.py:651} INFO - DAG(s) dict_keys(['example_complex']) retrieved from /home/igor/Documents/airflowalura/venv/lib/python3.9/site-packages/airflow/example_dags/example_complex.py
[2022-12-13 23:26:52,882] {logging_mixin.py:115} INFO - [2022-12-13 23:26:52,881] {dag.py:2379} INFO - Sync 1 DAGs
[2022-12-13 23:26:53,053] {logging_mixin.py:115} INFO - [2022-12-13 23:26:53,052] {dag.py:2927} INFO - Setting next_dagrun for example_complex to None, run_after=None
[2022-12-13 23:26:53,162] {processor.py:161} INFO - Processing /home/igor/Documents/airflowalura/venv/lib/python3.9/site-packages/airflow/example_dags/example_complex.py took 0.574 seconds
