[2022-12-13 21:27:24,967] {processor.py:153} INFO - Started process (PID=29909) to work on /home/igor/Documents/airflowalura/venv/lib/python3.9/site-packages/airflow/example_dags/example_branch_labels.py
[2022-12-13 21:27:24,969] {processor.py:641} INFO - Processing file /home/igor/Documents/airflowalura/venv/lib/python3.9/site-packages/airflow/example_dags/example_branch_labels.py for tasks to queue
[2022-12-13 21:27:24,980] {logging_mixin.py:115} INFO - [2022-12-13 21:27:24,979] {dagbag.py:507} INFO - Filling up the DagBag from /home/igor/Documents/airflowalura/venv/lib/python3.9/site-packages/airflow/example_dags/example_branch_labels.py
[2022-12-13 21:27:25,037] {processor.py:651} INFO - DAG(s) dict_keys(['example_branch_labels']) retrieved from /home/igor/Documents/airflowalura/venv/lib/python3.9/site-packages/airflow/example_dags/example_branch_labels.py
[2022-12-13 21:27:25,478] {logging_mixin.py:115} INFO - [2022-12-13 21:27:25,477] {dag.py:2379} INFO - Sync 1 DAGs
[2022-12-13 21:27:25,676] {logging_mixin.py:115} INFO - [2022-12-13 21:27:25,676] {dag.py:2927} INFO - Setting next_dagrun for example_branch_labels to 2022-12-13T00:00:00+00:00, run_after=2022-12-14T00:00:00+00:00
[2022-12-13 21:27:25,781] {processor.py:161} INFO - Processing /home/igor/Documents/airflowalura/venv/lib/python3.9/site-packages/airflow/example_dags/example_branch_labels.py took 0.845 seconds
[2022-12-13 21:28:36,447] {processor.py:153} INFO - Started process (PID=30116) to work on /home/igor/Documents/airflowalura/venv/lib/python3.9/site-packages/airflow/example_dags/example_branch_labels.py
[2022-12-13 21:28:36,452] {processor.py:641} INFO - Processing file /home/igor/Documents/airflowalura/venv/lib/python3.9/site-packages/airflow/example_dags/example_branch_labels.py for tasks to queue
[2022-12-13 21:28:36,453] {logging_mixin.py:115} INFO - [2022-12-13 21:28:36,453] {dagbag.py:507} INFO - Filling up the DagBag from /home/igor/Documents/airflowalura/venv/lib/python3.9/site-packages/airflow/example_dags/example_branch_labels.py
[2022-12-13 21:28:36,480] {processor.py:651} INFO - DAG(s) dict_keys(['example_branch_labels']) retrieved from /home/igor/Documents/airflowalura/venv/lib/python3.9/site-packages/airflow/example_dags/example_branch_labels.py
[2022-12-13 21:28:36,558] {logging_mixin.py:115} INFO - [2022-12-13 21:28:36,557] {dag.py:2379} INFO - Sync 1 DAGs
[2022-12-13 21:28:36,734] {logging_mixin.py:115} INFO - [2022-12-13 21:28:36,734] {dag.py:2927} INFO - Setting next_dagrun for example_branch_labels to 2022-12-13T00:00:00+00:00, run_after=2022-12-14T00:00:00+00:00
[2022-12-13 21:28:36,785] {processor.py:161} INFO - Processing /home/igor/Documents/airflowalura/venv/lib/python3.9/site-packages/airflow/example_dags/example_branch_labels.py took 0.379 seconds
[2022-12-13 21:29:38,364] {processor.py:153} INFO - Started process (PID=30308) to work on /home/igor/Documents/airflowalura/venv/lib/python3.9/site-packages/airflow/example_dags/example_branch_labels.py
[2022-12-13 21:29:38,380] {processor.py:641} INFO - Processing file /home/igor/Documents/airflowalura/venv/lib/python3.9/site-packages/airflow/example_dags/example_branch_labels.py for tasks to queue
[2022-12-13 21:29:38,381] {logging_mixin.py:115} INFO - [2022-12-13 21:29:38,381] {dagbag.py:507} INFO - Filling up the DagBag from /home/igor/Documents/airflowalura/venv/lib/python3.9/site-packages/airflow/example_dags/example_branch_labels.py
[2022-12-13 21:29:38,414] {processor.py:651} INFO - DAG(s) dict_keys(['example_branch_labels']) retrieved from /home/igor/Documents/airflowalura/venv/lib/python3.9/site-packages/airflow/example_dags/example_branch_labels.py
[2022-12-13 21:29:38,546] {logging_mixin.py:115} INFO - [2022-12-13 21:29:38,546] {dag.py:2379} INFO - Sync 1 DAGs
[2022-12-13 21:29:38,714] {logging_mixin.py:115} INFO - [2022-12-13 21:29:38,713] {dag.py:2927} INFO - Setting next_dagrun for example_branch_labels to 2022-12-13T00:00:00+00:00, run_after=2022-12-14T00:00:00+00:00
[2022-12-13 21:29:38,778] {processor.py:161} INFO - Processing /home/igor/Documents/airflowalura/venv/lib/python3.9/site-packages/airflow/example_dags/example_branch_labels.py took 0.441 seconds
[2022-12-13 21:31:12,875] {processor.py:153} INFO - Started process (PID=30504) to work on /home/igor/Documents/airflowalura/venv/lib/python3.9/site-packages/airflow/example_dags/example_branch_labels.py
[2022-12-13 21:31:12,891] {processor.py:641} INFO - Processing file /home/igor/Documents/airflowalura/venv/lib/python3.9/site-packages/airflow/example_dags/example_branch_labels.py for tasks to queue
[2022-12-13 21:31:12,892] {logging_mixin.py:115} INFO - [2022-12-13 21:31:12,892] {dagbag.py:507} INFO - Filling up the DagBag from /home/igor/Documents/airflowalura/venv/lib/python3.9/site-packages/airflow/example_dags/example_branch_labels.py
[2022-12-13 21:31:12,957] {processor.py:651} INFO - DAG(s) dict_keys(['example_branch_labels']) retrieved from /home/igor/Documents/airflowalura/venv/lib/python3.9/site-packages/airflow/example_dags/example_branch_labels.py
[2022-12-13 21:31:13,218] {logging_mixin.py:115} INFO - [2022-12-13 21:31:13,203] {dag.py:2379} INFO - Sync 1 DAGs
[2022-12-13 21:31:13,698] {logging_mixin.py:115} INFO - [2022-12-13 21:31:13,679] {dag.py:2927} INFO - Setting next_dagrun for example_branch_labels to 2022-12-13T00:00:00+00:00, run_after=2022-12-14T00:00:00+00:00
[2022-12-13 21:31:14,017] {processor.py:161} INFO - Processing /home/igor/Documents/airflowalura/venv/lib/python3.9/site-packages/airflow/example_dags/example_branch_labels.py took 1.166 seconds
[2022-12-13 21:33:01,111] {processor.py:153} INFO - Started process (PID=30724) to work on /home/igor/Documents/airflowalura/venv/lib/python3.9/site-packages/airflow/example_dags/example_branch_labels.py
[2022-12-13 21:33:01,114] {processor.py:641} INFO - Processing file /home/igor/Documents/airflowalura/venv/lib/python3.9/site-packages/airflow/example_dags/example_branch_labels.py for tasks to queue
[2022-12-13 21:33:01,116] {logging_mixin.py:115} INFO - [2022-12-13 21:33:01,116] {dagbag.py:507} INFO - Filling up the DagBag from /home/igor/Documents/airflowalura/venv/lib/python3.9/site-packages/airflow/example_dags/example_branch_labels.py
[2022-12-13 21:33:01,231] {processor.py:651} INFO - DAG(s) dict_keys(['example_branch_labels']) retrieved from /home/igor/Documents/airflowalura/venv/lib/python3.9/site-packages/airflow/example_dags/example_branch_labels.py
[2022-12-13 21:33:02,083] {logging_mixin.py:115} INFO - [2022-12-13 21:33:02,082] {dag.py:2379} INFO - Sync 1 DAGs
[2022-12-13 21:33:02,866] {logging_mixin.py:115} INFO - [2022-12-13 21:33:02,866] {dag.py:2927} INFO - Setting next_dagrun for example_branch_labels to 2022-12-13T00:00:00+00:00, run_after=2022-12-14T00:00:00+00:00
[2022-12-13 21:33:03,022] {processor.py:161} INFO - Processing /home/igor/Documents/airflowalura/venv/lib/python3.9/site-packages/airflow/example_dags/example_branch_labels.py took 1.935 seconds
[2022-12-13 21:34:54,144] {processor.py:153} INFO - Started process (PID=30939) to work on /home/igor/Documents/airflowalura/venv/lib/python3.9/site-packages/airflow/example_dags/example_branch_labels.py
[2022-12-13 21:34:54,149] {processor.py:641} INFO - Processing file /home/igor/Documents/airflowalura/venv/lib/python3.9/site-packages/airflow/example_dags/example_branch_labels.py for tasks to queue
[2022-12-13 21:34:54,160] {logging_mixin.py:115} INFO - [2022-12-13 21:34:54,160] {dagbag.py:507} INFO - Filling up the DagBag from /home/igor/Documents/airflowalura/venv/lib/python3.9/site-packages/airflow/example_dags/example_branch_labels.py
[2022-12-13 21:34:54,275] {processor.py:651} INFO - DAG(s) dict_keys(['example_branch_labels']) retrieved from /home/igor/Documents/airflowalura/venv/lib/python3.9/site-packages/airflow/example_dags/example_branch_labels.py
[2022-12-13 21:34:54,461] {logging_mixin.py:115} INFO - [2022-12-13 21:34:54,460] {dag.py:2379} INFO - Sync 1 DAGs
[2022-12-13 21:34:54,679] {logging_mixin.py:115} INFO - [2022-12-13 21:34:54,679] {dag.py:2927} INFO - Setting next_dagrun for example_branch_labels to 2022-12-13T00:00:00+00:00, run_after=2022-12-14T00:00:00+00:00
[2022-12-13 21:34:54,777] {processor.py:161} INFO - Processing /home/igor/Documents/airflowalura/venv/lib/python3.9/site-packages/airflow/example_dags/example_branch_labels.py took 0.681 seconds
[2022-12-13 21:37:36,974] {processor.py:153} INFO - Started process (PID=31368) to work on /home/igor/Documents/airflowalura/venv/lib/python3.9/site-packages/airflow/example_dags/example_branch_labels.py
[2022-12-13 21:37:36,984] {processor.py:641} INFO - Processing file /home/igor/Documents/airflowalura/venv/lib/python3.9/site-packages/airflow/example_dags/example_branch_labels.py for tasks to queue
[2022-12-13 21:37:36,986] {logging_mixin.py:115} INFO - [2022-12-13 21:37:36,985] {dagbag.py:507} INFO - Filling up the DagBag from /home/igor/Documents/airflowalura/venv/lib/python3.9/site-packages/airflow/example_dags/example_branch_labels.py
[2022-12-13 21:37:37,028] {processor.py:651} INFO - DAG(s) dict_keys(['example_branch_labels']) retrieved from /home/igor/Documents/airflowalura/venv/lib/python3.9/site-packages/airflow/example_dags/example_branch_labels.py
[2022-12-13 21:37:37,185] {logging_mixin.py:115} INFO - [2022-12-13 21:37:37,185] {dag.py:2379} INFO - Sync 1 DAGs
[2022-12-13 21:37:37,389] {logging_mixin.py:115} INFO - [2022-12-13 21:37:37,389] {dag.py:2927} INFO - Setting next_dagrun for example_branch_labels to 2022-12-13T00:00:00+00:00, run_after=2022-12-14T00:00:00+00:00
[2022-12-13 21:37:37,484] {processor.py:161} INFO - Processing /home/igor/Documents/airflowalura/venv/lib/python3.9/site-packages/airflow/example_dags/example_branch_labels.py took 0.532 seconds
[2022-12-13 21:38:47,989] {processor.py:153} INFO - Started process (PID=31572) to work on /home/igor/Documents/airflowalura/venv/lib/python3.9/site-packages/airflow/example_dags/example_branch_labels.py
[2022-12-13 21:38:47,992] {processor.py:641} INFO - Processing file /home/igor/Documents/airflowalura/venv/lib/python3.9/site-packages/airflow/example_dags/example_branch_labels.py for tasks to queue
[2022-12-13 21:38:47,993] {logging_mixin.py:115} INFO - [2022-12-13 21:38:47,993] {dagbag.py:507} INFO - Filling up the DagBag from /home/igor/Documents/airflowalura/venv/lib/python3.9/site-packages/airflow/example_dags/example_branch_labels.py
[2022-12-13 21:38:48,029] {processor.py:651} INFO - DAG(s) dict_keys(['example_branch_labels']) retrieved from /home/igor/Documents/airflowalura/venv/lib/python3.9/site-packages/airflow/example_dags/example_branch_labels.py
[2022-12-13 21:38:48,164] {logging_mixin.py:115} INFO - [2022-12-13 21:38:48,164] {dag.py:2379} INFO - Sync 1 DAGs
[2022-12-13 21:38:48,330] {logging_mixin.py:115} INFO - [2022-12-13 21:38:48,330] {dag.py:2927} INFO - Setting next_dagrun for example_branch_labels to 2022-12-13T00:00:00+00:00, run_after=2022-12-14T00:00:00+00:00
[2022-12-13 21:38:48,385] {processor.py:161} INFO - Processing /home/igor/Documents/airflowalura/venv/lib/python3.9/site-packages/airflow/example_dags/example_branch_labels.py took 0.419 seconds
[2022-12-13 23:01:21,066] {processor.py:153} INFO - Started process (PID=35378) to work on /home/igor/Documents/airflowalura/venv/lib/python3.9/site-packages/airflow/example_dags/example_branch_labels.py
[2022-12-13 23:01:21,076] {processor.py:641} INFO - Processing file /home/igor/Documents/airflowalura/venv/lib/python3.9/site-packages/airflow/example_dags/example_branch_labels.py for tasks to queue
[2022-12-13 23:01:21,077] {logging_mixin.py:115} INFO - [2022-12-13 23:01:21,077] {dagbag.py:507} INFO - Filling up the DagBag from /home/igor/Documents/airflowalura/venv/lib/python3.9/site-packages/airflow/example_dags/example_branch_labels.py
[2022-12-13 23:01:21,134] {processor.py:651} INFO - DAG(s) dict_keys(['example_branch_labels']) retrieved from /home/igor/Documents/airflowalura/venv/lib/python3.9/site-packages/airflow/example_dags/example_branch_labels.py
[2022-12-13 23:01:21,373] {logging_mixin.py:115} INFO - [2022-12-13 23:01:21,373] {dag.py:2379} INFO - Sync 1 DAGs
[2022-12-13 23:01:21,586] {logging_mixin.py:115} INFO - [2022-12-13 23:01:21,585] {dag.py:2927} INFO - Setting next_dagrun for example_branch_labels to 2022-12-13T00:00:00+00:00, run_after=2022-12-14T00:00:00+00:00
[2022-12-13 23:01:21,783] {processor.py:161} INFO - Processing /home/igor/Documents/airflowalura/venv/lib/python3.9/site-packages/airflow/example_dags/example_branch_labels.py took 0.788 seconds
[2022-12-13 23:03:25,271] {processor.py:153} INFO - Started process (PID=35785) to work on /home/igor/Documents/airflowalura/venv/lib/python3.9/site-packages/airflow/example_dags/example_branch_labels.py
[2022-12-13 23:03:25,276] {processor.py:641} INFO - Processing file /home/igor/Documents/airflowalura/venv/lib/python3.9/site-packages/airflow/example_dags/example_branch_labels.py for tasks to queue
[2022-12-13 23:03:25,277] {logging_mixin.py:115} INFO - [2022-12-13 23:03:25,277] {dagbag.py:507} INFO - Filling up the DagBag from /home/igor/Documents/airflowalura/venv/lib/python3.9/site-packages/airflow/example_dags/example_branch_labels.py
[2022-12-13 23:03:25,584] {processor.py:651} INFO - DAG(s) dict_keys(['example_branch_labels']) retrieved from /home/igor/Documents/airflowalura/venv/lib/python3.9/site-packages/airflow/example_dags/example_branch_labels.py
[2022-12-13 23:03:25,939] {logging_mixin.py:115} INFO - [2022-12-13 23:03:25,938] {dag.py:2379} INFO - Sync 1 DAGs
[2022-12-13 23:03:26,310] {logging_mixin.py:115} INFO - [2022-12-13 23:03:26,310] {dag.py:2927} INFO - Setting next_dagrun for example_branch_labels to 2022-12-13T00:00:00+00:00, run_after=2022-12-14T00:00:00+00:00
[2022-12-13 23:03:26,475] {processor.py:161} INFO - Processing /home/igor/Documents/airflowalura/venv/lib/python3.9/site-packages/airflow/example_dags/example_branch_labels.py took 1.272 seconds
[2022-12-13 23:05:26,932] {processor.py:153} INFO - Started process (PID=36065) to work on /home/igor/Documents/airflowalura/venv/lib/python3.9/site-packages/airflow/example_dags/example_branch_labels.py
[2022-12-13 23:05:26,948] {processor.py:641} INFO - Processing file /home/igor/Documents/airflowalura/venv/lib/python3.9/site-packages/airflow/example_dags/example_branch_labels.py for tasks to queue
[2022-12-13 23:05:26,949] {logging_mixin.py:115} INFO - [2022-12-13 23:05:26,949] {dagbag.py:507} INFO - Filling up the DagBag from /home/igor/Documents/airflowalura/venv/lib/python3.9/site-packages/airflow/example_dags/example_branch_labels.py
[2022-12-13 23:05:27,021] {processor.py:651} INFO - DAG(s) dict_keys(['example_branch_labels']) retrieved from /home/igor/Documents/airflowalura/venv/lib/python3.9/site-packages/airflow/example_dags/example_branch_labels.py
[2022-12-13 23:05:27,225] {logging_mixin.py:115} INFO - [2022-12-13 23:05:27,225] {dag.py:2379} INFO - Sync 1 DAGs
[2022-12-13 23:05:27,421] {logging_mixin.py:115} INFO - [2022-12-13 23:05:27,421] {dag.py:2927} INFO - Setting next_dagrun for example_branch_labels to 2022-12-13T00:00:00+00:00, run_after=2022-12-14T00:00:00+00:00
[2022-12-13 23:05:27,555] {processor.py:161} INFO - Processing /home/igor/Documents/airflowalura/venv/lib/python3.9/site-packages/airflow/example_dags/example_branch_labels.py took 0.644 seconds
[2022-12-13 23:07:32,493] {processor.py:153} INFO - Started process (PID=36275) to work on /home/igor/Documents/airflowalura/venv/lib/python3.9/site-packages/airflow/example_dags/example_branch_labels.py
[2022-12-13 23:07:32,504] {processor.py:641} INFO - Processing file /home/igor/Documents/airflowalura/venv/lib/python3.9/site-packages/airflow/example_dags/example_branch_labels.py for tasks to queue
[2022-12-13 23:07:32,506] {logging_mixin.py:115} INFO - [2022-12-13 23:07:32,506] {dagbag.py:507} INFO - Filling up the DagBag from /home/igor/Documents/airflowalura/venv/lib/python3.9/site-packages/airflow/example_dags/example_branch_labels.py
[2022-12-13 23:07:32,571] {processor.py:651} INFO - DAG(s) dict_keys(['example_branch_labels']) retrieved from /home/igor/Documents/airflowalura/venv/lib/python3.9/site-packages/airflow/example_dags/example_branch_labels.py
[2022-12-13 23:07:32,721] {logging_mixin.py:115} INFO - [2022-12-13 23:07:32,721] {dag.py:2379} INFO - Sync 1 DAGs
[2022-12-13 23:07:32,882] {logging_mixin.py:115} INFO - [2022-12-13 23:07:32,881] {dag.py:2927} INFO - Setting next_dagrun for example_branch_labels to 2022-12-13T00:00:00+00:00, run_after=2022-12-14T00:00:00+00:00
[2022-12-13 23:07:32,940] {processor.py:161} INFO - Processing /home/igor/Documents/airflowalura/venv/lib/python3.9/site-packages/airflow/example_dags/example_branch_labels.py took 0.494 seconds
[2022-12-13 23:11:12,382] {processor.py:153} INFO - Started process (PID=36607) to work on /home/igor/Documents/airflowalura/venv/lib/python3.9/site-packages/airflow/example_dags/example_branch_labels.py
[2022-12-13 23:11:12,406] {processor.py:641} INFO - Processing file /home/igor/Documents/airflowalura/venv/lib/python3.9/site-packages/airflow/example_dags/example_branch_labels.py for tasks to queue
[2022-12-13 23:11:12,442] {logging_mixin.py:115} INFO - [2022-12-13 23:11:12,437] {dagbag.py:507} INFO - Filling up the DagBag from /home/igor/Documents/airflowalura/venv/lib/python3.9/site-packages/airflow/example_dags/example_branch_labels.py
[2022-12-13 23:11:12,557] {processor.py:651} INFO - DAG(s) dict_keys(['example_branch_labels']) retrieved from /home/igor/Documents/airflowalura/venv/lib/python3.9/site-packages/airflow/example_dags/example_branch_labels.py
[2022-12-13 23:11:12,843] {logging_mixin.py:115} INFO - [2022-12-13 23:11:12,843] {dag.py:2379} INFO - Sync 1 DAGs
[2022-12-13 23:11:13,151] {logging_mixin.py:115} INFO - [2022-12-13 23:11:13,150] {dag.py:2927} INFO - Setting next_dagrun for example_branch_labels to 2022-12-13T00:00:00+00:00, run_after=2022-12-14T00:00:00+00:00
[2022-12-13 23:11:13,286] {processor.py:161} INFO - Processing /home/igor/Documents/airflowalura/venv/lib/python3.9/site-packages/airflow/example_dags/example_branch_labels.py took 0.954 seconds
[2022-12-13 23:13:42,332] {processor.py:153} INFO - Started process (PID=37094) to work on /home/igor/Documents/airflowalura/venv/lib/python3.9/site-packages/airflow/example_dags/example_branch_labels.py
[2022-12-13 23:13:42,335] {processor.py:641} INFO - Processing file /home/igor/Documents/airflowalura/venv/lib/python3.9/site-packages/airflow/example_dags/example_branch_labels.py for tasks to queue
[2022-12-13 23:13:42,338] {logging_mixin.py:115} INFO - [2022-12-13 23:13:42,337] {dagbag.py:507} INFO - Filling up the DagBag from /home/igor/Documents/airflowalura/venv/lib/python3.9/site-packages/airflow/example_dags/example_branch_labels.py
[2022-12-13 23:13:42,380] {processor.py:651} INFO - DAG(s) dict_keys(['example_branch_labels']) retrieved from /home/igor/Documents/airflowalura/venv/lib/python3.9/site-packages/airflow/example_dags/example_branch_labels.py
[2022-12-13 23:13:42,543] {logging_mixin.py:115} INFO - [2022-12-13 23:13:42,543] {dag.py:2379} INFO - Sync 1 DAGs
[2022-12-13 23:13:42,772] {logging_mixin.py:115} INFO - [2022-12-13 23:13:42,772] {dag.py:2927} INFO - Setting next_dagrun for example_branch_labels to 2022-12-13T00:00:00+00:00, run_after=2022-12-14T00:00:00+00:00
[2022-12-13 23:13:42,961] {processor.py:161} INFO - Processing /home/igor/Documents/airflowalura/venv/lib/python3.9/site-packages/airflow/example_dags/example_branch_labels.py took 0.659 seconds
[2022-12-13 23:15:13,164] {processor.py:153} INFO - Started process (PID=37310) to work on /home/igor/Documents/airflowalura/venv/lib/python3.9/site-packages/airflow/example_dags/example_branch_labels.py
[2022-12-13 23:15:13,173] {processor.py:641} INFO - Processing file /home/igor/Documents/airflowalura/venv/lib/python3.9/site-packages/airflow/example_dags/example_branch_labels.py for tasks to queue
[2022-12-13 23:15:13,174] {logging_mixin.py:115} INFO - [2022-12-13 23:15:13,174] {dagbag.py:507} INFO - Filling up the DagBag from /home/igor/Documents/airflowalura/venv/lib/python3.9/site-packages/airflow/example_dags/example_branch_labels.py
[2022-12-13 23:15:13,260] {processor.py:651} INFO - DAG(s) dict_keys(['example_branch_labels']) retrieved from /home/igor/Documents/airflowalura/venv/lib/python3.9/site-packages/airflow/example_dags/example_branch_labels.py
[2022-12-13 23:15:13,439] {logging_mixin.py:115} INFO - [2022-12-13 23:15:13,438] {dag.py:2379} INFO - Sync 1 DAGs
[2022-12-13 23:15:13,690] {logging_mixin.py:115} INFO - [2022-12-13 23:15:13,689] {dag.py:2927} INFO - Setting next_dagrun for example_branch_labels to 2022-12-13T00:00:00+00:00, run_after=2022-12-14T00:00:00+00:00
[2022-12-13 23:15:13,890] {processor.py:161} INFO - Processing /home/igor/Documents/airflowalura/venv/lib/python3.9/site-packages/airflow/example_dags/example_branch_labels.py took 0.753 seconds
[2022-12-13 23:17:56,829] {processor.py:153} INFO - Started process (PID=37547) to work on /home/igor/Documents/airflowalura/venv/lib/python3.9/site-packages/airflow/example_dags/example_branch_labels.py
[2022-12-13 23:17:56,835] {processor.py:641} INFO - Processing file /home/igor/Documents/airflowalura/venv/lib/python3.9/site-packages/airflow/example_dags/example_branch_labels.py for tasks to queue
[2022-12-13 23:17:56,852] {logging_mixin.py:115} INFO - [2022-12-13 23:17:56,852] {dagbag.py:507} INFO - Filling up the DagBag from /home/igor/Documents/airflowalura/venv/lib/python3.9/site-packages/airflow/example_dags/example_branch_labels.py
[2022-12-13 23:17:56,913] {processor.py:651} INFO - DAG(s) dict_keys(['example_branch_labels']) retrieved from /home/igor/Documents/airflowalura/venv/lib/python3.9/site-packages/airflow/example_dags/example_branch_labels.py
[2022-12-13 23:17:57,055] {logging_mixin.py:115} INFO - [2022-12-13 23:17:57,054] {dag.py:2379} INFO - Sync 1 DAGs
[2022-12-13 23:17:57,256] {logging_mixin.py:115} INFO - [2022-12-13 23:17:57,256] {dag.py:2927} INFO - Setting next_dagrun for example_branch_labels to 2022-12-13T00:00:00+00:00, run_after=2022-12-14T00:00:00+00:00
[2022-12-13 23:17:57,358] {processor.py:161} INFO - Processing /home/igor/Documents/airflowalura/venv/lib/python3.9/site-packages/airflow/example_dags/example_branch_labels.py took 0.594 seconds
[2022-12-13 23:19:24,193] {processor.py:153} INFO - Started process (PID=37767) to work on /home/igor/Documents/airflowalura/venv/lib/python3.9/site-packages/airflow/example_dags/example_branch_labels.py
[2022-12-13 23:19:24,208] {processor.py:641} INFO - Processing file /home/igor/Documents/airflowalura/venv/lib/python3.9/site-packages/airflow/example_dags/example_branch_labels.py for tasks to queue
[2022-12-13 23:19:24,209] {logging_mixin.py:115} INFO - [2022-12-13 23:19:24,209] {dagbag.py:507} INFO - Filling up the DagBag from /home/igor/Documents/airflowalura/venv/lib/python3.9/site-packages/airflow/example_dags/example_branch_labels.py
[2022-12-13 23:19:24,284] {processor.py:651} INFO - DAG(s) dict_keys(['example_branch_labels']) retrieved from /home/igor/Documents/airflowalura/venv/lib/python3.9/site-packages/airflow/example_dags/example_branch_labels.py
[2022-12-13 23:19:24,405] {logging_mixin.py:115} INFO - [2022-12-13 23:19:24,405] {dag.py:2379} INFO - Sync 1 DAGs
[2022-12-13 23:19:24,549] {logging_mixin.py:115} INFO - [2022-12-13 23:19:24,549] {dag.py:2927} INFO - Setting next_dagrun for example_branch_labels to 2022-12-13T00:00:00+00:00, run_after=2022-12-14T00:00:00+00:00
[2022-12-13 23:19:24,699] {processor.py:161} INFO - Processing /home/igor/Documents/airflowalura/venv/lib/python3.9/site-packages/airflow/example_dags/example_branch_labels.py took 0.540 seconds
[2022-12-13 23:20:40,693] {processor.py:153} INFO - Started process (PID=37958) to work on /home/igor/Documents/airflowalura/venv/lib/python3.9/site-packages/airflow/example_dags/example_branch_labels.py
[2022-12-13 23:20:40,704] {processor.py:641} INFO - Processing file /home/igor/Documents/airflowalura/venv/lib/python3.9/site-packages/airflow/example_dags/example_branch_labels.py for tasks to queue
[2022-12-13 23:20:40,705] {logging_mixin.py:115} INFO - [2022-12-13 23:20:40,705] {dagbag.py:507} INFO - Filling up the DagBag from /home/igor/Documents/airflowalura/venv/lib/python3.9/site-packages/airflow/example_dags/example_branch_labels.py
[2022-12-13 23:20:40,741] {processor.py:651} INFO - DAG(s) dict_keys(['example_branch_labels']) retrieved from /home/igor/Documents/airflowalura/venv/lib/python3.9/site-packages/airflow/example_dags/example_branch_labels.py
[2022-12-13 23:20:40,887] {logging_mixin.py:115} INFO - [2022-12-13 23:20:40,887] {dag.py:2379} INFO - Sync 1 DAGs
[2022-12-13 23:20:41,026] {logging_mixin.py:115} INFO - [2022-12-13 23:20:41,026] {dag.py:2927} INFO - Setting next_dagrun for example_branch_labels to 2022-12-13T00:00:00+00:00, run_after=2022-12-14T00:00:00+00:00
[2022-12-13 23:20:41,105] {processor.py:161} INFO - Processing /home/igor/Documents/airflowalura/venv/lib/python3.9/site-packages/airflow/example_dags/example_branch_labels.py took 0.435 seconds
[2022-12-13 23:21:55,144] {processor.py:153} INFO - Started process (PID=38147) to work on /home/igor/Documents/airflowalura/venv/lib/python3.9/site-packages/airflow/example_dags/example_branch_labels.py
[2022-12-13 23:21:55,149] {processor.py:641} INFO - Processing file /home/igor/Documents/airflowalura/venv/lib/python3.9/site-packages/airflow/example_dags/example_branch_labels.py for tasks to queue
[2022-12-13 23:21:55,150] {logging_mixin.py:115} INFO - [2022-12-13 23:21:55,150] {dagbag.py:507} INFO - Filling up the DagBag from /home/igor/Documents/airflowalura/venv/lib/python3.9/site-packages/airflow/example_dags/example_branch_labels.py
[2022-12-13 23:21:55,202] {processor.py:651} INFO - DAG(s) dict_keys(['example_branch_labels']) retrieved from /home/igor/Documents/airflowalura/venv/lib/python3.9/site-packages/airflow/example_dags/example_branch_labels.py
[2022-12-13 23:21:55,354] {logging_mixin.py:115} INFO - [2022-12-13 23:21:55,354] {dag.py:2379} INFO - Sync 1 DAGs
[2022-12-13 23:21:55,544] {logging_mixin.py:115} INFO - [2022-12-13 23:21:55,544] {dag.py:2927} INFO - Setting next_dagrun for example_branch_labels to 2022-12-13T00:00:00+00:00, run_after=2022-12-14T00:00:00+00:00
[2022-12-13 23:21:55,651] {processor.py:161} INFO - Processing /home/igor/Documents/airflowalura/venv/lib/python3.9/site-packages/airflow/example_dags/example_branch_labels.py took 0.551 seconds
[2022-12-13 23:23:14,518] {processor.py:153} INFO - Started process (PID=38416) to work on /home/igor/Documents/airflowalura/venv/lib/python3.9/site-packages/airflow/example_dags/example_branch_labels.py
[2022-12-13 23:23:14,520] {processor.py:641} INFO - Processing file /home/igor/Documents/airflowalura/venv/lib/python3.9/site-packages/airflow/example_dags/example_branch_labels.py for tasks to queue
[2022-12-13 23:23:14,521] {logging_mixin.py:115} INFO - [2022-12-13 23:23:14,521] {dagbag.py:507} INFO - Filling up the DagBag from /home/igor/Documents/airflowalura/venv/lib/python3.9/site-packages/airflow/example_dags/example_branch_labels.py
[2022-12-13 23:23:14,554] {processor.py:651} INFO - DAG(s) dict_keys(['example_branch_labels']) retrieved from /home/igor/Documents/airflowalura/venv/lib/python3.9/site-packages/airflow/example_dags/example_branch_labels.py
[2022-12-13 23:23:14,685] {logging_mixin.py:115} INFO - [2022-12-13 23:23:14,685] {dag.py:2379} INFO - Sync 1 DAGs
[2022-12-13 23:23:14,837] {logging_mixin.py:115} INFO - [2022-12-13 23:23:14,837] {dag.py:2927} INFO - Setting next_dagrun for example_branch_labels to 2022-12-13T00:00:00+00:00, run_after=2022-12-14T00:00:00+00:00
[2022-12-13 23:23:14,903] {processor.py:161} INFO - Processing /home/igor/Documents/airflowalura/venv/lib/python3.9/site-packages/airflow/example_dags/example_branch_labels.py took 0.410 seconds
[2022-12-13 23:24:33,348] {processor.py:153} INFO - Started process (PID=38610) to work on /home/igor/Documents/airflowalura/venv/lib/python3.9/site-packages/airflow/example_dags/example_branch_labels.py
[2022-12-13 23:24:33,373] {processor.py:641} INFO - Processing file /home/igor/Documents/airflowalura/venv/lib/python3.9/site-packages/airflow/example_dags/example_branch_labels.py for tasks to queue
[2022-12-13 23:24:33,377] {logging_mixin.py:115} INFO - [2022-12-13 23:24:33,376] {dagbag.py:507} INFO - Filling up the DagBag from /home/igor/Documents/airflowalura/venv/lib/python3.9/site-packages/airflow/example_dags/example_branch_labels.py
[2022-12-13 23:24:33,432] {processor.py:651} INFO - DAG(s) dict_keys(['example_branch_labels']) retrieved from /home/igor/Documents/airflowalura/venv/lib/python3.9/site-packages/airflow/example_dags/example_branch_labels.py
[2022-12-13 23:24:33,601] {logging_mixin.py:115} INFO - [2022-12-13 23:24:33,599] {dag.py:2379} INFO - Sync 1 DAGs
[2022-12-13 23:24:33,787] {logging_mixin.py:115} INFO - [2022-12-13 23:24:33,786] {dag.py:2927} INFO - Setting next_dagrun for example_branch_labels to 2022-12-13T00:00:00+00:00, run_after=2022-12-14T00:00:00+00:00
[2022-12-13 23:24:33,877] {processor.py:161} INFO - Processing /home/igor/Documents/airflowalura/venv/lib/python3.9/site-packages/airflow/example_dags/example_branch_labels.py took 0.565 seconds
[2022-12-13 23:25:46,891] {processor.py:153} INFO - Started process (PID=38799) to work on /home/igor/Documents/airflowalura/venv/lib/python3.9/site-packages/airflow/example_dags/example_branch_labels.py
[2022-12-13 23:25:46,894] {processor.py:641} INFO - Processing file /home/igor/Documents/airflowalura/venv/lib/python3.9/site-packages/airflow/example_dags/example_branch_labels.py for tasks to queue
[2022-12-13 23:25:46,896] {logging_mixin.py:115} INFO - [2022-12-13 23:25:46,895] {dagbag.py:507} INFO - Filling up the DagBag from /home/igor/Documents/airflowalura/venv/lib/python3.9/site-packages/airflow/example_dags/example_branch_labels.py
[2022-12-13 23:25:46,947] {processor.py:651} INFO - DAG(s) dict_keys(['example_branch_labels']) retrieved from /home/igor/Documents/airflowalura/venv/lib/python3.9/site-packages/airflow/example_dags/example_branch_labels.py
[2022-12-13 23:25:47,086] {logging_mixin.py:115} INFO - [2022-12-13 23:25:47,086] {dag.py:2379} INFO - Sync 1 DAGs
[2022-12-13 23:25:47,232] {logging_mixin.py:115} INFO - [2022-12-13 23:25:47,232] {dag.py:2927} INFO - Setting next_dagrun for example_branch_labels to 2022-12-13T00:00:00+00:00, run_after=2022-12-14T00:00:00+00:00
[2022-12-13 23:25:47,334] {processor.py:161} INFO - Processing /home/igor/Documents/airflowalura/venv/lib/python3.9/site-packages/airflow/example_dags/example_branch_labels.py took 0.481 seconds
[2022-12-13 23:26:58,014] {processor.py:153} INFO - Started process (PID=38983) to work on /home/igor/Documents/airflowalura/venv/lib/python3.9/site-packages/airflow/example_dags/example_branch_labels.py
[2022-12-13 23:26:58,032] {processor.py:641} INFO - Processing file /home/igor/Documents/airflowalura/venv/lib/python3.9/site-packages/airflow/example_dags/example_branch_labels.py for tasks to queue
[2022-12-13 23:26:58,034] {logging_mixin.py:115} INFO - [2022-12-13 23:26:58,033] {dagbag.py:507} INFO - Filling up the DagBag from /home/igor/Documents/airflowalura/venv/lib/python3.9/site-packages/airflow/example_dags/example_branch_labels.py
[2022-12-13 23:26:58,079] {processor.py:651} INFO - DAG(s) dict_keys(['example_branch_labels']) retrieved from /home/igor/Documents/airflowalura/venv/lib/python3.9/site-packages/airflow/example_dags/example_branch_labels.py
[2022-12-13 23:26:58,194] {logging_mixin.py:115} INFO - [2022-12-13 23:26:58,194] {dag.py:2379} INFO - Sync 1 DAGs
[2022-12-13 23:26:58,349] {logging_mixin.py:115} INFO - [2022-12-13 23:26:58,348] {dag.py:2927} INFO - Setting next_dagrun for example_branch_labels to 2022-12-13T00:00:00+00:00, run_after=2022-12-14T00:00:00+00:00
[2022-12-13 23:26:58,486] {processor.py:161} INFO - Processing /home/igor/Documents/airflowalura/venv/lib/python3.9/site-packages/airflow/example_dags/example_branch_labels.py took 0.490 seconds
