[2022-12-13 21:26:53,344] {processor.py:153} INFO - Started process (PID=29825) to work on /home/igor/Documents/airflowalura/venv/lib/python3.9/site-packages/airflow/example_dags/example_nested_branch_dag.py
[2022-12-13 21:26:53,346] {processor.py:641} INFO - Processing file /home/igor/Documents/airflowalura/venv/lib/python3.9/site-packages/airflow/example_dags/example_nested_branch_dag.py for tasks to queue
[2022-12-13 21:26:53,353] {logging_mixin.py:115} INFO - [2022-12-13 21:26:53,352] {dagbag.py:507} INFO - Filling up the DagBag from /home/igor/Documents/airflowalura/venv/lib/python3.9/site-packages/airflow/example_dags/example_nested_branch_dag.py
[2022-12-13 21:26:53,438] {processor.py:651} INFO - DAG(s) dict_keys(['example_nested_branch_dag']) retrieved from /home/igor/Documents/airflowalura/venv/lib/python3.9/site-packages/airflow/example_dags/example_nested_branch_dag.py
[2022-12-13 21:26:53,575] {logging_mixin.py:115} INFO - [2022-12-13 21:26:53,574] {dag.py:2379} INFO - Sync 1 DAGs
[2022-12-13 21:26:53,771] {logging_mixin.py:115} INFO - [2022-12-13 21:26:53,771] {dag.py:2927} INFO - Setting next_dagrun for example_nested_branch_dag to 2022-12-13T00:00:00+00:00, run_after=2022-12-14T00:00:00+00:00
[2022-12-13 21:26:53,881] {processor.py:161} INFO - Processing /home/igor/Documents/airflowalura/venv/lib/python3.9/site-packages/airflow/example_dags/example_nested_branch_dag.py took 0.582 seconds
[2022-12-13 21:28:02,233] {processor.py:153} INFO - Started process (PID=30020) to work on /home/igor/Documents/airflowalura/venv/lib/python3.9/site-packages/airflow/example_dags/example_nested_branch_dag.py
[2022-12-13 21:28:02,240] {processor.py:641} INFO - Processing file /home/igor/Documents/airflowalura/venv/lib/python3.9/site-packages/airflow/example_dags/example_nested_branch_dag.py for tasks to queue
[2022-12-13 21:28:02,241] {logging_mixin.py:115} INFO - [2022-12-13 21:28:02,241] {dagbag.py:507} INFO - Filling up the DagBag from /home/igor/Documents/airflowalura/venv/lib/python3.9/site-packages/airflow/example_dags/example_nested_branch_dag.py
[2022-12-13 21:28:02,353] {processor.py:651} INFO - DAG(s) dict_keys(['example_nested_branch_dag']) retrieved from /home/igor/Documents/airflowalura/venv/lib/python3.9/site-packages/airflow/example_dags/example_nested_branch_dag.py
[2022-12-13 21:28:02,521] {logging_mixin.py:115} INFO - [2022-12-13 21:28:02,521] {dag.py:2379} INFO - Sync 1 DAGs
[2022-12-13 21:28:02,669] {logging_mixin.py:115} INFO - [2022-12-13 21:28:02,668] {dag.py:2927} INFO - Setting next_dagrun for example_nested_branch_dag to 2022-12-13T00:00:00+00:00, run_after=2022-12-14T00:00:00+00:00
[2022-12-13 21:28:02,738] {processor.py:161} INFO - Processing /home/igor/Documents/airflowalura/venv/lib/python3.9/site-packages/airflow/example_dags/example_nested_branch_dag.py took 0.526 seconds
[2022-12-13 21:29:08,880] {processor.py:153} INFO - Started process (PID=30213) to work on /home/igor/Documents/airflowalura/venv/lib/python3.9/site-packages/airflow/example_dags/example_nested_branch_dag.py
[2022-12-13 21:29:08,884] {processor.py:641} INFO - Processing file /home/igor/Documents/airflowalura/venv/lib/python3.9/site-packages/airflow/example_dags/example_nested_branch_dag.py for tasks to queue
[2022-12-13 21:29:08,885] {logging_mixin.py:115} INFO - [2022-12-13 21:29:08,885] {dagbag.py:507} INFO - Filling up the DagBag from /home/igor/Documents/airflowalura/venv/lib/python3.9/site-packages/airflow/example_dags/example_nested_branch_dag.py
[2022-12-13 21:29:08,951] {processor.py:651} INFO - DAG(s) dict_keys(['example_nested_branch_dag']) retrieved from /home/igor/Documents/airflowalura/venv/lib/python3.9/site-packages/airflow/example_dags/example_nested_branch_dag.py
[2022-12-13 21:29:09,072] {logging_mixin.py:115} INFO - [2022-12-13 21:29:09,072] {dag.py:2379} INFO - Sync 1 DAGs
[2022-12-13 21:29:09,304] {logging_mixin.py:115} INFO - [2022-12-13 21:29:09,304] {dag.py:2927} INFO - Setting next_dagrun for example_nested_branch_dag to 2022-12-13T00:00:00+00:00, run_after=2022-12-14T00:00:00+00:00
[2022-12-13 21:29:09,401] {processor.py:161} INFO - Processing /home/igor/Documents/airflowalura/venv/lib/python3.9/site-packages/airflow/example_dags/example_nested_branch_dag.py took 0.540 seconds
[2022-12-13 21:30:15,305] {processor.py:153} INFO - Started process (PID=30392) to work on /home/igor/Documents/airflowalura/venv/lib/python3.9/site-packages/airflow/example_dags/example_nested_branch_dag.py
[2022-12-13 21:30:15,316] {processor.py:641} INFO - Processing file /home/igor/Documents/airflowalura/venv/lib/python3.9/site-packages/airflow/example_dags/example_nested_branch_dag.py for tasks to queue
[2022-12-13 21:30:15,317] {logging_mixin.py:115} INFO - [2022-12-13 21:30:15,317] {dagbag.py:507} INFO - Filling up the DagBag from /home/igor/Documents/airflowalura/venv/lib/python3.9/site-packages/airflow/example_dags/example_nested_branch_dag.py
[2022-12-13 21:30:15,422] {processor.py:651} INFO - DAG(s) dict_keys(['example_nested_branch_dag']) retrieved from /home/igor/Documents/airflowalura/venv/lib/python3.9/site-packages/airflow/example_dags/example_nested_branch_dag.py
[2022-12-13 21:30:15,826] {logging_mixin.py:115} INFO - [2022-12-13 21:30:15,823] {dag.py:2379} INFO - Sync 1 DAGs
[2022-12-13 21:30:16,085] {logging_mixin.py:115} INFO - [2022-12-13 21:30:16,084] {dag.py:2927} INFO - Setting next_dagrun for example_nested_branch_dag to 2022-12-13T00:00:00+00:00, run_after=2022-12-14T00:00:00+00:00
[2022-12-13 21:30:16,205] {processor.py:161} INFO - Processing /home/igor/Documents/airflowalura/venv/lib/python3.9/site-packages/airflow/example_dags/example_nested_branch_dag.py took 0.913 seconds
[2022-12-13 21:32:04,126] {processor.py:153} INFO - Started process (PID=30603) to work on /home/igor/Documents/airflowalura/venv/lib/python3.9/site-packages/airflow/example_dags/example_nested_branch_dag.py
[2022-12-13 21:32:04,140] {processor.py:641} INFO - Processing file /home/igor/Documents/airflowalura/venv/lib/python3.9/site-packages/airflow/example_dags/example_nested_branch_dag.py for tasks to queue
[2022-12-13 21:32:04,176] {logging_mixin.py:115} INFO - [2022-12-13 21:32:04,175] {dagbag.py:507} INFO - Filling up the DagBag from /home/igor/Documents/airflowalura/venv/lib/python3.9/site-packages/airflow/example_dags/example_nested_branch_dag.py
[2022-12-13 21:32:04,352] {processor.py:651} INFO - DAG(s) dict_keys(['example_nested_branch_dag']) retrieved from /home/igor/Documents/airflowalura/venv/lib/python3.9/site-packages/airflow/example_dags/example_nested_branch_dag.py
[2022-12-13 21:32:04,657] {logging_mixin.py:115} INFO - [2022-12-13 21:32:04,657] {dag.py:2379} INFO - Sync 1 DAGs
[2022-12-13 21:32:04,908] {logging_mixin.py:115} INFO - [2022-12-13 21:32:04,908] {dag.py:2927} INFO - Setting next_dagrun for example_nested_branch_dag to 2022-12-13T00:00:00+00:00, run_after=2022-12-14T00:00:00+00:00
[2022-12-13 21:32:05,087] {processor.py:161} INFO - Processing /home/igor/Documents/airflowalura/venv/lib/python3.9/site-packages/airflow/example_dags/example_nested_branch_dag.py took 1.029 seconds
[2022-12-13 21:33:51,217] {processor.py:153} INFO - Started process (PID=30820) to work on /home/igor/Documents/airflowalura/venv/lib/python3.9/site-packages/airflow/example_dags/example_nested_branch_dag.py
[2022-12-13 21:33:51,234] {processor.py:641} INFO - Processing file /home/igor/Documents/airflowalura/venv/lib/python3.9/site-packages/airflow/example_dags/example_nested_branch_dag.py for tasks to queue
[2022-12-13 21:33:51,236] {logging_mixin.py:115} INFO - [2022-12-13 21:33:51,236] {dagbag.py:507} INFO - Filling up the DagBag from /home/igor/Documents/airflowalura/venv/lib/python3.9/site-packages/airflow/example_dags/example_nested_branch_dag.py
[2022-12-13 21:33:51,353] {processor.py:651} INFO - DAG(s) dict_keys(['example_nested_branch_dag']) retrieved from /home/igor/Documents/airflowalura/venv/lib/python3.9/site-packages/airflow/example_dags/example_nested_branch_dag.py
[2022-12-13 21:33:51,532] {logging_mixin.py:115} INFO - [2022-12-13 21:33:51,531] {dag.py:2379} INFO - Sync 1 DAGs
[2022-12-13 21:33:51,715] {logging_mixin.py:115} INFO - [2022-12-13 21:33:51,714] {dag.py:2927} INFO - Setting next_dagrun for example_nested_branch_dag to 2022-12-13T00:00:00+00:00, run_after=2022-12-14T00:00:00+00:00
[2022-12-13 21:33:51,877] {processor.py:161} INFO - Processing /home/igor/Documents/airflowalura/venv/lib/python3.9/site-packages/airflow/example_dags/example_nested_branch_dag.py took 0.696 seconds
[2022-12-13 21:36:08,516] {processor.py:153} INFO - Started process (PID=31065) to work on /home/igor/Documents/airflowalura/venv/lib/python3.9/site-packages/airflow/example_dags/example_nested_branch_dag.py
[2022-12-13 21:36:10,229] {processor.py:641} INFO - Processing file /home/igor/Documents/airflowalura/venv/lib/python3.9/site-packages/airflow/example_dags/example_nested_branch_dag.py for tasks to queue
[2022-12-13 21:36:10,234] {logging_mixin.py:115} INFO - [2022-12-13 21:36:10,233] {dagbag.py:507} INFO - Filling up the DagBag from /home/igor/Documents/airflowalura/venv/lib/python3.9/site-packages/airflow/example_dags/example_nested_branch_dag.py
[2022-12-13 21:36:18,260] {processor.py:651} INFO - DAG(s) dict_keys(['example_nested_branch_dag']) retrieved from /home/igor/Documents/airflowalura/venv/lib/python3.9/site-packages/airflow/example_dags/example_nested_branch_dag.py
[2022-12-13 21:36:18,920] {logging_mixin.py:115} INFO - [2022-12-13 21:36:18,920] {dag.py:2379} INFO - Sync 1 DAGs
[2022-12-13 21:36:19,340] {logging_mixin.py:115} INFO - [2022-12-13 21:36:19,336] {dag.py:2927} INFO - Setting next_dagrun for example_nested_branch_dag to 2022-12-13T00:00:00+00:00, run_after=2022-12-14T00:00:00+00:00
[2022-12-13 21:36:19,665] {processor.py:161} INFO - Processing /home/igor/Documents/airflowalura/venv/lib/python3.9/site-packages/airflow/example_dags/example_nested_branch_dag.py took 11.195 seconds
[2022-12-13 21:38:10,590] {processor.py:153} INFO - Started process (PID=31459) to work on /home/igor/Documents/airflowalura/venv/lib/python3.9/site-packages/airflow/example_dags/example_nested_branch_dag.py
[2022-12-13 21:38:10,596] {processor.py:641} INFO - Processing file /home/igor/Documents/airflowalura/venv/lib/python3.9/site-packages/airflow/example_dags/example_nested_branch_dag.py for tasks to queue
[2022-12-13 21:38:10,597] {logging_mixin.py:115} INFO - [2022-12-13 21:38:10,597] {dagbag.py:507} INFO - Filling up the DagBag from /home/igor/Documents/airflowalura/venv/lib/python3.9/site-packages/airflow/example_dags/example_nested_branch_dag.py
[2022-12-13 21:38:10,676] {processor.py:651} INFO - DAG(s) dict_keys(['example_nested_branch_dag']) retrieved from /home/igor/Documents/airflowalura/venv/lib/python3.9/site-packages/airflow/example_dags/example_nested_branch_dag.py
[2022-12-13 21:38:10,800] {logging_mixin.py:115} INFO - [2022-12-13 21:38:10,800] {dag.py:2379} INFO - Sync 1 DAGs
[2022-12-13 21:38:10,977] {logging_mixin.py:115} INFO - [2022-12-13 21:38:10,976] {dag.py:2927} INFO - Setting next_dagrun for example_nested_branch_dag to 2022-12-13T00:00:00+00:00, run_after=2022-12-14T00:00:00+00:00
[2022-12-13 21:38:11,082] {processor.py:161} INFO - Processing /home/igor/Documents/airflowalura/venv/lib/python3.9/site-packages/airflow/example_dags/example_nested_branch_dag.py took 0.514 seconds
[2022-12-13 23:00:45,780] {processor.py:153} INFO - Started process (PID=35169) to work on /home/igor/Documents/airflowalura/venv/lib/python3.9/site-packages/airflow/example_dags/example_nested_branch_dag.py
[2022-12-13 23:00:46,007] {processor.py:641} INFO - Processing file /home/igor/Documents/airflowalura/venv/lib/python3.9/site-packages/airflow/example_dags/example_nested_branch_dag.py for tasks to queue
[2022-12-13 23:00:46,008] {logging_mixin.py:115} INFO - [2022-12-13 23:00:46,008] {dagbag.py:507} INFO - Filling up the DagBag from /home/igor/Documents/airflowalura/venv/lib/python3.9/site-packages/airflow/example_dags/example_nested_branch_dag.py
[2022-12-13 23:00:46,282] {processor.py:651} INFO - DAG(s) dict_keys(['example_nested_branch_dag']) retrieved from /home/igor/Documents/airflowalura/venv/lib/python3.9/site-packages/airflow/example_dags/example_nested_branch_dag.py
[2022-12-13 23:00:46,472] {logging_mixin.py:115} INFO - [2022-12-13 23:00:46,472] {dag.py:2379} INFO - Sync 1 DAGs
[2022-12-13 23:00:46,605] {logging_mixin.py:115} INFO - [2022-12-13 23:00:46,605] {dag.py:2927} INFO - Setting next_dagrun for example_nested_branch_dag to 2022-12-13T00:00:00+00:00, run_after=2022-12-14T00:00:00+00:00
[2022-12-13 23:00:46,810] {processor.py:161} INFO - Processing /home/igor/Documents/airflowalura/venv/lib/python3.9/site-packages/airflow/example_dags/example_nested_branch_dag.py took 1.073 seconds
[2022-12-13 23:02:15,673] {processor.py:153} INFO - Started process (PID=35601) to work on /home/igor/Documents/airflowalura/venv/lib/python3.9/site-packages/airflow/example_dags/example_nested_branch_dag.py
[2022-12-13 23:02:15,685] {processor.py:641} INFO - Processing file /home/igor/Documents/airflowalura/venv/lib/python3.9/site-packages/airflow/example_dags/example_nested_branch_dag.py for tasks to queue
[2022-12-13 23:02:15,688] {logging_mixin.py:115} INFO - [2022-12-13 23:02:15,687] {dagbag.py:507} INFO - Filling up the DagBag from /home/igor/Documents/airflowalura/venv/lib/python3.9/site-packages/airflow/example_dags/example_nested_branch_dag.py
[2022-12-13 23:02:15,938] {processor.py:651} INFO - DAG(s) dict_keys(['example_nested_branch_dag']) retrieved from /home/igor/Documents/airflowalura/venv/lib/python3.9/site-packages/airflow/example_dags/example_nested_branch_dag.py
[2022-12-13 23:02:16,584] {logging_mixin.py:115} INFO - [2022-12-13 23:02:16,583] {dag.py:2379} INFO - Sync 1 DAGs
[2022-12-13 23:02:16,912] {logging_mixin.py:115} INFO - [2022-12-13 23:02:16,898] {dag.py:2927} INFO - Setting next_dagrun for example_nested_branch_dag to 2022-12-13T00:00:00+00:00, run_after=2022-12-14T00:00:00+00:00
[2022-12-13 23:02:17,077] {processor.py:161} INFO - Processing /home/igor/Documents/airflowalura/venv/lib/python3.9/site-packages/airflow/example_dags/example_nested_branch_dag.py took 1.475 seconds
[2022-12-13 23:04:22,035] {processor.py:153} INFO - Started process (PID=35900) to work on /home/igor/Documents/airflowalura/venv/lib/python3.9/site-packages/airflow/example_dags/example_nested_branch_dag.py
[2022-12-13 23:04:22,042] {processor.py:641} INFO - Processing file /home/igor/Documents/airflowalura/venv/lib/python3.9/site-packages/airflow/example_dags/example_nested_branch_dag.py for tasks to queue
[2022-12-13 23:04:22,043] {logging_mixin.py:115} INFO - [2022-12-13 23:04:22,043] {dagbag.py:507} INFO - Filling up the DagBag from /home/igor/Documents/airflowalura/venv/lib/python3.9/site-packages/airflow/example_dags/example_nested_branch_dag.py
[2022-12-13 23:04:22,116] {processor.py:651} INFO - DAG(s) dict_keys(['example_nested_branch_dag']) retrieved from /home/igor/Documents/airflowalura/venv/lib/python3.9/site-packages/airflow/example_dags/example_nested_branch_dag.py
[2022-12-13 23:04:22,282] {logging_mixin.py:115} INFO - [2022-12-13 23:04:22,282] {dag.py:2379} INFO - Sync 1 DAGs
[2022-12-13 23:04:22,499] {logging_mixin.py:115} INFO - [2022-12-13 23:04:22,487] {dag.py:2927} INFO - Setting next_dagrun for example_nested_branch_dag to 2022-12-13T00:00:00+00:00, run_after=2022-12-14T00:00:00+00:00
[2022-12-13 23:04:22,682] {processor.py:161} INFO - Processing /home/igor/Documents/airflowalura/venv/lib/python3.9/site-packages/airflow/example_dags/example_nested_branch_dag.py took 0.654 seconds
[2022-12-13 23:06:18,446] {processor.py:153} INFO - Started process (PID=36148) to work on /home/igor/Documents/airflowalura/venv/lib/python3.9/site-packages/airflow/example_dags/example_nested_branch_dag.py
[2022-12-13 23:06:18,454] {processor.py:641} INFO - Processing file /home/igor/Documents/airflowalura/venv/lib/python3.9/site-packages/airflow/example_dags/example_nested_branch_dag.py for tasks to queue
[2022-12-13 23:06:18,455] {logging_mixin.py:115} INFO - [2022-12-13 23:06:18,455] {dagbag.py:507} INFO - Filling up the DagBag from /home/igor/Documents/airflowalura/venv/lib/python3.9/site-packages/airflow/example_dags/example_nested_branch_dag.py
[2022-12-13 23:06:18,619] {processor.py:651} INFO - DAG(s) dict_keys(['example_nested_branch_dag']) retrieved from /home/igor/Documents/airflowalura/venv/lib/python3.9/site-packages/airflow/example_dags/example_nested_branch_dag.py
[2022-12-13 23:06:18,775] {logging_mixin.py:115} INFO - [2022-12-13 23:06:18,771] {dag.py:2379} INFO - Sync 1 DAGs
[2022-12-13 23:06:19,048] {logging_mixin.py:115} INFO - [2022-12-13 23:06:19,048] {dag.py:2927} INFO - Setting next_dagrun for example_nested_branch_dag to 2022-12-13T00:00:00+00:00, run_after=2022-12-14T00:00:00+00:00
[2022-12-13 23:06:19,139] {processor.py:161} INFO - Processing /home/igor/Documents/airflowalura/venv/lib/python3.9/site-packages/airflow/example_dags/example_nested_branch_dag.py took 0.740 seconds
[2022-12-13 23:08:55,252] {processor.py:153} INFO - Started process (PID=36404) to work on /home/igor/Documents/airflowalura/venv/lib/python3.9/site-packages/airflow/example_dags/example_nested_branch_dag.py
[2022-12-13 23:08:55,267] {processor.py:641} INFO - Processing file /home/igor/Documents/airflowalura/venv/lib/python3.9/site-packages/airflow/example_dags/example_nested_branch_dag.py for tasks to queue
[2022-12-13 23:08:55,296] {logging_mixin.py:115} INFO - [2022-12-13 23:08:55,295] {dagbag.py:507} INFO - Filling up the DagBag from /home/igor/Documents/airflowalura/venv/lib/python3.9/site-packages/airflow/example_dags/example_nested_branch_dag.py
[2022-12-13 23:08:55,457] {processor.py:651} INFO - DAG(s) dict_keys(['example_nested_branch_dag']) retrieved from /home/igor/Documents/airflowalura/venv/lib/python3.9/site-packages/airflow/example_dags/example_nested_branch_dag.py
[2022-12-13 23:08:55,797] {logging_mixin.py:115} INFO - [2022-12-13 23:08:55,796] {dag.py:2379} INFO - Sync 1 DAGs
[2022-12-13 23:08:56,565] {logging_mixin.py:115} INFO - [2022-12-13 23:08:56,561] {dag.py:2927} INFO - Setting next_dagrun for example_nested_branch_dag to 2022-12-13T00:00:00+00:00, run_after=2022-12-14T00:00:00+00:00
[2022-12-13 23:08:56,845] {processor.py:161} INFO - Processing /home/igor/Documents/airflowalura/venv/lib/python3.9/site-packages/airflow/example_dags/example_nested_branch_dag.py took 1.645 seconds
[2022-12-13 23:12:31,124] {processor.py:153} INFO - Started process (PID=36776) to work on /home/igor/Documents/airflowalura/venv/lib/python3.9/site-packages/airflow/example_dags/example_nested_branch_dag.py
[2022-12-13 23:12:31,150] {processor.py:641} INFO - Processing file /home/igor/Documents/airflowalura/venv/lib/python3.9/site-packages/airflow/example_dags/example_nested_branch_dag.py for tasks to queue
[2022-12-13 23:12:31,152] {logging_mixin.py:115} INFO - [2022-12-13 23:12:31,152] {dagbag.py:507} INFO - Filling up the DagBag from /home/igor/Documents/airflowalura/venv/lib/python3.9/site-packages/airflow/example_dags/example_nested_branch_dag.py
[2022-12-13 23:12:31,449] {processor.py:651} INFO - DAG(s) dict_keys(['example_nested_branch_dag']) retrieved from /home/igor/Documents/airflowalura/venv/lib/python3.9/site-packages/airflow/example_dags/example_nested_branch_dag.py
[2022-12-13 23:12:31,655] {logging_mixin.py:115} INFO - [2022-12-13 23:12:31,655] {dag.py:2379} INFO - Sync 1 DAGs
[2022-12-13 23:12:31,821] {logging_mixin.py:115} INFO - [2022-12-13 23:12:31,820] {dag.py:2927} INFO - Setting next_dagrun for example_nested_branch_dag to 2022-12-13T00:00:00+00:00, run_after=2022-12-14T00:00:00+00:00
[2022-12-13 23:12:31,916] {processor.py:161} INFO - Processing /home/igor/Documents/airflowalura/venv/lib/python3.9/site-packages/airflow/example_dags/example_nested_branch_dag.py took 0.927 seconds
[2022-12-13 23:14:10,397] {processor.py:153} INFO - Started process (PID=37163) to work on /home/igor/Documents/airflowalura/venv/lib/python3.9/site-packages/airflow/example_dags/example_nested_branch_dag.py
[2022-12-13 23:14:10,489] {processor.py:641} INFO - Processing file /home/igor/Documents/airflowalura/venv/lib/python3.9/site-packages/airflow/example_dags/example_nested_branch_dag.py for tasks to queue
[2022-12-13 23:14:10,491] {logging_mixin.py:115} INFO - [2022-12-13 23:14:10,490] {dagbag.py:507} INFO - Filling up the DagBag from /home/igor/Documents/airflowalura/venv/lib/python3.9/site-packages/airflow/example_dags/example_nested_branch_dag.py
[2022-12-13 23:14:10,948] {processor.py:651} INFO - DAG(s) dict_keys(['example_nested_branch_dag']) retrieved from /home/igor/Documents/airflowalura/venv/lib/python3.9/site-packages/airflow/example_dags/example_nested_branch_dag.py
[2022-12-13 23:14:11,135] {logging_mixin.py:115} INFO - [2022-12-13 23:14:11,135] {dag.py:2379} INFO - Sync 1 DAGs
[2022-12-13 23:14:11,329] {logging_mixin.py:115} INFO - [2022-12-13 23:14:11,328] {dag.py:2927} INFO - Setting next_dagrun for example_nested_branch_dag to 2022-12-13T00:00:00+00:00, run_after=2022-12-14T00:00:00+00:00
[2022-12-13 23:14:11,436] {processor.py:161} INFO - Processing /home/igor/Documents/airflowalura/venv/lib/python3.9/site-packages/airflow/example_dags/example_nested_branch_dag.py took 1.063 seconds
[2022-12-13 23:15:44,333] {processor.py:153} INFO - Started process (PID=37374) to work on /home/igor/Documents/airflowalura/venv/lib/python3.9/site-packages/airflow/example_dags/example_nested_branch_dag.py
[2022-12-13 23:15:44,338] {processor.py:641} INFO - Processing file /home/igor/Documents/airflowalura/venv/lib/python3.9/site-packages/airflow/example_dags/example_nested_branch_dag.py for tasks to queue
[2022-12-13 23:15:44,352] {logging_mixin.py:115} INFO - [2022-12-13 23:15:44,345] {dagbag.py:507} INFO - Filling up the DagBag from /home/igor/Documents/airflowalura/venv/lib/python3.9/site-packages/airflow/example_dags/example_nested_branch_dag.py
[2022-12-13 23:15:44,448] {processor.py:651} INFO - DAG(s) dict_keys(['example_nested_branch_dag']) retrieved from /home/igor/Documents/airflowalura/venv/lib/python3.9/site-packages/airflow/example_dags/example_nested_branch_dag.py
[2022-12-13 23:15:44,577] {logging_mixin.py:115} INFO - [2022-12-13 23:15:44,577] {dag.py:2379} INFO - Sync 1 DAGs
[2022-12-13 23:15:44,808] {logging_mixin.py:115} INFO - [2022-12-13 23:15:44,807] {dag.py:2927} INFO - Setting next_dagrun for example_nested_branch_dag to 2022-12-13T00:00:00+00:00, run_after=2022-12-14T00:00:00+00:00
[2022-12-13 23:15:44,924] {processor.py:161} INFO - Processing /home/igor/Documents/airflowalura/venv/lib/python3.9/site-packages/airflow/example_dags/example_nested_branch_dag.py took 0.625 seconds
[2022-12-13 23:18:27,221] {processor.py:153} INFO - Started process (PID=37619) to work on /home/igor/Documents/airflowalura/venv/lib/python3.9/site-packages/airflow/example_dags/example_nested_branch_dag.py
[2022-12-13 23:18:27,253] {processor.py:641} INFO - Processing file /home/igor/Documents/airflowalura/venv/lib/python3.9/site-packages/airflow/example_dags/example_nested_branch_dag.py for tasks to queue
[2022-12-13 23:18:27,255] {logging_mixin.py:115} INFO - [2022-12-13 23:18:27,254] {dagbag.py:507} INFO - Filling up the DagBag from /home/igor/Documents/airflowalura/venv/lib/python3.9/site-packages/airflow/example_dags/example_nested_branch_dag.py
[2022-12-13 23:18:27,326] {processor.py:651} INFO - DAG(s) dict_keys(['example_nested_branch_dag']) retrieved from /home/igor/Documents/airflowalura/venv/lib/python3.9/site-packages/airflow/example_dags/example_nested_branch_dag.py
[2022-12-13 23:18:27,412] {logging_mixin.py:115} INFO - [2022-12-13 23:18:27,412] {dag.py:2379} INFO - Sync 1 DAGs
[2022-12-13 23:18:27,555] {logging_mixin.py:115} INFO - [2022-12-13 23:18:27,555] {dag.py:2927} INFO - Setting next_dagrun for example_nested_branch_dag to 2022-12-13T00:00:00+00:00, run_after=2022-12-14T00:00:00+00:00
[2022-12-13 23:18:27,630] {processor.py:161} INFO - Processing /home/igor/Documents/airflowalura/venv/lib/python3.9/site-packages/airflow/example_dags/example_nested_branch_dag.py took 0.428 seconds
[2022-12-13 23:19:49,326] {processor.py:153} INFO - Started process (PID=37822) to work on /home/igor/Documents/airflowalura/venv/lib/python3.9/site-packages/airflow/example_dags/example_nested_branch_dag.py
[2022-12-13 23:19:49,339] {processor.py:641} INFO - Processing file /home/igor/Documents/airflowalura/venv/lib/python3.9/site-packages/airflow/example_dags/example_nested_branch_dag.py for tasks to queue
[2022-12-13 23:19:49,340] {logging_mixin.py:115} INFO - [2022-12-13 23:19:49,340] {dagbag.py:507} INFO - Filling up the DagBag from /home/igor/Documents/airflowalura/venv/lib/python3.9/site-packages/airflow/example_dags/example_nested_branch_dag.py
[2022-12-13 23:19:49,434] {processor.py:651} INFO - DAG(s) dict_keys(['example_nested_branch_dag']) retrieved from /home/igor/Documents/airflowalura/venv/lib/python3.9/site-packages/airflow/example_dags/example_nested_branch_dag.py
[2022-12-13 23:19:49,583] {logging_mixin.py:115} INFO - [2022-12-13 23:19:49,579] {dag.py:2379} INFO - Sync 1 DAGs
[2022-12-13 23:19:49,745] {logging_mixin.py:115} INFO - [2022-12-13 23:19:49,745] {dag.py:2927} INFO - Setting next_dagrun for example_nested_branch_dag to 2022-12-13T00:00:00+00:00, run_after=2022-12-14T00:00:00+00:00
[2022-12-13 23:19:49,843] {processor.py:161} INFO - Processing /home/igor/Documents/airflowalura/venv/lib/python3.9/site-packages/airflow/example_dags/example_nested_branch_dag.py took 0.541 seconds
[2022-12-13 23:21:03,877] {processor.py:153} INFO - Started process (PID=38016) to work on /home/igor/Documents/airflowalura/venv/lib/python3.9/site-packages/airflow/example_dags/example_nested_branch_dag.py
[2022-12-13 23:21:03,882] {processor.py:641} INFO - Processing file /home/igor/Documents/airflowalura/venv/lib/python3.9/site-packages/airflow/example_dags/example_nested_branch_dag.py for tasks to queue
[2022-12-13 23:21:03,884] {logging_mixin.py:115} INFO - [2022-12-13 23:21:03,883] {dagbag.py:507} INFO - Filling up the DagBag from /home/igor/Documents/airflowalura/venv/lib/python3.9/site-packages/airflow/example_dags/example_nested_branch_dag.py
[2022-12-13 23:21:03,961] {processor.py:651} INFO - DAG(s) dict_keys(['example_nested_branch_dag']) retrieved from /home/igor/Documents/airflowalura/venv/lib/python3.9/site-packages/airflow/example_dags/example_nested_branch_dag.py
[2022-12-13 23:21:04,113] {logging_mixin.py:115} INFO - [2022-12-13 23:21:04,113] {dag.py:2379} INFO - Sync 1 DAGs
[2022-12-13 23:21:04,259] {logging_mixin.py:115} INFO - [2022-12-13 23:21:04,258] {dag.py:2927} INFO - Setting next_dagrun for example_nested_branch_dag to 2022-12-13T00:00:00+00:00, run_after=2022-12-14T00:00:00+00:00
[2022-12-13 23:21:04,352] {processor.py:161} INFO - Processing /home/igor/Documents/airflowalura/venv/lib/python3.9/site-packages/airflow/example_dags/example_nested_branch_dag.py took 0.496 seconds
[2022-12-13 23:22:19,864] {processor.py:153} INFO - Started process (PID=38209) to work on /home/igor/Documents/airflowalura/venv/lib/python3.9/site-packages/airflow/example_dags/example_nested_branch_dag.py
[2022-12-13 23:22:19,878] {processor.py:641} INFO - Processing file /home/igor/Documents/airflowalura/venv/lib/python3.9/site-packages/airflow/example_dags/example_nested_branch_dag.py for tasks to queue
[2022-12-13 23:22:19,880] {logging_mixin.py:115} INFO - [2022-12-13 23:22:19,879] {dagbag.py:507} INFO - Filling up the DagBag from /home/igor/Documents/airflowalura/venv/lib/python3.9/site-packages/airflow/example_dags/example_nested_branch_dag.py
[2022-12-13 23:22:20,019] {processor.py:651} INFO - DAG(s) dict_keys(['example_nested_branch_dag']) retrieved from /home/igor/Documents/airflowalura/venv/lib/python3.9/site-packages/airflow/example_dags/example_nested_branch_dag.py
[2022-12-13 23:22:20,189] {logging_mixin.py:115} INFO - [2022-12-13 23:22:20,189] {dag.py:2379} INFO - Sync 1 DAGs
[2022-12-13 23:22:20,420] {logging_mixin.py:115} INFO - [2022-12-13 23:22:20,419] {dag.py:2927} INFO - Setting next_dagrun for example_nested_branch_dag to 2022-12-13T00:00:00+00:00, run_after=2022-12-14T00:00:00+00:00
[2022-12-13 23:22:20,545] {processor.py:161} INFO - Processing /home/igor/Documents/airflowalura/venv/lib/python3.9/site-packages/airflow/example_dags/example_nested_branch_dag.py took 0.718 seconds
[2022-12-13 23:23:40,586] {processor.py:153} INFO - Started process (PID=38488) to work on /home/igor/Documents/airflowalura/venv/lib/python3.9/site-packages/airflow/example_dags/example_nested_branch_dag.py
[2022-12-13 23:23:40,609] {processor.py:641} INFO - Processing file /home/igor/Documents/airflowalura/venv/lib/python3.9/site-packages/airflow/example_dags/example_nested_branch_dag.py for tasks to queue
[2022-12-13 23:23:40,612] {logging_mixin.py:115} INFO - [2022-12-13 23:23:40,611] {dagbag.py:507} INFO - Filling up the DagBag from /home/igor/Documents/airflowalura/venv/lib/python3.9/site-packages/airflow/example_dags/example_nested_branch_dag.py
[2022-12-13 23:23:40,716] {processor.py:651} INFO - DAG(s) dict_keys(['example_nested_branch_dag']) retrieved from /home/igor/Documents/airflowalura/venv/lib/python3.9/site-packages/airflow/example_dags/example_nested_branch_dag.py
[2022-12-13 23:23:40,878] {logging_mixin.py:115} INFO - [2022-12-13 23:23:40,878] {dag.py:2379} INFO - Sync 1 DAGs
[2022-12-13 23:23:41,033] {logging_mixin.py:115} INFO - [2022-12-13 23:23:41,032] {dag.py:2927} INFO - Setting next_dagrun for example_nested_branch_dag to 2022-12-13T00:00:00+00:00, run_after=2022-12-14T00:00:00+00:00
[2022-12-13 23:23:41,159] {processor.py:161} INFO - Processing /home/igor/Documents/airflowalura/venv/lib/python3.9/site-packages/airflow/example_dags/example_nested_branch_dag.py took 0.603 seconds
[2022-12-13 23:24:54,892] {processor.py:153} INFO - Started process (PID=38665) to work on /home/igor/Documents/airflowalura/venv/lib/python3.9/site-packages/airflow/example_dags/example_nested_branch_dag.py
[2022-12-13 23:24:54,893] {processor.py:641} INFO - Processing file /home/igor/Documents/airflowalura/venv/lib/python3.9/site-packages/airflow/example_dags/example_nested_branch_dag.py for tasks to queue
[2022-12-13 23:24:54,895] {logging_mixin.py:115} INFO - [2022-12-13 23:24:54,895] {dagbag.py:507} INFO - Filling up the DagBag from /home/igor/Documents/airflowalura/venv/lib/python3.9/site-packages/airflow/example_dags/example_nested_branch_dag.py
[2022-12-13 23:24:54,983] {processor.py:651} INFO - DAG(s) dict_keys(['example_nested_branch_dag']) retrieved from /home/igor/Documents/airflowalura/venv/lib/python3.9/site-packages/airflow/example_dags/example_nested_branch_dag.py
[2022-12-13 23:24:55,130] {logging_mixin.py:115} INFO - [2022-12-13 23:24:55,129] {dag.py:2379} INFO - Sync 1 DAGs
[2022-12-13 23:24:55,324] {logging_mixin.py:115} INFO - [2022-12-13 23:24:55,324] {dag.py:2927} INFO - Setting next_dagrun for example_nested_branch_dag to 2022-12-13T00:00:00+00:00, run_after=2022-12-14T00:00:00+00:00
[2022-12-13 23:24:55,420] {processor.py:161} INFO - Processing /home/igor/Documents/airflowalura/venv/lib/python3.9/site-packages/airflow/example_dags/example_nested_branch_dag.py took 0.564 seconds
[2022-12-13 23:26:08,321] {processor.py:153} INFO - Started process (PID=38854) to work on /home/igor/Documents/airflowalura/venv/lib/python3.9/site-packages/airflow/example_dags/example_nested_branch_dag.py
[2022-12-13 23:26:08,328] {processor.py:641} INFO - Processing file /home/igor/Documents/airflowalura/venv/lib/python3.9/site-packages/airflow/example_dags/example_nested_branch_dag.py for tasks to queue
[2022-12-13 23:26:08,332] {logging_mixin.py:115} INFO - [2022-12-13 23:26:08,329] {dagbag.py:507} INFO - Filling up the DagBag from /home/igor/Documents/airflowalura/venv/lib/python3.9/site-packages/airflow/example_dags/example_nested_branch_dag.py
[2022-12-13 23:26:08,420] {processor.py:651} INFO - DAG(s) dict_keys(['example_nested_branch_dag']) retrieved from /home/igor/Documents/airflowalura/venv/lib/python3.9/site-packages/airflow/example_dags/example_nested_branch_dag.py
[2022-12-13 23:26:08,560] {logging_mixin.py:115} INFO - [2022-12-13 23:26:08,560] {dag.py:2379} INFO - Sync 1 DAGs
[2022-12-13 23:26:08,728] {logging_mixin.py:115} INFO - [2022-12-13 23:26:08,728] {dag.py:2927} INFO - Setting next_dagrun for example_nested_branch_dag to 2022-12-13T00:00:00+00:00, run_after=2022-12-14T00:00:00+00:00
[2022-12-13 23:26:08,820] {processor.py:161} INFO - Processing /home/igor/Documents/airflowalura/venv/lib/python3.9/site-packages/airflow/example_dags/example_nested_branch_dag.py took 0.526 seconds
[2022-12-13 23:27:23,128] {processor.py:153} INFO - Started process (PID=39040) to work on /home/igor/Documents/airflowalura/venv/lib/python3.9/site-packages/airflow/example_dags/example_nested_branch_dag.py
[2022-12-13 23:27:23,143] {processor.py:641} INFO - Processing file /home/igor/Documents/airflowalura/venv/lib/python3.9/site-packages/airflow/example_dags/example_nested_branch_dag.py for tasks to queue
[2022-12-13 23:27:23,147] {logging_mixin.py:115} INFO - [2022-12-13 23:27:23,146] {dagbag.py:507} INFO - Filling up the DagBag from /home/igor/Documents/airflowalura/venv/lib/python3.9/site-packages/airflow/example_dags/example_nested_branch_dag.py
[2022-12-13 23:27:23,250] {processor.py:651} INFO - DAG(s) dict_keys(['example_nested_branch_dag']) retrieved from /home/igor/Documents/airflowalura/venv/lib/python3.9/site-packages/airflow/example_dags/example_nested_branch_dag.py
[2022-12-13 23:27:23,378] {logging_mixin.py:115} INFO - [2022-12-13 23:27:23,377] {dag.py:2379} INFO - Sync 1 DAGs
[2022-12-13 23:27:23,534] {logging_mixin.py:115} INFO - [2022-12-13 23:27:23,533] {dag.py:2927} INFO - Setting next_dagrun for example_nested_branch_dag to 2022-12-13T00:00:00+00:00, run_after=2022-12-14T00:00:00+00:00
[2022-12-13 23:27:24,266] {processor.py:161} INFO - Processing /home/igor/Documents/airflowalura/venv/lib/python3.9/site-packages/airflow/example_dags/example_nested_branch_dag.py took 1.155 seconds
