[2022-12-13 21:27:10,282] {processor.py:153} INFO - Started process (PID=29870) to work on /home/igor/Documents/airflowalura/venv/lib/python3.9/site-packages/airflow/example_dags/example_branch_python_dop_operator_3.py
[2022-12-13 21:27:10,283] {processor.py:641} INFO - Processing file /home/igor/Documents/airflowalura/venv/lib/python3.9/site-packages/airflow/example_dags/example_branch_python_dop_operator_3.py for tasks to queue
[2022-12-13 21:27:10,311] {logging_mixin.py:115} INFO - [2022-12-13 21:27:10,311] {dagbag.py:507} INFO - Filling up the DagBag from /home/igor/Documents/airflowalura/venv/lib/python3.9/site-packages/airflow/example_dags/example_branch_python_dop_operator_3.py
[2022-12-13 21:27:10,439] {processor.py:651} INFO - DAG(s) dict_keys(['example_branch_dop_operator_v3']) retrieved from /home/igor/Documents/airflowalura/venv/lib/python3.9/site-packages/airflow/example_dags/example_branch_python_dop_operator_3.py
[2022-12-13 21:27:10,611] {logging_mixin.py:115} INFO - [2022-12-13 21:27:10,607] {dag.py:2379} INFO - Sync 1 DAGs
[2022-12-13 21:27:10,888] {logging_mixin.py:115} INFO - [2022-12-13 21:27:10,887] {dag.py:2927} INFO - Setting next_dagrun for example_branch_dop_operator_v3 to 2022-12-14T00:26:00+00:00, run_after=2022-12-14T00:27:00+00:00
[2022-12-13 21:27:11,113] {processor.py:161} INFO - Processing /home/igor/Documents/airflowalura/venv/lib/python3.9/site-packages/airflow/example_dags/example_branch_python_dop_operator_3.py took 0.860 seconds
[2022-12-13 21:28:22,550] {processor.py:153} INFO - Started process (PID=30081) to work on /home/igor/Documents/airflowalura/venv/lib/python3.9/site-packages/airflow/example_dags/example_branch_python_dop_operator_3.py
[2022-12-13 21:28:22,552] {processor.py:641} INFO - Processing file /home/igor/Documents/airflowalura/venv/lib/python3.9/site-packages/airflow/example_dags/example_branch_python_dop_operator_3.py for tasks to queue
[2022-12-13 21:28:22,554] {logging_mixin.py:115} INFO - [2022-12-13 21:28:22,553] {dagbag.py:507} INFO - Filling up the DagBag from /home/igor/Documents/airflowalura/venv/lib/python3.9/site-packages/airflow/example_dags/example_branch_python_dop_operator_3.py
[2022-12-13 21:28:22,646] {processor.py:651} INFO - DAG(s) dict_keys(['example_branch_dop_operator_v3']) retrieved from /home/igor/Documents/airflowalura/venv/lib/python3.9/site-packages/airflow/example_dags/example_branch_python_dop_operator_3.py
[2022-12-13 21:28:22,871] {logging_mixin.py:115} INFO - [2022-12-13 21:28:22,870] {dag.py:2379} INFO - Sync 1 DAGs
[2022-12-13 21:28:23,486] {logging_mixin.py:115} INFO - [2022-12-13 21:28:23,486] {dag.py:2927} INFO - Setting next_dagrun for example_branch_dop_operator_v3 to 2022-12-14T00:27:00+00:00, run_after=2022-12-14T00:28:00+00:00
[2022-12-13 21:28:23,764] {processor.py:161} INFO - Processing /home/igor/Documents/airflowalura/venv/lib/python3.9/site-packages/airflow/example_dags/example_branch_python_dop_operator_3.py took 1.233 seconds
[2022-12-13 21:29:26,260] {processor.py:153} INFO - Started process (PID=30271) to work on /home/igor/Documents/airflowalura/venv/lib/python3.9/site-packages/airflow/example_dags/example_branch_python_dop_operator_3.py
[2022-12-13 21:29:26,265] {processor.py:641} INFO - Processing file /home/igor/Documents/airflowalura/venv/lib/python3.9/site-packages/airflow/example_dags/example_branch_python_dop_operator_3.py for tasks to queue
[2022-12-13 21:29:26,267] {logging_mixin.py:115} INFO - [2022-12-13 21:29:26,266] {dagbag.py:507} INFO - Filling up the DagBag from /home/igor/Documents/airflowalura/venv/lib/python3.9/site-packages/airflow/example_dags/example_branch_python_dop_operator_3.py
[2022-12-13 21:29:26,350] {processor.py:651} INFO - DAG(s) dict_keys(['example_branch_dop_operator_v3']) retrieved from /home/igor/Documents/airflowalura/venv/lib/python3.9/site-packages/airflow/example_dags/example_branch_python_dop_operator_3.py
[2022-12-13 21:29:26,446] {logging_mixin.py:115} INFO - [2022-12-13 21:29:26,446] {dag.py:2379} INFO - Sync 1 DAGs
[2022-12-13 21:29:26,630] {logging_mixin.py:115} INFO - [2022-12-13 21:29:26,630] {dag.py:2927} INFO - Setting next_dagrun for example_branch_dop_operator_v3 to 2022-12-14T00:28:00+00:00, run_after=2022-12-14T00:29:00+00:00
[2022-12-13 21:29:26,720] {processor.py:161} INFO - Processing /home/igor/Documents/airflowalura/venv/lib/python3.9/site-packages/airflow/example_dags/example_branch_python_dop_operator_3.py took 0.479 seconds
[2022-12-13 21:30:55,245] {processor.py:153} INFO - Started process (PID=30469) to work on /home/igor/Documents/airflowalura/venv/lib/python3.9/site-packages/airflow/example_dags/example_branch_python_dop_operator_3.py
[2022-12-13 21:30:55,253] {processor.py:641} INFO - Processing file /home/igor/Documents/airflowalura/venv/lib/python3.9/site-packages/airflow/example_dags/example_branch_python_dop_operator_3.py for tasks to queue
[2022-12-13 21:30:55,254] {logging_mixin.py:115} INFO - [2022-12-13 21:30:55,254] {dagbag.py:507} INFO - Filling up the DagBag from /home/igor/Documents/airflowalura/venv/lib/python3.9/site-packages/airflow/example_dags/example_branch_python_dop_operator_3.py
[2022-12-13 21:30:55,377] {processor.py:651} INFO - DAG(s) dict_keys(['example_branch_dop_operator_v3']) retrieved from /home/igor/Documents/airflowalura/venv/lib/python3.9/site-packages/airflow/example_dags/example_branch_python_dop_operator_3.py
[2022-12-13 21:30:55,540] {logging_mixin.py:115} INFO - [2022-12-13 21:30:55,539] {dag.py:2379} INFO - Sync 1 DAGs
[2022-12-13 21:30:55,808] {logging_mixin.py:115} INFO - [2022-12-13 21:30:55,807] {dag.py:2927} INFO - Setting next_dagrun for example_branch_dop_operator_v3 to 2022-12-14T00:29:00+00:00, run_after=2022-12-14T00:30:00+00:00
[2022-12-13 21:30:55,957] {processor.py:161} INFO - Processing /home/igor/Documents/airflowalura/venv/lib/python3.9/site-packages/airflow/example_dags/example_branch_python_dop_operator_3.py took 0.747 seconds
[2022-12-13 21:32:43,943] {processor.py:153} INFO - Started process (PID=30690) to work on /home/igor/Documents/airflowalura/venv/lib/python3.9/site-packages/airflow/example_dags/example_branch_python_dop_operator_3.py
[2022-12-13 21:32:43,951] {processor.py:641} INFO - Processing file /home/igor/Documents/airflowalura/venv/lib/python3.9/site-packages/airflow/example_dags/example_branch_python_dop_operator_3.py for tasks to queue
[2022-12-13 21:32:43,960] {logging_mixin.py:115} INFO - [2022-12-13 21:32:43,960] {dagbag.py:507} INFO - Filling up the DagBag from /home/igor/Documents/airflowalura/venv/lib/python3.9/site-packages/airflow/example_dags/example_branch_python_dop_operator_3.py
[2022-12-13 21:32:44,096] {processor.py:651} INFO - DAG(s) dict_keys(['example_branch_dop_operator_v3']) retrieved from /home/igor/Documents/airflowalura/venv/lib/python3.9/site-packages/airflow/example_dags/example_branch_python_dop_operator_3.py
[2022-12-13 21:32:44,256] {logging_mixin.py:115} INFO - [2022-12-13 21:32:44,255] {dag.py:2379} INFO - Sync 1 DAGs
[2022-12-13 21:32:44,498] {logging_mixin.py:115} INFO - [2022-12-13 21:32:44,498] {dag.py:2927} INFO - Setting next_dagrun for example_branch_dop_operator_v3 to 2022-12-14T00:31:00+00:00, run_after=2022-12-14T00:32:00+00:00
[2022-12-13 21:32:44,548] {processor.py:161} INFO - Processing /home/igor/Documents/airflowalura/venv/lib/python3.9/site-packages/airflow/example_dags/example_branch_python_dop_operator_3.py took 0.639 seconds
[2022-12-13 21:34:34,053] {processor.py:153} INFO - Started process (PID=30899) to work on /home/igor/Documents/airflowalura/venv/lib/python3.9/site-packages/airflow/example_dags/example_branch_python_dop_operator_3.py
[2022-12-13 21:34:34,059] {processor.py:641} INFO - Processing file /home/igor/Documents/airflowalura/venv/lib/python3.9/site-packages/airflow/example_dags/example_branch_python_dop_operator_3.py for tasks to queue
[2022-12-13 21:34:34,071] {logging_mixin.py:115} INFO - [2022-12-13 21:34:34,062] {dagbag.py:507} INFO - Filling up the DagBag from /home/igor/Documents/airflowalura/venv/lib/python3.9/site-packages/airflow/example_dags/example_branch_python_dop_operator_3.py
[2022-12-13 21:34:34,278] {processor.py:651} INFO - DAG(s) dict_keys(['example_branch_dop_operator_v3']) retrieved from /home/igor/Documents/airflowalura/venv/lib/python3.9/site-packages/airflow/example_dags/example_branch_python_dop_operator_3.py
[2022-12-13 21:34:35,600] {logging_mixin.py:115} INFO - [2022-12-13 21:34:35,187] {dag.py:2379} INFO - Sync 1 DAGs
[2022-12-13 21:34:36,664] {logging_mixin.py:115} INFO - [2022-12-13 21:34:36,664] {dag.py:2927} INFO - Setting next_dagrun for example_branch_dop_operator_v3 to 2022-12-14T00:33:00+00:00, run_after=2022-12-14T00:34:00+00:00
[2022-12-13 21:34:37,214] {processor.py:161} INFO - Processing /home/igor/Documents/airflowalura/venv/lib/python3.9/site-packages/airflow/example_dags/example_branch_python_dop_operator_3.py took 3.170 seconds
[2022-12-13 21:37:18,677] {processor.py:153} INFO - Started process (PID=31322) to work on /home/igor/Documents/airflowalura/venv/lib/python3.9/site-packages/airflow/example_dags/example_branch_python_dop_operator_3.py
[2022-12-13 21:37:18,705] {processor.py:641} INFO - Processing file /home/igor/Documents/airflowalura/venv/lib/python3.9/site-packages/airflow/example_dags/example_branch_python_dop_operator_3.py for tasks to queue
[2022-12-13 21:37:18,707] {logging_mixin.py:115} INFO - [2022-12-13 21:37:18,706] {dagbag.py:507} INFO - Filling up the DagBag from /home/igor/Documents/airflowalura/venv/lib/python3.9/site-packages/airflow/example_dags/example_branch_python_dop_operator_3.py
[2022-12-13 21:37:18,921] {processor.py:651} INFO - DAG(s) dict_keys(['example_branch_dop_operator_v3']) retrieved from /home/igor/Documents/airflowalura/venv/lib/python3.9/site-packages/airflow/example_dags/example_branch_python_dop_operator_3.py
[2022-12-13 21:37:19,276] {logging_mixin.py:115} INFO - [2022-12-13 21:37:19,276] {dag.py:2379} INFO - Sync 1 DAGs
[2022-12-13 21:37:19,842] {logging_mixin.py:115} INFO - [2022-12-13 21:37:19,829] {dag.py:2927} INFO - Setting next_dagrun for example_branch_dop_operator_v3 to 2022-12-14T00:36:00+00:00, run_after=2022-12-14T00:37:00+00:00
[2022-12-13 21:37:20,125] {processor.py:161} INFO - Processing /home/igor/Documents/airflowalura/venv/lib/python3.9/site-packages/airflow/example_dags/example_branch_python_dop_operator_3.py took 1.470 seconds
[2022-12-13 21:38:36,372] {processor.py:153} INFO - Started process (PID=31536) to work on /home/igor/Documents/airflowalura/venv/lib/python3.9/site-packages/airflow/example_dags/example_branch_python_dop_operator_3.py
[2022-12-13 21:38:36,382] {processor.py:641} INFO - Processing file /home/igor/Documents/airflowalura/venv/lib/python3.9/site-packages/airflow/example_dags/example_branch_python_dop_operator_3.py for tasks to queue
[2022-12-13 21:38:36,384] {logging_mixin.py:115} INFO - [2022-12-13 21:38:36,384] {dagbag.py:507} INFO - Filling up the DagBag from /home/igor/Documents/airflowalura/venv/lib/python3.9/site-packages/airflow/example_dags/example_branch_python_dop_operator_3.py
[2022-12-13 21:38:36,449] {processor.py:651} INFO - DAG(s) dict_keys(['example_branch_dop_operator_v3']) retrieved from /home/igor/Documents/airflowalura/venv/lib/python3.9/site-packages/airflow/example_dags/example_branch_python_dop_operator_3.py
[2022-12-13 21:38:36,542] {logging_mixin.py:115} INFO - [2022-12-13 21:38:36,541] {dag.py:2379} INFO - Sync 1 DAGs
[2022-12-13 21:38:36,741] {logging_mixin.py:115} INFO - [2022-12-13 21:38:36,740] {dag.py:2927} INFO - Setting next_dagrun for example_branch_dop_operator_v3 to 2022-12-14T00:37:00+00:00, run_after=2022-12-14T00:38:00+00:00
[2022-12-13 21:38:36,829] {processor.py:161} INFO - Processing /home/igor/Documents/airflowalura/venv/lib/python3.9/site-packages/airflow/example_dags/example_branch_python_dop_operator_3.py took 0.474 seconds
[2022-12-13 23:01:02,940] {processor.py:153} INFO - Started process (PID=35276) to work on /home/igor/Documents/airflowalura/venv/lib/python3.9/site-packages/airflow/example_dags/example_branch_python_dop_operator_3.py
[2022-12-13 23:01:02,944] {processor.py:641} INFO - Processing file /home/igor/Documents/airflowalura/venv/lib/python3.9/site-packages/airflow/example_dags/example_branch_python_dop_operator_3.py for tasks to queue
[2022-12-13 23:01:02,947] {logging_mixin.py:115} INFO - [2022-12-13 23:01:02,947] {dagbag.py:507} INFO - Filling up the DagBag from /home/igor/Documents/airflowalura/venv/lib/python3.9/site-packages/airflow/example_dags/example_branch_python_dop_operator_3.py
[2022-12-13 23:01:03,132] {processor.py:651} INFO - DAG(s) dict_keys(['example_branch_dop_operator_v3']) retrieved from /home/igor/Documents/airflowalura/venv/lib/python3.9/site-packages/airflow/example_dags/example_branch_python_dop_operator_3.py
[2022-12-13 23:01:03,387] {logging_mixin.py:115} INFO - [2022-12-13 23:01:03,387] {dag.py:2379} INFO - Sync 1 DAGs
[2022-12-13 23:01:03,652] {logging_mixin.py:115} INFO - [2022-12-13 23:01:03,652] {dag.py:2927} INFO - Setting next_dagrun for example_branch_dop_operator_v3 to 2022-12-14T02:00:00+00:00, run_after=2022-12-14T02:01:00+00:00
[2022-12-13 23:01:03,849] {processor.py:161} INFO - Processing /home/igor/Documents/airflowalura/venv/lib/python3.9/site-packages/airflow/example_dags/example_branch_python_dop_operator_3.py took 0.945 seconds
[2022-12-13 23:03:06,817] {processor.py:153} INFO - Started process (PID=35733) to work on /home/igor/Documents/airflowalura/venv/lib/python3.9/site-packages/airflow/example_dags/example_branch_python_dop_operator_3.py
[2022-12-13 23:03:06,827] {processor.py:641} INFO - Processing file /home/igor/Documents/airflowalura/venv/lib/python3.9/site-packages/airflow/example_dags/example_branch_python_dop_operator_3.py for tasks to queue
[2022-12-13 23:03:06,833] {logging_mixin.py:115} INFO - [2022-12-13 23:03:06,832] {dagbag.py:507} INFO - Filling up the DagBag from /home/igor/Documents/airflowalura/venv/lib/python3.9/site-packages/airflow/example_dags/example_branch_python_dop_operator_3.py
[2022-12-13 23:03:06,945] {processor.py:651} INFO - DAG(s) dict_keys(['example_branch_dop_operator_v3']) retrieved from /home/igor/Documents/airflowalura/venv/lib/python3.9/site-packages/airflow/example_dags/example_branch_python_dop_operator_3.py
[2022-12-13 23:03:07,114] {logging_mixin.py:115} INFO - [2022-12-13 23:03:07,114] {dag.py:2379} INFO - Sync 1 DAGs
[2022-12-13 23:03:07,333] {logging_mixin.py:115} INFO - [2022-12-13 23:03:07,333] {dag.py:2927} INFO - Setting next_dagrun for example_branch_dop_operator_v3 to 2022-12-14T02:02:00+00:00, run_after=2022-12-14T02:03:00+00:00
[2022-12-13 23:03:07,437] {processor.py:161} INFO - Processing /home/igor/Documents/airflowalura/venv/lib/python3.9/site-packages/airflow/example_dags/example_branch_python_dop_operator_3.py took 0.650 seconds
[2022-12-13 23:05:12,815] {processor.py:153} INFO - Started process (PID=36020) to work on /home/igor/Documents/airflowalura/venv/lib/python3.9/site-packages/airflow/example_dags/example_branch_python_dop_operator_3.py
[2022-12-13 23:05:12,817] {processor.py:641} INFO - Processing file /home/igor/Documents/airflowalura/venv/lib/python3.9/site-packages/airflow/example_dags/example_branch_python_dop_operator_3.py for tasks to queue
[2022-12-13 23:05:12,818] {logging_mixin.py:115} INFO - [2022-12-13 23:05:12,818] {dagbag.py:507} INFO - Filling up the DagBag from /home/igor/Documents/airflowalura/venv/lib/python3.9/site-packages/airflow/example_dags/example_branch_python_dop_operator_3.py
[2022-12-13 23:05:12,873] {processor.py:651} INFO - DAG(s) dict_keys(['example_branch_dop_operator_v3']) retrieved from /home/igor/Documents/airflowalura/venv/lib/python3.9/site-packages/airflow/example_dags/example_branch_python_dop_operator_3.py
[2022-12-13 23:05:13,001] {logging_mixin.py:115} INFO - [2022-12-13 23:05:13,000] {dag.py:2379} INFO - Sync 1 DAGs
[2022-12-13 23:05:13,496] {logging_mixin.py:115} INFO - [2022-12-13 23:05:13,496] {dag.py:2927} INFO - Setting next_dagrun for example_branch_dop_operator_v3 to 2022-12-14T02:04:00+00:00, run_after=2022-12-14T02:05:00+00:00
[2022-12-13 23:05:13,725] {processor.py:161} INFO - Processing /home/igor/Documents/airflowalura/venv/lib/python3.9/site-packages/airflow/example_dags/example_branch_python_dop_operator_3.py took 0.927 seconds
[2022-12-13 23:07:08,685] {processor.py:153} INFO - Started process (PID=36229) to work on /home/igor/Documents/airflowalura/venv/lib/python3.9/site-packages/airflow/example_dags/example_branch_python_dop_operator_3.py
[2022-12-13 23:07:08,693] {processor.py:641} INFO - Processing file /home/igor/Documents/airflowalura/venv/lib/python3.9/site-packages/airflow/example_dags/example_branch_python_dop_operator_3.py for tasks to queue
[2022-12-13 23:07:08,694] {logging_mixin.py:115} INFO - [2022-12-13 23:07:08,694] {dagbag.py:507} INFO - Filling up the DagBag from /home/igor/Documents/airflowalura/venv/lib/python3.9/site-packages/airflow/example_dags/example_branch_python_dop_operator_3.py
[2022-12-13 23:07:08,800] {processor.py:651} INFO - DAG(s) dict_keys(['example_branch_dop_operator_v3']) retrieved from /home/igor/Documents/airflowalura/venv/lib/python3.9/site-packages/airflow/example_dags/example_branch_python_dop_operator_3.py
[2022-12-13 23:07:08,993] {logging_mixin.py:115} INFO - [2022-12-13 23:07:08,993] {dag.py:2379} INFO - Sync 1 DAGs
[2022-12-13 23:07:09,276] {logging_mixin.py:115} INFO - [2022-12-13 23:07:09,275] {dag.py:2927} INFO - Setting next_dagrun for example_branch_dop_operator_v3 to 2022-12-14T02:06:00+00:00, run_after=2022-12-14T02:07:00+00:00
[2022-12-13 23:07:09,488] {processor.py:161} INFO - Processing /home/igor/Documents/airflowalura/venv/lib/python3.9/site-packages/airflow/example_dags/example_branch_python_dop_operator_3.py took 0.846 seconds
[2022-12-13 23:10:38,224] {processor.py:153} INFO - Started process (PID=36562) to work on /home/igor/Documents/airflowalura/venv/lib/python3.9/site-packages/airflow/example_dags/example_branch_python_dop_operator_3.py
[2022-12-13 23:10:38,250] {processor.py:641} INFO - Processing file /home/igor/Documents/airflowalura/venv/lib/python3.9/site-packages/airflow/example_dags/example_branch_python_dop_operator_3.py for tasks to queue
[2022-12-13 23:10:38,272] {logging_mixin.py:115} INFO - [2022-12-13 23:10:38,264] {dagbag.py:507} INFO - Filling up the DagBag from /home/igor/Documents/airflowalura/venv/lib/python3.9/site-packages/airflow/example_dags/example_branch_python_dop_operator_3.py
[2022-12-13 23:10:39,006] {processor.py:651} INFO - DAG(s) dict_keys(['example_branch_dop_operator_v3']) retrieved from /home/igor/Documents/airflowalura/venv/lib/python3.9/site-packages/airflow/example_dags/example_branch_python_dop_operator_3.py
[2022-12-13 23:10:39,445] {logging_mixin.py:115} INFO - [2022-12-13 23:10:39,445] {dag.py:2379} INFO - Sync 1 DAGs
[2022-12-13 23:10:40,002] {logging_mixin.py:115} INFO - [2022-12-13 23:10:40,001] {dag.py:2927} INFO - Setting next_dagrun for example_branch_dop_operator_v3 to 2022-12-14T02:09:00+00:00, run_after=2022-12-14T02:10:00+00:00
[2022-12-13 23:10:40,547] {processor.py:161} INFO - Processing /home/igor/Documents/airflowalura/venv/lib/python3.9/site-packages/airflow/example_dags/example_branch_python_dop_operator_3.py took 2.386 seconds
[2022-12-13 23:12:48,748] {processor.py:153} INFO - Started process (PID=36890) to work on /home/igor/Documents/airflowalura/venv/lib/python3.9/site-packages/airflow/example_dags/example_branch_python_dop_operator_3.py
[2022-12-13 23:12:48,756] {processor.py:641} INFO - Processing file /home/igor/Documents/airflowalura/venv/lib/python3.9/site-packages/airflow/example_dags/example_branch_python_dop_operator_3.py for tasks to queue
[2022-12-13 23:12:48,758] {logging_mixin.py:115} INFO - [2022-12-13 23:12:48,757] {dagbag.py:507} INFO - Filling up the DagBag from /home/igor/Documents/airflowalura/venv/lib/python3.9/site-packages/airflow/example_dags/example_branch_python_dop_operator_3.py
[2022-12-13 23:12:48,919] {processor.py:651} INFO - DAG(s) dict_keys(['example_branch_dop_operator_v3']) retrieved from /home/igor/Documents/airflowalura/venv/lib/python3.9/site-packages/airflow/example_dags/example_branch_python_dop_operator_3.py
[2022-12-13 23:12:49,110] {logging_mixin.py:115} INFO - [2022-12-13 23:12:49,109] {dag.py:2379} INFO - Sync 1 DAGs
[2022-12-13 23:12:49,417] {logging_mixin.py:115} INFO - [2022-12-13 23:12:49,417] {dag.py:2927} INFO - Setting next_dagrun for example_branch_dop_operator_v3 to 2022-12-14T02:11:00+00:00, run_after=2022-12-14T02:12:00+00:00
[2022-12-13 23:12:49,650] {processor.py:161} INFO - Processing /home/igor/Documents/airflowalura/venv/lib/python3.9/site-packages/airflow/example_dags/example_branch_python_dop_operator_3.py took 0.952 seconds
[2022-12-13 23:14:25,529] {processor.py:153} INFO - Started process (PID=37199) to work on /home/igor/Documents/airflowalura/venv/lib/python3.9/site-packages/airflow/example_dags/example_branch_python_dop_operator_3.py
[2022-12-13 23:14:25,537] {processor.py:641} INFO - Processing file /home/igor/Documents/airflowalura/venv/lib/python3.9/site-packages/airflow/example_dags/example_branch_python_dop_operator_3.py for tasks to queue
[2022-12-13 23:14:25,549] {logging_mixin.py:115} INFO - [2022-12-13 23:14:25,539] {dagbag.py:507} INFO - Filling up the DagBag from /home/igor/Documents/airflowalura/venv/lib/python3.9/site-packages/airflow/example_dags/example_branch_python_dop_operator_3.py
[2022-12-13 23:14:25,678] {processor.py:651} INFO - DAG(s) dict_keys(['example_branch_dop_operator_v3']) retrieved from /home/igor/Documents/airflowalura/venv/lib/python3.9/site-packages/airflow/example_dags/example_branch_python_dop_operator_3.py
[2022-12-13 23:14:25,820] {logging_mixin.py:115} INFO - [2022-12-13 23:14:25,820] {dag.py:2379} INFO - Sync 1 DAGs
[2022-12-13 23:14:26,090] {logging_mixin.py:115} INFO - [2022-12-13 23:14:26,089] {dag.py:2927} INFO - Setting next_dagrun for example_branch_dop_operator_v3 to 2022-12-14T02:13:00+00:00, run_after=2022-12-14T02:14:00+00:00
[2022-12-13 23:14:26,219] {processor.py:161} INFO - Processing /home/igor/Documents/airflowalura/venv/lib/python3.9/site-packages/airflow/example_dags/example_branch_python_dop_operator_3.py took 0.722 seconds
[2022-12-13 23:15:59,153] {processor.py:153} INFO - Started process (PID=37411) to work on /home/igor/Documents/airflowalura/venv/lib/python3.9/site-packages/airflow/example_dags/example_branch_python_dop_operator_3.py
[2022-12-13 23:15:59,159] {processor.py:641} INFO - Processing file /home/igor/Documents/airflowalura/venv/lib/python3.9/site-packages/airflow/example_dags/example_branch_python_dop_operator_3.py for tasks to queue
[2022-12-13 23:15:59,160] {logging_mixin.py:115} INFO - [2022-12-13 23:15:59,160] {dagbag.py:507} INFO - Filling up the DagBag from /home/igor/Documents/airflowalura/venv/lib/python3.9/site-packages/airflow/example_dags/example_branch_python_dop_operator_3.py
[2022-12-13 23:15:59,277] {processor.py:651} INFO - DAG(s) dict_keys(['example_branch_dop_operator_v3']) retrieved from /home/igor/Documents/airflowalura/venv/lib/python3.9/site-packages/airflow/example_dags/example_branch_python_dop_operator_3.py
[2022-12-13 23:15:59,525] {logging_mixin.py:115} INFO - [2022-12-13 23:15:59,525] {dag.py:2379} INFO - Sync 1 DAGs
[2022-12-13 23:15:59,788] {logging_mixin.py:115} INFO - [2022-12-13 23:15:59,788] {dag.py:2927} INFO - Setting next_dagrun for example_branch_dop_operator_v3 to 2022-12-14T02:14:00+00:00, run_after=2022-12-14T02:15:00+00:00
[2022-12-13 23:15:59,929] {processor.py:161} INFO - Processing /home/igor/Documents/airflowalura/venv/lib/python3.9/site-packages/airflow/example_dags/example_branch_python_dop_operator_3.py took 0.826 seconds
[2022-12-13 23:18:41,853] {processor.py:153} INFO - Started process (PID=37662) to work on /home/igor/Documents/airflowalura/venv/lib/python3.9/site-packages/airflow/example_dags/example_branch_python_dop_operator_3.py
[2022-12-13 23:18:41,861] {processor.py:641} INFO - Processing file /home/igor/Documents/airflowalura/venv/lib/python3.9/site-packages/airflow/example_dags/example_branch_python_dop_operator_3.py for tasks to queue
[2022-12-13 23:18:41,876] {logging_mixin.py:115} INFO - [2022-12-13 23:18:41,875] {dagbag.py:507} INFO - Filling up the DagBag from /home/igor/Documents/airflowalura/venv/lib/python3.9/site-packages/airflow/example_dags/example_branch_python_dop_operator_3.py
[2022-12-13 23:18:41,959] {processor.py:651} INFO - DAG(s) dict_keys(['example_branch_dop_operator_v3']) retrieved from /home/igor/Documents/airflowalura/venv/lib/python3.9/site-packages/airflow/example_dags/example_branch_python_dop_operator_3.py
[2022-12-13 23:18:42,168] {logging_mixin.py:115} INFO - [2022-12-13 23:18:42,168] {dag.py:2379} INFO - Sync 1 DAGs
[2022-12-13 23:18:42,479] {logging_mixin.py:115} INFO - [2022-12-13 23:18:42,479] {dag.py:2927} INFO - Setting next_dagrun for example_branch_dop_operator_v3 to 2022-12-14T02:17:00+00:00, run_after=2022-12-14T02:18:00+00:00
[2022-12-13 23:18:42,609] {processor.py:161} INFO - Processing /home/igor/Documents/airflowalura/venv/lib/python3.9/site-packages/airflow/example_dags/example_branch_python_dop_operator_3.py took 0.794 seconds
[2022-12-13 23:20:02,836] {processor.py:153} INFO - Started process (PID=37857) to work on /home/igor/Documents/airflowalura/venv/lib/python3.9/site-packages/airflow/example_dags/example_branch_python_dop_operator_3.py
[2022-12-13 23:20:02,838] {processor.py:641} INFO - Processing file /home/igor/Documents/airflowalura/venv/lib/python3.9/site-packages/airflow/example_dags/example_branch_python_dop_operator_3.py for tasks to queue
[2022-12-13 23:20:02,842] {logging_mixin.py:115} INFO - [2022-12-13 23:20:02,842] {dagbag.py:507} INFO - Filling up the DagBag from /home/igor/Documents/airflowalura/venv/lib/python3.9/site-packages/airflow/example_dags/example_branch_python_dop_operator_3.py
[2022-12-13 23:20:02,937] {processor.py:651} INFO - DAG(s) dict_keys(['example_branch_dop_operator_v3']) retrieved from /home/igor/Documents/airflowalura/venv/lib/python3.9/site-packages/airflow/example_dags/example_branch_python_dop_operator_3.py
[2022-12-13 23:20:03,009] {logging_mixin.py:115} INFO - [2022-12-13 23:20:03,008] {dag.py:2379} INFO - Sync 1 DAGs
[2022-12-13 23:20:03,180] {logging_mixin.py:115} INFO - [2022-12-13 23:20:03,180] {dag.py:2927} INFO - Setting next_dagrun for example_branch_dop_operator_v3 to 2022-12-14T02:19:00+00:00, run_after=2022-12-14T02:20:00+00:00
[2022-12-13 23:20:03,281] {processor.py:161} INFO - Processing /home/igor/Documents/airflowalura/venv/lib/python3.9/site-packages/airflow/example_dags/example_branch_python_dop_operator_3.py took 0.474 seconds
[2022-12-13 23:21:15,824] {processor.py:153} INFO - Started process (PID=38050) to work on /home/igor/Documents/airflowalura/venv/lib/python3.9/site-packages/airflow/example_dags/example_branch_python_dop_operator_3.py
[2022-12-13 23:21:15,830] {processor.py:641} INFO - Processing file /home/igor/Documents/airflowalura/venv/lib/python3.9/site-packages/airflow/example_dags/example_branch_python_dop_operator_3.py for tasks to queue
[2022-12-13 23:21:15,834] {logging_mixin.py:115} INFO - [2022-12-13 23:21:15,833] {dagbag.py:507} INFO - Filling up the DagBag from /home/igor/Documents/airflowalura/venv/lib/python3.9/site-packages/airflow/example_dags/example_branch_python_dop_operator_3.py
[2022-12-13 23:21:15,928] {processor.py:651} INFO - DAG(s) dict_keys(['example_branch_dop_operator_v3']) retrieved from /home/igor/Documents/airflowalura/venv/lib/python3.9/site-packages/airflow/example_dags/example_branch_python_dop_operator_3.py
[2022-12-13 23:21:16,055] {logging_mixin.py:115} INFO - [2022-12-13 23:21:16,055] {dag.py:2379} INFO - Sync 1 DAGs
[2022-12-13 23:21:16,247] {logging_mixin.py:115} INFO - [2022-12-13 23:21:16,247] {dag.py:2927} INFO - Setting next_dagrun for example_branch_dop_operator_v3 to 2022-12-14T02:20:00+00:00, run_after=2022-12-14T02:21:00+00:00
[2022-12-13 23:21:16,345] {processor.py:161} INFO - Processing /home/igor/Documents/airflowalura/venv/lib/python3.9/site-packages/airflow/example_dags/example_branch_python_dop_operator_3.py took 0.537 seconds
[2022-12-13 23:22:33,186] {processor.py:153} INFO - Started process (PID=38262) to work on /home/igor/Documents/airflowalura/venv/lib/python3.9/site-packages/airflow/example_dags/example_branch_python_dop_operator_3.py
[2022-12-13 23:22:33,189] {processor.py:641} INFO - Processing file /home/igor/Documents/airflowalura/venv/lib/python3.9/site-packages/airflow/example_dags/example_branch_python_dop_operator_3.py for tasks to queue
[2022-12-13 23:22:33,192] {logging_mixin.py:115} INFO - [2022-12-13 23:22:33,191] {dagbag.py:507} INFO - Filling up the DagBag from /home/igor/Documents/airflowalura/venv/lib/python3.9/site-packages/airflow/example_dags/example_branch_python_dop_operator_3.py
[2022-12-13 23:22:33,292] {processor.py:651} INFO - DAG(s) dict_keys(['example_branch_dop_operator_v3']) retrieved from /home/igor/Documents/airflowalura/venv/lib/python3.9/site-packages/airflow/example_dags/example_branch_python_dop_operator_3.py
[2022-12-13 23:22:33,448] {logging_mixin.py:115} INFO - [2022-12-13 23:22:33,448] {dag.py:2379} INFO - Sync 1 DAGs
[2022-12-13 23:22:33,648] {logging_mixin.py:115} INFO - [2022-12-13 23:22:33,648] {dag.py:2927} INFO - Setting next_dagrun for example_branch_dop_operator_v3 to 2022-12-14T02:21:00+00:00, run_after=2022-12-14T02:22:00+00:00
[2022-12-13 23:22:33,746] {processor.py:161} INFO - Processing /home/igor/Documents/airflowalura/venv/lib/python3.9/site-packages/airflow/example_dags/example_branch_python_dop_operator_3.py took 0.594 seconds
[2022-12-13 23:23:54,742] {processor.py:153} INFO - Started process (PID=38524) to work on /home/igor/Documents/airflowalura/venv/lib/python3.9/site-packages/airflow/example_dags/example_branch_python_dop_operator_3.py
[2022-12-13 23:23:54,745] {processor.py:641} INFO - Processing file /home/igor/Documents/airflowalura/venv/lib/python3.9/site-packages/airflow/example_dags/example_branch_python_dop_operator_3.py for tasks to queue
[2022-12-13 23:23:54,747] {logging_mixin.py:115} INFO - [2022-12-13 23:23:54,746] {dagbag.py:507} INFO - Filling up the DagBag from /home/igor/Documents/airflowalura/venv/lib/python3.9/site-packages/airflow/example_dags/example_branch_python_dop_operator_3.py
[2022-12-13 23:23:54,818] {processor.py:651} INFO - DAG(s) dict_keys(['example_branch_dop_operator_v3']) retrieved from /home/igor/Documents/airflowalura/venv/lib/python3.9/site-packages/airflow/example_dags/example_branch_python_dop_operator_3.py
[2022-12-13 23:23:54,932] {logging_mixin.py:115} INFO - [2022-12-13 23:23:54,928] {dag.py:2379} INFO - Sync 1 DAGs
[2022-12-13 23:23:55,187] {logging_mixin.py:115} INFO - [2022-12-13 23:23:55,175] {dag.py:2927} INFO - Setting next_dagrun for example_branch_dop_operator_v3 to 2022-12-14T02:22:00+00:00, run_after=2022-12-14T02:23:00+00:00
[2022-12-13 23:23:55,285] {processor.py:161} INFO - Processing /home/igor/Documents/airflowalura/venv/lib/python3.9/site-packages/airflow/example_dags/example_branch_python_dop_operator_3.py took 0.576 seconds
[2022-12-13 23:25:08,297] {processor.py:153} INFO - Started process (PID=38700) to work on /home/igor/Documents/airflowalura/venv/lib/python3.9/site-packages/airflow/example_dags/example_branch_python_dop_operator_3.py
[2022-12-13 23:25:08,304] {processor.py:641} INFO - Processing file /home/igor/Documents/airflowalura/venv/lib/python3.9/site-packages/airflow/example_dags/example_branch_python_dop_operator_3.py for tasks to queue
[2022-12-13 23:25:08,306] {logging_mixin.py:115} INFO - [2022-12-13 23:25:08,306] {dagbag.py:507} INFO - Filling up the DagBag from /home/igor/Documents/airflowalura/venv/lib/python3.9/site-packages/airflow/example_dags/example_branch_python_dop_operator_3.py
[2022-12-13 23:25:08,398] {processor.py:651} INFO - DAG(s) dict_keys(['example_branch_dop_operator_v3']) retrieved from /home/igor/Documents/airflowalura/venv/lib/python3.9/site-packages/airflow/example_dags/example_branch_python_dop_operator_3.py
[2022-12-13 23:25:08,554] {logging_mixin.py:115} INFO - [2022-12-13 23:25:08,554] {dag.py:2379} INFO - Sync 1 DAGs
[2022-12-13 23:25:08,693] {logging_mixin.py:115} INFO - [2022-12-13 23:25:08,693] {dag.py:2927} INFO - Setting next_dagrun for example_branch_dop_operator_v3 to 2022-12-14T02:24:00+00:00, run_after=2022-12-14T02:25:00+00:00
[2022-12-13 23:25:08,786] {processor.py:161} INFO - Processing /home/igor/Documents/airflowalura/venv/lib/python3.9/site-packages/airflow/example_dags/example_branch_python_dop_operator_3.py took 0.533 seconds
[2022-12-13 23:26:22,621] {processor.py:153} INFO - Started process (PID=38890) to work on /home/igor/Documents/airflowalura/venv/lib/python3.9/site-packages/airflow/example_dags/example_branch_python_dop_operator_3.py
[2022-12-13 23:26:22,625] {processor.py:641} INFO - Processing file /home/igor/Documents/airflowalura/venv/lib/python3.9/site-packages/airflow/example_dags/example_branch_python_dop_operator_3.py for tasks to queue
[2022-12-13 23:26:22,626] {logging_mixin.py:115} INFO - [2022-12-13 23:26:22,626] {dagbag.py:507} INFO - Filling up the DagBag from /home/igor/Documents/airflowalura/venv/lib/python3.9/site-packages/airflow/example_dags/example_branch_python_dop_operator_3.py
[2022-12-13 23:26:22,706] {processor.py:651} INFO - DAG(s) dict_keys(['example_branch_dop_operator_v3']) retrieved from /home/igor/Documents/airflowalura/venv/lib/python3.9/site-packages/airflow/example_dags/example_branch_python_dop_operator_3.py
[2022-12-13 23:26:22,847] {logging_mixin.py:115} INFO - [2022-12-13 23:26:22,847] {dag.py:2379} INFO - Sync 1 DAGs
[2022-12-13 23:26:23,052] {logging_mixin.py:115} INFO - [2022-12-13 23:26:23,052] {dag.py:2927} INFO - Setting next_dagrun for example_branch_dop_operator_v3 to 2022-12-14T02:25:00+00:00, run_after=2022-12-14T02:26:00+00:00
[2022-12-13 23:26:23,209] {processor.py:161} INFO - Processing /home/igor/Documents/airflowalura/venv/lib/python3.9/site-packages/airflow/example_dags/example_branch_python_dop_operator_3.py took 0.614 seconds
[2022-12-13 23:27:38,225] {processor.py:153} INFO - Started process (PID=39085) to work on /home/igor/Documents/airflowalura/venv/lib/python3.9/site-packages/airflow/example_dags/example_branch_python_dop_operator_3.py
[2022-12-13 23:27:38,229] {processor.py:641} INFO - Processing file /home/igor/Documents/airflowalura/venv/lib/python3.9/site-packages/airflow/example_dags/example_branch_python_dop_operator_3.py for tasks to queue
[2022-12-13 23:27:38,230] {logging_mixin.py:115} INFO - [2022-12-13 23:27:38,230] {dagbag.py:507} INFO - Filling up the DagBag from /home/igor/Documents/airflowalura/venv/lib/python3.9/site-packages/airflow/example_dags/example_branch_python_dop_operator_3.py
[2022-12-13 23:27:38,293] {processor.py:651} INFO - DAG(s) dict_keys(['example_branch_dop_operator_v3']) retrieved from /home/igor/Documents/airflowalura/venv/lib/python3.9/site-packages/airflow/example_dags/example_branch_python_dop_operator_3.py
[2022-12-13 23:27:38,416] {logging_mixin.py:115} INFO - [2022-12-13 23:27:38,415] {dag.py:2379} INFO - Sync 1 DAGs
[2022-12-13 23:27:38,625] {logging_mixin.py:115} INFO - [2022-12-13 23:27:38,624] {dag.py:2927} INFO - Setting next_dagrun for example_branch_dop_operator_v3 to 2022-12-14T02:26:00+00:00, run_after=2022-12-14T02:27:00+00:00
[2022-12-13 23:27:38,702] {processor.py:161} INFO - Processing /home/igor/Documents/airflowalura/venv/lib/python3.9/site-packages/airflow/example_dags/example_branch_python_dop_operator_3.py took 0.546 seconds
