[2022-12-13 21:26:41,162] {processor.py:153} INFO - Started process (PID=29798) to work on /home/igor/Documents/airflowalura/venv/lib/python3.9/site-packages/airflow/example_dags/example_trigger_controller_dag.py
[2022-12-13 21:26:41,164] {processor.py:641} INFO - Processing file /home/igor/Documents/airflowalura/venv/lib/python3.9/site-packages/airflow/example_dags/example_trigger_controller_dag.py for tasks to queue
[2022-12-13 21:26:41,179] {logging_mixin.py:115} INFO - [2022-12-13 21:26:41,166] {dagbag.py:507} INFO - Filling up the DagBag from /home/igor/Documents/airflowalura/venv/lib/python3.9/site-packages/airflow/example_dags/example_trigger_controller_dag.py
[2022-12-13 21:26:41,202] {processor.py:651} INFO - DAG(s) dict_keys(['example_trigger_controller_dag']) retrieved from /home/igor/Documents/airflowalura/venv/lib/python3.9/site-packages/airflow/example_dags/example_trigger_controller_dag.py
[2022-12-13 21:26:41,345] {logging_mixin.py:115} INFO - [2022-12-13 21:26:41,345] {dag.py:2379} INFO - Sync 1 DAGs
[2022-12-13 21:26:41,652] {logging_mixin.py:115} INFO - [2022-12-13 21:26:41,652] {dag.py:2927} INFO - Setting next_dagrun for example_trigger_controller_dag to 2021-01-01T00:00:00+00:00, run_after=2021-01-01T00:00:00+00:00
[2022-12-13 21:26:41,822] {processor.py:161} INFO - Processing /home/igor/Documents/airflowalura/venv/lib/python3.9/site-packages/airflow/example_dags/example_trigger_controller_dag.py took 0.683 seconds
[2022-12-13 21:27:51,804] {processor.py:153} INFO - Started process (PID=29993) to work on /home/igor/Documents/airflowalura/venv/lib/python3.9/site-packages/airflow/example_dags/example_trigger_controller_dag.py
[2022-12-13 21:27:51,806] {processor.py:641} INFO - Processing file /home/igor/Documents/airflowalura/venv/lib/python3.9/site-packages/airflow/example_dags/example_trigger_controller_dag.py for tasks to queue
[2022-12-13 21:27:51,807] {logging_mixin.py:115} INFO - [2022-12-13 21:27:51,807] {dagbag.py:507} INFO - Filling up the DagBag from /home/igor/Documents/airflowalura/venv/lib/python3.9/site-packages/airflow/example_dags/example_trigger_controller_dag.py
[2022-12-13 21:27:51,822] {processor.py:651} INFO - DAG(s) dict_keys(['example_trigger_controller_dag']) retrieved from /home/igor/Documents/airflowalura/venv/lib/python3.9/site-packages/airflow/example_dags/example_trigger_controller_dag.py
[2022-12-13 21:27:51,932] {logging_mixin.py:115} INFO - [2022-12-13 21:27:51,932] {dag.py:2379} INFO - Sync 1 DAGs
[2022-12-13 21:27:52,083] {logging_mixin.py:115} INFO - [2022-12-13 21:27:52,083] {dag.py:2927} INFO - Setting next_dagrun for example_trigger_controller_dag to 2021-01-01T00:00:00+00:00, run_after=2021-01-01T00:00:00+00:00
[2022-12-13 21:27:52,183] {processor.py:161} INFO - Processing /home/igor/Documents/airflowalura/venv/lib/python3.9/site-packages/airflow/example_dags/example_trigger_controller_dag.py took 0.396 seconds
[2022-12-13 21:29:00,028] {processor.py:153} INFO - Started process (PID=30185) to work on /home/igor/Documents/airflowalura/venv/lib/python3.9/site-packages/airflow/example_dags/example_trigger_controller_dag.py
[2022-12-13 21:29:00,036] {processor.py:641} INFO - Processing file /home/igor/Documents/airflowalura/venv/lib/python3.9/site-packages/airflow/example_dags/example_trigger_controller_dag.py for tasks to queue
[2022-12-13 21:29:00,038] {logging_mixin.py:115} INFO - [2022-12-13 21:29:00,038] {dagbag.py:507} INFO - Filling up the DagBag from /home/igor/Documents/airflowalura/venv/lib/python3.9/site-packages/airflow/example_dags/example_trigger_controller_dag.py
[2022-12-13 21:29:00,063] {processor.py:651} INFO - DAG(s) dict_keys(['example_trigger_controller_dag']) retrieved from /home/igor/Documents/airflowalura/venv/lib/python3.9/site-packages/airflow/example_dags/example_trigger_controller_dag.py
[2022-12-13 21:29:00,163] {logging_mixin.py:115} INFO - [2022-12-13 21:29:00,162] {dag.py:2379} INFO - Sync 1 DAGs
[2022-12-13 21:29:00,274] {logging_mixin.py:115} INFO - [2022-12-13 21:29:00,273] {dag.py:2927} INFO - Setting next_dagrun for example_trigger_controller_dag to 2021-01-01T00:00:00+00:00, run_after=2021-01-01T00:00:00+00:00
[2022-12-13 21:29:00,337] {processor.py:161} INFO - Processing /home/igor/Documents/airflowalura/venv/lib/python3.9/site-packages/airflow/example_dags/example_trigger_controller_dag.py took 0.341 seconds
[2022-12-13 21:30:03,253] {processor.py:153} INFO - Started process (PID=30368) to work on /home/igor/Documents/airflowalura/venv/lib/python3.9/site-packages/airflow/example_dags/example_trigger_controller_dag.py
[2022-12-13 21:30:03,266] {processor.py:641} INFO - Processing file /home/igor/Documents/airflowalura/venv/lib/python3.9/site-packages/airflow/example_dags/example_trigger_controller_dag.py for tasks to queue
[2022-12-13 21:30:03,268] {logging_mixin.py:115} INFO - [2022-12-13 21:30:03,267] {dagbag.py:507} INFO - Filling up the DagBag from /home/igor/Documents/airflowalura/venv/lib/python3.9/site-packages/airflow/example_dags/example_trigger_controller_dag.py
[2022-12-13 21:30:03,293] {processor.py:651} INFO - DAG(s) dict_keys(['example_trigger_controller_dag']) retrieved from /home/igor/Documents/airflowalura/venv/lib/python3.9/site-packages/airflow/example_dags/example_trigger_controller_dag.py
[2022-12-13 21:30:03,452] {logging_mixin.py:115} INFO - [2022-12-13 21:30:03,452] {dag.py:2379} INFO - Sync 1 DAGs
[2022-12-13 21:30:03,830] {logging_mixin.py:115} INFO - [2022-12-13 21:30:03,829] {dag.py:2927} INFO - Setting next_dagrun for example_trigger_controller_dag to 2021-01-01T00:00:00+00:00, run_after=2021-01-01T00:00:00+00:00
[2022-12-13 21:30:04,044] {processor.py:161} INFO - Processing /home/igor/Documents/airflowalura/venv/lib/python3.9/site-packages/airflow/example_dags/example_trigger_controller_dag.py took 0.825 seconds
[2022-12-13 21:31:52,488] {processor.py:153} INFO - Started process (PID=30580) to work on /home/igor/Documents/airflowalura/venv/lib/python3.9/site-packages/airflow/example_dags/example_trigger_controller_dag.py
[2022-12-13 21:31:52,490] {processor.py:641} INFO - Processing file /home/igor/Documents/airflowalura/venv/lib/python3.9/site-packages/airflow/example_dags/example_trigger_controller_dag.py for tasks to queue
[2022-12-13 21:31:52,504] {logging_mixin.py:115} INFO - [2022-12-13 21:31:52,504] {dagbag.py:507} INFO - Filling up the DagBag from /home/igor/Documents/airflowalura/venv/lib/python3.9/site-packages/airflow/example_dags/example_trigger_controller_dag.py
[2022-12-13 21:31:52,541] {processor.py:651} INFO - DAG(s) dict_keys(['example_trigger_controller_dag']) retrieved from /home/igor/Documents/airflowalura/venv/lib/python3.9/site-packages/airflow/example_dags/example_trigger_controller_dag.py
[2022-12-13 21:31:52,853] {logging_mixin.py:115} INFO - [2022-12-13 21:31:52,852] {dag.py:2379} INFO - Sync 1 DAGs
[2022-12-13 21:31:53,160] {logging_mixin.py:115} INFO - [2022-12-13 21:31:53,151] {dag.py:2927} INFO - Setting next_dagrun for example_trigger_controller_dag to 2021-01-01T00:00:00+00:00, run_after=2021-01-01T00:00:00+00:00
[2022-12-13 21:31:53,289] {processor.py:161} INFO - Processing /home/igor/Documents/airflowalura/venv/lib/python3.9/site-packages/airflow/example_dags/example_trigger_controller_dag.py took 0.845 seconds
[2022-12-13 21:33:41,741] {processor.py:153} INFO - Started process (PID=30798) to work on /home/igor/Documents/airflowalura/venv/lib/python3.9/site-packages/airflow/example_dags/example_trigger_controller_dag.py
[2022-12-13 21:33:41,749] {processor.py:641} INFO - Processing file /home/igor/Documents/airflowalura/venv/lib/python3.9/site-packages/airflow/example_dags/example_trigger_controller_dag.py for tasks to queue
[2022-12-13 21:33:41,754] {logging_mixin.py:115} INFO - [2022-12-13 21:33:41,753] {dagbag.py:507} INFO - Filling up the DagBag from /home/igor/Documents/airflowalura/venv/lib/python3.9/site-packages/airflow/example_dags/example_trigger_controller_dag.py
[2022-12-13 21:33:41,799] {processor.py:651} INFO - DAG(s) dict_keys(['example_trigger_controller_dag']) retrieved from /home/igor/Documents/airflowalura/venv/lib/python3.9/site-packages/airflow/example_dags/example_trigger_controller_dag.py
[2022-12-13 21:33:41,994] {logging_mixin.py:115} INFO - [2022-12-13 21:33:41,994] {dag.py:2379} INFO - Sync 1 DAGs
[2022-12-13 21:33:42,232] {logging_mixin.py:115} INFO - [2022-12-13 21:33:42,232] {dag.py:2927} INFO - Setting next_dagrun for example_trigger_controller_dag to 2021-01-01T00:00:00+00:00, run_after=2021-01-01T00:00:00+00:00
[2022-12-13 21:33:42,347] {processor.py:161} INFO - Processing /home/igor/Documents/airflowalura/venv/lib/python3.9/site-packages/airflow/example_dags/example_trigger_controller_dag.py took 0.659 seconds
[2022-12-13 21:35:27,911] {processor.py:153} INFO - Started process (PID=31014) to work on /home/igor/Documents/airflowalura/venv/lib/python3.9/site-packages/airflow/example_dags/example_trigger_controller_dag.py
[2022-12-13 21:35:28,001] {processor.py:641} INFO - Processing file /home/igor/Documents/airflowalura/venv/lib/python3.9/site-packages/airflow/example_dags/example_trigger_controller_dag.py for tasks to queue
[2022-12-13 21:35:28,003] {logging_mixin.py:115} INFO - [2022-12-13 21:35:28,002] {dagbag.py:507} INFO - Filling up the DagBag from /home/igor/Documents/airflowalura/venv/lib/python3.9/site-packages/airflow/example_dags/example_trigger_controller_dag.py
[2022-12-13 21:35:28,652] {processor.py:651} INFO - DAG(s) dict_keys(['example_trigger_controller_dag']) retrieved from /home/igor/Documents/airflowalura/venv/lib/python3.9/site-packages/airflow/example_dags/example_trigger_controller_dag.py
[2022-12-13 21:35:28,741] {logging_mixin.py:115} INFO - [2022-12-13 21:35:28,741] {dag.py:2379} INFO - Sync 1 DAGs
[2022-12-13 21:35:28,846] {logging_mixin.py:115} INFO - [2022-12-13 21:35:28,846] {dag.py:2927} INFO - Setting next_dagrun for example_trigger_controller_dag to 2021-01-01T00:00:00+00:00, run_after=2021-01-01T00:00:00+00:00
[2022-12-13 21:35:29,987] {processor.py:161} INFO - Processing /home/igor/Documents/airflowalura/venv/lib/python3.9/site-packages/airflow/example_dags/example_trigger_controller_dag.py took 2.090 seconds
[2022-12-13 21:37:04,966] {processor.py:153} INFO - Started process (PID=31259) to work on /home/igor/Documents/airflowalura/venv/lib/python3.9/site-packages/airflow/example_dags/example_trigger_controller_dag.py
[2022-12-13 21:37:04,989] {processor.py:641} INFO - Processing file /home/igor/Documents/airflowalura/venv/lib/python3.9/site-packages/airflow/example_dags/example_trigger_controller_dag.py for tasks to queue
[2022-12-13 21:37:04,990] {logging_mixin.py:115} INFO - [2022-12-13 21:37:04,990] {dagbag.py:507} INFO - Filling up the DagBag from /home/igor/Documents/airflowalura/venv/lib/python3.9/site-packages/airflow/example_dags/example_trigger_controller_dag.py
[2022-12-13 21:37:05,025] {processor.py:651} INFO - DAG(s) dict_keys(['example_trigger_controller_dag']) retrieved from /home/igor/Documents/airflowalura/venv/lib/python3.9/site-packages/airflow/example_dags/example_trigger_controller_dag.py
[2022-12-13 21:37:05,188] {logging_mixin.py:115} INFO - [2022-12-13 21:37:05,187] {dag.py:2379} INFO - Sync 1 DAGs
[2022-12-13 21:37:05,425] {logging_mixin.py:115} INFO - [2022-12-13 21:37:05,425] {dag.py:2927} INFO - Setting next_dagrun for example_trigger_controller_dag to 2021-01-01T00:00:00+00:00, run_after=2021-01-01T00:00:00+00:00
[2022-12-13 21:37:05,576] {processor.py:161} INFO - Processing /home/igor/Documents/airflowalura/venv/lib/python3.9/site-packages/airflow/example_dags/example_trigger_controller_dag.py took 0.627 seconds
[2022-12-13 21:38:05,223] {processor.py:153} INFO - Started process (PID=31443) to work on /home/igor/Documents/airflowalura/venv/lib/python3.9/site-packages/airflow/example_dags/example_trigger_controller_dag.py
[2022-12-13 21:38:05,228] {processor.py:641} INFO - Processing file /home/igor/Documents/airflowalura/venv/lib/python3.9/site-packages/airflow/example_dags/example_trigger_controller_dag.py for tasks to queue
[2022-12-13 21:38:05,230] {logging_mixin.py:115} INFO - [2022-12-13 21:38:05,229] {dagbag.py:507} INFO - Filling up the DagBag from /home/igor/Documents/airflowalura/venv/lib/python3.9/site-packages/airflow/example_dags/example_trigger_controller_dag.py
[2022-12-13 21:38:05,266] {processor.py:651} INFO - DAG(s) dict_keys(['example_trigger_controller_dag']) retrieved from /home/igor/Documents/airflowalura/venv/lib/python3.9/site-packages/airflow/example_dags/example_trigger_controller_dag.py
[2022-12-13 21:38:05,383] {logging_mixin.py:115} INFO - [2022-12-13 21:38:05,383] {dag.py:2379} INFO - Sync 1 DAGs
[2022-12-13 21:38:05,545] {logging_mixin.py:115} INFO - [2022-12-13 21:38:05,545] {dag.py:2927} INFO - Setting next_dagrun for example_trigger_controller_dag to 2021-01-01T00:00:00+00:00, run_after=2021-01-01T00:00:00+00:00
[2022-12-13 21:38:05,633] {processor.py:161} INFO - Processing /home/igor/Documents/airflowalura/venv/lib/python3.9/site-packages/airflow/example_dags/example_trigger_controller_dag.py took 0.432 seconds
[2022-12-13 23:00:36,988] {processor.py:153} INFO - Started process (PID=35100) to work on /home/igor/Documents/airflowalura/venv/lib/python3.9/site-packages/airflow/example_dags/example_trigger_controller_dag.py
[2022-12-13 23:00:36,991] {processor.py:641} INFO - Processing file /home/igor/Documents/airflowalura/venv/lib/python3.9/site-packages/airflow/example_dags/example_trigger_controller_dag.py for tasks to queue
[2022-12-13 23:00:36,994] {logging_mixin.py:115} INFO - [2022-12-13 23:00:36,993] {dagbag.py:507} INFO - Filling up the DagBag from /home/igor/Documents/airflowalura/venv/lib/python3.9/site-packages/airflow/example_dags/example_trigger_controller_dag.py
[2022-12-13 23:00:37,013] {processor.py:651} INFO - DAG(s) dict_keys(['example_trigger_controller_dag']) retrieved from /home/igor/Documents/airflowalura/venv/lib/python3.9/site-packages/airflow/example_dags/example_trigger_controller_dag.py
[2022-12-13 23:00:37,102] {logging_mixin.py:115} INFO - [2022-12-13 23:00:37,102] {dag.py:2379} INFO - Sync 1 DAGs
[2022-12-13 23:00:37,237] {logging_mixin.py:115} INFO - [2022-12-13 23:00:37,237] {dag.py:2927} INFO - Setting next_dagrun for example_trigger_controller_dag to 2021-01-01T00:00:00+00:00, run_after=2021-01-01T00:00:00+00:00
[2022-12-13 23:00:37,294] {processor.py:161} INFO - Processing /home/igor/Documents/airflowalura/venv/lib/python3.9/site-packages/airflow/example_dags/example_trigger_controller_dag.py took 0.325 seconds
[2022-12-13 23:02:03,851] {processor.py:153} INFO - Started process (PID=35538) to work on /home/igor/Documents/airflowalura/venv/lib/python3.9/site-packages/airflow/example_dags/example_trigger_controller_dag.py
[2022-12-13 23:02:03,857] {processor.py:641} INFO - Processing file /home/igor/Documents/airflowalura/venv/lib/python3.9/site-packages/airflow/example_dags/example_trigger_controller_dag.py for tasks to queue
[2022-12-13 23:02:03,875] {logging_mixin.py:115} INFO - [2022-12-13 23:02:03,875] {dagbag.py:507} INFO - Filling up the DagBag from /home/igor/Documents/airflowalura/venv/lib/python3.9/site-packages/airflow/example_dags/example_trigger_controller_dag.py
[2022-12-13 23:02:03,918] {processor.py:651} INFO - DAG(s) dict_keys(['example_trigger_controller_dag']) retrieved from /home/igor/Documents/airflowalura/venv/lib/python3.9/site-packages/airflow/example_dags/example_trigger_controller_dag.py
[2022-12-13 23:02:04,143] {logging_mixin.py:115} INFO - [2022-12-13 23:02:04,143] {dag.py:2379} INFO - Sync 1 DAGs
[2022-12-13 23:02:04,382] {logging_mixin.py:115} INFO - [2022-12-13 23:02:04,382] {dag.py:2927} INFO - Setting next_dagrun for example_trigger_controller_dag to 2021-01-01T00:00:00+00:00, run_after=2021-01-01T00:00:00+00:00
[2022-12-13 23:02:04,556] {processor.py:161} INFO - Processing /home/igor/Documents/airflowalura/venv/lib/python3.9/site-packages/airflow/example_dags/example_trigger_controller_dag.py took 0.779 seconds
[2022-12-13 23:04:11,952] {processor.py:153} INFO - Started process (PID=35874) to work on /home/igor/Documents/airflowalura/venv/lib/python3.9/site-packages/airflow/example_dags/example_trigger_controller_dag.py
[2022-12-13 23:04:11,961] {processor.py:641} INFO - Processing file /home/igor/Documents/airflowalura/venv/lib/python3.9/site-packages/airflow/example_dags/example_trigger_controller_dag.py for tasks to queue
[2022-12-13 23:04:11,963] {logging_mixin.py:115} INFO - [2022-12-13 23:04:11,962] {dagbag.py:507} INFO - Filling up the DagBag from /home/igor/Documents/airflowalura/venv/lib/python3.9/site-packages/airflow/example_dags/example_trigger_controller_dag.py
[2022-12-13 23:04:11,987] {processor.py:651} INFO - DAG(s) dict_keys(['example_trigger_controller_dag']) retrieved from /home/igor/Documents/airflowalura/venv/lib/python3.9/site-packages/airflow/example_dags/example_trigger_controller_dag.py
[2022-12-13 23:04:12,108] {logging_mixin.py:115} INFO - [2022-12-13 23:04:12,108] {dag.py:2379} INFO - Sync 1 DAGs
[2022-12-13 23:04:12,287] {logging_mixin.py:115} INFO - [2022-12-13 23:04:12,286] {dag.py:2927} INFO - Setting next_dagrun for example_trigger_controller_dag to 2021-01-01T00:00:00+00:00, run_after=2021-01-01T00:00:00+00:00
[2022-12-13 23:04:12,409] {processor.py:161} INFO - Processing /home/igor/Documents/airflowalura/venv/lib/python3.9/site-packages/airflow/example_dags/example_trigger_controller_dag.py took 0.472 seconds
[2022-12-13 23:06:07,917] {processor.py:153} INFO - Started process (PID=36135) to work on /home/igor/Documents/airflowalura/venv/lib/python3.9/site-packages/airflow/example_dags/example_trigger_controller_dag.py
[2022-12-13 23:06:07,946] {processor.py:641} INFO - Processing file /home/igor/Documents/airflowalura/venv/lib/python3.9/site-packages/airflow/example_dags/example_trigger_controller_dag.py for tasks to queue
[2022-12-13 23:06:07,947] {logging_mixin.py:115} INFO - [2022-12-13 23:06:07,946] {dagbag.py:507} INFO - Filling up the DagBag from /home/igor/Documents/airflowalura/venv/lib/python3.9/site-packages/airflow/example_dags/example_trigger_controller_dag.py
[2022-12-13 23:06:08,040] {processor.py:651} INFO - DAG(s) dict_keys(['example_trigger_controller_dag']) retrieved from /home/igor/Documents/airflowalura/venv/lib/python3.9/site-packages/airflow/example_dags/example_trigger_controller_dag.py
[2022-12-13 23:06:08,440] {logging_mixin.py:115} INFO - [2022-12-13 23:06:08,440] {dag.py:2379} INFO - Sync 1 DAGs
[2022-12-13 23:06:08,613] {logging_mixin.py:115} INFO - [2022-12-13 23:06:08,612] {dag.py:2927} INFO - Setting next_dagrun for example_trigger_controller_dag to 2021-01-01T00:00:00+00:00, run_after=2021-01-01T00:00:00+00:00
[2022-12-13 23:06:08,741] {processor.py:161} INFO - Processing /home/igor/Documents/airflowalura/venv/lib/python3.9/site-packages/airflow/example_dags/example_trigger_controller_dag.py took 0.859 seconds
[2022-12-13 23:08:35,984] {processor.py:153} INFO - Started process (PID=36366) to work on /home/igor/Documents/airflowalura/venv/lib/python3.9/site-packages/airflow/example_dags/example_trigger_controller_dag.py
[2022-12-13 23:08:35,992] {processor.py:641} INFO - Processing file /home/igor/Documents/airflowalura/venv/lib/python3.9/site-packages/airflow/example_dags/example_trigger_controller_dag.py for tasks to queue
[2022-12-13 23:08:35,993] {logging_mixin.py:115} INFO - [2022-12-13 23:08:35,993] {dagbag.py:507} INFO - Filling up the DagBag from /home/igor/Documents/airflowalura/venv/lib/python3.9/site-packages/airflow/example_dags/example_trigger_controller_dag.py
[2022-12-13 23:08:36,117] {processor.py:651} INFO - DAG(s) dict_keys(['example_trigger_controller_dag']) retrieved from /home/igor/Documents/airflowalura/venv/lib/python3.9/site-packages/airflow/example_dags/example_trigger_controller_dag.py
[2022-12-13 23:08:36,605] {logging_mixin.py:115} INFO - [2022-12-13 23:08:36,602] {dag.py:2379} INFO - Sync 1 DAGs
[2022-12-13 23:08:37,395] {logging_mixin.py:115} INFO - [2022-12-13 23:08:37,395] {dag.py:2927} INFO - Setting next_dagrun for example_trigger_controller_dag to 2021-01-01T00:00:00+00:00, run_after=2021-01-01T00:00:00+00:00
[2022-12-13 23:08:38,278] {processor.py:161} INFO - Processing /home/igor/Documents/airflowalura/venv/lib/python3.9/site-packages/airflow/example_dags/example_trigger_controller_dag.py took 2.370 seconds
[2022-12-13 23:10:24,045] {processor.py:153} INFO - Started process (PID=36540) to work on /home/igor/Documents/airflowalura/venv/lib/python3.9/site-packages/airflow/example_dags/example_trigger_controller_dag.py
[2022-12-13 23:10:24,056] {processor.py:641} INFO - Processing file /home/igor/Documents/airflowalura/venv/lib/python3.9/site-packages/airflow/example_dags/example_trigger_controller_dag.py for tasks to queue
[2022-12-13 23:10:24,059] {logging_mixin.py:115} INFO - [2022-12-13 23:10:24,058] {dagbag.py:507} INFO - Filling up the DagBag from /home/igor/Documents/airflowalura/venv/lib/python3.9/site-packages/airflow/example_dags/example_trigger_controller_dag.py
[2022-12-13 23:10:24,103] {processor.py:651} INFO - DAG(s) dict_keys(['example_trigger_controller_dag']) retrieved from /home/igor/Documents/airflowalura/venv/lib/python3.9/site-packages/airflow/example_dags/example_trigger_controller_dag.py
[2022-12-13 23:10:24,460] {logging_mixin.py:115} INFO - [2022-12-13 23:10:24,449] {dag.py:2379} INFO - Sync 1 DAGs
[2022-12-13 23:10:24,794] {logging_mixin.py:115} INFO - [2022-12-13 23:10:24,794] {dag.py:2927} INFO - Setting next_dagrun for example_trigger_controller_dag to 2021-01-01T00:00:00+00:00, run_after=2021-01-01T00:00:00+00:00
[2022-12-13 23:10:25,225] {processor.py:161} INFO - Processing /home/igor/Documents/airflowalura/venv/lib/python3.9/site-packages/airflow/example_dags/example_trigger_controller_dag.py took 1.192 seconds
[2022-12-13 23:12:16,982] {processor.py:153} INFO - Started process (PID=36729) to work on /home/igor/Documents/airflowalura/venv/lib/python3.9/site-packages/airflow/example_dags/example_trigger_controller_dag.py
[2022-12-13 23:12:17,007] {processor.py:641} INFO - Processing file /home/igor/Documents/airflowalura/venv/lib/python3.9/site-packages/airflow/example_dags/example_trigger_controller_dag.py for tasks to queue
[2022-12-13 23:12:17,013] {logging_mixin.py:115} INFO - [2022-12-13 23:12:17,013] {dagbag.py:507} INFO - Filling up the DagBag from /home/igor/Documents/airflowalura/venv/lib/python3.9/site-packages/airflow/example_dags/example_trigger_controller_dag.py
[2022-12-13 23:12:17,070] {processor.py:651} INFO - DAG(s) dict_keys(['example_trigger_controller_dag']) retrieved from /home/igor/Documents/airflowalura/venv/lib/python3.9/site-packages/airflow/example_dags/example_trigger_controller_dag.py
[2022-12-13 23:12:17,522] {logging_mixin.py:115} INFO - [2022-12-13 23:12:17,522] {dag.py:2379} INFO - Sync 1 DAGs
[2022-12-13 23:12:17,896] {logging_mixin.py:115} INFO - [2022-12-13 23:12:17,896] {dag.py:2927} INFO - Setting next_dagrun for example_trigger_controller_dag to 2021-01-01T00:00:00+00:00, run_after=2021-01-01T00:00:00+00:00
[2022-12-13 23:12:18,139] {processor.py:161} INFO - Processing /home/igor/Documents/airflowalura/venv/lib/python3.9/site-packages/airflow/example_dags/example_trigger_controller_dag.py took 1.190 seconds
[2022-12-13 23:13:28,757] {processor.py:153} INFO - Started process (PID=37056) to work on /home/igor/Documents/airflowalura/venv/lib/python3.9/site-packages/airflow/example_dags/example_trigger_controller_dag.py
[2022-12-13 23:13:28,764] {processor.py:641} INFO - Processing file /home/igor/Documents/airflowalura/venv/lib/python3.9/site-packages/airflow/example_dags/example_trigger_controller_dag.py for tasks to queue
[2022-12-13 23:13:28,766] {logging_mixin.py:115} INFO - [2022-12-13 23:13:28,765] {dagbag.py:507} INFO - Filling up the DagBag from /home/igor/Documents/airflowalura/venv/lib/python3.9/site-packages/airflow/example_dags/example_trigger_controller_dag.py
[2022-12-13 23:13:28,788] {processor.py:651} INFO - DAG(s) dict_keys(['example_trigger_controller_dag']) retrieved from /home/igor/Documents/airflowalura/venv/lib/python3.9/site-packages/airflow/example_dags/example_trigger_controller_dag.py
[2022-12-13 23:13:28,932] {logging_mixin.py:115} INFO - [2022-12-13 23:13:28,932] {dag.py:2379} INFO - Sync 1 DAGs
[2022-12-13 23:13:29,080] {logging_mixin.py:115} INFO - [2022-12-13 23:13:29,080] {dag.py:2927} INFO - Setting next_dagrun for example_trigger_controller_dag to 2021-01-01T00:00:00+00:00, run_after=2021-01-01T00:00:00+00:00
[2022-12-13 23:13:29,204] {processor.py:161} INFO - Processing /home/igor/Documents/airflowalura/venv/lib/python3.9/site-packages/airflow/example_dags/example_trigger_controller_dag.py took 0.466 seconds
[2022-12-13 23:14:58,316] {processor.py:153} INFO - Started process (PID=37275) to work on /home/igor/Documents/airflowalura/venv/lib/python3.9/site-packages/airflow/example_dags/example_trigger_controller_dag.py
[2022-12-13 23:14:58,322] {processor.py:641} INFO - Processing file /home/igor/Documents/airflowalura/venv/lib/python3.9/site-packages/airflow/example_dags/example_trigger_controller_dag.py for tasks to queue
[2022-12-13 23:14:58,330] {logging_mixin.py:115} INFO - [2022-12-13 23:14:58,330] {dagbag.py:507} INFO - Filling up the DagBag from /home/igor/Documents/airflowalura/venv/lib/python3.9/site-packages/airflow/example_dags/example_trigger_controller_dag.py
[2022-12-13 23:14:58,372] {processor.py:651} INFO - DAG(s) dict_keys(['example_trigger_controller_dag']) retrieved from /home/igor/Documents/airflowalura/venv/lib/python3.9/site-packages/airflow/example_dags/example_trigger_controller_dag.py
[2022-12-13 23:14:58,571] {logging_mixin.py:115} INFO - [2022-12-13 23:14:58,570] {dag.py:2379} INFO - Sync 1 DAGs
[2022-12-13 23:14:58,792] {logging_mixin.py:115} INFO - [2022-12-13 23:14:58,791] {dag.py:2927} INFO - Setting next_dagrun for example_trigger_controller_dag to 2021-01-01T00:00:00+00:00, run_after=2021-01-01T00:00:00+00:00
[2022-12-13 23:14:58,911] {processor.py:161} INFO - Processing /home/igor/Documents/airflowalura/venv/lib/python3.9/site-packages/airflow/example_dags/example_trigger_controller_dag.py took 0.618 seconds
[2022-12-13 23:17:42,541] {processor.py:153} INFO - Started process (PID=37517) to work on /home/igor/Documents/airflowalura/venv/lib/python3.9/site-packages/airflow/example_dags/example_trigger_controller_dag.py
[2022-12-13 23:17:42,560] {processor.py:641} INFO - Processing file /home/igor/Documents/airflowalura/venv/lib/python3.9/site-packages/airflow/example_dags/example_trigger_controller_dag.py for tasks to queue
[2022-12-13 23:17:42,561] {logging_mixin.py:115} INFO - [2022-12-13 23:17:42,561] {dagbag.py:507} INFO - Filling up the DagBag from /home/igor/Documents/airflowalura/venv/lib/python3.9/site-packages/airflow/example_dags/example_trigger_controller_dag.py
[2022-12-13 23:17:42,584] {processor.py:651} INFO - DAG(s) dict_keys(['example_trigger_controller_dag']) retrieved from /home/igor/Documents/airflowalura/venv/lib/python3.9/site-packages/airflow/example_dags/example_trigger_controller_dag.py
[2022-12-13 23:17:42,698] {logging_mixin.py:115} INFO - [2022-12-13 23:17:42,698] {dag.py:2379} INFO - Sync 1 DAGs
[2022-12-13 23:17:42,984] {logging_mixin.py:115} INFO - [2022-12-13 23:17:42,984] {dag.py:2927} INFO - Setting next_dagrun for example_trigger_controller_dag to 2021-01-01T00:00:00+00:00, run_after=2021-01-01T00:00:00+00:00
[2022-12-13 23:17:43,099] {processor.py:161} INFO - Processing /home/igor/Documents/airflowalura/venv/lib/python3.9/site-packages/airflow/example_dags/example_trigger_controller_dag.py took 0.598 seconds
[2022-12-13 23:19:12,602] {processor.py:153} INFO - Started process (PID=37735) to work on /home/igor/Documents/airflowalura/venv/lib/python3.9/site-packages/airflow/example_dags/example_trigger_controller_dag.py
[2022-12-13 23:19:12,607] {processor.py:641} INFO - Processing file /home/igor/Documents/airflowalura/venv/lib/python3.9/site-packages/airflow/example_dags/example_trigger_controller_dag.py for tasks to queue
[2022-12-13 23:19:12,608] {logging_mixin.py:115} INFO - [2022-12-13 23:19:12,608] {dagbag.py:507} INFO - Filling up the DagBag from /home/igor/Documents/airflowalura/venv/lib/python3.9/site-packages/airflow/example_dags/example_trigger_controller_dag.py
[2022-12-13 23:19:12,617] {processor.py:651} INFO - DAG(s) dict_keys(['example_trigger_controller_dag']) retrieved from /home/igor/Documents/airflowalura/venv/lib/python3.9/site-packages/airflow/example_dags/example_trigger_controller_dag.py
[2022-12-13 23:19:12,790] {logging_mixin.py:115} INFO - [2022-12-13 23:19:12,789] {dag.py:2379} INFO - Sync 1 DAGs
[2022-12-13 23:19:12,948] {logging_mixin.py:115} INFO - [2022-12-13 23:19:12,948] {dag.py:2927} INFO - Setting next_dagrun for example_trigger_controller_dag to 2021-01-01T00:00:00+00:00, run_after=2021-01-01T00:00:00+00:00
[2022-12-13 23:19:13,040] {processor.py:161} INFO - Processing /home/igor/Documents/airflowalura/venv/lib/python3.9/site-packages/airflow/example_dags/example_trigger_controller_dag.py took 0.485 seconds
[2022-12-13 23:20:28,666] {processor.py:153} INFO - Started process (PID=37921) to work on /home/igor/Documents/airflowalura/venv/lib/python3.9/site-packages/airflow/example_dags/example_trigger_controller_dag.py
[2022-12-13 23:20:28,680] {processor.py:641} INFO - Processing file /home/igor/Documents/airflowalura/venv/lib/python3.9/site-packages/airflow/example_dags/example_trigger_controller_dag.py for tasks to queue
[2022-12-13 23:20:28,681] {logging_mixin.py:115} INFO - [2022-12-13 23:20:28,681] {dagbag.py:507} INFO - Filling up the DagBag from /home/igor/Documents/airflowalura/venv/lib/python3.9/site-packages/airflow/example_dags/example_trigger_controller_dag.py
[2022-12-13 23:20:28,711] {processor.py:651} INFO - DAG(s) dict_keys(['example_trigger_controller_dag']) retrieved from /home/igor/Documents/airflowalura/venv/lib/python3.9/site-packages/airflow/example_dags/example_trigger_controller_dag.py
[2022-12-13 23:20:28,862] {logging_mixin.py:115} INFO - [2022-12-13 23:20:28,861] {dag.py:2379} INFO - Sync 1 DAGs
[2022-12-13 23:20:29,020] {logging_mixin.py:115} INFO - [2022-12-13 23:20:29,020] {dag.py:2927} INFO - Setting next_dagrun for example_trigger_controller_dag to 2021-01-01T00:00:00+00:00, run_after=2021-01-01T00:00:00+00:00
[2022-12-13 23:20:29,103] {processor.py:161} INFO - Processing /home/igor/Documents/airflowalura/venv/lib/python3.9/site-packages/airflow/example_dags/example_trigger_controller_dag.py took 0.449 seconds
[2022-12-13 23:21:41,880] {processor.py:153} INFO - Started process (PID=38110) to work on /home/igor/Documents/airflowalura/venv/lib/python3.9/site-packages/airflow/example_dags/example_trigger_controller_dag.py
[2022-12-13 23:21:41,891] {processor.py:641} INFO - Processing file /home/igor/Documents/airflowalura/venv/lib/python3.9/site-packages/airflow/example_dags/example_trigger_controller_dag.py for tasks to queue
[2022-12-13 23:21:41,894] {logging_mixin.py:115} INFO - [2022-12-13 23:21:41,893] {dagbag.py:507} INFO - Filling up the DagBag from /home/igor/Documents/airflowalura/venv/lib/python3.9/site-packages/airflow/example_dags/example_trigger_controller_dag.py
[2022-12-13 23:21:41,937] {processor.py:651} INFO - DAG(s) dict_keys(['example_trigger_controller_dag']) retrieved from /home/igor/Documents/airflowalura/venv/lib/python3.9/site-packages/airflow/example_dags/example_trigger_controller_dag.py
[2022-12-13 23:21:42,062] {logging_mixin.py:115} INFO - [2022-12-13 23:21:42,061] {dag.py:2379} INFO - Sync 1 DAGs
[2022-12-13 23:21:42,247] {logging_mixin.py:115} INFO - [2022-12-13 23:21:42,247] {dag.py:2927} INFO - Setting next_dagrun for example_trigger_controller_dag to 2021-01-01T00:00:00+00:00, run_after=2021-01-01T00:00:00+00:00
[2022-12-13 23:21:42,340] {processor.py:161} INFO - Processing /home/igor/Documents/airflowalura/venv/lib/python3.9/site-packages/airflow/example_dags/example_trigger_controller_dag.py took 0.490 seconds
[2022-12-13 23:23:01,201] {processor.py:153} INFO - Started process (PID=38376) to work on /home/igor/Documents/airflowalura/venv/lib/python3.9/site-packages/airflow/example_dags/example_trigger_controller_dag.py
[2022-12-13 23:23:01,217] {processor.py:641} INFO - Processing file /home/igor/Documents/airflowalura/venv/lib/python3.9/site-packages/airflow/example_dags/example_trigger_controller_dag.py for tasks to queue
[2022-12-13 23:23:01,218] {logging_mixin.py:115} INFO - [2022-12-13 23:23:01,218] {dagbag.py:507} INFO - Filling up the DagBag from /home/igor/Documents/airflowalura/venv/lib/python3.9/site-packages/airflow/example_dags/example_trigger_controller_dag.py
[2022-12-13 23:23:01,247] {processor.py:651} INFO - DAG(s) dict_keys(['example_trigger_controller_dag']) retrieved from /home/igor/Documents/airflowalura/venv/lib/python3.9/site-packages/airflow/example_dags/example_trigger_controller_dag.py
[2022-12-13 23:23:01,390] {logging_mixin.py:115} INFO - [2022-12-13 23:23:01,390] {dag.py:2379} INFO - Sync 1 DAGs
[2022-12-13 23:23:01,640] {logging_mixin.py:115} INFO - [2022-12-13 23:23:01,639] {dag.py:2927} INFO - Setting next_dagrun for example_trigger_controller_dag to 2021-01-01T00:00:00+00:00, run_after=2021-01-01T00:00:00+00:00
[2022-12-13 23:23:01,743] {processor.py:161} INFO - Processing /home/igor/Documents/airflowalura/venv/lib/python3.9/site-packages/airflow/example_dags/example_trigger_controller_dag.py took 0.563 seconds
[2022-12-13 23:24:20,474] {processor.py:153} INFO - Started process (PID=38582) to work on /home/igor/Documents/airflowalura/venv/lib/python3.9/site-packages/airflow/example_dags/example_trigger_controller_dag.py
[2022-12-13 23:24:20,485] {processor.py:641} INFO - Processing file /home/igor/Documents/airflowalura/venv/lib/python3.9/site-packages/airflow/example_dags/example_trigger_controller_dag.py for tasks to queue
[2022-12-13 23:24:20,489] {logging_mixin.py:115} INFO - [2022-12-13 23:24:20,489] {dagbag.py:507} INFO - Filling up the DagBag from /home/igor/Documents/airflowalura/venv/lib/python3.9/site-packages/airflow/example_dags/example_trigger_controller_dag.py
[2022-12-13 23:24:20,516] {processor.py:651} INFO - DAG(s) dict_keys(['example_trigger_controller_dag']) retrieved from /home/igor/Documents/airflowalura/venv/lib/python3.9/site-packages/airflow/example_dags/example_trigger_controller_dag.py
[2022-12-13 23:24:20,636] {logging_mixin.py:115} INFO - [2022-12-13 23:24:20,636] {dag.py:2379} INFO - Sync 1 DAGs
[2022-12-13 23:24:20,794] {logging_mixin.py:115} INFO - [2022-12-13 23:24:20,793] {dag.py:2927} INFO - Setting next_dagrun for example_trigger_controller_dag to 2021-01-01T00:00:00+00:00, run_after=2021-01-01T00:00:00+00:00
[2022-12-13 23:24:20,882] {processor.py:161} INFO - Processing /home/igor/Documents/airflowalura/venv/lib/python3.9/site-packages/airflow/example_dags/example_trigger_controller_dag.py took 0.453 seconds
[2022-12-13 23:25:33,694] {processor.py:153} INFO - Started process (PID=38764) to work on /home/igor/Documents/airflowalura/venv/lib/python3.9/site-packages/airflow/example_dags/example_trigger_controller_dag.py
[2022-12-13 23:25:33,699] {processor.py:641} INFO - Processing file /home/igor/Documents/airflowalura/venv/lib/python3.9/site-packages/airflow/example_dags/example_trigger_controller_dag.py for tasks to queue
[2022-12-13 23:25:33,701] {logging_mixin.py:115} INFO - [2022-12-13 23:25:33,701] {dagbag.py:507} INFO - Filling up the DagBag from /home/igor/Documents/airflowalura/venv/lib/python3.9/site-packages/airflow/example_dags/example_trigger_controller_dag.py
[2022-12-13 23:25:33,732] {processor.py:651} INFO - DAG(s) dict_keys(['example_trigger_controller_dag']) retrieved from /home/igor/Documents/airflowalura/venv/lib/python3.9/site-packages/airflow/example_dags/example_trigger_controller_dag.py
[2022-12-13 23:25:33,891] {logging_mixin.py:115} INFO - [2022-12-13 23:25:33,891] {dag.py:2379} INFO - Sync 1 DAGs
[2022-12-13 23:25:34,016] {logging_mixin.py:115} INFO - [2022-12-13 23:25:34,016] {dag.py:2927} INFO - Setting next_dagrun for example_trigger_controller_dag to 2021-01-01T00:00:00+00:00, run_after=2021-01-01T00:00:00+00:00
[2022-12-13 23:25:34,094] {processor.py:161} INFO - Processing /home/igor/Documents/airflowalura/venv/lib/python3.9/site-packages/airflow/example_dags/example_trigger_controller_dag.py took 0.438 seconds
[2022-12-13 23:26:46,252] {processor.py:153} INFO - Started process (PID=38948) to work on /home/igor/Documents/airflowalura/venv/lib/python3.9/site-packages/airflow/example_dags/example_trigger_controller_dag.py
[2022-12-13 23:26:46,261] {processor.py:641} INFO - Processing file /home/igor/Documents/airflowalura/venv/lib/python3.9/site-packages/airflow/example_dags/example_trigger_controller_dag.py for tasks to queue
[2022-12-13 23:26:46,262] {logging_mixin.py:115} INFO - [2022-12-13 23:26:46,262] {dagbag.py:507} INFO - Filling up the DagBag from /home/igor/Documents/airflowalura/venv/lib/python3.9/site-packages/airflow/example_dags/example_trigger_controller_dag.py
[2022-12-13 23:26:46,279] {processor.py:651} INFO - DAG(s) dict_keys(['example_trigger_controller_dag']) retrieved from /home/igor/Documents/airflowalura/venv/lib/python3.9/site-packages/airflow/example_dags/example_trigger_controller_dag.py
[2022-12-13 23:26:46,413] {logging_mixin.py:115} INFO - [2022-12-13 23:26:46,413] {dag.py:2379} INFO - Sync 1 DAGs
[2022-12-13 23:26:46,555] {logging_mixin.py:115} INFO - [2022-12-13 23:26:46,555] {dag.py:2927} INFO - Setting next_dagrun for example_trigger_controller_dag to 2021-01-01T00:00:00+00:00, run_after=2021-01-01T00:00:00+00:00
[2022-12-13 23:26:46,654] {processor.py:161} INFO - Processing /home/igor/Documents/airflowalura/venv/lib/python3.9/site-packages/airflow/example_dags/example_trigger_controller_dag.py took 0.422 seconds
