[2022-12-13 21:26:47,817] {processor.py:153} INFO - Started process (PID=29815) to work on /home/igor/Documents/airflowalura/venv/lib/python3.9/site-packages/airflow/example_dags/example_time_delta_sensor_async.py
[2022-12-13 21:26:47,819] {processor.py:641} INFO - Processing file /home/igor/Documents/airflowalura/venv/lib/python3.9/site-packages/airflow/example_dags/example_time_delta_sensor_async.py for tasks to queue
[2022-12-13 21:26:47,838] {logging_mixin.py:115} INFO - [2022-12-13 21:26:47,838] {dagbag.py:507} INFO - Filling up the DagBag from /home/igor/Documents/airflowalura/venv/lib/python3.9/site-packages/airflow/example_dags/example_time_delta_sensor_async.py
[2022-12-13 21:26:47,967] {processor.py:651} INFO - DAG(s) dict_keys(['example_time_delta_sensor_async']) retrieved from /home/igor/Documents/airflowalura/venv/lib/python3.9/site-packages/airflow/example_dags/example_time_delta_sensor_async.py
[2022-12-13 21:26:48,370] {logging_mixin.py:115} INFO - [2022-12-13 21:26:48,370] {dag.py:2379} INFO - Sync 1 DAGs
[2022-12-13 21:26:48,550] {logging_mixin.py:115} INFO - [2022-12-13 21:26:48,550] {dag.py:2927} INFO - Setting next_dagrun for example_time_delta_sensor_async to None, run_after=None
[2022-12-13 21:26:48,684] {processor.py:161} INFO - Processing /home/igor/Documents/airflowalura/venv/lib/python3.9/site-packages/airflow/example_dags/example_time_delta_sensor_async.py took 0.886 seconds
[2022-12-13 21:27:58,297] {processor.py:153} INFO - Started process (PID=30009) to work on /home/igor/Documents/airflowalura/venv/lib/python3.9/site-packages/airflow/example_dags/example_time_delta_sensor_async.py
[2022-12-13 21:27:58,309] {processor.py:641} INFO - Processing file /home/igor/Documents/airflowalura/venv/lib/python3.9/site-packages/airflow/example_dags/example_time_delta_sensor_async.py for tasks to queue
[2022-12-13 21:27:58,311] {logging_mixin.py:115} INFO - [2022-12-13 21:27:58,310] {dagbag.py:507} INFO - Filling up the DagBag from /home/igor/Documents/airflowalura/venv/lib/python3.9/site-packages/airflow/example_dags/example_time_delta_sensor_async.py
[2022-12-13 21:27:58,394] {processor.py:651} INFO - DAG(s) dict_keys(['example_time_delta_sensor_async']) retrieved from /home/igor/Documents/airflowalura/venv/lib/python3.9/site-packages/airflow/example_dags/example_time_delta_sensor_async.py
[2022-12-13 21:27:58,586] {logging_mixin.py:115} INFO - [2022-12-13 21:27:58,586] {dag.py:2379} INFO - Sync 1 DAGs
[2022-12-13 21:27:58,758] {logging_mixin.py:115} INFO - [2022-12-13 21:27:58,758] {dag.py:2927} INFO - Setting next_dagrun for example_time_delta_sensor_async to None, run_after=None
[2022-12-13 21:27:58,834] {processor.py:161} INFO - Processing /home/igor/Documents/airflowalura/venv/lib/python3.9/site-packages/airflow/example_dags/example_time_delta_sensor_async.py took 0.547 seconds
[2022-12-13 21:29:05,137] {processor.py:153} INFO - Started process (PID=30202) to work on /home/igor/Documents/airflowalura/venv/lib/python3.9/site-packages/airflow/example_dags/example_time_delta_sensor_async.py
[2022-12-13 21:29:05,161] {processor.py:641} INFO - Processing file /home/igor/Documents/airflowalura/venv/lib/python3.9/site-packages/airflow/example_dags/example_time_delta_sensor_async.py for tasks to queue
[2022-12-13 21:29:05,163] {logging_mixin.py:115} INFO - [2022-12-13 21:29:05,163] {dagbag.py:507} INFO - Filling up the DagBag from /home/igor/Documents/airflowalura/venv/lib/python3.9/site-packages/airflow/example_dags/example_time_delta_sensor_async.py
[2022-12-13 21:29:05,196] {processor.py:651} INFO - DAG(s) dict_keys(['example_time_delta_sensor_async']) retrieved from /home/igor/Documents/airflowalura/venv/lib/python3.9/site-packages/airflow/example_dags/example_time_delta_sensor_async.py
[2022-12-13 21:29:05,355] {logging_mixin.py:115} INFO - [2022-12-13 21:29:05,355] {dag.py:2379} INFO - Sync 1 DAGs
[2022-12-13 21:29:05,491] {logging_mixin.py:115} INFO - [2022-12-13 21:29:05,487] {dag.py:2927} INFO - Setting next_dagrun for example_time_delta_sensor_async to None, run_after=None
[2022-12-13 21:29:05,583] {processor.py:161} INFO - Processing /home/igor/Documents/airflowalura/venv/lib/python3.9/site-packages/airflow/example_dags/example_time_delta_sensor_async.py took 0.466 seconds
[2022-12-13 21:30:09,993] {processor.py:153} INFO - Started process (PID=30385) to work on /home/igor/Documents/airflowalura/venv/lib/python3.9/site-packages/airflow/example_dags/example_time_delta_sensor_async.py
[2022-12-13 21:30:10,003] {processor.py:641} INFO - Processing file /home/igor/Documents/airflowalura/venv/lib/python3.9/site-packages/airflow/example_dags/example_time_delta_sensor_async.py for tasks to queue
[2022-12-13 21:30:10,006] {logging_mixin.py:115} INFO - [2022-12-13 21:30:10,006] {dagbag.py:507} INFO - Filling up the DagBag from /home/igor/Documents/airflowalura/venv/lib/python3.9/site-packages/airflow/example_dags/example_time_delta_sensor_async.py
[2022-12-13 21:30:10,054] {processor.py:651} INFO - DAG(s) dict_keys(['example_time_delta_sensor_async']) retrieved from /home/igor/Documents/airflowalura/venv/lib/python3.9/site-packages/airflow/example_dags/example_time_delta_sensor_async.py
[2022-12-13 21:30:10,351] {logging_mixin.py:115} INFO - [2022-12-13 21:30:10,351] {dag.py:2379} INFO - Sync 1 DAGs
[2022-12-13 21:30:10,626] {logging_mixin.py:115} INFO - [2022-12-13 21:30:10,626] {dag.py:2927} INFO - Setting next_dagrun for example_time_delta_sensor_async to None, run_after=None
[2022-12-13 21:30:10,817] {processor.py:161} INFO - Processing /home/igor/Documents/airflowalura/venv/lib/python3.9/site-packages/airflow/example_dags/example_time_delta_sensor_async.py took 0.852 seconds
[2022-12-13 21:32:00,166] {processor.py:153} INFO - Started process (PID=30596) to work on /home/igor/Documents/airflowalura/venv/lib/python3.9/site-packages/airflow/example_dags/example_time_delta_sensor_async.py
[2022-12-13 21:32:00,178] {processor.py:641} INFO - Processing file /home/igor/Documents/airflowalura/venv/lib/python3.9/site-packages/airflow/example_dags/example_time_delta_sensor_async.py for tasks to queue
[2022-12-13 21:32:00,182] {logging_mixin.py:115} INFO - [2022-12-13 21:32:00,181] {dagbag.py:507} INFO - Filling up the DagBag from /home/igor/Documents/airflowalura/venv/lib/python3.9/site-packages/airflow/example_dags/example_time_delta_sensor_async.py
[2022-12-13 21:32:00,230] {processor.py:651} INFO - DAG(s) dict_keys(['example_time_delta_sensor_async']) retrieved from /home/igor/Documents/airflowalura/venv/lib/python3.9/site-packages/airflow/example_dags/example_time_delta_sensor_async.py
[2022-12-13 21:32:00,548] {logging_mixin.py:115} INFO - [2022-12-13 21:32:00,548] {dag.py:2379} INFO - Sync 1 DAGs
[2022-12-13 21:32:00,744] {logging_mixin.py:115} INFO - [2022-12-13 21:32:00,744] {dag.py:2927} INFO - Setting next_dagrun for example_time_delta_sensor_async to None, run_after=None
[2022-12-13 21:32:00,894] {processor.py:161} INFO - Processing /home/igor/Documents/airflowalura/venv/lib/python3.9/site-packages/airflow/example_dags/example_time_delta_sensor_async.py took 0.747 seconds
[2022-12-13 21:33:47,678] {processor.py:153} INFO - Started process (PID=30809) to work on /home/igor/Documents/airflowalura/venv/lib/python3.9/site-packages/airflow/example_dags/example_time_delta_sensor_async.py
[2022-12-13 21:33:47,685] {processor.py:641} INFO - Processing file /home/igor/Documents/airflowalura/venv/lib/python3.9/site-packages/airflow/example_dags/example_time_delta_sensor_async.py for tasks to queue
[2022-12-13 21:33:47,686] {logging_mixin.py:115} INFO - [2022-12-13 21:33:47,686] {dagbag.py:507} INFO - Filling up the DagBag from /home/igor/Documents/airflowalura/venv/lib/python3.9/site-packages/airflow/example_dags/example_time_delta_sensor_async.py
[2022-12-13 21:33:47,723] {processor.py:651} INFO - DAG(s) dict_keys(['example_time_delta_sensor_async']) retrieved from /home/igor/Documents/airflowalura/venv/lib/python3.9/site-packages/airflow/example_dags/example_time_delta_sensor_async.py
[2022-12-13 21:33:48,013] {logging_mixin.py:115} INFO - [2022-12-13 21:33:48,013] {dag.py:2379} INFO - Sync 1 DAGs
[2022-12-13 21:33:48,282] {logging_mixin.py:115} INFO - [2022-12-13 21:33:48,282] {dag.py:2927} INFO - Setting next_dagrun for example_time_delta_sensor_async to None, run_after=None
[2022-12-13 21:33:48,394] {processor.py:161} INFO - Processing /home/igor/Documents/airflowalura/venv/lib/python3.9/site-packages/airflow/example_dags/example_time_delta_sensor_async.py took 0.734 seconds
[2022-12-13 21:35:36,307] {processor.py:153} INFO - Started process (PID=31028) to work on /home/igor/Documents/airflowalura/venv/lib/python3.9/site-packages/airflow/example_dags/example_time_delta_sensor_async.py
[2022-12-13 21:35:36,316] {processor.py:641} INFO - Processing file /home/igor/Documents/airflowalura/venv/lib/python3.9/site-packages/airflow/example_dags/example_time_delta_sensor_async.py for tasks to queue
[2022-12-13 21:35:36,318] {logging_mixin.py:115} INFO - [2022-12-13 21:35:36,318] {dagbag.py:507} INFO - Filling up the DagBag from /home/igor/Documents/airflowalura/venv/lib/python3.9/site-packages/airflow/example_dags/example_time_delta_sensor_async.py
[2022-12-13 21:35:36,399] {processor.py:651} INFO - DAG(s) dict_keys(['example_time_delta_sensor_async']) retrieved from /home/igor/Documents/airflowalura/venv/lib/python3.9/site-packages/airflow/example_dags/example_time_delta_sensor_async.py
[2022-12-13 21:35:36,809] {logging_mixin.py:115} INFO - [2022-12-13 21:35:36,808] {dag.py:2379} INFO - Sync 1 DAGs
[2022-12-13 21:35:37,084] {logging_mixin.py:115} INFO - [2022-12-13 21:35:37,084] {dag.py:2927} INFO - Setting next_dagrun for example_time_delta_sensor_async to None, run_after=None
[2022-12-13 21:35:40,261] {processor.py:161} INFO - Processing /home/igor/Documents/airflowalura/venv/lib/python3.9/site-packages/airflow/example_dags/example_time_delta_sensor_async.py took 3.977 seconds
[2022-12-13 21:37:10,068] {processor.py:153} INFO - Started process (PID=31285) to work on /home/igor/Documents/airflowalura/venv/lib/python3.9/site-packages/airflow/example_dags/example_time_delta_sensor_async.py
[2022-12-13 21:37:10,076] {processor.py:641} INFO - Processing file /home/igor/Documents/airflowalura/venv/lib/python3.9/site-packages/airflow/example_dags/example_time_delta_sensor_async.py for tasks to queue
[2022-12-13 21:37:10,083] {logging_mixin.py:115} INFO - [2022-12-13 21:37:10,078] {dagbag.py:507} INFO - Filling up the DagBag from /home/igor/Documents/airflowalura/venv/lib/python3.9/site-packages/airflow/example_dags/example_time_delta_sensor_async.py
[2022-12-13 21:37:10,131] {processor.py:651} INFO - DAG(s) dict_keys(['example_time_delta_sensor_async']) retrieved from /home/igor/Documents/airflowalura/venv/lib/python3.9/site-packages/airflow/example_dags/example_time_delta_sensor_async.py
[2022-12-13 21:37:10,406] {logging_mixin.py:115} INFO - [2022-12-13 21:37:10,405] {dag.py:2379} INFO - Sync 1 DAGs
[2022-12-13 21:37:10,648] {logging_mixin.py:115} INFO - [2022-12-13 21:37:10,647] {dag.py:2927} INFO - Setting next_dagrun for example_time_delta_sensor_async to None, run_after=None
[2022-12-13 21:37:10,761] {processor.py:161} INFO - Processing /home/igor/Documents/airflowalura/venv/lib/python3.9/site-packages/airflow/example_dags/example_time_delta_sensor_async.py took 0.715 seconds
[2022-12-13 21:38:30,014] {processor.py:153} INFO - Started process (PID=31518) to work on /home/igor/Documents/airflowalura/venv/lib/python3.9/site-packages/airflow/example_dags/example_time_delta_sensor_async.py
[2022-12-13 21:38:30,033] {processor.py:641} INFO - Processing file /home/igor/Documents/airflowalura/venv/lib/python3.9/site-packages/airflow/example_dags/example_time_delta_sensor_async.py for tasks to queue
[2022-12-13 21:38:30,034] {logging_mixin.py:115} INFO - [2022-12-13 21:38:30,034] {dagbag.py:507} INFO - Filling up the DagBag from /home/igor/Documents/airflowalura/venv/lib/python3.9/site-packages/airflow/example_dags/example_time_delta_sensor_async.py
[2022-12-13 21:38:30,067] {processor.py:651} INFO - DAG(s) dict_keys(['example_time_delta_sensor_async']) retrieved from /home/igor/Documents/airflowalura/venv/lib/python3.9/site-packages/airflow/example_dags/example_time_delta_sensor_async.py
[2022-12-13 21:38:30,213] {logging_mixin.py:115} INFO - [2022-12-13 21:38:30,212] {dag.py:2379} INFO - Sync 1 DAGs
[2022-12-13 21:38:30,336] {logging_mixin.py:115} INFO - [2022-12-13 21:38:30,336] {dag.py:2927} INFO - Setting next_dagrun for example_time_delta_sensor_async to None, run_after=None
[2022-12-13 21:38:30,425] {processor.py:161} INFO - Processing /home/igor/Documents/airflowalura/venv/lib/python3.9/site-packages/airflow/example_dags/example_time_delta_sensor_async.py took 0.430 seconds
[2022-12-13 23:00:41,739] {processor.py:153} INFO - Started process (PID=35114) to work on /home/igor/Documents/airflowalura/venv/lib/python3.9/site-packages/airflow/example_dags/example_time_delta_sensor_async.py
[2022-12-13 23:00:41,744] {processor.py:641} INFO - Processing file /home/igor/Documents/airflowalura/venv/lib/python3.9/site-packages/airflow/example_dags/example_time_delta_sensor_async.py for tasks to queue
[2022-12-13 23:00:41,746] {logging_mixin.py:115} INFO - [2022-12-13 23:00:41,745] {dagbag.py:507} INFO - Filling up the DagBag from /home/igor/Documents/airflowalura/venv/lib/python3.9/site-packages/airflow/example_dags/example_time_delta_sensor_async.py
[2022-12-13 23:00:41,847] {processor.py:651} INFO - DAG(s) dict_keys(['example_time_delta_sensor_async']) retrieved from /home/igor/Documents/airflowalura/venv/lib/python3.9/site-packages/airflow/example_dags/example_time_delta_sensor_async.py
[2022-12-13 23:00:42,093] {logging_mixin.py:115} INFO - [2022-12-13 23:00:42,092] {dag.py:2379} INFO - Sync 1 DAGs
[2022-12-13 23:00:42,385] {logging_mixin.py:115} INFO - [2022-12-13 23:00:42,384] {dag.py:2927} INFO - Setting next_dagrun for example_time_delta_sensor_async to None, run_after=None
[2022-12-13 23:00:42,578] {processor.py:161} INFO - Processing /home/igor/Documents/airflowalura/venv/lib/python3.9/site-packages/airflow/example_dags/example_time_delta_sensor_async.py took 0.870 seconds
[2022-12-13 23:02:10,088] {processor.py:153} INFO - Started process (PID=35567) to work on /home/igor/Documents/airflowalura/venv/lib/python3.9/site-packages/airflow/example_dags/example_time_delta_sensor_async.py
[2022-12-13 23:02:10,096] {processor.py:641} INFO - Processing file /home/igor/Documents/airflowalura/venv/lib/python3.9/site-packages/airflow/example_dags/example_time_delta_sensor_async.py for tasks to queue
[2022-12-13 23:02:10,098] {logging_mixin.py:115} INFO - [2022-12-13 23:02:10,098] {dagbag.py:507} INFO - Filling up the DagBag from /home/igor/Documents/airflowalura/venv/lib/python3.9/site-packages/airflow/example_dags/example_time_delta_sensor_async.py
[2022-12-13 23:02:10,143] {processor.py:651} INFO - DAG(s) dict_keys(['example_time_delta_sensor_async']) retrieved from /home/igor/Documents/airflowalura/venv/lib/python3.9/site-packages/airflow/example_dags/example_time_delta_sensor_async.py
[2022-12-13 23:02:10,702] {logging_mixin.py:115} INFO - [2022-12-13 23:02:10,702] {dag.py:2379} INFO - Sync 1 DAGs
[2022-12-13 23:02:10,973] {logging_mixin.py:115} INFO - [2022-12-13 23:02:10,973] {dag.py:2927} INFO - Setting next_dagrun for example_time_delta_sensor_async to None, run_after=None
[2022-12-13 23:02:11,253] {processor.py:161} INFO - Processing /home/igor/Documents/airflowalura/venv/lib/python3.9/site-packages/airflow/example_dags/example_time_delta_sensor_async.py took 1.192 seconds
[2022-12-13 23:04:18,159] {processor.py:153} INFO - Started process (PID=35886) to work on /home/igor/Documents/airflowalura/venv/lib/python3.9/site-packages/airflow/example_dags/example_time_delta_sensor_async.py
[2022-12-13 23:04:18,166] {processor.py:641} INFO - Processing file /home/igor/Documents/airflowalura/venv/lib/python3.9/site-packages/airflow/example_dags/example_time_delta_sensor_async.py for tasks to queue
[2022-12-13 23:04:18,169] {logging_mixin.py:115} INFO - [2022-12-13 23:04:18,169] {dagbag.py:507} INFO - Filling up the DagBag from /home/igor/Documents/airflowalura/venv/lib/python3.9/site-packages/airflow/example_dags/example_time_delta_sensor_async.py
[2022-12-13 23:04:18,278] {processor.py:651} INFO - DAG(s) dict_keys(['example_time_delta_sensor_async']) retrieved from /home/igor/Documents/airflowalura/venv/lib/python3.9/site-packages/airflow/example_dags/example_time_delta_sensor_async.py
[2022-12-13 23:04:18,674] {logging_mixin.py:115} INFO - [2022-12-13 23:04:18,673] {dag.py:2379} INFO - Sync 1 DAGs
[2022-12-13 23:04:18,887] {logging_mixin.py:115} INFO - [2022-12-13 23:04:18,886] {dag.py:2927} INFO - Setting next_dagrun for example_time_delta_sensor_async to None, run_after=None
[2022-12-13 23:04:19,008] {processor.py:161} INFO - Processing /home/igor/Documents/airflowalura/venv/lib/python3.9/site-packages/airflow/example_dags/example_time_delta_sensor_async.py took 0.873 seconds
[2022-12-13 23:06:13,817] {processor.py:153} INFO - Started process (PID=36146) to work on /home/igor/Documents/airflowalura/venv/lib/python3.9/site-packages/airflow/example_dags/example_time_delta_sensor_async.py
[2022-12-13 23:06:13,823] {processor.py:641} INFO - Processing file /home/igor/Documents/airflowalura/venv/lib/python3.9/site-packages/airflow/example_dags/example_time_delta_sensor_async.py for tasks to queue
[2022-12-13 23:06:13,824] {logging_mixin.py:115} INFO - [2022-12-13 23:06:13,824] {dagbag.py:507} INFO - Filling up the DagBag from /home/igor/Documents/airflowalura/venv/lib/python3.9/site-packages/airflow/example_dags/example_time_delta_sensor_async.py
[2022-12-13 23:06:13,909] {processor.py:651} INFO - DAG(s) dict_keys(['example_time_delta_sensor_async']) retrieved from /home/igor/Documents/airflowalura/venv/lib/python3.9/site-packages/airflow/example_dags/example_time_delta_sensor_async.py
[2022-12-13 23:06:14,687] {logging_mixin.py:115} INFO - [2022-12-13 23:06:14,687] {dag.py:2379} INFO - Sync 1 DAGs
[2022-12-13 23:06:14,940] {logging_mixin.py:115} INFO - [2022-12-13 23:06:14,940] {dag.py:2927} INFO - Setting next_dagrun for example_time_delta_sensor_async to None, run_after=None
[2022-12-13 23:06:15,070] {processor.py:161} INFO - Processing /home/igor/Documents/airflowalura/venv/lib/python3.9/site-packages/airflow/example_dags/example_time_delta_sensor_async.py took 1.278 seconds
[2022-12-13 23:08:47,219] {processor.py:153} INFO - Started process (PID=36398) to work on /home/igor/Documents/airflowalura/venv/lib/python3.9/site-packages/airflow/example_dags/example_time_delta_sensor_async.py
[2022-12-13 23:08:47,227] {processor.py:641} INFO - Processing file /home/igor/Documents/airflowalura/venv/lib/python3.9/site-packages/airflow/example_dags/example_time_delta_sensor_async.py for tasks to queue
[2022-12-13 23:08:47,239] {logging_mixin.py:115} INFO - [2022-12-13 23:08:47,238] {dagbag.py:507} INFO - Filling up the DagBag from /home/igor/Documents/airflowalura/venv/lib/python3.9/site-packages/airflow/example_dags/example_time_delta_sensor_async.py
[2022-12-13 23:08:47,346] {processor.py:651} INFO - DAG(s) dict_keys(['example_time_delta_sensor_async']) retrieved from /home/igor/Documents/airflowalura/venv/lib/python3.9/site-packages/airflow/example_dags/example_time_delta_sensor_async.py
[2022-12-13 23:08:48,138] {logging_mixin.py:115} INFO - [2022-12-13 23:08:48,137] {dag.py:2379} INFO - Sync 1 DAGs
[2022-12-13 23:08:48,782] {logging_mixin.py:115} INFO - [2022-12-13 23:08:48,781] {dag.py:2927} INFO - Setting next_dagrun for example_time_delta_sensor_async to None, run_after=None
[2022-12-13 23:08:49,144] {processor.py:161} INFO - Processing /home/igor/Documents/airflowalura/venv/lib/python3.9/site-packages/airflow/example_dags/example_time_delta_sensor_async.py took 1.971 seconds
[2022-12-13 23:12:25,156] {processor.py:153} INFO - Started process (PID=36761) to work on /home/igor/Documents/airflowalura/venv/lib/python3.9/site-packages/airflow/example_dags/example_time_delta_sensor_async.py
[2022-12-13 23:12:25,170] {processor.py:641} INFO - Processing file /home/igor/Documents/airflowalura/venv/lib/python3.9/site-packages/airflow/example_dags/example_time_delta_sensor_async.py for tasks to queue
[2022-12-13 23:12:25,180] {logging_mixin.py:115} INFO - [2022-12-13 23:12:25,180] {dagbag.py:507} INFO - Filling up the DagBag from /home/igor/Documents/airflowalura/venv/lib/python3.9/site-packages/airflow/example_dags/example_time_delta_sensor_async.py
[2022-12-13 23:12:25,324] {processor.py:651} INFO - DAG(s) dict_keys(['example_time_delta_sensor_async']) retrieved from /home/igor/Documents/airflowalura/venv/lib/python3.9/site-packages/airflow/example_dags/example_time_delta_sensor_async.py
[2022-12-13 23:12:26,066] {logging_mixin.py:115} INFO - [2022-12-13 23:12:26,066] {dag.py:2379} INFO - Sync 1 DAGs
[2022-12-13 23:12:26,251] {logging_mixin.py:115} INFO - [2022-12-13 23:12:26,251] {dag.py:2927} INFO - Setting next_dagrun for example_time_delta_sensor_async to None, run_after=None
[2022-12-13 23:12:26,345] {processor.py:161} INFO - Processing /home/igor/Documents/airflowalura/venv/lib/python3.9/site-packages/airflow/example_dags/example_time_delta_sensor_async.py took 1.253 seconds
[2022-12-13 23:14:06,132] {processor.py:153} INFO - Started process (PID=37155) to work on /home/igor/Documents/airflowalura/venv/lib/python3.9/site-packages/airflow/example_dags/example_time_delta_sensor_async.py
[2022-12-13 23:14:06,141] {processor.py:641} INFO - Processing file /home/igor/Documents/airflowalura/venv/lib/python3.9/site-packages/airflow/example_dags/example_time_delta_sensor_async.py for tasks to queue
[2022-12-13 23:14:06,142] {logging_mixin.py:115} INFO - [2022-12-13 23:14:06,142] {dagbag.py:507} INFO - Filling up the DagBag from /home/igor/Documents/airflowalura/venv/lib/python3.9/site-packages/airflow/example_dags/example_time_delta_sensor_async.py
[2022-12-13 23:14:06,190] {processor.py:651} INFO - DAG(s) dict_keys(['example_time_delta_sensor_async']) retrieved from /home/igor/Documents/airflowalura/venv/lib/python3.9/site-packages/airflow/example_dags/example_time_delta_sensor_async.py
[2022-12-13 23:14:06,408] {logging_mixin.py:115} INFO - [2022-12-13 23:14:06,400] {dag.py:2379} INFO - Sync 1 DAGs
[2022-12-13 23:14:06,555] {logging_mixin.py:115} INFO - [2022-12-13 23:14:06,548] {dag.py:2927} INFO - Setting next_dagrun for example_time_delta_sensor_async to None, run_after=None
[2022-12-13 23:14:06,642] {processor.py:161} INFO - Processing /home/igor/Documents/airflowalura/venv/lib/python3.9/site-packages/airflow/example_dags/example_time_delta_sensor_async.py took 0.536 seconds
[2022-12-13 23:15:41,492] {processor.py:153} INFO - Started process (PID=37368) to work on /home/igor/Documents/airflowalura/venv/lib/python3.9/site-packages/airflow/example_dags/example_time_delta_sensor_async.py
[2022-12-13 23:15:41,501] {processor.py:641} INFO - Processing file /home/igor/Documents/airflowalura/venv/lib/python3.9/site-packages/airflow/example_dags/example_time_delta_sensor_async.py for tasks to queue
[2022-12-13 23:15:41,504] {logging_mixin.py:115} INFO - [2022-12-13 23:15:41,504] {dagbag.py:507} INFO - Filling up the DagBag from /home/igor/Documents/airflowalura/venv/lib/python3.9/site-packages/airflow/example_dags/example_time_delta_sensor_async.py
[2022-12-13 23:15:41,554] {processor.py:651} INFO - DAG(s) dict_keys(['example_time_delta_sensor_async']) retrieved from /home/igor/Documents/airflowalura/venv/lib/python3.9/site-packages/airflow/example_dags/example_time_delta_sensor_async.py
[2022-12-13 23:15:41,880] {logging_mixin.py:115} INFO - [2022-12-13 23:15:41,880] {dag.py:2379} INFO - Sync 1 DAGs
[2022-12-13 23:15:42,066] {logging_mixin.py:115} INFO - [2022-12-13 23:15:42,065] {dag.py:2927} INFO - Setting next_dagrun for example_time_delta_sensor_async to None, run_after=None
[2022-12-13 23:15:42,318] {processor.py:161} INFO - Processing /home/igor/Documents/airflowalura/venv/lib/python3.9/site-packages/airflow/example_dags/example_time_delta_sensor_async.py took 0.854 seconds
[2022-12-13 23:18:25,018] {processor.py:153} INFO - Started process (PID=37613) to work on /home/igor/Documents/airflowalura/venv/lib/python3.9/site-packages/airflow/example_dags/example_time_delta_sensor_async.py
[2022-12-13 23:18:25,033] {processor.py:641} INFO - Processing file /home/igor/Documents/airflowalura/venv/lib/python3.9/site-packages/airflow/example_dags/example_time_delta_sensor_async.py for tasks to queue
[2022-12-13 23:18:25,035] {logging_mixin.py:115} INFO - [2022-12-13 23:18:25,035] {dagbag.py:507} INFO - Filling up the DagBag from /home/igor/Documents/airflowalura/venv/lib/python3.9/site-packages/airflow/example_dags/example_time_delta_sensor_async.py
[2022-12-13 23:18:25,077] {processor.py:651} INFO - DAG(s) dict_keys(['example_time_delta_sensor_async']) retrieved from /home/igor/Documents/airflowalura/venv/lib/python3.9/site-packages/airflow/example_dags/example_time_delta_sensor_async.py
[2022-12-13 23:18:25,262] {logging_mixin.py:115} INFO - [2022-12-13 23:18:25,262] {dag.py:2379} INFO - Sync 1 DAGs
[2022-12-13 23:18:25,427] {logging_mixin.py:115} INFO - [2022-12-13 23:18:25,427] {dag.py:2927} INFO - Setting next_dagrun for example_time_delta_sensor_async to None, run_after=None
[2022-12-13 23:18:25,534] {processor.py:161} INFO - Processing /home/igor/Documents/airflowalura/venv/lib/python3.9/site-packages/airflow/example_dags/example_time_delta_sensor_async.py took 0.546 seconds
[2022-12-13 23:19:45,333] {processor.py:153} INFO - Started process (PID=37813) to work on /home/igor/Documents/airflowalura/venv/lib/python3.9/site-packages/airflow/example_dags/example_time_delta_sensor_async.py
[2022-12-13 23:19:45,338] {processor.py:641} INFO - Processing file /home/igor/Documents/airflowalura/venv/lib/python3.9/site-packages/airflow/example_dags/example_time_delta_sensor_async.py for tasks to queue
[2022-12-13 23:19:45,344] {logging_mixin.py:115} INFO - [2022-12-13 23:19:45,344] {dagbag.py:507} INFO - Filling up the DagBag from /home/igor/Documents/airflowalura/venv/lib/python3.9/site-packages/airflow/example_dags/example_time_delta_sensor_async.py
[2022-12-13 23:19:45,397] {processor.py:651} INFO - DAG(s) dict_keys(['example_time_delta_sensor_async']) retrieved from /home/igor/Documents/airflowalura/venv/lib/python3.9/site-packages/airflow/example_dags/example_time_delta_sensor_async.py
[2022-12-13 23:19:45,639] {logging_mixin.py:115} INFO - [2022-12-13 23:19:45,639] {dag.py:2379} INFO - Sync 1 DAGs
[2022-12-13 23:19:45,783] {logging_mixin.py:115} INFO - [2022-12-13 23:19:45,783] {dag.py:2927} INFO - Setting next_dagrun for example_time_delta_sensor_async to None, run_after=None
[2022-12-13 23:19:45,895] {processor.py:161} INFO - Processing /home/igor/Documents/airflowalura/venv/lib/python3.9/site-packages/airflow/example_dags/example_time_delta_sensor_async.py took 0.591 seconds
[2022-12-13 23:21:00,742] {processor.py:153} INFO - Started process (PID=38010) to work on /home/igor/Documents/airflowalura/venv/lib/python3.9/site-packages/airflow/example_dags/example_time_delta_sensor_async.py
[2022-12-13 23:21:00,752] {processor.py:641} INFO - Processing file /home/igor/Documents/airflowalura/venv/lib/python3.9/site-packages/airflow/example_dags/example_time_delta_sensor_async.py for tasks to queue
[2022-12-13 23:21:00,756] {logging_mixin.py:115} INFO - [2022-12-13 23:21:00,755] {dagbag.py:507} INFO - Filling up the DagBag from /home/igor/Documents/airflowalura/venv/lib/python3.9/site-packages/airflow/example_dags/example_time_delta_sensor_async.py
[2022-12-13 23:21:00,800] {processor.py:651} INFO - DAG(s) dict_keys(['example_time_delta_sensor_async']) retrieved from /home/igor/Documents/airflowalura/venv/lib/python3.9/site-packages/airflow/example_dags/example_time_delta_sensor_async.py
[2022-12-13 23:21:00,971] {logging_mixin.py:115} INFO - [2022-12-13 23:21:00,970] {dag.py:2379} INFO - Sync 1 DAGs
[2022-12-13 23:21:01,145] {logging_mixin.py:115} INFO - [2022-12-13 23:21:01,145] {dag.py:2927} INFO - Setting next_dagrun for example_time_delta_sensor_async to None, run_after=None
[2022-12-13 23:21:01,240] {processor.py:161} INFO - Processing /home/igor/Documents/airflowalura/venv/lib/python3.9/site-packages/airflow/example_dags/example_time_delta_sensor_async.py took 0.522 seconds
[2022-12-13 23:22:15,852] {processor.py:153} INFO - Started process (PID=38199) to work on /home/igor/Documents/airflowalura/venv/lib/python3.9/site-packages/airflow/example_dags/example_time_delta_sensor_async.py
[2022-12-13 23:22:15,862] {processor.py:641} INFO - Processing file /home/igor/Documents/airflowalura/venv/lib/python3.9/site-packages/airflow/example_dags/example_time_delta_sensor_async.py for tasks to queue
[2022-12-13 23:22:15,865] {logging_mixin.py:115} INFO - [2022-12-13 23:22:15,864] {dagbag.py:507} INFO - Filling up the DagBag from /home/igor/Documents/airflowalura/venv/lib/python3.9/site-packages/airflow/example_dags/example_time_delta_sensor_async.py
[2022-12-13 23:22:15,914] {processor.py:651} INFO - DAG(s) dict_keys(['example_time_delta_sensor_async']) retrieved from /home/igor/Documents/airflowalura/venv/lib/python3.9/site-packages/airflow/example_dags/example_time_delta_sensor_async.py
[2022-12-13 23:22:16,170] {logging_mixin.py:115} INFO - [2022-12-13 23:22:16,170] {dag.py:2379} INFO - Sync 1 DAGs
[2022-12-13 23:22:16,382] {logging_mixin.py:115} INFO - [2022-12-13 23:22:16,382] {dag.py:2927} INFO - Setting next_dagrun for example_time_delta_sensor_async to None, run_after=None
[2022-12-13 23:22:16,564] {processor.py:161} INFO - Processing /home/igor/Documents/airflowalura/venv/lib/python3.9/site-packages/airflow/example_dags/example_time_delta_sensor_async.py took 0.743 seconds
[2022-12-13 23:23:36,572] {processor.py:153} INFO - Started process (PID=38478) to work on /home/igor/Documents/airflowalura/venv/lib/python3.9/site-packages/airflow/example_dags/example_time_delta_sensor_async.py
[2022-12-13 23:23:36,587] {processor.py:641} INFO - Processing file /home/igor/Documents/airflowalura/venv/lib/python3.9/site-packages/airflow/example_dags/example_time_delta_sensor_async.py for tasks to queue
[2022-12-13 23:23:36,589] {logging_mixin.py:115} INFO - [2022-12-13 23:23:36,588] {dagbag.py:507} INFO - Filling up the DagBag from /home/igor/Documents/airflowalura/venv/lib/python3.9/site-packages/airflow/example_dags/example_time_delta_sensor_async.py
[2022-12-13 23:23:36,682] {processor.py:651} INFO - DAG(s) dict_keys(['example_time_delta_sensor_async']) retrieved from /home/igor/Documents/airflowalura/venv/lib/python3.9/site-packages/airflow/example_dags/example_time_delta_sensor_async.py
[2022-12-13 23:23:37,042] {logging_mixin.py:115} INFO - [2022-12-13 23:23:37,041] {dag.py:2379} INFO - Sync 1 DAGs
[2022-12-13 23:23:37,250] {logging_mixin.py:115} INFO - [2022-12-13 23:23:37,250] {dag.py:2927} INFO - Setting next_dagrun for example_time_delta_sensor_async to None, run_after=None
[2022-12-13 23:23:37,360] {processor.py:161} INFO - Processing /home/igor/Documents/airflowalura/venv/lib/python3.9/site-packages/airflow/example_dags/example_time_delta_sensor_async.py took 0.839 seconds
[2022-12-13 23:24:49,959] {processor.py:153} INFO - Started process (PID=38655) to work on /home/igor/Documents/airflowalura/venv/lib/python3.9/site-packages/airflow/example_dags/example_time_delta_sensor_async.py
[2022-12-13 23:24:50,067] {processor.py:641} INFO - Processing file /home/igor/Documents/airflowalura/venv/lib/python3.9/site-packages/airflow/example_dags/example_time_delta_sensor_async.py for tasks to queue
[2022-12-13 23:24:50,070] {logging_mixin.py:115} INFO - [2022-12-13 23:24:50,070] {dagbag.py:507} INFO - Filling up the DagBag from /home/igor/Documents/airflowalura/venv/lib/python3.9/site-packages/airflow/example_dags/example_time_delta_sensor_async.py
[2022-12-13 23:24:50,139] {processor.py:651} INFO - DAG(s) dict_keys(['example_time_delta_sensor_async']) retrieved from /home/igor/Documents/airflowalura/venv/lib/python3.9/site-packages/airflow/example_dags/example_time_delta_sensor_async.py
[2022-12-13 23:24:50,315] {logging_mixin.py:115} INFO - [2022-12-13 23:24:50,314] {dag.py:2379} INFO - Sync 1 DAGs
[2022-12-13 23:24:50,517] {logging_mixin.py:115} INFO - [2022-12-13 23:24:50,517] {dag.py:2927} INFO - Setting next_dagrun for example_time_delta_sensor_async to None, run_after=None
[2022-12-13 23:24:50,687] {processor.py:161} INFO - Processing /home/igor/Documents/airflowalura/venv/lib/python3.9/site-packages/airflow/example_dags/example_time_delta_sensor_async.py took 0.757 seconds
[2022-12-13 23:26:05,084] {processor.py:153} INFO - Started process (PID=38848) to work on /home/igor/Documents/airflowalura/venv/lib/python3.9/site-packages/airflow/example_dags/example_time_delta_sensor_async.py
[2022-12-13 23:26:05,088] {processor.py:641} INFO - Processing file /home/igor/Documents/airflowalura/venv/lib/python3.9/site-packages/airflow/example_dags/example_time_delta_sensor_async.py for tasks to queue
[2022-12-13 23:26:05,089] {logging_mixin.py:115} INFO - [2022-12-13 23:26:05,088] {dagbag.py:507} INFO - Filling up the DagBag from /home/igor/Documents/airflowalura/venv/lib/python3.9/site-packages/airflow/example_dags/example_time_delta_sensor_async.py
[2022-12-13 23:26:05,150] {processor.py:651} INFO - DAG(s) dict_keys(['example_time_delta_sensor_async']) retrieved from /home/igor/Documents/airflowalura/venv/lib/python3.9/site-packages/airflow/example_dags/example_time_delta_sensor_async.py
[2022-12-13 23:26:05,328] {logging_mixin.py:115} INFO - [2022-12-13 23:26:05,328] {dag.py:2379} INFO - Sync 1 DAGs
[2022-12-13 23:26:05,486] {logging_mixin.py:115} INFO - [2022-12-13 23:26:05,486] {dag.py:2927} INFO - Setting next_dagrun for example_time_delta_sensor_async to None, run_after=None
[2022-12-13 23:26:05,584] {processor.py:161} INFO - Processing /home/igor/Documents/airflowalura/venv/lib/python3.9/site-packages/airflow/example_dags/example_time_delta_sensor_async.py took 0.527 seconds
[2022-12-13 23:27:19,212] {processor.py:153} INFO - Started process (PID=39030) to work on /home/igor/Documents/airflowalura/venv/lib/python3.9/site-packages/airflow/example_dags/example_time_delta_sensor_async.py
[2022-12-13 23:27:19,226] {processor.py:641} INFO - Processing file /home/igor/Documents/airflowalura/venv/lib/python3.9/site-packages/airflow/example_dags/example_time_delta_sensor_async.py for tasks to queue
[2022-12-13 23:27:19,231] {logging_mixin.py:115} INFO - [2022-12-13 23:27:19,231] {dagbag.py:507} INFO - Filling up the DagBag from /home/igor/Documents/airflowalura/venv/lib/python3.9/site-packages/airflow/example_dags/example_time_delta_sensor_async.py
[2022-12-13 23:27:19,281] {processor.py:651} INFO - DAG(s) dict_keys(['example_time_delta_sensor_async']) retrieved from /home/igor/Documents/airflowalura/venv/lib/python3.9/site-packages/airflow/example_dags/example_time_delta_sensor_async.py
[2022-12-13 23:27:19,492] {logging_mixin.py:115} INFO - [2022-12-13 23:27:19,489] {dag.py:2379} INFO - Sync 1 DAGs
[2022-12-13 23:27:19,626] {logging_mixin.py:115} INFO - [2022-12-13 23:27:19,626] {dag.py:2927} INFO - Setting next_dagrun for example_time_delta_sensor_async to None, run_after=None
[2022-12-13 23:27:19,773] {processor.py:161} INFO - Processing /home/igor/Documents/airflowalura/venv/lib/python3.9/site-packages/airflow/example_dags/example_time_delta_sensor_async.py took 0.577 seconds
