[2022-12-13 21:27:01,842] {processor.py:153} INFO - Started process (PID=29848) to work on /home/igor/Documents/airflowalura/venv/lib/python3.9/site-packages/airflow/example_dags/example_external_task_marker_dag.py
[2022-12-13 21:27:01,849] {processor.py:641} INFO - Processing file /home/igor/Documents/airflowalura/venv/lib/python3.9/site-packages/airflow/example_dags/example_external_task_marker_dag.py for tasks to queue
[2022-12-13 21:27:01,850] {logging_mixin.py:115} INFO - [2022-12-13 21:27:01,850] {dagbag.py:507} INFO - Filling up the DagBag from /home/igor/Documents/airflowalura/venv/lib/python3.9/site-packages/airflow/example_dags/example_external_task_marker_dag.py
[2022-12-13 21:27:01,900] {processor.py:651} INFO - DAG(s) dict_keys(['example_external_task_marker_parent', 'example_external_task_marker_child']) retrieved from /home/igor/Documents/airflowalura/venv/lib/python3.9/site-packages/airflow/example_dags/example_external_task_marker_dag.py
[2022-12-13 21:27:02,293] {logging_mixin.py:115} INFO - [2022-12-13 21:27:02,293] {dag.py:2379} INFO - Sync 2 DAGs
[2022-12-13 21:27:02,673] {logging_mixin.py:115} INFO - [2022-12-13 21:27:02,656] {dag.py:2927} INFO - Setting next_dagrun for example_external_task_marker_child to None, run_after=None
[2022-12-13 21:27:02,674] {logging_mixin.py:115} INFO - [2022-12-13 21:27:02,674] {dag.py:2927} INFO - Setting next_dagrun for example_external_task_marker_parent to None, run_after=None
[2022-12-13 21:27:02,795] {processor.py:161} INFO - Processing /home/igor/Documents/airflowalura/venv/lib/python3.9/site-packages/airflow/example_dags/example_external_task_marker_dag.py took 0.975 seconds
[2022-12-13 21:28:15,272] {processor.py:153} INFO - Started process (PID=30059) to work on /home/igor/Documents/airflowalura/venv/lib/python3.9/site-packages/airflow/example_dags/example_external_task_marker_dag.py
[2022-12-13 21:28:15,281] {processor.py:641} INFO - Processing file /home/igor/Documents/airflowalura/venv/lib/python3.9/site-packages/airflow/example_dags/example_external_task_marker_dag.py for tasks to queue
[2022-12-13 21:28:15,282] {logging_mixin.py:115} INFO - [2022-12-13 21:28:15,281] {dagbag.py:507} INFO - Filling up the DagBag from /home/igor/Documents/airflowalura/venv/lib/python3.9/site-packages/airflow/example_dags/example_external_task_marker_dag.py
[2022-12-13 21:28:15,316] {processor.py:651} INFO - DAG(s) dict_keys(['example_external_task_marker_parent', 'example_external_task_marker_child']) retrieved from /home/igor/Documents/airflowalura/venv/lib/python3.9/site-packages/airflow/example_dags/example_external_task_marker_dag.py
[2022-12-13 21:28:15,482] {logging_mixin.py:115} INFO - [2022-12-13 21:28:15,482] {dag.py:2379} INFO - Sync 2 DAGs
[2022-12-13 21:28:15,556] {logging_mixin.py:115} INFO - [2022-12-13 21:28:15,556] {dag.py:2927} INFO - Setting next_dagrun for example_external_task_marker_child to None, run_after=None
[2022-12-13 21:28:15,558] {logging_mixin.py:115} INFO - [2022-12-13 21:28:15,557] {dag.py:2927} INFO - Setting next_dagrun for example_external_task_marker_parent to None, run_after=None
[2022-12-13 21:28:15,621] {processor.py:161} INFO - Processing /home/igor/Documents/airflowalura/venv/lib/python3.9/site-packages/airflow/example_dags/example_external_task_marker_dag.py took 0.373 seconds
[2022-12-13 21:29:21,675] {processor.py:153} INFO - Started process (PID=30254) to work on /home/igor/Documents/airflowalura/venv/lib/python3.9/site-packages/airflow/example_dags/example_external_task_marker_dag.py
[2022-12-13 21:29:21,700] {processor.py:641} INFO - Processing file /home/igor/Documents/airflowalura/venv/lib/python3.9/site-packages/airflow/example_dags/example_external_task_marker_dag.py for tasks to queue
[2022-12-13 21:29:21,705] {logging_mixin.py:115} INFO - [2022-12-13 21:29:21,701] {dagbag.py:507} INFO - Filling up the DagBag from /home/igor/Documents/airflowalura/venv/lib/python3.9/site-packages/airflow/example_dags/example_external_task_marker_dag.py
[2022-12-13 21:29:21,741] {processor.py:651} INFO - DAG(s) dict_keys(['example_external_task_marker_parent', 'example_external_task_marker_child']) retrieved from /home/igor/Documents/airflowalura/venv/lib/python3.9/site-packages/airflow/example_dags/example_external_task_marker_dag.py
[2022-12-13 21:29:21,874] {logging_mixin.py:115} INFO - [2022-12-13 21:29:21,874] {dag.py:2379} INFO - Sync 2 DAGs
[2022-12-13 21:29:22,000] {logging_mixin.py:115} INFO - [2022-12-13 21:29:22,000] {dag.py:2927} INFO - Setting next_dagrun for example_external_task_marker_child to None, run_after=None
[2022-12-13 21:29:22,002] {logging_mixin.py:115} INFO - [2022-12-13 21:29:22,001] {dag.py:2927} INFO - Setting next_dagrun for example_external_task_marker_parent to None, run_after=None
[2022-12-13 21:29:22,080] {processor.py:161} INFO - Processing /home/igor/Documents/airflowalura/venv/lib/python3.9/site-packages/airflow/example_dags/example_external_task_marker_dag.py took 0.423 seconds
[2022-12-13 21:30:47,159] {processor.py:153} INFO - Started process (PID=30452) to work on /home/igor/Documents/airflowalura/venv/lib/python3.9/site-packages/airflow/example_dags/example_external_task_marker_dag.py
[2022-12-13 21:30:47,173] {processor.py:641} INFO - Processing file /home/igor/Documents/airflowalura/venv/lib/python3.9/site-packages/airflow/example_dags/example_external_task_marker_dag.py for tasks to queue
[2022-12-13 21:30:47,175] {logging_mixin.py:115} INFO - [2022-12-13 21:30:47,174] {dagbag.py:507} INFO - Filling up the DagBag from /home/igor/Documents/airflowalura/venv/lib/python3.9/site-packages/airflow/example_dags/example_external_task_marker_dag.py
[2022-12-13 21:30:47,222] {processor.py:651} INFO - DAG(s) dict_keys(['example_external_task_marker_parent', 'example_external_task_marker_child']) retrieved from /home/igor/Documents/airflowalura/venv/lib/python3.9/site-packages/airflow/example_dags/example_external_task_marker_dag.py
[2022-12-13 21:30:47,709] {logging_mixin.py:115} INFO - [2022-12-13 21:30:47,709] {dag.py:2379} INFO - Sync 2 DAGs
[2022-12-13 21:30:47,969] {logging_mixin.py:115} INFO - [2022-12-13 21:30:47,969] {dag.py:2927} INFO - Setting next_dagrun for example_external_task_marker_child to None, run_after=None
[2022-12-13 21:30:47,970] {logging_mixin.py:115} INFO - [2022-12-13 21:30:47,970] {dag.py:2927} INFO - Setting next_dagrun for example_external_task_marker_parent to None, run_after=None
[2022-12-13 21:30:48,238] {processor.py:161} INFO - Processing /home/igor/Documents/airflowalura/venv/lib/python3.9/site-packages/airflow/example_dags/example_external_task_marker_dag.py took 1.126 seconds
[2022-12-13 21:32:36,202] {processor.py:153} INFO - Started process (PID=30673) to work on /home/igor/Documents/airflowalura/venv/lib/python3.9/site-packages/airflow/example_dags/example_external_task_marker_dag.py
[2022-12-13 21:32:36,212] {processor.py:641} INFO - Processing file /home/igor/Documents/airflowalura/venv/lib/python3.9/site-packages/airflow/example_dags/example_external_task_marker_dag.py for tasks to queue
[2022-12-13 21:32:36,214] {logging_mixin.py:115} INFO - [2022-12-13 21:32:36,214] {dagbag.py:507} INFO - Filling up the DagBag from /home/igor/Documents/airflowalura/venv/lib/python3.9/site-packages/airflow/example_dags/example_external_task_marker_dag.py
[2022-12-13 21:32:36,251] {processor.py:651} INFO - DAG(s) dict_keys(['example_external_task_marker_parent', 'example_external_task_marker_child']) retrieved from /home/igor/Documents/airflowalura/venv/lib/python3.9/site-packages/airflow/example_dags/example_external_task_marker_dag.py
[2022-12-13 21:32:36,491] {logging_mixin.py:115} INFO - [2022-12-13 21:32:36,491] {dag.py:2379} INFO - Sync 2 DAGs
[2022-12-13 21:32:36,776] {logging_mixin.py:115} INFO - [2022-12-13 21:32:36,769] {dag.py:2927} INFO - Setting next_dagrun for example_external_task_marker_child to None, run_after=None
[2022-12-13 21:32:36,778] {logging_mixin.py:115} INFO - [2022-12-13 21:32:36,777] {dag.py:2927} INFO - Setting next_dagrun for example_external_task_marker_parent to None, run_after=None
[2022-12-13 21:32:36,879] {processor.py:161} INFO - Processing /home/igor/Documents/airflowalura/venv/lib/python3.9/site-packages/airflow/example_dags/example_external_task_marker_dag.py took 0.695 seconds
[2022-12-13 21:34:01,813] {processor.py:153} INFO - Started process (PID=30840) to work on /home/igor/Documents/airflowalura/venv/lib/python3.9/site-packages/airflow/example_dags/example_external_task_marker_dag.py
[2022-12-13 21:34:01,872] {processor.py:641} INFO - Processing file /home/igor/Documents/airflowalura/venv/lib/python3.9/site-packages/airflow/example_dags/example_external_task_marker_dag.py for tasks to queue
[2022-12-13 21:34:01,873] {logging_mixin.py:115} INFO - [2022-12-13 21:34:01,873] {dagbag.py:507} INFO - Filling up the DagBag from /home/igor/Documents/airflowalura/venv/lib/python3.9/site-packages/airflow/example_dags/example_external_task_marker_dag.py
[2022-12-13 21:34:01,943] {processor.py:651} INFO - DAG(s) dict_keys(['example_external_task_marker_parent', 'example_external_task_marker_child']) retrieved from /home/igor/Documents/airflowalura/venv/lib/python3.9/site-packages/airflow/example_dags/example_external_task_marker_dag.py
[2022-12-13 21:34:02,424] {logging_mixin.py:115} INFO - [2022-12-13 21:34:02,423] {dag.py:2379} INFO - Sync 2 DAGs
[2022-12-13 21:34:02,676] {logging_mixin.py:115} INFO - [2022-12-13 21:34:02,676] {dag.py:2927} INFO - Setting next_dagrun for example_external_task_marker_child to None, run_after=None
[2022-12-13 21:34:02,677] {logging_mixin.py:115} INFO - [2022-12-13 21:34:02,677] {dag.py:2927} INFO - Setting next_dagrun for example_external_task_marker_parent to None, run_after=None
[2022-12-13 21:34:02,860] {processor.py:161} INFO - Processing /home/igor/Documents/airflowalura/venv/lib/python3.9/site-packages/airflow/example_dags/example_external_task_marker_dag.py took 1.081 seconds
[2022-12-13 21:36:30,773] {processor.py:153} INFO - Started process (PID=31096) to work on /home/igor/Documents/airflowalura/venv/lib/python3.9/site-packages/airflow/example_dags/example_external_task_marker_dag.py
[2022-12-13 21:36:30,785] {processor.py:641} INFO - Processing file /home/igor/Documents/airflowalura/venv/lib/python3.9/site-packages/airflow/example_dags/example_external_task_marker_dag.py for tasks to queue
[2022-12-13 21:36:30,786] {logging_mixin.py:115} INFO - [2022-12-13 21:36:30,786] {dagbag.py:507} INFO - Filling up the DagBag from /home/igor/Documents/airflowalura/venv/lib/python3.9/site-packages/airflow/example_dags/example_external_task_marker_dag.py
[2022-12-13 21:36:30,848] {processor.py:651} INFO - DAG(s) dict_keys(['example_external_task_marker_parent', 'example_external_task_marker_child']) retrieved from /home/igor/Documents/airflowalura/venv/lib/python3.9/site-packages/airflow/example_dags/example_external_task_marker_dag.py
[2022-12-13 21:36:31,108] {logging_mixin.py:115} INFO - [2022-12-13 21:36:31,108] {dag.py:2379} INFO - Sync 2 DAGs
[2022-12-13 21:36:31,365] {logging_mixin.py:115} INFO - [2022-12-13 21:36:31,365] {dag.py:2927} INFO - Setting next_dagrun for example_external_task_marker_child to None, run_after=None
[2022-12-13 21:36:31,366] {logging_mixin.py:115} INFO - [2022-12-13 21:36:31,366] {dag.py:2927} INFO - Setting next_dagrun for example_external_task_marker_parent to None, run_after=None
[2022-12-13 21:36:31,496] {processor.py:161} INFO - Processing /home/igor/Documents/airflowalura/venv/lib/python3.9/site-packages/airflow/example_dags/example_external_task_marker_dag.py took 0.755 seconds
[2022-12-13 21:38:18,002] {processor.py:153} INFO - Started process (PID=31480) to work on /home/igor/Documents/airflowalura/venv/lib/python3.9/site-packages/airflow/example_dags/example_external_task_marker_dag.py
[2022-12-13 21:38:18,123] {processor.py:641} INFO - Processing file /home/igor/Documents/airflowalura/venv/lib/python3.9/site-packages/airflow/example_dags/example_external_task_marker_dag.py for tasks to queue
[2022-12-13 21:38:18,125] {logging_mixin.py:115} INFO - [2022-12-13 21:38:18,125] {dagbag.py:507} INFO - Filling up the DagBag from /home/igor/Documents/airflowalura/venv/lib/python3.9/site-packages/airflow/example_dags/example_external_task_marker_dag.py
[2022-12-13 21:38:18,176] {processor.py:651} INFO - DAG(s) dict_keys(['example_external_task_marker_parent', 'example_external_task_marker_child']) retrieved from /home/igor/Documents/airflowalura/venv/lib/python3.9/site-packages/airflow/example_dags/example_external_task_marker_dag.py
[2022-12-13 21:38:18,401] {logging_mixin.py:115} INFO - [2022-12-13 21:38:18,401] {dag.py:2379} INFO - Sync 2 DAGs
[2022-12-13 21:38:18,548] {logging_mixin.py:115} INFO - [2022-12-13 21:38:18,548] {dag.py:2927} INFO - Setting next_dagrun for example_external_task_marker_child to None, run_after=None
[2022-12-13 21:38:18,549] {logging_mixin.py:115} INFO - [2022-12-13 21:38:18,549] {dag.py:2927} INFO - Setting next_dagrun for example_external_task_marker_parent to None, run_after=None
[2022-12-13 21:38:18,629] {processor.py:161} INFO - Processing /home/igor/Documents/airflowalura/venv/lib/python3.9/site-packages/airflow/example_dags/example_external_task_marker_dag.py took 0.648 seconds
[2022-12-13 23:00:54,662] {processor.py:153} INFO - Started process (PID=35238) to work on /home/igor/Documents/airflowalura/venv/lib/python3.9/site-packages/airflow/example_dags/example_external_task_marker_dag.py
[2022-12-13 23:00:54,672] {processor.py:641} INFO - Processing file /home/igor/Documents/airflowalura/venv/lib/python3.9/site-packages/airflow/example_dags/example_external_task_marker_dag.py for tasks to queue
[2022-12-13 23:00:54,673] {logging_mixin.py:115} INFO - [2022-12-13 23:00:54,673] {dagbag.py:507} INFO - Filling up the DagBag from /home/igor/Documents/airflowalura/venv/lib/python3.9/site-packages/airflow/example_dags/example_external_task_marker_dag.py
[2022-12-13 23:00:54,728] {processor.py:651} INFO - DAG(s) dict_keys(['example_external_task_marker_parent', 'example_external_task_marker_child']) retrieved from /home/igor/Documents/airflowalura/venv/lib/python3.9/site-packages/airflow/example_dags/example_external_task_marker_dag.py
[2022-12-13 23:00:54,980] {logging_mixin.py:115} INFO - [2022-12-13 23:00:54,979] {dag.py:2379} INFO - Sync 2 DAGs
[2022-12-13 23:00:55,405] {logging_mixin.py:115} INFO - [2022-12-13 23:00:55,405] {dag.py:2927} INFO - Setting next_dagrun for example_external_task_marker_child to None, run_after=None
[2022-12-13 23:00:55,408] {logging_mixin.py:115} INFO - [2022-12-13 23:00:55,407] {dag.py:2927} INFO - Setting next_dagrun for example_external_task_marker_parent to None, run_after=None
[2022-12-13 23:00:55,787] {processor.py:161} INFO - Processing /home/igor/Documents/airflowalura/venv/lib/python3.9/site-packages/airflow/example_dags/example_external_task_marker_dag.py took 1.156 seconds
[2022-12-13 23:02:58,491] {processor.py:153} INFO - Started process (PID=35718) to work on /home/igor/Documents/airflowalura/venv/lib/python3.9/site-packages/airflow/example_dags/example_external_task_marker_dag.py
[2022-12-13 23:02:58,529] {processor.py:641} INFO - Processing file /home/igor/Documents/airflowalura/venv/lib/python3.9/site-packages/airflow/example_dags/example_external_task_marker_dag.py for tasks to queue
[2022-12-13 23:02:58,533] {logging_mixin.py:115} INFO - [2022-12-13 23:02:58,531] {dagbag.py:507} INFO - Filling up the DagBag from /home/igor/Documents/airflowalura/venv/lib/python3.9/site-packages/airflow/example_dags/example_external_task_marker_dag.py
[2022-12-13 23:02:58,601] {processor.py:651} INFO - DAG(s) dict_keys(['example_external_task_marker_parent', 'example_external_task_marker_child']) retrieved from /home/igor/Documents/airflowalura/venv/lib/python3.9/site-packages/airflow/example_dags/example_external_task_marker_dag.py
[2022-12-13 23:02:59,120] {logging_mixin.py:115} INFO - [2022-12-13 23:02:59,120] {dag.py:2379} INFO - Sync 2 DAGs
[2022-12-13 23:02:59,243] {logging_mixin.py:115} INFO - [2022-12-13 23:02:59,243] {dag.py:2927} INFO - Setting next_dagrun for example_external_task_marker_child to None, run_after=None
[2022-12-13 23:02:59,244] {logging_mixin.py:115} INFO - [2022-12-13 23:02:59,244] {dag.py:2927} INFO - Setting next_dagrun for example_external_task_marker_parent to None, run_after=None
[2022-12-13 23:02:59,329] {processor.py:161} INFO - Processing /home/igor/Documents/airflowalura/venv/lib/python3.9/site-packages/airflow/example_dags/example_external_task_marker_dag.py took 0.854 seconds
[2022-12-13 23:04:31,657] {processor.py:153} INFO - Started process (PID=35929) to work on /home/igor/Documents/airflowalura/venv/lib/python3.9/site-packages/airflow/example_dags/example_external_task_marker_dag.py
[2022-12-13 23:04:31,677] {processor.py:641} INFO - Processing file /home/igor/Documents/airflowalura/venv/lib/python3.9/site-packages/airflow/example_dags/example_external_task_marker_dag.py for tasks to queue
[2022-12-13 23:04:31,679] {logging_mixin.py:115} INFO - [2022-12-13 23:04:31,679] {dagbag.py:507} INFO - Filling up the DagBag from /home/igor/Documents/airflowalura/venv/lib/python3.9/site-packages/airflow/example_dags/example_external_task_marker_dag.py
[2022-12-13 23:04:31,718] {processor.py:651} INFO - DAG(s) dict_keys(['example_external_task_marker_parent', 'example_external_task_marker_child']) retrieved from /home/igor/Documents/airflowalura/venv/lib/python3.9/site-packages/airflow/example_dags/example_external_task_marker_dag.py
[2022-12-13 23:04:32,029] {logging_mixin.py:115} INFO - [2022-12-13 23:04:32,028] {dag.py:2379} INFO - Sync 2 DAGs
[2022-12-13 23:04:32,304] {logging_mixin.py:115} INFO - [2022-12-13 23:04:32,304] {dag.py:2927} INFO - Setting next_dagrun for example_external_task_marker_child to None, run_after=None
[2022-12-13 23:04:32,305] {logging_mixin.py:115} INFO - [2022-12-13 23:04:32,305] {dag.py:2927} INFO - Setting next_dagrun for example_external_task_marker_parent to None, run_after=None
[2022-12-13 23:04:32,476] {processor.py:161} INFO - Processing /home/igor/Documents/airflowalura/venv/lib/python3.9/site-packages/airflow/example_dags/example_external_task_marker_dag.py took 0.832 seconds
[2022-12-13 23:06:26,054] {processor.py:153} INFO - Started process (PID=36165) to work on /home/igor/Documents/airflowalura/venv/lib/python3.9/site-packages/airflow/example_dags/example_external_task_marker_dag.py
[2022-12-13 23:06:26,061] {processor.py:641} INFO - Processing file /home/igor/Documents/airflowalura/venv/lib/python3.9/site-packages/airflow/example_dags/example_external_task_marker_dag.py for tasks to queue
[2022-12-13 23:06:26,067] {logging_mixin.py:115} INFO - [2022-12-13 23:06:26,066] {dagbag.py:507} INFO - Filling up the DagBag from /home/igor/Documents/airflowalura/venv/lib/python3.9/site-packages/airflow/example_dags/example_external_task_marker_dag.py
[2022-12-13 23:06:26,089] {processor.py:651} INFO - DAG(s) dict_keys(['example_external_task_marker_parent', 'example_external_task_marker_child']) retrieved from /home/igor/Documents/airflowalura/venv/lib/python3.9/site-packages/airflow/example_dags/example_external_task_marker_dag.py
[2022-12-13 23:06:26,407] {logging_mixin.py:115} INFO - [2022-12-13 23:06:26,406] {dag.py:2379} INFO - Sync 2 DAGs
[2022-12-13 23:06:26,470] {logging_mixin.py:115} INFO - [2022-12-13 23:06:26,470] {dag.py:2927} INFO - Setting next_dagrun for example_external_task_marker_child to None, run_after=None
[2022-12-13 23:06:26,473] {logging_mixin.py:115} INFO - [2022-12-13 23:06:26,472] {dag.py:2927} INFO - Setting next_dagrun for example_external_task_marker_parent to None, run_after=None
[2022-12-13 23:06:26,525] {processor.py:161} INFO - Processing /home/igor/Documents/airflowalura/venv/lib/python3.9/site-packages/airflow/example_dags/example_external_task_marker_dag.py took 0.482 seconds
[2022-12-13 23:09:09,540] {processor.py:153} INFO - Started process (PID=36424) to work on /home/igor/Documents/airflowalura/venv/lib/python3.9/site-packages/airflow/example_dags/example_external_task_marker_dag.py
[2022-12-13 23:09:09,550] {processor.py:641} INFO - Processing file /home/igor/Documents/airflowalura/venv/lib/python3.9/site-packages/airflow/example_dags/example_external_task_marker_dag.py for tasks to queue
[2022-12-13 23:09:09,604] {logging_mixin.py:115} INFO - [2022-12-13 23:09:09,604] {dagbag.py:507} INFO - Filling up the DagBag from /home/igor/Documents/airflowalura/venv/lib/python3.9/site-packages/airflow/example_dags/example_external_task_marker_dag.py
[2022-12-13 23:09:09,695] {processor.py:651} INFO - DAG(s) dict_keys(['example_external_task_marker_parent', 'example_external_task_marker_child']) retrieved from /home/igor/Documents/airflowalura/venv/lib/python3.9/site-packages/airflow/example_dags/example_external_task_marker_dag.py
[2022-12-13 23:09:10,457] {logging_mixin.py:115} INFO - [2022-12-13 23:09:10,455] {dag.py:2379} INFO - Sync 2 DAGs
[2022-12-13 23:09:10,609] {logging_mixin.py:115} INFO - [2022-12-13 23:09:10,609] {dag.py:2927} INFO - Setting next_dagrun for example_external_task_marker_child to None, run_after=None
[2022-12-13 23:09:10,610] {logging_mixin.py:115} INFO - [2022-12-13 23:09:10,610] {dag.py:2927} INFO - Setting next_dagrun for example_external_task_marker_parent to None, run_after=None
[2022-12-13 23:09:10,731] {processor.py:161} INFO - Processing /home/igor/Documents/airflowalura/venv/lib/python3.9/site-packages/airflow/example_dags/example_external_task_marker_dag.py took 1.220 seconds
[2022-12-13 23:12:42,264] {processor.py:153} INFO - Started process (PID=36823) to work on /home/igor/Documents/airflowalura/venv/lib/python3.9/site-packages/airflow/example_dags/example_external_task_marker_dag.py
[2022-12-13 23:12:42,277] {processor.py:641} INFO - Processing file /home/igor/Documents/airflowalura/venv/lib/python3.9/site-packages/airflow/example_dags/example_external_task_marker_dag.py for tasks to queue
[2022-12-13 23:12:42,286] {logging_mixin.py:115} INFO - [2022-12-13 23:12:42,279] {dagbag.py:507} INFO - Filling up the DagBag from /home/igor/Documents/airflowalura/venv/lib/python3.9/site-packages/airflow/example_dags/example_external_task_marker_dag.py
[2022-12-13 23:12:42,362] {processor.py:651} INFO - DAG(s) dict_keys(['example_external_task_marker_parent', 'example_external_task_marker_child']) retrieved from /home/igor/Documents/airflowalura/venv/lib/python3.9/site-packages/airflow/example_dags/example_external_task_marker_dag.py
[2022-12-13 23:12:42,663] {logging_mixin.py:115} INFO - [2022-12-13 23:12:42,662] {dag.py:2379} INFO - Sync 2 DAGs
[2022-12-13 23:12:42,783] {logging_mixin.py:115} INFO - [2022-12-13 23:12:42,782] {dag.py:2927} INFO - Setting next_dagrun for example_external_task_marker_child to None, run_after=None
[2022-12-13 23:12:42,788] {logging_mixin.py:115} INFO - [2022-12-13 23:12:42,788] {dag.py:2927} INFO - Setting next_dagrun for example_external_task_marker_parent to None, run_after=None
[2022-12-13 23:12:43,165] {processor.py:161} INFO - Processing /home/igor/Documents/airflowalura/venv/lib/python3.9/site-packages/airflow/example_dags/example_external_task_marker_dag.py took 0.926 seconds
[2022-12-13 23:14:18,712] {processor.py:153} INFO - Started process (PID=37180) to work on /home/igor/Documents/airflowalura/venv/lib/python3.9/site-packages/airflow/example_dags/example_external_task_marker_dag.py
[2022-12-13 23:14:18,723] {processor.py:641} INFO - Processing file /home/igor/Documents/airflowalura/venv/lib/python3.9/site-packages/airflow/example_dags/example_external_task_marker_dag.py for tasks to queue
[2022-12-13 23:14:18,735] {logging_mixin.py:115} INFO - [2022-12-13 23:14:18,734] {dagbag.py:507} INFO - Filling up the DagBag from /home/igor/Documents/airflowalura/venv/lib/python3.9/site-packages/airflow/example_dags/example_external_task_marker_dag.py
[2022-12-13 23:14:18,824] {processor.py:651} INFO - DAG(s) dict_keys(['example_external_task_marker_parent', 'example_external_task_marker_child']) retrieved from /home/igor/Documents/airflowalura/venv/lib/python3.9/site-packages/airflow/example_dags/example_external_task_marker_dag.py
[2022-12-13 23:14:19,263] {logging_mixin.py:115} INFO - [2022-12-13 23:14:19,263] {dag.py:2379} INFO - Sync 2 DAGs
[2022-12-13 23:14:19,461] {logging_mixin.py:115} INFO - [2022-12-13 23:14:19,461] {dag.py:2927} INFO - Setting next_dagrun for example_external_task_marker_child to None, run_after=None
[2022-12-13 23:14:19,462] {logging_mixin.py:115} INFO - [2022-12-13 23:14:19,462] {dag.py:2927} INFO - Setting next_dagrun for example_external_task_marker_parent to None, run_after=None
[2022-12-13 23:14:19,547] {processor.py:161} INFO - Processing /home/igor/Documents/airflowalura/venv/lib/python3.9/site-packages/airflow/example_dags/example_external_task_marker_dag.py took 0.872 seconds
[2022-12-13 23:15:51,633] {processor.py:153} INFO - Started process (PID=37391) to work on /home/igor/Documents/airflowalura/venv/lib/python3.9/site-packages/airflow/example_dags/example_external_task_marker_dag.py
[2022-12-13 23:15:51,644] {processor.py:641} INFO - Processing file /home/igor/Documents/airflowalura/venv/lib/python3.9/site-packages/airflow/example_dags/example_external_task_marker_dag.py for tasks to queue
[2022-12-13 23:15:51,647] {logging_mixin.py:115} INFO - [2022-12-13 23:15:51,646] {dagbag.py:507} INFO - Filling up the DagBag from /home/igor/Documents/airflowalura/venv/lib/python3.9/site-packages/airflow/example_dags/example_external_task_marker_dag.py
[2022-12-13 23:15:51,688] {processor.py:651} INFO - DAG(s) dict_keys(['example_external_task_marker_parent', 'example_external_task_marker_child']) retrieved from /home/igor/Documents/airflowalura/venv/lib/python3.9/site-packages/airflow/example_dags/example_external_task_marker_dag.py
[2022-12-13 23:15:51,919] {logging_mixin.py:115} INFO - [2022-12-13 23:15:51,918] {dag.py:2379} INFO - Sync 2 DAGs
[2022-12-13 23:15:52,102] {logging_mixin.py:115} INFO - [2022-12-13 23:15:52,101] {dag.py:2927} INFO - Setting next_dagrun for example_external_task_marker_child to None, run_after=None
[2022-12-13 23:15:52,102] {logging_mixin.py:115} INFO - [2022-12-13 23:15:52,102] {dag.py:2927} INFO - Setting next_dagrun for example_external_task_marker_parent to None, run_after=None
[2022-12-13 23:15:52,282] {processor.py:161} INFO - Processing /home/igor/Documents/airflowalura/venv/lib/python3.9/site-packages/airflow/example_dags/example_external_task_marker_dag.py took 0.678 seconds
[2022-12-13 23:18:34,625] {processor.py:153} INFO - Started process (PID=37641) to work on /home/igor/Documents/airflowalura/venv/lib/python3.9/site-packages/airflow/example_dags/example_external_task_marker_dag.py
[2022-12-13 23:18:34,628] {processor.py:641} INFO - Processing file /home/igor/Documents/airflowalura/venv/lib/python3.9/site-packages/airflow/example_dags/example_external_task_marker_dag.py for tasks to queue
[2022-12-13 23:18:34,629] {logging_mixin.py:115} INFO - [2022-12-13 23:18:34,629] {dagbag.py:507} INFO - Filling up the DagBag from /home/igor/Documents/airflowalura/venv/lib/python3.9/site-packages/airflow/example_dags/example_external_task_marker_dag.py
[2022-12-13 23:18:34,663] {processor.py:651} INFO - DAG(s) dict_keys(['example_external_task_marker_parent', 'example_external_task_marker_child']) retrieved from /home/igor/Documents/airflowalura/venv/lib/python3.9/site-packages/airflow/example_dags/example_external_task_marker_dag.py
[2022-12-13 23:18:34,876] {logging_mixin.py:115} INFO - [2022-12-13 23:18:34,875] {dag.py:2379} INFO - Sync 2 DAGs
[2022-12-13 23:18:35,020] {logging_mixin.py:115} INFO - [2022-12-13 23:18:35,020] {dag.py:2927} INFO - Setting next_dagrun for example_external_task_marker_child to None, run_after=None
[2022-12-13 23:18:35,031] {logging_mixin.py:115} INFO - [2022-12-13 23:18:35,021] {dag.py:2927} INFO - Setting next_dagrun for example_external_task_marker_parent to None, run_after=None
[2022-12-13 23:18:35,165] {processor.py:161} INFO - Processing /home/igor/Documents/airflowalura/venv/lib/python3.9/site-packages/airflow/example_dags/example_external_task_marker_dag.py took 0.595 seconds
[2022-12-13 23:19:56,251] {processor.py:153} INFO - Started process (PID=37839) to work on /home/igor/Documents/airflowalura/venv/lib/python3.9/site-packages/airflow/example_dags/example_external_task_marker_dag.py
[2022-12-13 23:19:56,263] {processor.py:641} INFO - Processing file /home/igor/Documents/airflowalura/venv/lib/python3.9/site-packages/airflow/example_dags/example_external_task_marker_dag.py for tasks to queue
[2022-12-13 23:19:56,275] {logging_mixin.py:115} INFO - [2022-12-13 23:19:56,269] {dagbag.py:507} INFO - Filling up the DagBag from /home/igor/Documents/airflowalura/venv/lib/python3.9/site-packages/airflow/example_dags/example_external_task_marker_dag.py
[2022-12-13 23:19:56,311] {processor.py:651} INFO - DAG(s) dict_keys(['example_external_task_marker_parent', 'example_external_task_marker_child']) retrieved from /home/igor/Documents/airflowalura/venv/lib/python3.9/site-packages/airflow/example_dags/example_external_task_marker_dag.py
[2022-12-13 23:19:56,501] {logging_mixin.py:115} INFO - [2022-12-13 23:19:56,501] {dag.py:2379} INFO - Sync 2 DAGs
[2022-12-13 23:19:56,635] {logging_mixin.py:115} INFO - [2022-12-13 23:19:56,635] {dag.py:2927} INFO - Setting next_dagrun for example_external_task_marker_child to None, run_after=None
[2022-12-13 23:19:56,636] {logging_mixin.py:115} INFO - [2022-12-13 23:19:56,636] {dag.py:2927} INFO - Setting next_dagrun for example_external_task_marker_parent to None, run_after=None
[2022-12-13 23:19:56,746] {processor.py:161} INFO - Processing /home/igor/Documents/airflowalura/venv/lib/python3.9/site-packages/airflow/example_dags/example_external_task_marker_dag.py took 0.512 seconds
[2022-12-13 23:21:09,977] {processor.py:153} INFO - Started process (PID=38033) to work on /home/igor/Documents/airflowalura/venv/lib/python3.9/site-packages/airflow/example_dags/example_external_task_marker_dag.py
[2022-12-13 23:21:09,982] {processor.py:641} INFO - Processing file /home/igor/Documents/airflowalura/venv/lib/python3.9/site-packages/airflow/example_dags/example_external_task_marker_dag.py for tasks to queue
[2022-12-13 23:21:09,983] {logging_mixin.py:115} INFO - [2022-12-13 23:21:09,983] {dagbag.py:507} INFO - Filling up the DagBag from /home/igor/Documents/airflowalura/venv/lib/python3.9/site-packages/airflow/example_dags/example_external_task_marker_dag.py
[2022-12-13 23:21:10,028] {processor.py:651} INFO - DAG(s) dict_keys(['example_external_task_marker_parent', 'example_external_task_marker_child']) retrieved from /home/igor/Documents/airflowalura/venv/lib/python3.9/site-packages/airflow/example_dags/example_external_task_marker_dag.py
[2022-12-13 23:21:10,233] {logging_mixin.py:115} INFO - [2022-12-13 23:21:10,233] {dag.py:2379} INFO - Sync 2 DAGs
[2022-12-13 23:21:10,370] {logging_mixin.py:115} INFO - [2022-12-13 23:21:10,370] {dag.py:2927} INFO - Setting next_dagrun for example_external_task_marker_child to None, run_after=None
[2022-12-13 23:21:10,379] {logging_mixin.py:115} INFO - [2022-12-13 23:21:10,379] {dag.py:2927} INFO - Setting next_dagrun for example_external_task_marker_parent to None, run_after=None
[2022-12-13 23:21:10,481] {processor.py:161} INFO - Processing /home/igor/Documents/airflowalura/venv/lib/python3.9/site-packages/airflow/example_dags/example_external_task_marker_dag.py took 0.527 seconds
[2022-12-13 23:22:25,943] {processor.py:153} INFO - Started process (PID=38236) to work on /home/igor/Documents/airflowalura/venv/lib/python3.9/site-packages/airflow/example_dags/example_external_task_marker_dag.py
[2022-12-13 23:22:25,949] {processor.py:641} INFO - Processing file /home/igor/Documents/airflowalura/venv/lib/python3.9/site-packages/airflow/example_dags/example_external_task_marker_dag.py for tasks to queue
[2022-12-13 23:22:25,950] {logging_mixin.py:115} INFO - [2022-12-13 23:22:25,950] {dagbag.py:507} INFO - Filling up the DagBag from /home/igor/Documents/airflowalura/venv/lib/python3.9/site-packages/airflow/example_dags/example_external_task_marker_dag.py
[2022-12-13 23:22:26,008] {processor.py:651} INFO - DAG(s) dict_keys(['example_external_task_marker_parent', 'example_external_task_marker_child']) retrieved from /home/igor/Documents/airflowalura/venv/lib/python3.9/site-packages/airflow/example_dags/example_external_task_marker_dag.py
[2022-12-13 23:22:26,187] {logging_mixin.py:115} INFO - [2022-12-13 23:22:26,187] {dag.py:2379} INFO - Sync 2 DAGs
[2022-12-13 23:22:26,340] {logging_mixin.py:115} INFO - [2022-12-13 23:22:26,330] {dag.py:2927} INFO - Setting next_dagrun for example_external_task_marker_child to None, run_after=None
[2022-12-13 23:22:26,341] {logging_mixin.py:115} INFO - [2022-12-13 23:22:26,341] {dag.py:2927} INFO - Setting next_dagrun for example_external_task_marker_parent to None, run_after=None
[2022-12-13 23:22:26,508] {processor.py:161} INFO - Processing /home/igor/Documents/airflowalura/venv/lib/python3.9/site-packages/airflow/example_dags/example_external_task_marker_dag.py took 0.592 seconds
[2022-12-13 23:23:47,816] {processor.py:153} INFO - Started process (PID=38507) to work on /home/igor/Documents/airflowalura/venv/lib/python3.9/site-packages/airflow/example_dags/example_external_task_marker_dag.py
[2022-12-13 23:23:47,818] {processor.py:641} INFO - Processing file /home/igor/Documents/airflowalura/venv/lib/python3.9/site-packages/airflow/example_dags/example_external_task_marker_dag.py for tasks to queue
[2022-12-13 23:23:47,819] {logging_mixin.py:115} INFO - [2022-12-13 23:23:47,819] {dagbag.py:507} INFO - Filling up the DagBag from /home/igor/Documents/airflowalura/venv/lib/python3.9/site-packages/airflow/example_dags/example_external_task_marker_dag.py
[2022-12-13 23:23:47,842] {processor.py:651} INFO - DAG(s) dict_keys(['example_external_task_marker_parent', 'example_external_task_marker_child']) retrieved from /home/igor/Documents/airflowalura/venv/lib/python3.9/site-packages/airflow/example_dags/example_external_task_marker_dag.py
[2022-12-13 23:23:48,021] {logging_mixin.py:115} INFO - [2022-12-13 23:23:48,021] {dag.py:2379} INFO - Sync 2 DAGs
[2022-12-13 23:23:48,152] {logging_mixin.py:115} INFO - [2022-12-13 23:23:48,151] {dag.py:2927} INFO - Setting next_dagrun for example_external_task_marker_child to None, run_after=None
[2022-12-13 23:23:48,152] {logging_mixin.py:115} INFO - [2022-12-13 23:23:48,152] {dag.py:2927} INFO - Setting next_dagrun for example_external_task_marker_parent to None, run_after=None
[2022-12-13 23:23:48,242] {processor.py:161} INFO - Processing /home/igor/Documents/airflowalura/venv/lib/python3.9/site-packages/airflow/example_dags/example_external_task_marker_dag.py took 0.459 seconds
[2022-12-13 23:25:02,338] {processor.py:153} INFO - Started process (PID=38683) to work on /home/igor/Documents/airflowalura/venv/lib/python3.9/site-packages/airflow/example_dags/example_external_task_marker_dag.py
[2022-12-13 23:25:02,347] {processor.py:641} INFO - Processing file /home/igor/Documents/airflowalura/venv/lib/python3.9/site-packages/airflow/example_dags/example_external_task_marker_dag.py for tasks to queue
[2022-12-13 23:25:02,350] {logging_mixin.py:115} INFO - [2022-12-13 23:25:02,350] {dagbag.py:507} INFO - Filling up the DagBag from /home/igor/Documents/airflowalura/venv/lib/python3.9/site-packages/airflow/example_dags/example_external_task_marker_dag.py
[2022-12-13 23:25:02,387] {processor.py:651} INFO - DAG(s) dict_keys(['example_external_task_marker_parent', 'example_external_task_marker_child']) retrieved from /home/igor/Documents/airflowalura/venv/lib/python3.9/site-packages/airflow/example_dags/example_external_task_marker_dag.py
[2022-12-13 23:25:02,629] {logging_mixin.py:115} INFO - [2022-12-13 23:25:02,629] {dag.py:2379} INFO - Sync 2 DAGs
[2022-12-13 23:25:02,768] {logging_mixin.py:115} INFO - [2022-12-13 23:25:02,768] {dag.py:2927} INFO - Setting next_dagrun for example_external_task_marker_child to None, run_after=None
[2022-12-13 23:25:02,769] {logging_mixin.py:115} INFO - [2022-12-13 23:25:02,769] {dag.py:2927} INFO - Setting next_dagrun for example_external_task_marker_parent to None, run_after=None
[2022-12-13 23:25:02,886] {processor.py:161} INFO - Processing /home/igor/Documents/airflowalura/venv/lib/python3.9/site-packages/airflow/example_dags/example_external_task_marker_dag.py took 0.600 seconds
[2022-12-13 23:26:15,936] {processor.py:153} INFO - Started process (PID=38874) to work on /home/igor/Documents/airflowalura/venv/lib/python3.9/site-packages/airflow/example_dags/example_external_task_marker_dag.py
[2022-12-13 23:26:15,956] {processor.py:641} INFO - Processing file /home/igor/Documents/airflowalura/venv/lib/python3.9/site-packages/airflow/example_dags/example_external_task_marker_dag.py for tasks to queue
[2022-12-13 23:26:15,957] {logging_mixin.py:115} INFO - [2022-12-13 23:26:15,957] {dagbag.py:507} INFO - Filling up the DagBag from /home/igor/Documents/airflowalura/venv/lib/python3.9/site-packages/airflow/example_dags/example_external_task_marker_dag.py
[2022-12-13 23:26:16,002] {processor.py:651} INFO - DAG(s) dict_keys(['example_external_task_marker_parent', 'example_external_task_marker_child']) retrieved from /home/igor/Documents/airflowalura/venv/lib/python3.9/site-packages/airflow/example_dags/example_external_task_marker_dag.py
[2022-12-13 23:26:16,215] {logging_mixin.py:115} INFO - [2022-12-13 23:26:16,203] {dag.py:2379} INFO - Sync 2 DAGs
[2022-12-13 23:26:16,339] {logging_mixin.py:115} INFO - [2022-12-13 23:26:16,338] {dag.py:2927} INFO - Setting next_dagrun for example_external_task_marker_child to None, run_after=None
[2022-12-13 23:26:16,348] {logging_mixin.py:115} INFO - [2022-12-13 23:26:16,347] {dag.py:2927} INFO - Setting next_dagrun for example_external_task_marker_parent to None, run_after=None
[2022-12-13 23:26:16,438] {processor.py:161} INFO - Processing /home/igor/Documents/airflowalura/venv/lib/python3.9/site-packages/airflow/example_dags/example_external_task_marker_dag.py took 0.532 seconds
[2022-12-13 23:27:31,152] {processor.py:153} INFO - Started process (PID=39060) to work on /home/igor/Documents/airflowalura/venv/lib/python3.9/site-packages/airflow/example_dags/example_external_task_marker_dag.py
[2022-12-13 23:27:31,159] {processor.py:641} INFO - Processing file /home/igor/Documents/airflowalura/venv/lib/python3.9/site-packages/airflow/example_dags/example_external_task_marker_dag.py for tasks to queue
[2022-12-13 23:27:31,160] {logging_mixin.py:115} INFO - [2022-12-13 23:27:31,160] {dagbag.py:507} INFO - Filling up the DagBag from /home/igor/Documents/airflowalura/venv/lib/python3.9/site-packages/airflow/example_dags/example_external_task_marker_dag.py
[2022-12-13 23:27:31,213] {processor.py:651} INFO - DAG(s) dict_keys(['example_external_task_marker_parent', 'example_external_task_marker_child']) retrieved from /home/igor/Documents/airflowalura/venv/lib/python3.9/site-packages/airflow/example_dags/example_external_task_marker_dag.py
[2022-12-13 23:27:31,435] {logging_mixin.py:115} INFO - [2022-12-13 23:27:31,431] {dag.py:2379} INFO - Sync 2 DAGs
[2022-12-13 23:27:31,613] {logging_mixin.py:115} INFO - [2022-12-13 23:27:31,612] {dag.py:2927} INFO - Setting next_dagrun for example_external_task_marker_child to None, run_after=None
[2022-12-13 23:27:31,618] {logging_mixin.py:115} INFO - [2022-12-13 23:27:31,618] {dag.py:2927} INFO - Setting next_dagrun for example_external_task_marker_parent to None, run_after=None
[2022-12-13 23:27:31,723] {processor.py:161} INFO - Processing /home/igor/Documents/airflowalura/venv/lib/python3.9/site-packages/airflow/example_dags/example_external_task_marker_dag.py took 0.603 seconds
