[2022-12-13 21:26:34,810] {processor.py:153} INFO - Started process (PID=29784) to work on /home/igor/Documents/airflowalura/venv/lib/python3.9/site-packages/airflow/example_dags/example_trigger_target_dag.py
[2022-12-13 21:26:34,811] {processor.py:641} INFO - Processing file /home/igor/Documents/airflowalura/venv/lib/python3.9/site-packages/airflow/example_dags/example_trigger_target_dag.py for tasks to queue
[2022-12-13 21:26:34,812] {logging_mixin.py:115} INFO - [2022-12-13 21:26:34,812] {dagbag.py:507} INFO - Filling up the DagBag from /home/igor/Documents/airflowalura/venv/lib/python3.9/site-packages/airflow/example_dags/example_trigger_target_dag.py
[2022-12-13 21:26:34,949] {processor.py:651} INFO - DAG(s) dict_keys(['example_trigger_target_dag']) retrieved from /home/igor/Documents/airflowalura/venv/lib/python3.9/site-packages/airflow/example_dags/example_trigger_target_dag.py
[2022-12-13 21:26:35,109] {logging_mixin.py:115} INFO - [2022-12-13 21:26:35,108] {dag.py:2379} INFO - Sync 1 DAGs
[2022-12-13 21:26:35,416] {logging_mixin.py:115} INFO - [2022-12-13 21:26:35,416] {dag.py:2927} INFO - Setting next_dagrun for example_trigger_target_dag to None, run_after=None
[2022-12-13 21:26:35,546] {processor.py:161} INFO - Processing /home/igor/Documents/airflowalura/venv/lib/python3.9/site-packages/airflow/example_dags/example_trigger_target_dag.py took 0.762 seconds
[2022-12-13 21:27:47,159] {processor.py:153} INFO - Started process (PID=29978) to work on /home/igor/Documents/airflowalura/venv/lib/python3.9/site-packages/airflow/example_dags/example_trigger_target_dag.py
[2022-12-13 21:27:47,165] {processor.py:641} INFO - Processing file /home/igor/Documents/airflowalura/venv/lib/python3.9/site-packages/airflow/example_dags/example_trigger_target_dag.py for tasks to queue
[2022-12-13 21:27:47,166] {logging_mixin.py:115} INFO - [2022-12-13 21:27:47,166] {dagbag.py:507} INFO - Filling up the DagBag from /home/igor/Documents/airflowalura/venv/lib/python3.9/site-packages/airflow/example_dags/example_trigger_target_dag.py
[2022-12-13 21:27:47,299] {processor.py:651} INFO - DAG(s) dict_keys(['example_trigger_target_dag']) retrieved from /home/igor/Documents/airflowalura/venv/lib/python3.9/site-packages/airflow/example_dags/example_trigger_target_dag.py
[2022-12-13 21:27:47,439] {logging_mixin.py:115} INFO - [2022-12-13 21:27:47,439] {dag.py:2379} INFO - Sync 1 DAGs
[2022-12-13 21:27:47,557] {logging_mixin.py:115} INFO - [2022-12-13 21:27:47,557] {dag.py:2927} INFO - Setting next_dagrun for example_trigger_target_dag to None, run_after=None
[2022-12-13 21:27:47,719] {processor.py:161} INFO - Processing /home/igor/Documents/airflowalura/venv/lib/python3.9/site-packages/airflow/example_dags/example_trigger_target_dag.py took 0.585 seconds
[2022-12-13 21:28:54,346] {processor.py:153} INFO - Started process (PID=30170) to work on /home/igor/Documents/airflowalura/venv/lib/python3.9/site-packages/airflow/example_dags/example_trigger_target_dag.py
[2022-12-13 21:28:54,352] {processor.py:641} INFO - Processing file /home/igor/Documents/airflowalura/venv/lib/python3.9/site-packages/airflow/example_dags/example_trigger_target_dag.py for tasks to queue
[2022-12-13 21:28:54,353] {logging_mixin.py:115} INFO - [2022-12-13 21:28:54,353] {dagbag.py:507} INFO - Filling up the DagBag from /home/igor/Documents/airflowalura/venv/lib/python3.9/site-packages/airflow/example_dags/example_trigger_target_dag.py
[2022-12-13 21:28:54,488] {processor.py:651} INFO - DAG(s) dict_keys(['example_trigger_target_dag']) retrieved from /home/igor/Documents/airflowalura/venv/lib/python3.9/site-packages/airflow/example_dags/example_trigger_target_dag.py
[2022-12-13 21:28:54,624] {logging_mixin.py:115} INFO - [2022-12-13 21:28:54,624] {dag.py:2379} INFO - Sync 1 DAGs
[2022-12-13 21:28:54,753] {logging_mixin.py:115} INFO - [2022-12-13 21:28:54,753] {dag.py:2927} INFO - Setting next_dagrun for example_trigger_target_dag to None, run_after=None
[2022-12-13 21:28:54,870] {processor.py:161} INFO - Processing /home/igor/Documents/airflowalura/venv/lib/python3.9/site-packages/airflow/example_dags/example_trigger_target_dag.py took 0.553 seconds
[2022-12-13 21:29:56,750] {processor.py:153} INFO - Started process (PID=30349) to work on /home/igor/Documents/airflowalura/venv/lib/python3.9/site-packages/airflow/example_dags/example_trigger_target_dag.py
[2022-12-13 21:29:56,764] {processor.py:641} INFO - Processing file /home/igor/Documents/airflowalura/venv/lib/python3.9/site-packages/airflow/example_dags/example_trigger_target_dag.py for tasks to queue
[2022-12-13 21:29:56,765] {logging_mixin.py:115} INFO - [2022-12-13 21:29:56,765] {dagbag.py:507} INFO - Filling up the DagBag from /home/igor/Documents/airflowalura/venv/lib/python3.9/site-packages/airflow/example_dags/example_trigger_target_dag.py
[2022-12-13 21:29:56,939] {processor.py:651} INFO - DAG(s) dict_keys(['example_trigger_target_dag']) retrieved from /home/igor/Documents/airflowalura/venv/lib/python3.9/site-packages/airflow/example_dags/example_trigger_target_dag.py
[2022-12-13 21:29:57,118] {logging_mixin.py:115} INFO - [2022-12-13 21:29:57,118] {dag.py:2379} INFO - Sync 1 DAGs
[2022-12-13 21:29:57,238] {logging_mixin.py:115} INFO - [2022-12-13 21:29:57,238] {dag.py:2927} INFO - Setting next_dagrun for example_trigger_target_dag to None, run_after=None
[2022-12-13 21:29:57,370] {processor.py:161} INFO - Processing /home/igor/Documents/airflowalura/venv/lib/python3.9/site-packages/airflow/example_dags/example_trigger_target_dag.py took 0.644 seconds
[2022-12-13 21:31:43,152] {processor.py:153} INFO - Started process (PID=30565) to work on /home/igor/Documents/airflowalura/venv/lib/python3.9/site-packages/airflow/example_dags/example_trigger_target_dag.py
[2022-12-13 21:31:43,167] {processor.py:641} INFO - Processing file /home/igor/Documents/airflowalura/venv/lib/python3.9/site-packages/airflow/example_dags/example_trigger_target_dag.py for tasks to queue
[2022-12-13 21:31:43,169] {logging_mixin.py:115} INFO - [2022-12-13 21:31:43,168] {dagbag.py:507} INFO - Filling up the DagBag from /home/igor/Documents/airflowalura/venv/lib/python3.9/site-packages/airflow/example_dags/example_trigger_target_dag.py
[2022-12-13 21:31:43,369] {processor.py:651} INFO - DAG(s) dict_keys(['example_trigger_target_dag']) retrieved from /home/igor/Documents/airflowalura/venv/lib/python3.9/site-packages/airflow/example_dags/example_trigger_target_dag.py
[2022-12-13 21:31:43,526] {logging_mixin.py:115} INFO - [2022-12-13 21:31:43,526] {dag.py:2379} INFO - Sync 1 DAGs
[2022-12-13 21:31:43,887] {logging_mixin.py:115} INFO - [2022-12-13 21:31:43,887] {dag.py:2927} INFO - Setting next_dagrun for example_trigger_target_dag to None, run_after=None
[2022-12-13 21:31:44,438] {processor.py:161} INFO - Processing /home/igor/Documents/airflowalura/venv/lib/python3.9/site-packages/airflow/example_dags/example_trigger_target_dag.py took 1.326 seconds
[2022-12-13 21:33:35,261] {processor.py:153} INFO - Started process (PID=30780) to work on /home/igor/Documents/airflowalura/venv/lib/python3.9/site-packages/airflow/example_dags/example_trigger_target_dag.py
[2022-12-13 21:33:35,272] {processor.py:641} INFO - Processing file /home/igor/Documents/airflowalura/venv/lib/python3.9/site-packages/airflow/example_dags/example_trigger_target_dag.py for tasks to queue
[2022-12-13 21:33:35,275] {logging_mixin.py:115} INFO - [2022-12-13 21:33:35,274] {dagbag.py:507} INFO - Filling up the DagBag from /home/igor/Documents/airflowalura/venv/lib/python3.9/site-packages/airflow/example_dags/example_trigger_target_dag.py
[2022-12-13 21:33:35,488] {processor.py:651} INFO - DAG(s) dict_keys(['example_trigger_target_dag']) retrieved from /home/igor/Documents/airflowalura/venv/lib/python3.9/site-packages/airflow/example_dags/example_trigger_target_dag.py
[2022-12-13 21:33:35,792] {logging_mixin.py:115} INFO - [2022-12-13 21:33:35,792] {dag.py:2379} INFO - Sync 1 DAGs
[2022-12-13 21:33:35,957] {logging_mixin.py:115} INFO - [2022-12-13 21:33:35,957] {dag.py:2927} INFO - Setting next_dagrun for example_trigger_target_dag to None, run_after=None
[2022-12-13 21:33:36,120] {processor.py:161} INFO - Processing /home/igor/Documents/airflowalura/venv/lib/python3.9/site-packages/airflow/example_dags/example_trigger_target_dag.py took 0.900 seconds
[2022-12-13 21:35:21,082] {processor.py:153} INFO - Started process (PID=30999) to work on /home/igor/Documents/airflowalura/venv/lib/python3.9/site-packages/airflow/example_dags/example_trigger_target_dag.py
[2022-12-13 21:35:21,562] {processor.py:641} INFO - Processing file /home/igor/Documents/airflowalura/venv/lib/python3.9/site-packages/airflow/example_dags/example_trigger_target_dag.py for tasks to queue
[2022-12-13 21:35:21,584] {logging_mixin.py:115} INFO - [2022-12-13 21:35:21,584] {dagbag.py:507} INFO - Filling up the DagBag from /home/igor/Documents/airflowalura/venv/lib/python3.9/site-packages/airflow/example_dags/example_trigger_target_dag.py
[2022-12-13 21:35:21,869] {processor.py:651} INFO - DAG(s) dict_keys(['example_trigger_target_dag']) retrieved from /home/igor/Documents/airflowalura/venv/lib/python3.9/site-packages/airflow/example_dags/example_trigger_target_dag.py
[2022-12-13 21:35:22,112] {logging_mixin.py:115} INFO - [2022-12-13 21:35:22,111] {dag.py:2379} INFO - Sync 1 DAGs
[2022-12-13 21:35:22,374] {logging_mixin.py:115} INFO - [2022-12-13 21:35:22,374] {dag.py:2927} INFO - Setting next_dagrun for example_trigger_target_dag to None, run_after=None
[2022-12-13 21:35:22,516] {processor.py:161} INFO - Processing /home/igor/Documents/airflowalura/venv/lib/python3.9/site-packages/airflow/example_dags/example_trigger_target_dag.py took 1.444 seconds
[2022-12-13 21:36:58,728] {processor.py:153} INFO - Started process (PID=31243) to work on /home/igor/Documents/airflowalura/venv/lib/python3.9/site-packages/airflow/example_dags/example_trigger_target_dag.py
[2022-12-13 21:36:58,733] {processor.py:641} INFO - Processing file /home/igor/Documents/airflowalura/venv/lib/python3.9/site-packages/airflow/example_dags/example_trigger_target_dag.py for tasks to queue
[2022-12-13 21:36:58,748] {logging_mixin.py:115} INFO - [2022-12-13 21:36:58,747] {dagbag.py:507} INFO - Filling up the DagBag from /home/igor/Documents/airflowalura/venv/lib/python3.9/site-packages/airflow/example_dags/example_trigger_target_dag.py
[2022-12-13 21:36:58,892] {processor.py:651} INFO - DAG(s) dict_keys(['example_trigger_target_dag']) retrieved from /home/igor/Documents/airflowalura/venv/lib/python3.9/site-packages/airflow/example_dags/example_trigger_target_dag.py
[2022-12-13 21:36:59,055] {logging_mixin.py:115} INFO - [2022-12-13 21:36:59,055] {dag.py:2379} INFO - Sync 1 DAGs
[2022-12-13 21:36:59,166] {logging_mixin.py:115} INFO - [2022-12-13 21:36:59,165] {dag.py:2927} INFO - Setting next_dagrun for example_trigger_target_dag to None, run_after=None
[2022-12-13 21:36:59,297] {processor.py:161} INFO - Processing /home/igor/Documents/airflowalura/venv/lib/python3.9/site-packages/airflow/example_dags/example_trigger_target_dag.py took 0.591 seconds
[2022-12-13 21:37:59,692] {processor.py:153} INFO - Started process (PID=31426) to work on /home/igor/Documents/airflowalura/venv/lib/python3.9/site-packages/airflow/example_dags/example_trigger_target_dag.py
[2022-12-13 21:37:59,694] {processor.py:641} INFO - Processing file /home/igor/Documents/airflowalura/venv/lib/python3.9/site-packages/airflow/example_dags/example_trigger_target_dag.py for tasks to queue
[2022-12-13 21:37:59,695] {logging_mixin.py:115} INFO - [2022-12-13 21:37:59,694] {dagbag.py:507} INFO - Filling up the DagBag from /home/igor/Documents/airflowalura/venv/lib/python3.9/site-packages/airflow/example_dags/example_trigger_target_dag.py
[2022-12-13 21:37:59,855] {processor.py:651} INFO - DAG(s) dict_keys(['example_trigger_target_dag']) retrieved from /home/igor/Documents/airflowalura/venv/lib/python3.9/site-packages/airflow/example_dags/example_trigger_target_dag.py
[2022-12-13 21:37:59,990] {logging_mixin.py:115} INFO - [2022-12-13 21:37:59,990] {dag.py:2379} INFO - Sync 1 DAGs
[2022-12-13 21:38:00,121] {logging_mixin.py:115} INFO - [2022-12-13 21:38:00,121] {dag.py:2927} INFO - Setting next_dagrun for example_trigger_target_dag to None, run_after=None
[2022-12-13 21:38:00,192] {processor.py:161} INFO - Processing /home/igor/Documents/airflowalura/venv/lib/python3.9/site-packages/airflow/example_dags/example_trigger_target_dag.py took 0.542 seconds
[2022-12-13 23:00:32,100] {processor.py:153} INFO - Started process (PID=35070) to work on /home/igor/Documents/airflowalura/venv/lib/python3.9/site-packages/airflow/example_dags/example_trigger_target_dag.py
[2022-12-13 23:00:32,108] {processor.py:641} INFO - Processing file /home/igor/Documents/airflowalura/venv/lib/python3.9/site-packages/airflow/example_dags/example_trigger_target_dag.py for tasks to queue
[2022-12-13 23:00:32,109] {logging_mixin.py:115} INFO - [2022-12-13 23:00:32,109] {dagbag.py:507} INFO - Filling up the DagBag from /home/igor/Documents/airflowalura/venv/lib/python3.9/site-packages/airflow/example_dags/example_trigger_target_dag.py
[2022-12-13 23:00:32,292] {processor.py:651} INFO - DAG(s) dict_keys(['example_trigger_target_dag']) retrieved from /home/igor/Documents/airflowalura/venv/lib/python3.9/site-packages/airflow/example_dags/example_trigger_target_dag.py
[2022-12-13 23:00:32,467] {logging_mixin.py:115} INFO - [2022-12-13 23:00:32,467] {dag.py:2379} INFO - Sync 1 DAGs
[2022-12-13 23:00:32,591] {logging_mixin.py:115} INFO - [2022-12-13 23:00:32,590] {dag.py:2927} INFO - Setting next_dagrun for example_trigger_target_dag to None, run_after=None
[2022-12-13 23:00:32,700] {processor.py:161} INFO - Processing /home/igor/Documents/airflowalura/venv/lib/python3.9/site-packages/airflow/example_dags/example_trigger_target_dag.py took 0.621 seconds
[2022-12-13 23:01:57,839] {processor.py:153} INFO - Started process (PID=35511) to work on /home/igor/Documents/airflowalura/venv/lib/python3.9/site-packages/airflow/example_dags/example_trigger_target_dag.py
[2022-12-13 23:01:57,868] {processor.py:641} INFO - Processing file /home/igor/Documents/airflowalura/venv/lib/python3.9/site-packages/airflow/example_dags/example_trigger_target_dag.py for tasks to queue
[2022-12-13 23:01:57,869] {logging_mixin.py:115} INFO - [2022-12-13 23:01:57,869] {dagbag.py:507} INFO - Filling up the DagBag from /home/igor/Documents/airflowalura/venv/lib/python3.9/site-packages/airflow/example_dags/example_trigger_target_dag.py
[2022-12-13 23:01:58,063] {processor.py:651} INFO - DAG(s) dict_keys(['example_trigger_target_dag']) retrieved from /home/igor/Documents/airflowalura/venv/lib/python3.9/site-packages/airflow/example_dags/example_trigger_target_dag.py
[2022-12-13 23:01:58,172] {logging_mixin.py:115} INFO - [2022-12-13 23:01:58,171] {dag.py:2379} INFO - Sync 1 DAGs
[2022-12-13 23:01:58,294] {logging_mixin.py:115} INFO - [2022-12-13 23:01:58,294] {dag.py:2927} INFO - Setting next_dagrun for example_trigger_target_dag to None, run_after=None
[2022-12-13 23:01:58,467] {processor.py:161} INFO - Processing /home/igor/Documents/airflowalura/venv/lib/python3.9/site-packages/airflow/example_dags/example_trigger_target_dag.py took 0.679 seconds
[2022-12-13 23:04:05,374] {processor.py:153} INFO - Started process (PID=35858) to work on /home/igor/Documents/airflowalura/venv/lib/python3.9/site-packages/airflow/example_dags/example_trigger_target_dag.py
[2022-12-13 23:04:05,380] {processor.py:641} INFO - Processing file /home/igor/Documents/airflowalura/venv/lib/python3.9/site-packages/airflow/example_dags/example_trigger_target_dag.py for tasks to queue
[2022-12-13 23:04:05,382] {logging_mixin.py:115} INFO - [2022-12-13 23:04:05,382] {dagbag.py:507} INFO - Filling up the DagBag from /home/igor/Documents/airflowalura/venv/lib/python3.9/site-packages/airflow/example_dags/example_trigger_target_dag.py
[2022-12-13 23:04:05,578] {processor.py:651} INFO - DAG(s) dict_keys(['example_trigger_target_dag']) retrieved from /home/igor/Documents/airflowalura/venv/lib/python3.9/site-packages/airflow/example_dags/example_trigger_target_dag.py
[2022-12-13 23:04:05,771] {logging_mixin.py:115} INFO - [2022-12-13 23:04:05,771] {dag.py:2379} INFO - Sync 1 DAGs
[2022-12-13 23:04:05,919] {logging_mixin.py:115} INFO - [2022-12-13 23:04:05,919] {dag.py:2927} INFO - Setting next_dagrun for example_trigger_target_dag to None, run_after=None
[2022-12-13 23:04:06,074] {processor.py:161} INFO - Processing /home/igor/Documents/airflowalura/venv/lib/python3.9/site-packages/airflow/example_dags/example_trigger_target_dag.py took 0.714 seconds
[2022-12-13 23:06:00,343] {processor.py:153} INFO - Started process (PID=36122) to work on /home/igor/Documents/airflowalura/venv/lib/python3.9/site-packages/airflow/example_dags/example_trigger_target_dag.py
[2022-12-13 23:06:00,356] {processor.py:641} INFO - Processing file /home/igor/Documents/airflowalura/venv/lib/python3.9/site-packages/airflow/example_dags/example_trigger_target_dag.py for tasks to queue
[2022-12-13 23:06:00,357] {logging_mixin.py:115} INFO - [2022-12-13 23:06:00,357] {dagbag.py:507} INFO - Filling up the DagBag from /home/igor/Documents/airflowalura/venv/lib/python3.9/site-packages/airflow/example_dags/example_trigger_target_dag.py
[2022-12-13 23:06:00,511] {processor.py:651} INFO - DAG(s) dict_keys(['example_trigger_target_dag']) retrieved from /home/igor/Documents/airflowalura/venv/lib/python3.9/site-packages/airflow/example_dags/example_trigger_target_dag.py
[2022-12-13 23:06:00,658] {logging_mixin.py:115} INFO - [2022-12-13 23:06:00,658] {dag.py:2379} INFO - Sync 1 DAGs
[2022-12-13 23:06:00,924] {logging_mixin.py:115} INFO - [2022-12-13 23:06:00,924] {dag.py:2927} INFO - Setting next_dagrun for example_trigger_target_dag to None, run_after=None
[2022-12-13 23:06:01,066] {processor.py:161} INFO - Processing /home/igor/Documents/airflowalura/venv/lib/python3.9/site-packages/airflow/example_dags/example_trigger_target_dag.py took 0.751 seconds
[2022-12-13 23:08:22,592] {processor.py:153} INFO - Started process (PID=36347) to work on /home/igor/Documents/airflowalura/venv/lib/python3.9/site-packages/airflow/example_dags/example_trigger_target_dag.py
[2022-12-13 23:08:22,609] {processor.py:641} INFO - Processing file /home/igor/Documents/airflowalura/venv/lib/python3.9/site-packages/airflow/example_dags/example_trigger_target_dag.py for tasks to queue
[2022-12-13 23:08:22,633] {logging_mixin.py:115} INFO - [2022-12-13 23:08:22,633] {dagbag.py:507} INFO - Filling up the DagBag from /home/igor/Documents/airflowalura/venv/lib/python3.9/site-packages/airflow/example_dags/example_trigger_target_dag.py
[2022-12-13 23:08:22,995] {processor.py:651} INFO - DAG(s) dict_keys(['example_trigger_target_dag']) retrieved from /home/igor/Documents/airflowalura/venv/lib/python3.9/site-packages/airflow/example_dags/example_trigger_target_dag.py
[2022-12-13 23:08:23,642] {logging_mixin.py:115} INFO - [2022-12-13 23:08:23,642] {dag.py:2379} INFO - Sync 1 DAGs
[2022-12-13 23:08:24,446] {logging_mixin.py:115} INFO - [2022-12-13 23:08:24,425] {dag.py:2927} INFO - Setting next_dagrun for example_trigger_target_dag to None, run_after=None
[2022-12-13 23:08:25,167] {processor.py:161} INFO - Processing /home/igor/Documents/airflowalura/venv/lib/python3.9/site-packages/airflow/example_dags/example_trigger_target_dag.py took 2.605 seconds
[2022-12-13 23:10:13,161] {processor.py:153} INFO - Started process (PID=36523) to work on /home/igor/Documents/airflowalura/venv/lib/python3.9/site-packages/airflow/example_dags/example_trigger_target_dag.py
[2022-12-13 23:10:13,170] {processor.py:641} INFO - Processing file /home/igor/Documents/airflowalura/venv/lib/python3.9/site-packages/airflow/example_dags/example_trigger_target_dag.py for tasks to queue
[2022-12-13 23:10:13,172] {logging_mixin.py:115} INFO - [2022-12-13 23:10:13,172] {dagbag.py:507} INFO - Filling up the DagBag from /home/igor/Documents/airflowalura/venv/lib/python3.9/site-packages/airflow/example_dags/example_trigger_target_dag.py
[2022-12-13 23:10:13,795] {processor.py:651} INFO - DAG(s) dict_keys(['example_trigger_target_dag']) retrieved from /home/igor/Documents/airflowalura/venv/lib/python3.9/site-packages/airflow/example_dags/example_trigger_target_dag.py
[2022-12-13 23:10:14,483] {logging_mixin.py:115} INFO - [2022-12-13 23:10:14,483] {dag.py:2379} INFO - Sync 1 DAGs
[2022-12-13 23:10:14,879] {logging_mixin.py:115} INFO - [2022-12-13 23:10:14,878] {dag.py:2927} INFO - Setting next_dagrun for example_trigger_target_dag to None, run_after=None
[2022-12-13 23:10:15,097] {processor.py:161} INFO - Processing /home/igor/Documents/airflowalura/venv/lib/python3.9/site-packages/airflow/example_dags/example_trigger_target_dag.py took 1.963 seconds
[2022-12-13 23:12:04,643] {processor.py:153} INFO - Started process (PID=36688) to work on /home/igor/Documents/airflowalura/venv/lib/python3.9/site-packages/airflow/example_dags/example_trigger_target_dag.py
[2022-12-13 23:12:04,695] {processor.py:641} INFO - Processing file /home/igor/Documents/airflowalura/venv/lib/python3.9/site-packages/airflow/example_dags/example_trigger_target_dag.py for tasks to queue
[2022-12-13 23:12:04,698] {logging_mixin.py:115} INFO - [2022-12-13 23:12:04,697] {dagbag.py:507} INFO - Filling up the DagBag from /home/igor/Documents/airflowalura/venv/lib/python3.9/site-packages/airflow/example_dags/example_trigger_target_dag.py
[2022-12-13 23:12:05,862] {processor.py:651} INFO - DAG(s) dict_keys(['example_trigger_target_dag']) retrieved from /home/igor/Documents/airflowalura/venv/lib/python3.9/site-packages/airflow/example_dags/example_trigger_target_dag.py
[2022-12-13 23:12:06,575] {logging_mixin.py:115} INFO - [2022-12-13 23:12:06,567] {dag.py:2379} INFO - Sync 1 DAGs
[2022-12-13 23:12:07,225] {logging_mixin.py:115} INFO - [2022-12-13 23:12:07,225] {dag.py:2927} INFO - Setting next_dagrun for example_trigger_target_dag to None, run_after=None
[2022-12-13 23:12:07,797] {processor.py:161} INFO - Processing /home/igor/Documents/airflowalura/venv/lib/python3.9/site-packages/airflow/example_dags/example_trigger_target_dag.py took 3.187 seconds
[2022-12-13 23:13:22,931] {processor.py:153} INFO - Started process (PID=37039) to work on /home/igor/Documents/airflowalura/venv/lib/python3.9/site-packages/airflow/example_dags/example_trigger_target_dag.py
[2022-12-13 23:13:22,937] {processor.py:641} INFO - Processing file /home/igor/Documents/airflowalura/venv/lib/python3.9/site-packages/airflow/example_dags/example_trigger_target_dag.py for tasks to queue
[2022-12-13 23:13:22,938] {logging_mixin.py:115} INFO - [2022-12-13 23:13:22,938] {dagbag.py:507} INFO - Filling up the DagBag from /home/igor/Documents/airflowalura/venv/lib/python3.9/site-packages/airflow/example_dags/example_trigger_target_dag.py
[2022-12-13 23:13:23,107] {processor.py:651} INFO - DAG(s) dict_keys(['example_trigger_target_dag']) retrieved from /home/igor/Documents/airflowalura/venv/lib/python3.9/site-packages/airflow/example_dags/example_trigger_target_dag.py
[2022-12-13 23:13:23,223] {logging_mixin.py:115} INFO - [2022-12-13 23:13:23,223] {dag.py:2379} INFO - Sync 1 DAGs
[2022-12-13 23:13:23,357] {logging_mixin.py:115} INFO - [2022-12-13 23:13:23,357] {dag.py:2927} INFO - Setting next_dagrun for example_trigger_target_dag to None, run_after=None
[2022-12-13 23:13:23,432] {processor.py:161} INFO - Processing /home/igor/Documents/airflowalura/venv/lib/python3.9/site-packages/airflow/example_dags/example_trigger_target_dag.py took 0.525 seconds
[2022-12-13 23:14:52,251] {processor.py:153} INFO - Started process (PID=37257) to work on /home/igor/Documents/airflowalura/venv/lib/python3.9/site-packages/airflow/example_dags/example_trigger_target_dag.py
[2022-12-13 23:14:52,258] {processor.py:641} INFO - Processing file /home/igor/Documents/airflowalura/venv/lib/python3.9/site-packages/airflow/example_dags/example_trigger_target_dag.py for tasks to queue
[2022-12-13 23:14:52,275] {logging_mixin.py:115} INFO - [2022-12-13 23:14:52,266] {dagbag.py:507} INFO - Filling up the DagBag from /home/igor/Documents/airflowalura/venv/lib/python3.9/site-packages/airflow/example_dags/example_trigger_target_dag.py
[2022-12-13 23:14:52,404] {processor.py:651} INFO - DAG(s) dict_keys(['example_trigger_target_dag']) retrieved from /home/igor/Documents/airflowalura/venv/lib/python3.9/site-packages/airflow/example_dags/example_trigger_target_dag.py
[2022-12-13 23:14:52,524] {logging_mixin.py:115} INFO - [2022-12-13 23:14:52,524] {dag.py:2379} INFO - Sync 1 DAGs
[2022-12-13 23:14:52,755] {logging_mixin.py:115} INFO - [2022-12-13 23:14:52,754] {dag.py:2927} INFO - Setting next_dagrun for example_trigger_target_dag to None, run_after=None
[2022-12-13 23:14:52,980] {processor.py:161} INFO - Processing /home/igor/Documents/airflowalura/venv/lib/python3.9/site-packages/airflow/example_dags/example_trigger_target_dag.py took 0.769 seconds
[2022-12-13 23:17:37,021] {processor.py:153} INFO - Started process (PID=37506) to work on /home/igor/Documents/airflowalura/venv/lib/python3.9/site-packages/airflow/example_dags/example_trigger_target_dag.py
[2022-12-13 23:17:37,048] {processor.py:641} INFO - Processing file /home/igor/Documents/airflowalura/venv/lib/python3.9/site-packages/airflow/example_dags/example_trigger_target_dag.py for tasks to queue
[2022-12-13 23:17:37,054] {logging_mixin.py:115} INFO - [2022-12-13 23:17:37,051] {dagbag.py:507} INFO - Filling up the DagBag from /home/igor/Documents/airflowalura/venv/lib/python3.9/site-packages/airflow/example_dags/example_trigger_target_dag.py
[2022-12-13 23:17:37,228] {processor.py:651} INFO - DAG(s) dict_keys(['example_trigger_target_dag']) retrieved from /home/igor/Documents/airflowalura/venv/lib/python3.9/site-packages/airflow/example_dags/example_trigger_target_dag.py
[2022-12-13 23:17:37,342] {logging_mixin.py:115} INFO - [2022-12-13 23:17:37,342] {dag.py:2379} INFO - Sync 1 DAGs
[2022-12-13 23:17:37,492] {logging_mixin.py:115} INFO - [2022-12-13 23:17:37,492] {dag.py:2927} INFO - Setting next_dagrun for example_trigger_target_dag to None, run_after=None
[2022-12-13 23:17:37,584] {processor.py:161} INFO - Processing /home/igor/Documents/airflowalura/venv/lib/python3.9/site-packages/airflow/example_dags/example_trigger_target_dag.py took 0.593 seconds
[2022-12-13 23:19:06,704] {processor.py:153} INFO - Started process (PID=37721) to work on /home/igor/Documents/airflowalura/venv/lib/python3.9/site-packages/airflow/example_dags/example_trigger_target_dag.py
[2022-12-13 23:19:06,708] {processor.py:641} INFO - Processing file /home/igor/Documents/airflowalura/venv/lib/python3.9/site-packages/airflow/example_dags/example_trigger_target_dag.py for tasks to queue
[2022-12-13 23:19:06,709] {logging_mixin.py:115} INFO - [2022-12-13 23:19:06,709] {dagbag.py:507} INFO - Filling up the DagBag from /home/igor/Documents/airflowalura/venv/lib/python3.9/site-packages/airflow/example_dags/example_trigger_target_dag.py
[2022-12-13 23:19:06,840] {processor.py:651} INFO - DAG(s) dict_keys(['example_trigger_target_dag']) retrieved from /home/igor/Documents/airflowalura/venv/lib/python3.9/site-packages/airflow/example_dags/example_trigger_target_dag.py
[2022-12-13 23:19:06,945] {logging_mixin.py:115} INFO - [2022-12-13 23:19:06,945] {dag.py:2379} INFO - Sync 1 DAGs
[2022-12-13 23:19:07,088] {logging_mixin.py:115} INFO - [2022-12-13 23:19:07,083] {dag.py:2927} INFO - Setting next_dagrun for example_trigger_target_dag to None, run_after=None
[2022-12-13 23:19:07,190] {processor.py:161} INFO - Processing /home/igor/Documents/airflowalura/venv/lib/python3.9/site-packages/airflow/example_dags/example_trigger_target_dag.py took 0.510 seconds
[2022-12-13 23:20:22,762] {processor.py:153} INFO - Started process (PID=37900) to work on /home/igor/Documents/airflowalura/venv/lib/python3.9/site-packages/airflow/example_dags/example_trigger_target_dag.py
[2022-12-13 23:20:22,768] {processor.py:641} INFO - Processing file /home/igor/Documents/airflowalura/venv/lib/python3.9/site-packages/airflow/example_dags/example_trigger_target_dag.py for tasks to queue
[2022-12-13 23:20:22,774] {logging_mixin.py:115} INFO - [2022-12-13 23:20:22,773] {dagbag.py:507} INFO - Filling up the DagBag from /home/igor/Documents/airflowalura/venv/lib/python3.9/site-packages/airflow/example_dags/example_trigger_target_dag.py
[2022-12-13 23:20:22,945] {processor.py:651} INFO - DAG(s) dict_keys(['example_trigger_target_dag']) retrieved from /home/igor/Documents/airflowalura/venv/lib/python3.9/site-packages/airflow/example_dags/example_trigger_target_dag.py
[2022-12-13 23:20:23,077] {logging_mixin.py:115} INFO - [2022-12-13 23:20:23,077] {dag.py:2379} INFO - Sync 1 DAGs
[2022-12-13 23:20:23,245] {logging_mixin.py:115} INFO - [2022-12-13 23:20:23,245] {dag.py:2927} INFO - Setting next_dagrun for example_trigger_target_dag to None, run_after=None
[2022-12-13 23:20:23,397] {processor.py:161} INFO - Processing /home/igor/Documents/airflowalura/venv/lib/python3.9/site-packages/airflow/example_dags/example_trigger_target_dag.py took 0.659 seconds
[2022-12-13 23:21:36,043] {processor.py:153} INFO - Started process (PID=38098) to work on /home/igor/Documents/airflowalura/venv/lib/python3.9/site-packages/airflow/example_dags/example_trigger_target_dag.py
[2022-12-13 23:21:36,056] {processor.py:641} INFO - Processing file /home/igor/Documents/airflowalura/venv/lib/python3.9/site-packages/airflow/example_dags/example_trigger_target_dag.py for tasks to queue
[2022-12-13 23:21:36,064] {logging_mixin.py:115} INFO - [2022-12-13 23:21:36,060] {dagbag.py:507} INFO - Filling up the DagBag from /home/igor/Documents/airflowalura/venv/lib/python3.9/site-packages/airflow/example_dags/example_trigger_target_dag.py
[2022-12-13 23:21:36,210] {processor.py:651} INFO - DAG(s) dict_keys(['example_trigger_target_dag']) retrieved from /home/igor/Documents/airflowalura/venv/lib/python3.9/site-packages/airflow/example_dags/example_trigger_target_dag.py
[2022-12-13 23:21:36,394] {logging_mixin.py:115} INFO - [2022-12-13 23:21:36,394] {dag.py:2379} INFO - Sync 1 DAGs
[2022-12-13 23:21:36,551] {logging_mixin.py:115} INFO - [2022-12-13 23:21:36,550] {dag.py:2927} INFO - Setting next_dagrun for example_trigger_target_dag to None, run_after=None
[2022-12-13 23:21:36,669] {processor.py:161} INFO - Processing /home/igor/Documents/airflowalura/venv/lib/python3.9/site-packages/airflow/example_dags/example_trigger_target_dag.py took 0.650 seconds
[2022-12-13 23:22:56,181] {processor.py:153} INFO - Started process (PID=38334) to work on /home/igor/Documents/airflowalura/venv/lib/python3.9/site-packages/airflow/example_dags/example_trigger_target_dag.py
[2022-12-13 23:22:56,193] {processor.py:641} INFO - Processing file /home/igor/Documents/airflowalura/venv/lib/python3.9/site-packages/airflow/example_dags/example_trigger_target_dag.py for tasks to queue
[2022-12-13 23:22:56,196] {logging_mixin.py:115} INFO - [2022-12-13 23:22:56,195] {dagbag.py:507} INFO - Filling up the DagBag from /home/igor/Documents/airflowalura/venv/lib/python3.9/site-packages/airflow/example_dags/example_trigger_target_dag.py
[2022-12-13 23:22:56,397] {processor.py:651} INFO - DAG(s) dict_keys(['example_trigger_target_dag']) retrieved from /home/igor/Documents/airflowalura/venv/lib/python3.9/site-packages/airflow/example_dags/example_trigger_target_dag.py
[2022-12-13 23:22:56,578] {logging_mixin.py:115} INFO - [2022-12-13 23:22:56,577] {dag.py:2379} INFO - Sync 1 DAGs
[2022-12-13 23:22:56,730] {logging_mixin.py:115} INFO - [2022-12-13 23:22:56,729] {dag.py:2927} INFO - Setting next_dagrun for example_trigger_target_dag to None, run_after=None
[2022-12-13 23:22:56,848] {processor.py:161} INFO - Processing /home/igor/Documents/airflowalura/venv/lib/python3.9/site-packages/airflow/example_dags/example_trigger_target_dag.py took 0.699 seconds
[2022-12-13 23:24:15,347] {processor.py:153} INFO - Started process (PID=38569) to work on /home/igor/Documents/airflowalura/venv/lib/python3.9/site-packages/airflow/example_dags/example_trigger_target_dag.py
[2022-12-13 23:24:15,360] {processor.py:641} INFO - Processing file /home/igor/Documents/airflowalura/venv/lib/python3.9/site-packages/airflow/example_dags/example_trigger_target_dag.py for tasks to queue
[2022-12-13 23:24:15,366] {logging_mixin.py:115} INFO - [2022-12-13 23:24:15,362] {dagbag.py:507} INFO - Filling up the DagBag from /home/igor/Documents/airflowalura/venv/lib/python3.9/site-packages/airflow/example_dags/example_trigger_target_dag.py
[2022-12-13 23:24:15,530] {processor.py:651} INFO - DAG(s) dict_keys(['example_trigger_target_dag']) retrieved from /home/igor/Documents/airflowalura/venv/lib/python3.9/site-packages/airflow/example_dags/example_trigger_target_dag.py
[2022-12-13 23:24:15,657] {logging_mixin.py:115} INFO - [2022-12-13 23:24:15,657] {dag.py:2379} INFO - Sync 1 DAGs
[2022-12-13 23:24:15,826] {logging_mixin.py:115} INFO - [2022-12-13 23:24:15,826] {dag.py:2927} INFO - Setting next_dagrun for example_trigger_target_dag to None, run_after=None
[2022-12-13 23:24:15,945] {processor.py:161} INFO - Processing /home/igor/Documents/airflowalura/venv/lib/python3.9/site-packages/airflow/example_dags/example_trigger_target_dag.py took 0.631 seconds
[2022-12-13 23:25:28,015] {processor.py:153} INFO - Started process (PID=38747) to work on /home/igor/Documents/airflowalura/venv/lib/python3.9/site-packages/airflow/example_dags/example_trigger_target_dag.py
[2022-12-13 23:25:28,024] {processor.py:641} INFO - Processing file /home/igor/Documents/airflowalura/venv/lib/python3.9/site-packages/airflow/example_dags/example_trigger_target_dag.py for tasks to queue
[2022-12-13 23:25:28,025] {logging_mixin.py:115} INFO - [2022-12-13 23:25:28,025] {dagbag.py:507} INFO - Filling up the DagBag from /home/igor/Documents/airflowalura/venv/lib/python3.9/site-packages/airflow/example_dags/example_trigger_target_dag.py
[2022-12-13 23:25:28,186] {processor.py:651} INFO - DAG(s) dict_keys(['example_trigger_target_dag']) retrieved from /home/igor/Documents/airflowalura/venv/lib/python3.9/site-packages/airflow/example_dags/example_trigger_target_dag.py
[2022-12-13 23:25:28,303] {logging_mixin.py:115} INFO - [2022-12-13 23:25:28,302] {dag.py:2379} INFO - Sync 1 DAGs
[2022-12-13 23:25:28,451] {logging_mixin.py:115} INFO - [2022-12-13 23:25:28,450] {dag.py:2927} INFO - Setting next_dagrun for example_trigger_target_dag to None, run_after=None
[2022-12-13 23:25:28,552] {processor.py:161} INFO - Processing /home/igor/Documents/airflowalura/venv/lib/python3.9/site-packages/airflow/example_dags/example_trigger_target_dag.py took 0.566 seconds
[2022-12-13 23:26:41,309] {processor.py:153} INFO - Started process (PID=38934) to work on /home/igor/Documents/airflowalura/venv/lib/python3.9/site-packages/airflow/example_dags/example_trigger_target_dag.py
[2022-12-13 23:26:41,314] {processor.py:641} INFO - Processing file /home/igor/Documents/airflowalura/venv/lib/python3.9/site-packages/airflow/example_dags/example_trigger_target_dag.py for tasks to queue
[2022-12-13 23:26:41,316] {logging_mixin.py:115} INFO - [2022-12-13 23:26:41,316] {dagbag.py:507} INFO - Filling up the DagBag from /home/igor/Documents/airflowalura/venv/lib/python3.9/site-packages/airflow/example_dags/example_trigger_target_dag.py
[2022-12-13 23:26:41,454] {processor.py:651} INFO - DAG(s) dict_keys(['example_trigger_target_dag']) retrieved from /home/igor/Documents/airflowalura/venv/lib/python3.9/site-packages/airflow/example_dags/example_trigger_target_dag.py
[2022-12-13 23:26:41,562] {logging_mixin.py:115} INFO - [2022-12-13 23:26:41,561] {dag.py:2379} INFO - Sync 1 DAGs
[2022-12-13 23:26:41,709] {logging_mixin.py:115} INFO - [2022-12-13 23:26:41,709] {dag.py:2927} INFO - Setting next_dagrun for example_trigger_target_dag to None, run_after=None
[2022-12-13 23:26:41,821] {processor.py:161} INFO - Processing /home/igor/Documents/airflowalura/venv/lib/python3.9/site-packages/airflow/example_dags/example_trigger_target_dag.py took 0.549 seconds
