[2022-12-13 21:26:18,272] {processor.py:153} INFO - Started process (PID=29752) to work on /home/igor/Documents/airflowalura/venv/lib/python3.9/site-packages/airflow/example_dags/tutorial.py
[2022-12-13 21:26:18,274] {processor.py:641} INFO - Processing file /home/igor/Documents/airflowalura/venv/lib/python3.9/site-packages/airflow/example_dags/tutorial.py for tasks to queue
[2022-12-13 21:26:18,276] {logging_mixin.py:115} INFO - [2022-12-13 21:26:18,276] {dagbag.py:507} INFO - Filling up the DagBag from /home/igor/Documents/airflowalura/venv/lib/python3.9/site-packages/airflow/example_dags/tutorial.py
[2022-12-13 21:26:18,326] {processor.py:651} INFO - DAG(s) dict_keys(['tutorial']) retrieved from /home/igor/Documents/airflowalura/venv/lib/python3.9/site-packages/airflow/example_dags/tutorial.py
[2022-12-13 21:26:18,758] {logging_mixin.py:115} INFO - [2022-12-13 21:26:18,757] {dag.py:2379} INFO - Sync 1 DAGs
[2022-12-13 21:26:19,174] {logging_mixin.py:115} INFO - [2022-12-13 21:26:19,174] {dag.py:2927} INFO - Setting next_dagrun for tutorial to 2022-12-13T00:26:19.173494+00:00, run_after=2022-12-14T00:26:19.173494+00:00
[2022-12-13 21:26:19,381] {processor.py:161} INFO - Processing /home/igor/Documents/airflowalura/venv/lib/python3.9/site-packages/airflow/example_dags/tutorial.py took 1.150 seconds
[2022-12-13 21:27:38,950] {processor.py:153} INFO - Started process (PID=29953) to work on /home/igor/Documents/airflowalura/venv/lib/python3.9/site-packages/airflow/example_dags/tutorial.py
[2022-12-13 21:27:38,954] {processor.py:641} INFO - Processing file /home/igor/Documents/airflowalura/venv/lib/python3.9/site-packages/airflow/example_dags/tutorial.py for tasks to queue
[2022-12-13 21:27:38,956] {logging_mixin.py:115} INFO - [2022-12-13 21:27:38,956] {dagbag.py:507} INFO - Filling up the DagBag from /home/igor/Documents/airflowalura/venv/lib/python3.9/site-packages/airflow/example_dags/tutorial.py
[2022-12-13 21:27:39,008] {processor.py:651} INFO - DAG(s) dict_keys(['tutorial']) retrieved from /home/igor/Documents/airflowalura/venv/lib/python3.9/site-packages/airflow/example_dags/tutorial.py
[2022-12-13 21:27:39,116] {logging_mixin.py:115} INFO - [2022-12-13 21:27:39,116] {dag.py:2379} INFO - Sync 1 DAGs
[2022-12-13 21:27:39,263] {logging_mixin.py:115} INFO - [2022-12-13 21:27:39,262] {dag.py:2927} INFO - Setting next_dagrun for tutorial to 2022-12-13T00:27:39.261585+00:00, run_after=2022-12-14T00:27:39.261585+00:00
[2022-12-13 21:27:39,363] {processor.py:161} INFO - Processing /home/igor/Documents/airflowalura/venv/lib/python3.9/site-packages/airflow/example_dags/tutorial.py took 0.446 seconds
[2022-12-13 21:28:45,012] {processor.py:153} INFO - Started process (PID=30141) to work on /home/igor/Documents/airflowalura/venv/lib/python3.9/site-packages/airflow/example_dags/tutorial.py
[2022-12-13 21:28:45,020] {processor.py:641} INFO - Processing file /home/igor/Documents/airflowalura/venv/lib/python3.9/site-packages/airflow/example_dags/tutorial.py for tasks to queue
[2022-12-13 21:28:45,021] {logging_mixin.py:115} INFO - [2022-12-13 21:28:45,021] {dagbag.py:507} INFO - Filling up the DagBag from /home/igor/Documents/airflowalura/venv/lib/python3.9/site-packages/airflow/example_dags/tutorial.py
[2022-12-13 21:28:45,052] {processor.py:651} INFO - DAG(s) dict_keys(['tutorial']) retrieved from /home/igor/Documents/airflowalura/venv/lib/python3.9/site-packages/airflow/example_dags/tutorial.py
[2022-12-13 21:28:45,170] {logging_mixin.py:115} INFO - [2022-12-13 21:28:45,170] {dag.py:2379} INFO - Sync 1 DAGs
[2022-12-13 21:28:45,224] {logging_mixin.py:115} INFO - [2022-12-13 21:28:45,224] {dag.py:2927} INFO - Setting next_dagrun for tutorial to 2022-12-13T00:28:45.223462+00:00, run_after=2022-12-14T00:28:45.223462+00:00
[2022-12-13 21:28:45,286] {processor.py:161} INFO - Processing /home/igor/Documents/airflowalura/venv/lib/python3.9/site-packages/airflow/example_dags/tutorial.py took 0.293 seconds
[2022-12-13 21:29:43,398] {processor.py:153} INFO - Started process (PID=30323) to work on /home/igor/Documents/airflowalura/venv/lib/python3.9/site-packages/airflow/example_dags/tutorial.py
[2022-12-13 21:29:43,411] {processor.py:641} INFO - Processing file /home/igor/Documents/airflowalura/venv/lib/python3.9/site-packages/airflow/example_dags/tutorial.py for tasks to queue
[2022-12-13 21:29:43,413] {logging_mixin.py:115} INFO - [2022-12-13 21:29:43,413] {dagbag.py:507} INFO - Filling up the DagBag from /home/igor/Documents/airflowalura/venv/lib/python3.9/site-packages/airflow/example_dags/tutorial.py
[2022-12-13 21:29:43,442] {processor.py:651} INFO - DAG(s) dict_keys(['tutorial']) retrieved from /home/igor/Documents/airflowalura/venv/lib/python3.9/site-packages/airflow/example_dags/tutorial.py
[2022-12-13 21:29:43,579] {logging_mixin.py:115} INFO - [2022-12-13 21:29:43,571] {dag.py:2379} INFO - Sync 1 DAGs
[2022-12-13 21:29:43,989] {logging_mixin.py:115} INFO - [2022-12-13 21:29:43,989] {dag.py:2927} INFO - Setting next_dagrun for tutorial to 2022-12-13T00:29:43.988306+00:00, run_after=2022-12-14T00:29:43.988306+00:00
[2022-12-13 21:29:44,094] {processor.py:161} INFO - Processing /home/igor/Documents/airflowalura/venv/lib/python3.9/site-packages/airflow/example_dags/tutorial.py took 0.728 seconds
[2022-12-13 21:30:32,076] {processor.py:153} INFO - Started process (PID=30422) to work on /home/igor/Documents/airflowalura/venv/lib/python3.9/site-packages/airflow/example_dags/tutorial.py
[2022-12-13 21:30:32,080] {processor.py:641} INFO - Processing file /home/igor/Documents/airflowalura/venv/lib/python3.9/site-packages/airflow/example_dags/tutorial.py for tasks to queue
[2022-12-13 21:30:32,082] {logging_mixin.py:115} INFO - [2022-12-13 21:30:32,081] {dagbag.py:507} INFO - Filling up the DagBag from /home/igor/Documents/airflowalura/venv/lib/python3.9/site-packages/airflow/example_dags/tutorial.py
[2022-12-13 21:30:32,140] {processor.py:651} INFO - DAG(s) dict_keys(['tutorial']) retrieved from /home/igor/Documents/airflowalura/venv/lib/python3.9/site-packages/airflow/example_dags/tutorial.py
[2022-12-13 21:30:32,457] {logging_mixin.py:115} INFO - [2022-12-13 21:30:32,457] {dag.py:2379} INFO - Sync 1 DAGs
[2022-12-13 21:30:32,591] {logging_mixin.py:115} INFO - [2022-12-13 21:30:32,591] {dag.py:2927} INFO - Setting next_dagrun for tutorial to 2022-12-13T00:30:32.590358+00:00, run_after=2022-12-14T00:30:32.590358+00:00
[2022-12-13 21:30:32,981] {processor.py:161} INFO - Processing /home/igor/Documents/airflowalura/venv/lib/python3.9/site-packages/airflow/example_dags/tutorial.py took 0.928 seconds
[2022-12-13 21:31:29,052] {processor.py:153} INFO - Started process (PID=30534) to work on /home/igor/Documents/airflowalura/venv/lib/python3.9/site-packages/airflow/example_dags/tutorial.py
[2022-12-13 21:31:29,064] {processor.py:641} INFO - Processing file /home/igor/Documents/airflowalura/venv/lib/python3.9/site-packages/airflow/example_dags/tutorial.py for tasks to queue
[2022-12-13 21:31:29,066] {logging_mixin.py:115} INFO - [2022-12-13 21:31:29,066] {dagbag.py:507} INFO - Filling up the DagBag from /home/igor/Documents/airflowalura/venv/lib/python3.9/site-packages/airflow/example_dags/tutorial.py
[2022-12-13 21:31:29,119] {processor.py:651} INFO - DAG(s) dict_keys(['tutorial']) retrieved from /home/igor/Documents/airflowalura/venv/lib/python3.9/site-packages/airflow/example_dags/tutorial.py
[2022-12-13 21:31:29,312] {logging_mixin.py:115} INFO - [2022-12-13 21:31:29,311] {dag.py:2379} INFO - Sync 1 DAGs
[2022-12-13 21:31:29,600] {logging_mixin.py:115} INFO - [2022-12-13 21:31:29,600] {dag.py:2927} INFO - Setting next_dagrun for tutorial to 2022-12-13T00:31:29.590821+00:00, run_after=2022-12-14T00:31:29.590821+00:00
[2022-12-13 21:31:29,794] {processor.py:161} INFO - Processing /home/igor/Documents/airflowalura/venv/lib/python3.9/site-packages/airflow/example_dags/tutorial.py took 0.805 seconds
[2022-12-13 21:32:23,761] {processor.py:153} INFO - Started process (PID=30649) to work on /home/igor/Documents/airflowalura/venv/lib/python3.9/site-packages/airflow/example_dags/tutorial.py
[2022-12-13 21:32:23,785] {processor.py:641} INFO - Processing file /home/igor/Documents/airflowalura/venv/lib/python3.9/site-packages/airflow/example_dags/tutorial.py for tasks to queue
[2022-12-13 21:32:23,788] {logging_mixin.py:115} INFO - [2022-12-13 21:32:23,788] {dagbag.py:507} INFO - Filling up the DagBag from /home/igor/Documents/airflowalura/venv/lib/python3.9/site-packages/airflow/example_dags/tutorial.py
[2022-12-13 21:32:23,861] {processor.py:651} INFO - DAG(s) dict_keys(['tutorial']) retrieved from /home/igor/Documents/airflowalura/venv/lib/python3.9/site-packages/airflow/example_dags/tutorial.py
[2022-12-13 21:32:23,991] {logging_mixin.py:115} INFO - [2022-12-13 21:32:23,990] {dag.py:2379} INFO - Sync 1 DAGs
[2022-12-13 21:32:24,288] {logging_mixin.py:115} INFO - [2022-12-13 21:32:24,288] {dag.py:2927} INFO - Setting next_dagrun for tutorial to 2022-12-13T00:32:24.286423+00:00, run_after=2022-12-14T00:32:24.286423+00:00
[2022-12-13 21:32:24,568] {processor.py:161} INFO - Processing /home/igor/Documents/airflowalura/venv/lib/python3.9/site-packages/airflow/example_dags/tutorial.py took 0.848 seconds
[2022-12-13 21:33:22,481] {processor.py:153} INFO - Started process (PID=30755) to work on /home/igor/Documents/airflowalura/venv/lib/python3.9/site-packages/airflow/example_dags/tutorial.py
[2022-12-13 21:33:22,488] {processor.py:641} INFO - Processing file /home/igor/Documents/airflowalura/venv/lib/python3.9/site-packages/airflow/example_dags/tutorial.py for tasks to queue
[2022-12-13 21:33:22,491] {logging_mixin.py:115} INFO - [2022-12-13 21:33:22,490] {dagbag.py:507} INFO - Filling up the DagBag from /home/igor/Documents/airflowalura/venv/lib/python3.9/site-packages/airflow/example_dags/tutorial.py
[2022-12-13 21:33:22,648] {processor.py:651} INFO - DAG(s) dict_keys(['tutorial']) retrieved from /home/igor/Documents/airflowalura/venv/lib/python3.9/site-packages/airflow/example_dags/tutorial.py
[2022-12-13 21:33:23,031] {logging_mixin.py:115} INFO - [2022-12-13 21:33:23,030] {dag.py:2379} INFO - Sync 1 DAGs
[2022-12-13 21:33:23,294] {logging_mixin.py:115} INFO - [2022-12-13 21:33:23,293] {dag.py:2927} INFO - Setting next_dagrun for tutorial to 2022-12-13T00:33:23.291091+00:00, run_after=2022-12-14T00:33:23.291091+00:00
[2022-12-13 21:33:23,490] {processor.py:161} INFO - Processing /home/igor/Documents/airflowalura/venv/lib/python3.9/site-packages/airflow/example_dags/tutorial.py took 1.097 seconds
[2022-12-13 21:34:15,090] {processor.py:153} INFO - Started process (PID=30869) to work on /home/igor/Documents/airflowalura/venv/lib/python3.9/site-packages/airflow/example_dags/tutorial.py
[2022-12-13 21:34:15,102] {processor.py:641} INFO - Processing file /home/igor/Documents/airflowalura/venv/lib/python3.9/site-packages/airflow/example_dags/tutorial.py for tasks to queue
[2022-12-13 21:34:15,104] {logging_mixin.py:115} INFO - [2022-12-13 21:34:15,104] {dagbag.py:507} INFO - Filling up the DagBag from /home/igor/Documents/airflowalura/venv/lib/python3.9/site-packages/airflow/example_dags/tutorial.py
[2022-12-13 21:34:15,190] {processor.py:651} INFO - DAG(s) dict_keys(['tutorial']) retrieved from /home/igor/Documents/airflowalura/venv/lib/python3.9/site-packages/airflow/example_dags/tutorial.py
[2022-12-13 21:34:15,345] {logging_mixin.py:115} INFO - [2022-12-13 21:34:15,345] {dag.py:2379} INFO - Sync 1 DAGs
[2022-12-13 21:34:15,986] {logging_mixin.py:115} INFO - [2022-12-13 21:34:15,986] {dag.py:2927} INFO - Setting next_dagrun for tutorial to 2022-12-13T00:34:15.985860+00:00, run_after=2022-12-14T00:34:15.985860+00:00
[2022-12-13 21:34:16,230] {processor.py:161} INFO - Processing /home/igor/Documents/airflowalura/venv/lib/python3.9/site-packages/airflow/example_dags/tutorial.py took 1.182 seconds
[2022-12-13 21:35:09,359] {processor.py:153} INFO - Started process (PID=30974) to work on /home/igor/Documents/airflowalura/venv/lib/python3.9/site-packages/airflow/example_dags/tutorial.py
[2022-12-13 21:35:09,374] {processor.py:641} INFO - Processing file /home/igor/Documents/airflowalura/venv/lib/python3.9/site-packages/airflow/example_dags/tutorial.py for tasks to queue
[2022-12-13 21:35:09,377] {logging_mixin.py:115} INFO - [2022-12-13 21:35:09,377] {dagbag.py:507} INFO - Filling up the DagBag from /home/igor/Documents/airflowalura/venv/lib/python3.9/site-packages/airflow/example_dags/tutorial.py
[2022-12-13 21:35:09,426] {processor.py:651} INFO - DAG(s) dict_keys(['tutorial']) retrieved from /home/igor/Documents/airflowalura/venv/lib/python3.9/site-packages/airflow/example_dags/tutorial.py
[2022-12-13 21:35:09,572] {logging_mixin.py:115} INFO - [2022-12-13 21:35:09,572] {dag.py:2379} INFO - Sync 1 DAGs
[2022-12-13 21:35:09,784] {logging_mixin.py:115} INFO - [2022-12-13 21:35:09,784] {dag.py:2927} INFO - Setting next_dagrun for tutorial to 2022-12-13T00:35:09.783282+00:00, run_after=2022-12-14T00:35:09.783282+00:00
[2022-12-13 21:35:09,997] {processor.py:161} INFO - Processing /home/igor/Documents/airflowalura/venv/lib/python3.9/site-packages/airflow/example_dags/tutorial.py took 0.664 seconds
[2022-12-13 21:36:46,445] {processor.py:153} INFO - Started process (PID=31128) to work on /home/igor/Documents/airflowalura/venv/lib/python3.9/site-packages/airflow/example_dags/tutorial.py
[2022-12-13 21:36:46,452] {processor.py:641} INFO - Processing file /home/igor/Documents/airflowalura/venv/lib/python3.9/site-packages/airflow/example_dags/tutorial.py for tasks to queue
[2022-12-13 21:36:46,454] {logging_mixin.py:115} INFO - [2022-12-13 21:36:46,453] {dagbag.py:507} INFO - Filling up the DagBag from /home/igor/Documents/airflowalura/venv/lib/python3.9/site-packages/airflow/example_dags/tutorial.py
[2022-12-13 21:36:46,525] {processor.py:651} INFO - DAG(s) dict_keys(['tutorial']) retrieved from /home/igor/Documents/airflowalura/venv/lib/python3.9/site-packages/airflow/example_dags/tutorial.py
[2022-12-13 21:36:46,724] {logging_mixin.py:115} INFO - [2022-12-13 21:36:46,724] {dag.py:2379} INFO - Sync 1 DAGs
[2022-12-13 21:36:47,036] {logging_mixin.py:115} INFO - [2022-12-13 21:36:47,036] {dag.py:2927} INFO - Setting next_dagrun for tutorial to 2022-12-13T00:36:47.035872+00:00, run_after=2022-12-14T00:36:47.035872+00:00
[2022-12-13 21:36:47,326] {processor.py:161} INFO - Processing /home/igor/Documents/airflowalura/venv/lib/python3.9/site-packages/airflow/example_dags/tutorial.py took 0.890 seconds
[2022-12-13 21:37:49,873] {processor.py:153} INFO - Started process (PID=31404) to work on /home/igor/Documents/airflowalura/venv/lib/python3.9/site-packages/airflow/example_dags/tutorial.py
[2022-12-13 21:37:49,886] {processor.py:641} INFO - Processing file /home/igor/Documents/airflowalura/venv/lib/python3.9/site-packages/airflow/example_dags/tutorial.py for tasks to queue
[2022-12-13 21:37:49,888] {logging_mixin.py:115} INFO - [2022-12-13 21:37:49,887] {dagbag.py:507} INFO - Filling up the DagBag from /home/igor/Documents/airflowalura/venv/lib/python3.9/site-packages/airflow/example_dags/tutorial.py
[2022-12-13 21:37:49,942] {processor.py:651} INFO - DAG(s) dict_keys(['tutorial']) retrieved from /home/igor/Documents/airflowalura/venv/lib/python3.9/site-packages/airflow/example_dags/tutorial.py
[2022-12-13 21:37:50,081] {logging_mixin.py:115} INFO - [2022-12-13 21:37:50,081] {dag.py:2379} INFO - Sync 1 DAGs
[2022-12-13 21:37:50,283] {logging_mixin.py:115} INFO - [2022-12-13 21:37:50,282] {dag.py:2927} INFO - Setting next_dagrun for tutorial to 2022-12-13T00:37:50.281466+00:00, run_after=2022-12-14T00:37:50.281466+00:00
[2022-12-13 21:37:50,384] {processor.py:161} INFO - Processing /home/igor/Documents/airflowalura/venv/lib/python3.9/site-packages/airflow/example_dags/tutorial.py took 0.533 seconds
[2022-12-13 21:38:29,130] {processor.py:153} INFO - Started process (PID=31513) to work on /home/igor/Documents/airflowalura/venv/lib/python3.9/site-packages/airflow/example_dags/tutorial.py
[2022-12-13 21:38:29,132] {processor.py:641} INFO - Processing file /home/igor/Documents/airflowalura/venv/lib/python3.9/site-packages/airflow/example_dags/tutorial.py for tasks to queue
[2022-12-13 21:38:29,134] {logging_mixin.py:115} INFO - [2022-12-13 21:38:29,133] {dagbag.py:507} INFO - Filling up the DagBag from /home/igor/Documents/airflowalura/venv/lib/python3.9/site-packages/airflow/example_dags/tutorial.py
[2022-12-13 21:38:29,169] {processor.py:651} INFO - DAG(s) dict_keys(['tutorial']) retrieved from /home/igor/Documents/airflowalura/venv/lib/python3.9/site-packages/airflow/example_dags/tutorial.py
[2022-12-13 21:38:29,286] {logging_mixin.py:115} INFO - [2022-12-13 21:38:29,286] {dag.py:2379} INFO - Sync 1 DAGs
[2022-12-13 21:38:29,465] {logging_mixin.py:115} INFO - [2022-12-13 21:38:29,465] {dag.py:2927} INFO - Setting next_dagrun for tutorial to 2022-12-13T00:38:29.465227+00:00, run_after=2022-12-14T00:38:29.465227+00:00
[2022-12-13 21:38:29,544] {processor.py:161} INFO - Processing /home/igor/Documents/airflowalura/venv/lib/python3.9/site-packages/airflow/example_dags/tutorial.py took 0.442 seconds
[2022-12-13 23:00:20,659] {processor.py:153} INFO - Started process (PID=35027) to work on /home/igor/Documents/airflowalura/venv/lib/python3.9/site-packages/airflow/example_dags/tutorial.py
[2022-12-13 23:00:20,699] {processor.py:641} INFO - Processing file /home/igor/Documents/airflowalura/venv/lib/python3.9/site-packages/airflow/example_dags/tutorial.py for tasks to queue
[2022-12-13 23:00:20,701] {logging_mixin.py:115} INFO - [2022-12-13 23:00:20,701] {dagbag.py:507} INFO - Filling up the DagBag from /home/igor/Documents/airflowalura/venv/lib/python3.9/site-packages/airflow/example_dags/tutorial.py
[2022-12-13 23:00:20,764] {processor.py:651} INFO - DAG(s) dict_keys(['tutorial']) retrieved from /home/igor/Documents/airflowalura/venv/lib/python3.9/site-packages/airflow/example_dags/tutorial.py
[2022-12-13 23:00:20,962] {logging_mixin.py:115} INFO - [2022-12-13 23:00:20,961] {dag.py:2379} INFO - Sync 1 DAGs
[2022-12-13 23:00:21,285] {logging_mixin.py:115} INFO - [2022-12-13 23:00:21,284] {dag.py:2927} INFO - Setting next_dagrun for tutorial to 2022-12-13T02:00:21.275935+00:00, run_after=2022-12-14T02:00:21.275935+00:00
[2022-12-13 23:00:21,472] {processor.py:161} INFO - Processing /home/igor/Documents/airflowalura/venv/lib/python3.9/site-packages/airflow/example_dags/tutorial.py took 0.852 seconds
[2022-12-13 23:01:47,841] {processor.py:153} INFO - Started process (PID=35478) to work on /home/igor/Documents/airflowalura/venv/lib/python3.9/site-packages/airflow/example_dags/tutorial.py
[2022-12-13 23:01:47,854] {processor.py:641} INFO - Processing file /home/igor/Documents/airflowalura/venv/lib/python3.9/site-packages/airflow/example_dags/tutorial.py for tasks to queue
[2022-12-13 23:01:47,867] {logging_mixin.py:115} INFO - [2022-12-13 23:01:47,866] {dagbag.py:507} INFO - Filling up the DagBag from /home/igor/Documents/airflowalura/venv/lib/python3.9/site-packages/airflow/example_dags/tutorial.py
[2022-12-13 23:01:47,944] {processor.py:651} INFO - DAG(s) dict_keys(['tutorial']) retrieved from /home/igor/Documents/airflowalura/venv/lib/python3.9/site-packages/airflow/example_dags/tutorial.py
[2022-12-13 23:01:48,233] {logging_mixin.py:115} INFO - [2022-12-13 23:01:48,232] {dag.py:2379} INFO - Sync 1 DAGs
[2022-12-13 23:01:48,461] {logging_mixin.py:115} INFO - [2022-12-13 23:01:48,460] {dag.py:2927} INFO - Setting next_dagrun for tutorial to 2022-12-13T02:01:48.456704+00:00, run_after=2022-12-14T02:01:48.456704+00:00
[2022-12-13 23:01:48,639] {processor.py:161} INFO - Processing /home/igor/Documents/airflowalura/venv/lib/python3.9/site-packages/airflow/example_dags/tutorial.py took 0.825 seconds
[2022-12-13 23:02:49,816] {processor.py:153} INFO - Started process (PID=35700) to work on /home/igor/Documents/airflowalura/venv/lib/python3.9/site-packages/airflow/example_dags/tutorial.py
[2022-12-13 23:02:49,824] {processor.py:641} INFO - Processing file /home/igor/Documents/airflowalura/venv/lib/python3.9/site-packages/airflow/example_dags/tutorial.py for tasks to queue
[2022-12-13 23:02:49,827] {logging_mixin.py:115} INFO - [2022-12-13 23:02:49,827] {dagbag.py:507} INFO - Filling up the DagBag from /home/igor/Documents/airflowalura/venv/lib/python3.9/site-packages/airflow/example_dags/tutorial.py
[2022-12-13 23:02:49,876] {processor.py:651} INFO - DAG(s) dict_keys(['tutorial']) retrieved from /home/igor/Documents/airflowalura/venv/lib/python3.9/site-packages/airflow/example_dags/tutorial.py
[2022-12-13 23:02:50,032] {logging_mixin.py:115} INFO - [2022-12-13 23:02:50,032] {dag.py:2379} INFO - Sync 1 DAGs
[2022-12-13 23:02:50,202] {logging_mixin.py:115} INFO - [2022-12-13 23:02:50,202] {dag.py:2927} INFO - Setting next_dagrun for tutorial to 2022-12-13T02:02:50.171113+00:00, run_after=2022-12-14T02:02:50.171113+00:00
[2022-12-13 23:02:50,285] {processor.py:161} INFO - Processing /home/igor/Documents/airflowalura/venv/lib/python3.9/site-packages/airflow/example_dags/tutorial.py took 0.491 seconds
[2022-12-13 23:03:54,922] {processor.py:153} INFO - Started process (PID=35840) to work on /home/igor/Documents/airflowalura/venv/lib/python3.9/site-packages/airflow/example_dags/tutorial.py
[2022-12-13 23:03:54,928] {processor.py:641} INFO - Processing file /home/igor/Documents/airflowalura/venv/lib/python3.9/site-packages/airflow/example_dags/tutorial.py for tasks to queue
[2022-12-13 23:03:54,930] {logging_mixin.py:115} INFO - [2022-12-13 23:03:54,930] {dagbag.py:507} INFO - Filling up the DagBag from /home/igor/Documents/airflowalura/venv/lib/python3.9/site-packages/airflow/example_dags/tutorial.py
[2022-12-13 23:03:54,986] {processor.py:651} INFO - DAG(s) dict_keys(['tutorial']) retrieved from /home/igor/Documents/airflowalura/venv/lib/python3.9/site-packages/airflow/example_dags/tutorial.py
[2022-12-13 23:03:55,284] {logging_mixin.py:115} INFO - [2022-12-13 23:03:55,284] {dag.py:2379} INFO - Sync 1 DAGs
[2022-12-13 23:03:55,491] {logging_mixin.py:115} INFO - [2022-12-13 23:03:55,490] {dag.py:2927} INFO - Setting next_dagrun for tutorial to 2022-12-13T02:03:55.476345+00:00, run_after=2022-12-14T02:03:55.476345+00:00
[2022-12-13 23:03:55,626] {processor.py:161} INFO - Processing /home/igor/Documents/airflowalura/venv/lib/python3.9/site-packages/airflow/example_dags/tutorial.py took 0.726 seconds
[2022-12-13 23:04:57,210] {processor.py:153} INFO - Started process (PID=35988) to work on /home/igor/Documents/airflowalura/venv/lib/python3.9/site-packages/airflow/example_dags/tutorial.py
[2022-12-13 23:04:57,233] {processor.py:641} INFO - Processing file /home/igor/Documents/airflowalura/venv/lib/python3.9/site-packages/airflow/example_dags/tutorial.py for tasks to queue
[2022-12-13 23:04:57,235] {logging_mixin.py:115} INFO - [2022-12-13 23:04:57,235] {dagbag.py:507} INFO - Filling up the DagBag from /home/igor/Documents/airflowalura/venv/lib/python3.9/site-packages/airflow/example_dags/tutorial.py
[2022-12-13 23:04:57,337] {processor.py:651} INFO - DAG(s) dict_keys(['tutorial']) retrieved from /home/igor/Documents/airflowalura/venv/lib/python3.9/site-packages/airflow/example_dags/tutorial.py
[2022-12-13 23:04:57,513] {logging_mixin.py:115} INFO - [2022-12-13 23:04:57,513] {dag.py:2379} INFO - Sync 1 DAGs
[2022-12-13 23:04:57,700] {logging_mixin.py:115} INFO - [2022-12-13 23:04:57,700] {dag.py:2927} INFO - Setting next_dagrun for tutorial to 2022-12-13T02:04:57.695283+00:00, run_after=2022-12-14T02:04:57.695283+00:00
[2022-12-13 23:04:57,788] {processor.py:161} INFO - Processing /home/igor/Documents/airflowalura/venv/lib/python3.9/site-packages/airflow/example_dags/tutorial.py took 0.621 seconds
[2022-12-13 23:05:53,738] {processor.py:153} INFO - Started process (PID=36118) to work on /home/igor/Documents/airflowalura/venv/lib/python3.9/site-packages/airflow/example_dags/tutorial.py
[2022-12-13 23:05:53,747] {processor.py:641} INFO - Processing file /home/igor/Documents/airflowalura/venv/lib/python3.9/site-packages/airflow/example_dags/tutorial.py for tasks to queue
[2022-12-13 23:05:53,752] {logging_mixin.py:115} INFO - [2022-12-13 23:05:53,752] {dagbag.py:507} INFO - Filling up the DagBag from /home/igor/Documents/airflowalura/venv/lib/python3.9/site-packages/airflow/example_dags/tutorial.py
[2022-12-13 23:05:53,979] {processor.py:651} INFO - DAG(s) dict_keys(['tutorial']) retrieved from /home/igor/Documents/airflowalura/venv/lib/python3.9/site-packages/airflow/example_dags/tutorial.py
[2022-12-13 23:05:54,422] {logging_mixin.py:115} INFO - [2022-12-13 23:05:54,422] {dag.py:2379} INFO - Sync 1 DAGs
[2022-12-13 23:05:54,698] {logging_mixin.py:115} INFO - [2022-12-13 23:05:54,696] {dag.py:2927} INFO - Setting next_dagrun for tutorial to 2022-12-13T02:05:54.680728+00:00, run_after=2022-12-14T02:05:54.680728+00:00
[2022-12-13 23:05:54,862] {processor.py:161} INFO - Processing /home/igor/Documents/airflowalura/venv/lib/python3.9/site-packages/airflow/example_dags/tutorial.py took 1.161 seconds
[2022-12-13 23:06:51,317] {processor.py:153} INFO - Started process (PID=36207) to work on /home/igor/Documents/airflowalura/venv/lib/python3.9/site-packages/airflow/example_dags/tutorial.py
[2022-12-13 23:06:51,324] {processor.py:641} INFO - Processing file /home/igor/Documents/airflowalura/venv/lib/python3.9/site-packages/airflow/example_dags/tutorial.py for tasks to queue
[2022-12-13 23:06:51,326] {logging_mixin.py:115} INFO - [2022-12-13 23:06:51,326] {dagbag.py:507} INFO - Filling up the DagBag from /home/igor/Documents/airflowalura/venv/lib/python3.9/site-packages/airflow/example_dags/tutorial.py
[2022-12-13 23:06:51,454] {processor.py:651} INFO - DAG(s) dict_keys(['tutorial']) retrieved from /home/igor/Documents/airflowalura/venv/lib/python3.9/site-packages/airflow/example_dags/tutorial.py
[2022-12-13 23:06:51,721] {logging_mixin.py:115} INFO - [2022-12-13 23:06:51,721] {dag.py:2379} INFO - Sync 1 DAGs
[2022-12-13 23:06:51,980] {logging_mixin.py:115} INFO - [2022-12-13 23:06:51,979] {dag.py:2927} INFO - Setting next_dagrun for tutorial to 2022-12-13T02:06:51.957567+00:00, run_after=2022-12-14T02:06:51.957567+00:00
[2022-12-13 23:06:52,257] {processor.py:161} INFO - Processing /home/igor/Documents/airflowalura/venv/lib/python3.9/site-packages/airflow/example_dags/tutorial.py took 1.000 seconds
[2022-12-13 23:08:02,836] {processor.py:153} INFO - Started process (PID=36328) to work on /home/igor/Documents/airflowalura/venv/lib/python3.9/site-packages/airflow/example_dags/tutorial.py
[2022-12-13 23:08:02,844] {processor.py:641} INFO - Processing file /home/igor/Documents/airflowalura/venv/lib/python3.9/site-packages/airflow/example_dags/tutorial.py for tasks to queue
[2022-12-13 23:08:02,845] {logging_mixin.py:115} INFO - [2022-12-13 23:08:02,845] {dagbag.py:507} INFO - Filling up the DagBag from /home/igor/Documents/airflowalura/venv/lib/python3.9/site-packages/airflow/example_dags/tutorial.py
[2022-12-13 23:08:02,973] {processor.py:651} INFO - DAG(s) dict_keys(['tutorial']) retrieved from /home/igor/Documents/airflowalura/venv/lib/python3.9/site-packages/airflow/example_dags/tutorial.py
[2022-12-13 23:08:03,359] {logging_mixin.py:115} INFO - [2022-12-13 23:08:03,359] {dag.py:2379} INFO - Sync 1 DAGs
[2022-12-13 23:08:04,128] {logging_mixin.py:115} INFO - [2022-12-13 23:08:04,128] {dag.py:2927} INFO - Setting next_dagrun for tutorial to 2022-12-13T02:08:04.102813+00:00, run_after=2022-12-14T02:08:04.102813+00:00
[2022-12-13 23:08:04,537] {processor.py:161} INFO - Processing /home/igor/Documents/airflowalura/venv/lib/python3.9/site-packages/airflow/example_dags/tutorial.py took 1.723 seconds
[2022-12-13 23:09:48,466] {processor.py:153} INFO - Started process (PID=36485) to work on /home/igor/Documents/airflowalura/venv/lib/python3.9/site-packages/airflow/example_dags/tutorial.py
[2022-12-13 23:09:48,488] {processor.py:641} INFO - Processing file /home/igor/Documents/airflowalura/venv/lib/python3.9/site-packages/airflow/example_dags/tutorial.py for tasks to queue
[2022-12-13 23:09:48,512] {logging_mixin.py:115} INFO - [2022-12-13 23:09:48,512] {dagbag.py:507} INFO - Filling up the DagBag from /home/igor/Documents/airflowalura/venv/lib/python3.9/site-packages/airflow/example_dags/tutorial.py
[2022-12-13 23:09:48,677] {processor.py:651} INFO - DAG(s) dict_keys(['tutorial']) retrieved from /home/igor/Documents/airflowalura/venv/lib/python3.9/site-packages/airflow/example_dags/tutorial.py
[2022-12-13 23:09:49,181] {logging_mixin.py:115} INFO - [2022-12-13 23:09:49,180] {dag.py:2379} INFO - Sync 1 DAGs
[2022-12-13 23:09:49,520] {logging_mixin.py:115} INFO - [2022-12-13 23:09:49,519] {dag.py:2927} INFO - Setting next_dagrun for tutorial to 2022-12-13T02:09:49.512708+00:00, run_after=2022-12-14T02:09:49.512708+00:00
[2022-12-13 23:09:49,650] {processor.py:161} INFO - Processing /home/igor/Documents/airflowalura/venv/lib/python3.9/site-packages/airflow/example_dags/tutorial.py took 1.244 seconds
[2022-12-13 23:11:48,753] {processor.py:153} INFO - Started process (PID=36664) to work on /home/igor/Documents/airflowalura/venv/lib/python3.9/site-packages/airflow/example_dags/tutorial.py
[2022-12-13 23:11:48,760] {processor.py:641} INFO - Processing file /home/igor/Documents/airflowalura/venv/lib/python3.9/site-packages/airflow/example_dags/tutorial.py for tasks to queue
[2022-12-13 23:11:48,770] {logging_mixin.py:115} INFO - [2022-12-13 23:11:48,769] {dagbag.py:507} INFO - Filling up the DagBag from /home/igor/Documents/airflowalura/venv/lib/python3.9/site-packages/airflow/example_dags/tutorial.py
[2022-12-13 23:11:48,877] {processor.py:651} INFO - DAG(s) dict_keys(['tutorial']) retrieved from /home/igor/Documents/airflowalura/venv/lib/python3.9/site-packages/airflow/example_dags/tutorial.py
[2022-12-13 23:11:48,987] {logging_mixin.py:115} INFO - [2022-12-13 23:11:48,987] {dag.py:2379} INFO - Sync 1 DAGs
[2022-12-13 23:11:49,205] {logging_mixin.py:115} INFO - [2022-12-13 23:11:49,205] {dag.py:2927} INFO - Setting next_dagrun for tutorial to 2022-12-13T02:11:49.201064+00:00, run_after=2022-12-14T02:11:49.201064+00:00
[2022-12-13 23:11:49,378] {processor.py:161} INFO - Processing /home/igor/Documents/airflowalura/venv/lib/python3.9/site-packages/airflow/example_dags/tutorial.py took 0.638 seconds
[2022-12-13 23:13:13,044] {processor.py:153} INFO - Started process (PID=37012) to work on /home/igor/Documents/airflowalura/venv/lib/python3.9/site-packages/airflow/example_dags/tutorial.py
[2022-12-13 23:13:13,056] {processor.py:641} INFO - Processing file /home/igor/Documents/airflowalura/venv/lib/python3.9/site-packages/airflow/example_dags/tutorial.py for tasks to queue
[2022-12-13 23:13:13,058] {logging_mixin.py:115} INFO - [2022-12-13 23:13:13,057] {dagbag.py:507} INFO - Filling up the DagBag from /home/igor/Documents/airflowalura/venv/lib/python3.9/site-packages/airflow/example_dags/tutorial.py
[2022-12-13 23:13:13,282] {processor.py:651} INFO - DAG(s) dict_keys(['tutorial']) retrieved from /home/igor/Documents/airflowalura/venv/lib/python3.9/site-packages/airflow/example_dags/tutorial.py
[2022-12-13 23:13:13,497] {logging_mixin.py:115} INFO - [2022-12-13 23:13:13,497] {dag.py:2379} INFO - Sync 1 DAGs
[2022-12-13 23:13:13,688] {logging_mixin.py:115} INFO - [2022-12-13 23:13:13,688] {dag.py:2927} INFO - Setting next_dagrun for tutorial to 2022-12-13T02:13:13.675976+00:00, run_after=2022-12-14T02:13:13.675976+00:00
[2022-12-13 23:13:13,806] {processor.py:161} INFO - Processing /home/igor/Documents/airflowalura/venv/lib/python3.9/site-packages/airflow/example_dags/tutorial.py took 0.825 seconds
[2022-12-13 23:14:02,049] {processor.py:153} INFO - Started process (PID=37143) to work on /home/igor/Documents/airflowalura/venv/lib/python3.9/site-packages/airflow/example_dags/tutorial.py
[2022-12-13 23:14:02,056] {processor.py:641} INFO - Processing file /home/igor/Documents/airflowalura/venv/lib/python3.9/site-packages/airflow/example_dags/tutorial.py for tasks to queue
[2022-12-13 23:14:02,057] {logging_mixin.py:115} INFO - [2022-12-13 23:14:02,057] {dagbag.py:507} INFO - Filling up the DagBag from /home/igor/Documents/airflowalura/venv/lib/python3.9/site-packages/airflow/example_dags/tutorial.py
[2022-12-13 23:14:02,156] {processor.py:651} INFO - DAG(s) dict_keys(['tutorial']) retrieved from /home/igor/Documents/airflowalura/venv/lib/python3.9/site-packages/airflow/example_dags/tutorial.py
[2022-12-13 23:14:02,350] {logging_mixin.py:115} INFO - [2022-12-13 23:14:02,349] {dag.py:2379} INFO - Sync 1 DAGs
[2022-12-13 23:14:02,588] {logging_mixin.py:115} INFO - [2022-12-13 23:14:02,588] {dag.py:2927} INFO - Setting next_dagrun for tutorial to 2022-12-13T02:14:02.584720+00:00, run_after=2022-12-14T02:14:02.584720+00:00
[2022-12-13 23:14:02,683] {processor.py:161} INFO - Processing /home/igor/Documents/airflowalura/venv/lib/python3.9/site-packages/airflow/example_dags/tutorial.py took 0.657 seconds
[2022-12-13 23:15:33,224] {processor.py:153} INFO - Started process (PID=37350) to work on /home/igor/Documents/airflowalura/venv/lib/python3.9/site-packages/airflow/example_dags/tutorial.py
[2022-12-13 23:15:33,231] {processor.py:641} INFO - Processing file /home/igor/Documents/airflowalura/venv/lib/python3.9/site-packages/airflow/example_dags/tutorial.py for tasks to queue
[2022-12-13 23:15:33,251] {logging_mixin.py:115} INFO - [2022-12-13 23:15:33,234] {dagbag.py:507} INFO - Filling up the DagBag from /home/igor/Documents/airflowalura/venv/lib/python3.9/site-packages/airflow/example_dags/tutorial.py
[2022-12-13 23:15:33,320] {processor.py:651} INFO - DAG(s) dict_keys(['tutorial']) retrieved from /home/igor/Documents/airflowalura/venv/lib/python3.9/site-packages/airflow/example_dags/tutorial.py
[2022-12-13 23:15:33,512] {logging_mixin.py:115} INFO - [2022-12-13 23:15:33,512] {dag.py:2379} INFO - Sync 1 DAGs
[2022-12-13 23:15:33,793] {logging_mixin.py:115} INFO - [2022-12-13 23:15:33,792] {dag.py:2927} INFO - Setting next_dagrun for tutorial to 2022-12-13T02:15:33.761753+00:00, run_after=2022-12-14T02:15:33.761753+00:00
[2022-12-13 23:15:33,930] {processor.py:161} INFO - Processing /home/igor/Documents/airflowalura/venv/lib/python3.9/site-packages/airflow/example_dags/tutorial.py took 0.753 seconds
[2022-12-13 23:17:28,342] {processor.py:153} INFO - Started process (PID=37487) to work on /home/igor/Documents/airflowalura/venv/lib/python3.9/site-packages/airflow/example_dags/tutorial.py
[2022-12-13 23:17:28,362] {processor.py:641} INFO - Processing file /home/igor/Documents/airflowalura/venv/lib/python3.9/site-packages/airflow/example_dags/tutorial.py for tasks to queue
[2022-12-13 23:17:28,379] {logging_mixin.py:115} INFO - [2022-12-13 23:17:28,368] {dagbag.py:507} INFO - Filling up the DagBag from /home/igor/Documents/airflowalura/venv/lib/python3.9/site-packages/airflow/example_dags/tutorial.py
[2022-12-13 23:17:28,529] {processor.py:651} INFO - DAG(s) dict_keys(['tutorial']) retrieved from /home/igor/Documents/airflowalura/venv/lib/python3.9/site-packages/airflow/example_dags/tutorial.py
[2022-12-13 23:17:28,946] {logging_mixin.py:115} INFO - [2022-12-13 23:17:28,945] {dag.py:2379} INFO - Sync 1 DAGs
[2022-12-13 23:17:29,391] {logging_mixin.py:115} INFO - [2022-12-13 23:17:29,390] {dag.py:2927} INFO - Setting next_dagrun for tutorial to 2022-12-13T02:17:29.389722+00:00, run_after=2022-12-14T02:17:29.389722+00:00
[2022-12-13 23:17:29,669] {processor.py:161} INFO - Processing /home/igor/Documents/airflowalura/venv/lib/python3.9/site-packages/airflow/example_dags/tutorial.py took 1.387 seconds
[2022-12-13 23:18:17,375] {processor.py:153} INFO - Started process (PID=37595) to work on /home/igor/Documents/airflowalura/venv/lib/python3.9/site-packages/airflow/example_dags/tutorial.py
[2022-12-13 23:18:17,385] {processor.py:641} INFO - Processing file /home/igor/Documents/airflowalura/venv/lib/python3.9/site-packages/airflow/example_dags/tutorial.py for tasks to queue
[2022-12-13 23:18:17,387] {logging_mixin.py:115} INFO - [2022-12-13 23:18:17,386] {dagbag.py:507} INFO - Filling up the DagBag from /home/igor/Documents/airflowalura/venv/lib/python3.9/site-packages/airflow/example_dags/tutorial.py
[2022-12-13 23:18:17,452] {processor.py:651} INFO - DAG(s) dict_keys(['tutorial']) retrieved from /home/igor/Documents/airflowalura/venv/lib/python3.9/site-packages/airflow/example_dags/tutorial.py
[2022-12-13 23:18:17,585] {logging_mixin.py:115} INFO - [2022-12-13 23:18:17,585] {dag.py:2379} INFO - Sync 1 DAGs
[2022-12-13 23:18:17,760] {logging_mixin.py:115} INFO - [2022-12-13 23:18:17,760] {dag.py:2927} INFO - Setting next_dagrun for tutorial to 2022-12-13T02:18:17.729151+00:00, run_after=2022-12-14T02:18:17.729151+00:00
[2022-12-13 23:18:17,848] {processor.py:161} INFO - Processing /home/igor/Documents/airflowalura/venv/lib/python3.9/site-packages/airflow/example_dags/tutorial.py took 0.507 seconds
[2022-12-13 23:19:37,813] {processor.py:153} INFO - Started process (PID=37793) to work on /home/igor/Documents/airflowalura/venv/lib/python3.9/site-packages/airflow/example_dags/tutorial.py
[2022-12-13 23:19:37,819] {processor.py:641} INFO - Processing file /home/igor/Documents/airflowalura/venv/lib/python3.9/site-packages/airflow/example_dags/tutorial.py for tasks to queue
[2022-12-13 23:19:37,821] {logging_mixin.py:115} INFO - [2022-12-13 23:19:37,820] {dagbag.py:507} INFO - Filling up the DagBag from /home/igor/Documents/airflowalura/venv/lib/python3.9/site-packages/airflow/example_dags/tutorial.py
[2022-12-13 23:19:37,875] {processor.py:651} INFO - DAG(s) dict_keys(['tutorial']) retrieved from /home/igor/Documents/airflowalura/venv/lib/python3.9/site-packages/airflow/example_dags/tutorial.py
[2022-12-13 23:19:38,041] {logging_mixin.py:115} INFO - [2022-12-13 23:19:38,041] {dag.py:2379} INFO - Sync 1 DAGs
[2022-12-13 23:19:38,200] {logging_mixin.py:115} INFO - [2022-12-13 23:19:38,198] {dag.py:2927} INFO - Setting next_dagrun for tutorial to 2022-12-13T02:19:38.189781+00:00, run_after=2022-12-14T02:19:38.189781+00:00
[2022-12-13 23:19:38,302] {processor.py:161} INFO - Processing /home/igor/Documents/airflowalura/venv/lib/python3.9/site-packages/airflow/example_dags/tutorial.py took 0.506 seconds
[2022-12-13 23:20:52,926] {processor.py:153} INFO - Started process (PID=37984) to work on /home/igor/Documents/airflowalura/venv/lib/python3.9/site-packages/airflow/example_dags/tutorial.py
[2022-12-13 23:20:52,936] {processor.py:641} INFO - Processing file /home/igor/Documents/airflowalura/venv/lib/python3.9/site-packages/airflow/example_dags/tutorial.py for tasks to queue
[2022-12-13 23:20:52,939] {logging_mixin.py:115} INFO - [2022-12-13 23:20:52,938] {dagbag.py:507} INFO - Filling up the DagBag from /home/igor/Documents/airflowalura/venv/lib/python3.9/site-packages/airflow/example_dags/tutorial.py
[2022-12-13 23:20:52,998] {processor.py:651} INFO - DAG(s) dict_keys(['tutorial']) retrieved from /home/igor/Documents/airflowalura/venv/lib/python3.9/site-packages/airflow/example_dags/tutorial.py
[2022-12-13 23:20:53,165] {logging_mixin.py:115} INFO - [2022-12-13 23:20:53,165] {dag.py:2379} INFO - Sync 1 DAGs
[2022-12-13 23:20:53,310] {logging_mixin.py:115} INFO - [2022-12-13 23:20:53,310] {dag.py:2927} INFO - Setting next_dagrun for tutorial to 2022-12-13T02:20:53.309639+00:00, run_after=2022-12-14T02:20:53.309639+00:00
[2022-12-13 23:20:53,420] {processor.py:161} INFO - Processing /home/igor/Documents/airflowalura/venv/lib/python3.9/site-packages/airflow/example_dags/tutorial.py took 0.524 seconds
[2022-12-13 23:22:08,668] {processor.py:153} INFO - Started process (PID=38186) to work on /home/igor/Documents/airflowalura/venv/lib/python3.9/site-packages/airflow/example_dags/tutorial.py
[2022-12-13 23:22:08,677] {processor.py:641} INFO - Processing file /home/igor/Documents/airflowalura/venv/lib/python3.9/site-packages/airflow/example_dags/tutorial.py for tasks to queue
[2022-12-13 23:22:08,679] {logging_mixin.py:115} INFO - [2022-12-13 23:22:08,678] {dagbag.py:507} INFO - Filling up the DagBag from /home/igor/Documents/airflowalura/venv/lib/python3.9/site-packages/airflow/example_dags/tutorial.py
[2022-12-13 23:22:08,736] {processor.py:651} INFO - DAG(s) dict_keys(['tutorial']) retrieved from /home/igor/Documents/airflowalura/venv/lib/python3.9/site-packages/airflow/example_dags/tutorial.py
[2022-12-13 23:22:08,848] {logging_mixin.py:115} INFO - [2022-12-13 23:22:08,848] {dag.py:2379} INFO - Sync 1 DAGs
[2022-12-13 23:22:08,995] {logging_mixin.py:115} INFO - [2022-12-13 23:22:08,995] {dag.py:2927} INFO - Setting next_dagrun for tutorial to 2022-12-13T02:22:08.993744+00:00, run_after=2022-12-14T02:22:08.993744+00:00
[2022-12-13 23:22:09,110] {processor.py:161} INFO - Processing /home/igor/Documents/airflowalura/venv/lib/python3.9/site-packages/airflow/example_dags/tutorial.py took 0.489 seconds
[2022-12-13 23:23:29,972] {processor.py:153} INFO - Started process (PID=38454) to work on /home/igor/Documents/airflowalura/venv/lib/python3.9/site-packages/airflow/example_dags/tutorial.py
[2022-12-13 23:23:29,984] {processor.py:641} INFO - Processing file /home/igor/Documents/airflowalura/venv/lib/python3.9/site-packages/airflow/example_dags/tutorial.py for tasks to queue
[2022-12-13 23:23:29,985] {logging_mixin.py:115} INFO - [2022-12-13 23:23:29,985] {dagbag.py:507} INFO - Filling up the DagBag from /home/igor/Documents/airflowalura/venv/lib/python3.9/site-packages/airflow/example_dags/tutorial.py
[2022-12-13 23:23:30,021] {processor.py:651} INFO - DAG(s) dict_keys(['tutorial']) retrieved from /home/igor/Documents/airflowalura/venv/lib/python3.9/site-packages/airflow/example_dags/tutorial.py
[2022-12-13 23:23:30,140] {logging_mixin.py:115} INFO - [2022-12-13 23:23:30,140] {dag.py:2379} INFO - Sync 1 DAGs
[2022-12-13 23:23:30,264] {logging_mixin.py:115} INFO - [2022-12-13 23:23:30,264] {dag.py:2927} INFO - Setting next_dagrun for tutorial to 2022-12-13T02:23:30.259220+00:00, run_after=2022-12-14T02:23:30.259220+00:00
[2022-12-13 23:23:30,332] {processor.py:161} INFO - Processing /home/igor/Documents/airflowalura/venv/lib/python3.9/site-packages/airflow/example_dags/tutorial.py took 0.380 seconds
[2022-12-13 23:24:44,087] {processor.py:153} INFO - Started process (PID=38638) to work on /home/igor/Documents/airflowalura/venv/lib/python3.9/site-packages/airflow/example_dags/tutorial.py
[2022-12-13 23:24:44,092] {processor.py:641} INFO - Processing file /home/igor/Documents/airflowalura/venv/lib/python3.9/site-packages/airflow/example_dags/tutorial.py for tasks to queue
[2022-12-13 23:24:44,093] {logging_mixin.py:115} INFO - [2022-12-13 23:24:44,093] {dagbag.py:507} INFO - Filling up the DagBag from /home/igor/Documents/airflowalura/venv/lib/python3.9/site-packages/airflow/example_dags/tutorial.py
[2022-12-13 23:24:44,157] {processor.py:651} INFO - DAG(s) dict_keys(['tutorial']) retrieved from /home/igor/Documents/airflowalura/venv/lib/python3.9/site-packages/airflow/example_dags/tutorial.py
[2022-12-13 23:24:44,293] {logging_mixin.py:115} INFO - [2022-12-13 23:24:44,293] {dag.py:2379} INFO - Sync 1 DAGs
[2022-12-13 23:24:44,418] {logging_mixin.py:115} INFO - [2022-12-13 23:24:44,417] {dag.py:2927} INFO - Setting next_dagrun for tutorial to 2022-12-13T02:24:44.417243+00:00, run_after=2022-12-14T02:24:44.417243+00:00
[2022-12-13 23:24:44,544] {processor.py:161} INFO - Processing /home/igor/Documents/airflowalura/venv/lib/python3.9/site-packages/airflow/example_dags/tutorial.py took 0.482 seconds
[2022-12-13 23:25:59,233] {processor.py:153} INFO - Started process (PID=38830) to work on /home/igor/Documents/airflowalura/venv/lib/python3.9/site-packages/airflow/example_dags/tutorial.py
[2022-12-13 23:25:59,244] {processor.py:641} INFO - Processing file /home/igor/Documents/airflowalura/venv/lib/python3.9/site-packages/airflow/example_dags/tutorial.py for tasks to queue
[2022-12-13 23:25:59,250] {logging_mixin.py:115} INFO - [2022-12-13 23:25:59,245] {dagbag.py:507} INFO - Filling up the DagBag from /home/igor/Documents/airflowalura/venv/lib/python3.9/site-packages/airflow/example_dags/tutorial.py
[2022-12-13 23:25:59,297] {processor.py:651} INFO - DAG(s) dict_keys(['tutorial']) retrieved from /home/igor/Documents/airflowalura/venv/lib/python3.9/site-packages/airflow/example_dags/tutorial.py
[2022-12-13 23:25:59,420] {logging_mixin.py:115} INFO - [2022-12-13 23:25:59,419] {dag.py:2379} INFO - Sync 1 DAGs
[2022-12-13 23:25:59,589] {logging_mixin.py:115} INFO - [2022-12-13 23:25:59,589] {dag.py:2927} INFO - Setting next_dagrun for tutorial to 2022-12-13T02:25:59.588736+00:00, run_after=2022-12-14T02:25:59.588736+00:00
[2022-12-13 23:25:59,694] {processor.py:161} INFO - Processing /home/igor/Documents/airflowalura/venv/lib/python3.9/site-packages/airflow/example_dags/tutorial.py took 0.477 seconds
[2022-12-13 23:27:11,693] {processor.py:153} INFO - Started process (PID=39014) to work on /home/igor/Documents/airflowalura/venv/lib/python3.9/site-packages/airflow/example_dags/tutorial.py
[2022-12-13 23:27:11,696] {processor.py:641} INFO - Processing file /home/igor/Documents/airflowalura/venv/lib/python3.9/site-packages/airflow/example_dags/tutorial.py for tasks to queue
[2022-12-13 23:27:11,697] {logging_mixin.py:115} INFO - [2022-12-13 23:27:11,697] {dagbag.py:507} INFO - Filling up the DagBag from /home/igor/Documents/airflowalura/venv/lib/python3.9/site-packages/airflow/example_dags/tutorial.py
[2022-12-13 23:27:11,765] {processor.py:651} INFO - DAG(s) dict_keys(['tutorial']) retrieved from /home/igor/Documents/airflowalura/venv/lib/python3.9/site-packages/airflow/example_dags/tutorial.py
[2022-12-13 23:27:11,918] {logging_mixin.py:115} INFO - [2022-12-13 23:27:11,918] {dag.py:2379} INFO - Sync 1 DAGs
[2022-12-13 23:27:12,122] {logging_mixin.py:115} INFO - [2022-12-13 23:27:12,121] {dag.py:2927} INFO - Setting next_dagrun for tutorial to 2022-12-13T02:27:12.121341+00:00, run_after=2022-12-14T02:27:12.121341+00:00
[2022-12-13 23:27:12,214] {processor.py:161} INFO - Processing /home/igor/Documents/airflowalura/venv/lib/python3.9/site-packages/airflow/example_dags/tutorial.py took 0.557 seconds
