[2022-12-13 21:26:20,942] {processor.py:153} INFO - Started process (PID=29760) to work on /home/igor/Documents/airflowalura/venv/lib/python3.9/site-packages/airflow/example_dags/tutorial_taskflow_api_etl.py
[2022-12-13 21:26:20,943] {processor.py:641} INFO - Processing file /home/igor/Documents/airflowalura/venv/lib/python3.9/site-packages/airflow/example_dags/tutorial_taskflow_api_etl.py for tasks to queue
[2022-12-13 21:26:20,945] {logging_mixin.py:115} INFO - [2022-12-13 21:26:20,944] {dagbag.py:507} INFO - Filling up the DagBag from /home/igor/Documents/airflowalura/venv/lib/python3.9/site-packages/airflow/example_dags/tutorial_taskflow_api_etl.py
[2022-12-13 21:26:21,071] {processor.py:651} INFO - DAG(s) dict_keys(['tutorial_taskflow_api_etl']) retrieved from /home/igor/Documents/airflowalura/venv/lib/python3.9/site-packages/airflow/example_dags/tutorial_taskflow_api_etl.py
[2022-12-13 21:26:21,596] {logging_mixin.py:115} INFO - [2022-12-13 21:26:21,595] {dag.py:2379} INFO - Sync 1 DAGs
[2022-12-13 21:26:21,837] {logging_mixin.py:115} INFO - [2022-12-13 21:26:21,836] {dag.py:2927} INFO - Setting next_dagrun for tutorial_taskflow_api_etl to None, run_after=None
[2022-12-13 21:26:22,450] {processor.py:161} INFO - Processing /home/igor/Documents/airflowalura/venv/lib/python3.9/site-packages/airflow/example_dags/tutorial_taskflow_api_etl.py took 1.543 seconds
[2022-12-13 21:27:40,673] {processor.py:153} INFO - Started process (PID=29958) to work on /home/igor/Documents/airflowalura/venv/lib/python3.9/site-packages/airflow/example_dags/tutorial_taskflow_api_etl.py
[2022-12-13 21:27:40,680] {processor.py:641} INFO - Processing file /home/igor/Documents/airflowalura/venv/lib/python3.9/site-packages/airflow/example_dags/tutorial_taskflow_api_etl.py for tasks to queue
[2022-12-13 21:27:40,681] {logging_mixin.py:115} INFO - [2022-12-13 21:27:40,680] {dagbag.py:507} INFO - Filling up the DagBag from /home/igor/Documents/airflowalura/venv/lib/python3.9/site-packages/airflow/example_dags/tutorial_taskflow_api_etl.py
[2022-12-13 21:27:40,848] {processor.py:651} INFO - DAG(s) dict_keys(['tutorial_taskflow_api_etl']) retrieved from /home/igor/Documents/airflowalura/venv/lib/python3.9/site-packages/airflow/example_dags/tutorial_taskflow_api_etl.py
[2022-12-13 21:27:41,219] {logging_mixin.py:115} INFO - [2022-12-13 21:27:41,219] {dag.py:2379} INFO - Sync 1 DAGs
[2022-12-13 21:27:41,339] {logging_mixin.py:115} INFO - [2022-12-13 21:27:41,338] {dag.py:2927} INFO - Setting next_dagrun for tutorial_taskflow_api_etl to None, run_after=None
[2022-12-13 21:27:41,417] {processor.py:161} INFO - Processing /home/igor/Documents/airflowalura/venv/lib/python3.9/site-packages/airflow/example_dags/tutorial_taskflow_api_etl.py took 0.772 seconds
[2022-12-13 21:28:46,610] {processor.py:153} INFO - Started process (PID=30147) to work on /home/igor/Documents/airflowalura/venv/lib/python3.9/site-packages/airflow/example_dags/tutorial_taskflow_api_etl.py
[2022-12-13 21:28:46,620] {processor.py:641} INFO - Processing file /home/igor/Documents/airflowalura/venv/lib/python3.9/site-packages/airflow/example_dags/tutorial_taskflow_api_etl.py for tasks to queue
[2022-12-13 21:28:46,621] {logging_mixin.py:115} INFO - [2022-12-13 21:28:46,621] {dagbag.py:507} INFO - Filling up the DagBag from /home/igor/Documents/airflowalura/venv/lib/python3.9/site-packages/airflow/example_dags/tutorial_taskflow_api_etl.py
[2022-12-13 21:28:46,846] {processor.py:651} INFO - DAG(s) dict_keys(['tutorial_taskflow_api_etl']) retrieved from /home/igor/Documents/airflowalura/venv/lib/python3.9/site-packages/airflow/example_dags/tutorial_taskflow_api_etl.py
[2022-12-13 21:28:47,202] {logging_mixin.py:115} INFO - [2022-12-13 21:28:47,202] {dag.py:2379} INFO - Sync 1 DAGs
[2022-12-13 21:28:47,311] {logging_mixin.py:115} INFO - [2022-12-13 21:28:47,310] {dag.py:2927} INFO - Setting next_dagrun for tutorial_taskflow_api_etl to None, run_after=None
[2022-12-13 21:28:47,497] {processor.py:161} INFO - Processing /home/igor/Documents/airflowalura/venv/lib/python3.9/site-packages/airflow/example_dags/tutorial_taskflow_api_etl.py took 0.907 seconds
[2022-12-13 21:29:45,447] {processor.py:153} INFO - Started process (PID=30329) to work on /home/igor/Documents/airflowalura/venv/lib/python3.9/site-packages/airflow/example_dags/tutorial_taskflow_api_etl.py
[2022-12-13 21:29:45,450] {processor.py:641} INFO - Processing file /home/igor/Documents/airflowalura/venv/lib/python3.9/site-packages/airflow/example_dags/tutorial_taskflow_api_etl.py for tasks to queue
[2022-12-13 21:29:45,452] {logging_mixin.py:115} INFO - [2022-12-13 21:29:45,451] {dagbag.py:507} INFO - Filling up the DagBag from /home/igor/Documents/airflowalura/venv/lib/python3.9/site-packages/airflow/example_dags/tutorial_taskflow_api_etl.py
[2022-12-13 21:29:45,604] {processor.py:651} INFO - DAG(s) dict_keys(['tutorial_taskflow_api_etl']) retrieved from /home/igor/Documents/airflowalura/venv/lib/python3.9/site-packages/airflow/example_dags/tutorial_taskflow_api_etl.py
[2022-12-13 21:29:46,059] {logging_mixin.py:115} INFO - [2022-12-13 21:29:46,059] {dag.py:2379} INFO - Sync 1 DAGs
[2022-12-13 21:29:46,332] {logging_mixin.py:115} INFO - [2022-12-13 21:29:46,331] {dag.py:2927} INFO - Setting next_dagrun for tutorial_taskflow_api_etl to None, run_after=None
[2022-12-13 21:29:46,693] {processor.py:161} INFO - Processing /home/igor/Documents/airflowalura/venv/lib/python3.9/site-packages/airflow/example_dags/tutorial_taskflow_api_etl.py took 1.288 seconds
[2022-12-13 21:30:34,752] {processor.py:153} INFO - Started process (PID=30428) to work on /home/igor/Documents/airflowalura/venv/lib/python3.9/site-packages/airflow/example_dags/tutorial_taskflow_api_etl.py
[2022-12-13 21:30:34,755] {processor.py:641} INFO - Processing file /home/igor/Documents/airflowalura/venv/lib/python3.9/site-packages/airflow/example_dags/tutorial_taskflow_api_etl.py for tasks to queue
[2022-12-13 21:30:34,756] {logging_mixin.py:115} INFO - [2022-12-13 21:30:34,756] {dagbag.py:507} INFO - Filling up the DagBag from /home/igor/Documents/airflowalura/venv/lib/python3.9/site-packages/airflow/example_dags/tutorial_taskflow_api_etl.py
[2022-12-13 21:30:35,010] {processor.py:651} INFO - DAG(s) dict_keys(['tutorial_taskflow_api_etl']) retrieved from /home/igor/Documents/airflowalura/venv/lib/python3.9/site-packages/airflow/example_dags/tutorial_taskflow_api_etl.py
[2022-12-13 21:30:36,251] {logging_mixin.py:115} INFO - [2022-12-13 21:30:36,239] {dag.py:2379} INFO - Sync 1 DAGs
[2022-12-13 21:30:36,462] {logging_mixin.py:115} INFO - [2022-12-13 21:30:36,461] {dag.py:2927} INFO - Setting next_dagrun for tutorial_taskflow_api_etl to None, run_after=None
[2022-12-13 21:30:36,672] {processor.py:161} INFO - Processing /home/igor/Documents/airflowalura/venv/lib/python3.9/site-packages/airflow/example_dags/tutorial_taskflow_api_etl.py took 1.954 seconds
[2022-12-13 21:31:31,412] {processor.py:153} INFO - Started process (PID=30541) to work on /home/igor/Documents/airflowalura/venv/lib/python3.9/site-packages/airflow/example_dags/tutorial_taskflow_api_etl.py
[2022-12-13 21:31:31,421] {processor.py:641} INFO - Processing file /home/igor/Documents/airflowalura/venv/lib/python3.9/site-packages/airflow/example_dags/tutorial_taskflow_api_etl.py for tasks to queue
[2022-12-13 21:31:31,450] {logging_mixin.py:115} INFO - [2022-12-13 21:31:31,449] {dagbag.py:507} INFO - Filling up the DagBag from /home/igor/Documents/airflowalura/venv/lib/python3.9/site-packages/airflow/example_dags/tutorial_taskflow_api_etl.py
[2022-12-13 21:31:31,701] {processor.py:651} INFO - DAG(s) dict_keys(['tutorial_taskflow_api_etl']) retrieved from /home/igor/Documents/airflowalura/venv/lib/python3.9/site-packages/airflow/example_dags/tutorial_taskflow_api_etl.py
[2022-12-13 21:31:32,300] {logging_mixin.py:115} INFO - [2022-12-13 21:31:32,299] {dag.py:2379} INFO - Sync 1 DAGs
[2022-12-13 21:31:32,518] {logging_mixin.py:115} INFO - [2022-12-13 21:31:32,517] {dag.py:2927} INFO - Setting next_dagrun for tutorial_taskflow_api_etl to None, run_after=None
[2022-12-13 21:31:32,660] {processor.py:161} INFO - Processing /home/igor/Documents/airflowalura/venv/lib/python3.9/site-packages/airflow/example_dags/tutorial_taskflow_api_etl.py took 1.346 seconds
[2022-12-13 21:32:26,524] {processor.py:153} INFO - Started process (PID=30654) to work on /home/igor/Documents/airflowalura/venv/lib/python3.9/site-packages/airflow/example_dags/tutorial_taskflow_api_etl.py
[2022-12-13 21:32:26,528] {processor.py:641} INFO - Processing file /home/igor/Documents/airflowalura/venv/lib/python3.9/site-packages/airflow/example_dags/tutorial_taskflow_api_etl.py for tasks to queue
[2022-12-13 21:32:26,530] {logging_mixin.py:115} INFO - [2022-12-13 21:32:26,529] {dagbag.py:507} INFO - Filling up the DagBag from /home/igor/Documents/airflowalura/venv/lib/python3.9/site-packages/airflow/example_dags/tutorial_taskflow_api_etl.py
[2022-12-13 21:32:26,962] {processor.py:651} INFO - DAG(s) dict_keys(['tutorial_taskflow_api_etl']) retrieved from /home/igor/Documents/airflowalura/venv/lib/python3.9/site-packages/airflow/example_dags/tutorial_taskflow_api_etl.py
[2022-12-13 21:32:27,094] {logging_mixin.py:115} INFO - [2022-12-13 21:32:27,094] {dag.py:2379} INFO - Sync 1 DAGs
[2022-12-13 21:32:27,327] {logging_mixin.py:115} INFO - [2022-12-13 21:32:27,327] {dag.py:2927} INFO - Setting next_dagrun for tutorial_taskflow_api_etl to None, run_after=None
[2022-12-13 21:32:27,925] {processor.py:161} INFO - Processing /home/igor/Documents/airflowalura/venv/lib/python3.9/site-packages/airflow/example_dags/tutorial_taskflow_api_etl.py took 1.409 seconds
[2022-12-13 21:33:24,940] {processor.py:153} INFO - Started process (PID=30759) to work on /home/igor/Documents/airflowalura/venv/lib/python3.9/site-packages/airflow/example_dags/tutorial_taskflow_api_etl.py
[2022-12-13 21:33:24,960] {processor.py:641} INFO - Processing file /home/igor/Documents/airflowalura/venv/lib/python3.9/site-packages/airflow/example_dags/tutorial_taskflow_api_etl.py for tasks to queue
[2022-12-13 21:33:24,962] {logging_mixin.py:115} INFO - [2022-12-13 21:33:24,961] {dagbag.py:507} INFO - Filling up the DagBag from /home/igor/Documents/airflowalura/venv/lib/python3.9/site-packages/airflow/example_dags/tutorial_taskflow_api_etl.py
[2022-12-13 21:33:25,217] {processor.py:651} INFO - DAG(s) dict_keys(['tutorial_taskflow_api_etl']) retrieved from /home/igor/Documents/airflowalura/venv/lib/python3.9/site-packages/airflow/example_dags/tutorial_taskflow_api_etl.py
[2022-12-13 21:33:26,393] {logging_mixin.py:115} INFO - [2022-12-13 21:33:26,392] {dag.py:2379} INFO - Sync 1 DAGs
[2022-12-13 21:33:26,524] {logging_mixin.py:115} INFO - [2022-12-13 21:33:26,524] {dag.py:2927} INFO - Setting next_dagrun for tutorial_taskflow_api_etl to None, run_after=None
[2022-12-13 21:33:26,631] {processor.py:161} INFO - Processing /home/igor/Documents/airflowalura/venv/lib/python3.9/site-packages/airflow/example_dags/tutorial_taskflow_api_etl.py took 1.723 seconds
[2022-12-13 21:34:17,756] {processor.py:153} INFO - Started process (PID=30873) to work on /home/igor/Documents/airflowalura/venv/lib/python3.9/site-packages/airflow/example_dags/tutorial_taskflow_api_etl.py
[2022-12-13 21:34:17,760] {processor.py:641} INFO - Processing file /home/igor/Documents/airflowalura/venv/lib/python3.9/site-packages/airflow/example_dags/tutorial_taskflow_api_etl.py for tasks to queue
[2022-12-13 21:34:17,761] {logging_mixin.py:115} INFO - [2022-12-13 21:34:17,761] {dagbag.py:507} INFO - Filling up the DagBag from /home/igor/Documents/airflowalura/venv/lib/python3.9/site-packages/airflow/example_dags/tutorial_taskflow_api_etl.py
[2022-12-13 21:34:18,006] {processor.py:651} INFO - DAG(s) dict_keys(['tutorial_taskflow_api_etl']) retrieved from /home/igor/Documents/airflowalura/venv/lib/python3.9/site-packages/airflow/example_dags/tutorial_taskflow_api_etl.py
[2022-12-13 21:34:18,159] {logging_mixin.py:115} INFO - [2022-12-13 21:34:18,159] {dag.py:2379} INFO - Sync 1 DAGs
[2022-12-13 21:34:18,395] {logging_mixin.py:115} INFO - [2022-12-13 21:34:18,387] {dag.py:2927} INFO - Setting next_dagrun for tutorial_taskflow_api_etl to None, run_after=None
[2022-12-13 21:34:18,639] {processor.py:161} INFO - Processing /home/igor/Documents/airflowalura/venv/lib/python3.9/site-packages/airflow/example_dags/tutorial_taskflow_api_etl.py took 0.925 seconds
[2022-12-13 21:35:11,537] {processor.py:153} INFO - Started process (PID=30977) to work on /home/igor/Documents/airflowalura/venv/lib/python3.9/site-packages/airflow/example_dags/tutorial_taskflow_api_etl.py
[2022-12-13 21:35:11,541] {processor.py:641} INFO - Processing file /home/igor/Documents/airflowalura/venv/lib/python3.9/site-packages/airflow/example_dags/tutorial_taskflow_api_etl.py for tasks to queue
[2022-12-13 21:35:11,542] {logging_mixin.py:115} INFO - [2022-12-13 21:35:11,542] {dagbag.py:507} INFO - Filling up the DagBag from /home/igor/Documents/airflowalura/venv/lib/python3.9/site-packages/airflow/example_dags/tutorial_taskflow_api_etl.py
[2022-12-13 21:35:11,678] {processor.py:651} INFO - DAG(s) dict_keys(['tutorial_taskflow_api_etl']) retrieved from /home/igor/Documents/airflowalura/venv/lib/python3.9/site-packages/airflow/example_dags/tutorial_taskflow_api_etl.py
[2022-12-13 21:35:11,837] {logging_mixin.py:115} INFO - [2022-12-13 21:35:11,836] {dag.py:2379} INFO - Sync 1 DAGs
[2022-12-13 21:35:12,008] {logging_mixin.py:115} INFO - [2022-12-13 21:35:12,008] {dag.py:2927} INFO - Setting next_dagrun for tutorial_taskflow_api_etl to None, run_after=None
[2022-12-13 21:35:12,128] {processor.py:161} INFO - Processing /home/igor/Documents/airflowalura/venv/lib/python3.9/site-packages/airflow/example_dags/tutorial_taskflow_api_etl.py took 0.626 seconds
[2022-12-13 21:36:49,261] {processor.py:153} INFO - Started process (PID=31132) to work on /home/igor/Documents/airflowalura/venv/lib/python3.9/site-packages/airflow/example_dags/tutorial_taskflow_api_etl.py
[2022-12-13 21:36:49,349] {processor.py:641} INFO - Processing file /home/igor/Documents/airflowalura/venv/lib/python3.9/site-packages/airflow/example_dags/tutorial_taskflow_api_etl.py for tasks to queue
[2022-12-13 21:36:49,353] {logging_mixin.py:115} INFO - [2022-12-13 21:36:49,352] {dagbag.py:507} INFO - Filling up the DagBag from /home/igor/Documents/airflowalura/venv/lib/python3.9/site-packages/airflow/example_dags/tutorial_taskflow_api_etl.py
[2022-12-13 21:36:49,791] {processor.py:651} INFO - DAG(s) dict_keys(['tutorial_taskflow_api_etl']) retrieved from /home/igor/Documents/airflowalura/venv/lib/python3.9/site-packages/airflow/example_dags/tutorial_taskflow_api_etl.py
[2022-12-13 21:36:50,292] {logging_mixin.py:115} INFO - [2022-12-13 21:36:50,291] {dag.py:2379} INFO - Sync 1 DAGs
[2022-12-13 21:36:50,469] {logging_mixin.py:115} INFO - [2022-12-13 21:36:50,469] {dag.py:2927} INFO - Setting next_dagrun for tutorial_taskflow_api_etl to None, run_after=None
[2022-12-13 21:36:50,625] {processor.py:161} INFO - Processing /home/igor/Documents/airflowalura/venv/lib/python3.9/site-packages/airflow/example_dags/tutorial_taskflow_api_etl.py took 1.405 seconds
[2022-12-13 21:37:51,819] {processor.py:153} INFO - Started process (PID=31409) to work on /home/igor/Documents/airflowalura/venv/lib/python3.9/site-packages/airflow/example_dags/tutorial_taskflow_api_etl.py
[2022-12-13 21:37:51,838] {processor.py:641} INFO - Processing file /home/igor/Documents/airflowalura/venv/lib/python3.9/site-packages/airflow/example_dags/tutorial_taskflow_api_etl.py for tasks to queue
[2022-12-13 21:37:51,841] {logging_mixin.py:115} INFO - [2022-12-13 21:37:51,841] {dagbag.py:507} INFO - Filling up the DagBag from /home/igor/Documents/airflowalura/venv/lib/python3.9/site-packages/airflow/example_dags/tutorial_taskflow_api_etl.py
[2022-12-13 21:37:52,010] {processor.py:651} INFO - DAG(s) dict_keys(['tutorial_taskflow_api_etl']) retrieved from /home/igor/Documents/airflowalura/venv/lib/python3.9/site-packages/airflow/example_dags/tutorial_taskflow_api_etl.py
[2022-12-13 21:37:52,132] {logging_mixin.py:115} INFO - [2022-12-13 21:37:52,131] {dag.py:2379} INFO - Sync 1 DAGs
[2022-12-13 21:37:52,278] {logging_mixin.py:115} INFO - [2022-12-13 21:37:52,278] {dag.py:2927} INFO - Setting next_dagrun for tutorial_taskflow_api_etl to None, run_after=None
[2022-12-13 21:37:52,381] {processor.py:161} INFO - Processing /home/igor/Documents/airflowalura/venv/lib/python3.9/site-packages/airflow/example_dags/tutorial_taskflow_api_etl.py took 0.589 seconds
[2022-12-13 21:38:51,981] {processor.py:153} INFO - Started process (PID=31582) to work on /home/igor/Documents/airflowalura/venv/lib/python3.9/site-packages/airflow/example_dags/tutorial_taskflow_api_etl.py
[2022-12-13 21:38:52,021] {processor.py:641} INFO - Processing file /home/igor/Documents/airflowalura/venv/lib/python3.9/site-packages/airflow/example_dags/tutorial_taskflow_api_etl.py for tasks to queue
[2022-12-13 21:38:52,022] {logging_mixin.py:115} INFO - [2022-12-13 21:38:52,022] {dagbag.py:507} INFO - Filling up the DagBag from /home/igor/Documents/airflowalura/venv/lib/python3.9/site-packages/airflow/example_dags/tutorial_taskflow_api_etl.py
[2022-12-13 21:38:52,267] {processor.py:651} INFO - DAG(s) dict_keys(['tutorial_taskflow_api_etl']) retrieved from /home/igor/Documents/airflowalura/venv/lib/python3.9/site-packages/airflow/example_dags/tutorial_taskflow_api_etl.py
[2022-12-13 21:38:52,467] {logging_mixin.py:115} INFO - [2022-12-13 21:38:52,455] {dag.py:2379} INFO - Sync 1 DAGs
[2022-12-13 21:38:52,631] {logging_mixin.py:115} INFO - [2022-12-13 21:38:52,630] {dag.py:2927} INFO - Setting next_dagrun for tutorial_taskflow_api_etl to None, run_after=None
[2022-12-13 21:38:52,793] {processor.py:161} INFO - Processing /home/igor/Documents/airflowalura/venv/lib/python3.9/site-packages/airflow/example_dags/tutorial_taskflow_api_etl.py took 0.829 seconds
[2022-12-13 23:00:23,562] {processor.py:153} INFO - Started process (PID=35031) to work on /home/igor/Documents/airflowalura/venv/lib/python3.9/site-packages/airflow/example_dags/tutorial_taskflow_api_etl.py
[2022-12-13 23:00:23,577] {processor.py:641} INFO - Processing file /home/igor/Documents/airflowalura/venv/lib/python3.9/site-packages/airflow/example_dags/tutorial_taskflow_api_etl.py for tasks to queue
[2022-12-13 23:00:23,608] {logging_mixin.py:115} INFO - [2022-12-13 23:00:23,607] {dagbag.py:507} INFO - Filling up the DagBag from /home/igor/Documents/airflowalura/venv/lib/python3.9/site-packages/airflow/example_dags/tutorial_taskflow_api_etl.py
[2022-12-13 23:00:24,379] {processor.py:651} INFO - DAG(s) dict_keys(['tutorial_taskflow_api_etl']) retrieved from /home/igor/Documents/airflowalura/venv/lib/python3.9/site-packages/airflow/example_dags/tutorial_taskflow_api_etl.py
[2022-12-13 23:00:25,224] {logging_mixin.py:115} INFO - [2022-12-13 23:00:25,199] {dag.py:2379} INFO - Sync 1 DAGs
[2022-12-13 23:00:25,455] {logging_mixin.py:115} INFO - [2022-12-13 23:00:25,455] {dag.py:2927} INFO - Setting next_dagrun for tutorial_taskflow_api_etl to None, run_after=None
[2022-12-13 23:00:25,716] {processor.py:161} INFO - Processing /home/igor/Documents/airflowalura/venv/lib/python3.9/site-packages/airflow/example_dags/tutorial_taskflow_api_etl.py took 2.257 seconds
[2022-12-13 23:01:50,010] {processor.py:153} INFO - Started process (PID=35482) to work on /home/igor/Documents/airflowalura/venv/lib/python3.9/site-packages/airflow/example_dags/tutorial_taskflow_api_etl.py
[2022-12-13 23:01:50,017] {processor.py:641} INFO - Processing file /home/igor/Documents/airflowalura/venv/lib/python3.9/site-packages/airflow/example_dags/tutorial_taskflow_api_etl.py for tasks to queue
[2022-12-13 23:01:50,027] {logging_mixin.py:115} INFO - [2022-12-13 23:01:50,023] {dagbag.py:507} INFO - Filling up the DagBag from /home/igor/Documents/airflowalura/venv/lib/python3.9/site-packages/airflow/example_dags/tutorial_taskflow_api_etl.py
[2022-12-13 23:01:50,248] {processor.py:651} INFO - DAG(s) dict_keys(['tutorial_taskflow_api_etl']) retrieved from /home/igor/Documents/airflowalura/venv/lib/python3.9/site-packages/airflow/example_dags/tutorial_taskflow_api_etl.py
[2022-12-13 23:01:50,793] {logging_mixin.py:115} INFO - [2022-12-13 23:01:50,793] {dag.py:2379} INFO - Sync 1 DAGs
[2022-12-13 23:01:50,960] {logging_mixin.py:115} INFO - [2022-12-13 23:01:50,960] {dag.py:2927} INFO - Setting next_dagrun for tutorial_taskflow_api_etl to None, run_after=None
[2022-12-13 23:01:51,057] {processor.py:161} INFO - Processing /home/igor/Documents/airflowalura/venv/lib/python3.9/site-packages/airflow/example_dags/tutorial_taskflow_api_etl.py took 1.096 seconds
[2022-12-13 23:02:51,607] {processor.py:153} INFO - Started process (PID=35711) to work on /home/igor/Documents/airflowalura/venv/lib/python3.9/site-packages/airflow/example_dags/tutorial_taskflow_api_etl.py
[2022-12-13 23:02:51,620] {processor.py:641} INFO - Processing file /home/igor/Documents/airflowalura/venv/lib/python3.9/site-packages/airflow/example_dags/tutorial_taskflow_api_etl.py for tasks to queue
[2022-12-13 23:02:51,622] {logging_mixin.py:115} INFO - [2022-12-13 23:02:51,622] {dagbag.py:507} INFO - Filling up the DagBag from /home/igor/Documents/airflowalura/venv/lib/python3.9/site-packages/airflow/example_dags/tutorial_taskflow_api_etl.py
[2022-12-13 23:02:51,982] {processor.py:651} INFO - DAG(s) dict_keys(['tutorial_taskflow_api_etl']) retrieved from /home/igor/Documents/airflowalura/venv/lib/python3.9/site-packages/airflow/example_dags/tutorial_taskflow_api_etl.py
[2022-12-13 23:02:52,239] {logging_mixin.py:115} INFO - [2022-12-13 23:02:52,238] {dag.py:2379} INFO - Sync 1 DAGs
[2022-12-13 23:02:52,605] {logging_mixin.py:115} INFO - [2022-12-13 23:02:52,605] {dag.py:2927} INFO - Setting next_dagrun for tutorial_taskflow_api_etl to None, run_after=None
[2022-12-13 23:02:52,756] {processor.py:161} INFO - Processing /home/igor/Documents/airflowalura/venv/lib/python3.9/site-packages/airflow/example_dags/tutorial_taskflow_api_etl.py took 1.179 seconds
[2022-12-13 23:03:56,085] {processor.py:153} INFO - Started process (PID=35842) to work on /home/igor/Documents/airflowalura/venv/lib/python3.9/site-packages/airflow/example_dags/tutorial_taskflow_api_etl.py
[2022-12-13 23:03:56,098] {processor.py:641} INFO - Processing file /home/igor/Documents/airflowalura/venv/lib/python3.9/site-packages/airflow/example_dags/tutorial_taskflow_api_etl.py for tasks to queue
[2022-12-13 23:03:56,105] {logging_mixin.py:115} INFO - [2022-12-13 23:03:56,105] {dagbag.py:507} INFO - Filling up the DagBag from /home/igor/Documents/airflowalura/venv/lib/python3.9/site-packages/airflow/example_dags/tutorial_taskflow_api_etl.py
[2022-12-13 23:03:56,489] {processor.py:651} INFO - DAG(s) dict_keys(['tutorial_taskflow_api_etl']) retrieved from /home/igor/Documents/airflowalura/venv/lib/python3.9/site-packages/airflow/example_dags/tutorial_taskflow_api_etl.py
[2022-12-13 23:03:56,948] {logging_mixin.py:115} INFO - [2022-12-13 23:03:56,948] {dag.py:2379} INFO - Sync 1 DAGs
[2022-12-13 23:03:57,120] {logging_mixin.py:115} INFO - [2022-12-13 23:03:57,111] {dag.py:2927} INFO - Setting next_dagrun for tutorial_taskflow_api_etl to None, run_after=None
[2022-12-13 23:03:57,334] {processor.py:161} INFO - Processing /home/igor/Documents/airflowalura/venv/lib/python3.9/site-packages/airflow/example_dags/tutorial_taskflow_api_etl.py took 1.274 seconds
[2022-12-13 23:04:59,152] {processor.py:153} INFO - Started process (PID=35989) to work on /home/igor/Documents/airflowalura/venv/lib/python3.9/site-packages/airflow/example_dags/tutorial_taskflow_api_etl.py
[2022-12-13 23:04:59,164] {processor.py:641} INFO - Processing file /home/igor/Documents/airflowalura/venv/lib/python3.9/site-packages/airflow/example_dags/tutorial_taskflow_api_etl.py for tasks to queue
[2022-12-13 23:04:59,167] {logging_mixin.py:115} INFO - [2022-12-13 23:04:59,166] {dagbag.py:507} INFO - Filling up the DagBag from /home/igor/Documents/airflowalura/venv/lib/python3.9/site-packages/airflow/example_dags/tutorial_taskflow_api_etl.py
[2022-12-13 23:04:59,558] {processor.py:651} INFO - DAG(s) dict_keys(['tutorial_taskflow_api_etl']) retrieved from /home/igor/Documents/airflowalura/venv/lib/python3.9/site-packages/airflow/example_dags/tutorial_taskflow_api_etl.py
[2022-12-13 23:05:00,215] {logging_mixin.py:115} INFO - [2022-12-13 23:05:00,214] {dag.py:2379} INFO - Sync 1 DAGs
[2022-12-13 23:05:00,380] {logging_mixin.py:115} INFO - [2022-12-13 23:05:00,380] {dag.py:2927} INFO - Setting next_dagrun for tutorial_taskflow_api_etl to None, run_after=None
[2022-12-13 23:05:00,544] {processor.py:161} INFO - Processing /home/igor/Documents/airflowalura/venv/lib/python3.9/site-packages/airflow/example_dags/tutorial_taskflow_api_etl.py took 1.429 seconds
[2022-12-13 23:05:57,020] {processor.py:153} INFO - Started process (PID=36121) to work on /home/igor/Documents/airflowalura/venv/lib/python3.9/site-packages/airflow/example_dags/tutorial_taskflow_api_etl.py
[2022-12-13 23:05:57,036] {processor.py:641} INFO - Processing file /home/igor/Documents/airflowalura/venv/lib/python3.9/site-packages/airflow/example_dags/tutorial_taskflow_api_etl.py for tasks to queue
[2022-12-13 23:05:57,048] {logging_mixin.py:115} INFO - [2022-12-13 23:05:57,048] {dagbag.py:507} INFO - Filling up the DagBag from /home/igor/Documents/airflowalura/venv/lib/python3.9/site-packages/airflow/example_dags/tutorial_taskflow_api_etl.py
[2022-12-13 23:05:57,508] {processor.py:651} INFO - DAG(s) dict_keys(['tutorial_taskflow_api_etl']) retrieved from /home/igor/Documents/airflowalura/venv/lib/python3.9/site-packages/airflow/example_dags/tutorial_taskflow_api_etl.py
[2022-12-13 23:05:58,469] {logging_mixin.py:115} INFO - [2022-12-13 23:05:58,469] {dag.py:2379} INFO - Sync 1 DAGs
[2022-12-13 23:05:58,642] {logging_mixin.py:115} INFO - [2022-12-13 23:05:58,641] {dag.py:2927} INFO - Setting next_dagrun for tutorial_taskflow_api_etl to None, run_after=None
[2022-12-13 23:05:58,807] {processor.py:161} INFO - Processing /home/igor/Documents/airflowalura/venv/lib/python3.9/site-packages/airflow/example_dags/tutorial_taskflow_api_etl.py took 1.854 seconds
[2022-12-13 23:06:54,061] {processor.py:153} INFO - Started process (PID=36208) to work on /home/igor/Documents/airflowalura/venv/lib/python3.9/site-packages/airflow/example_dags/tutorial_taskflow_api_etl.py
[2022-12-13 23:06:54,073] {processor.py:641} INFO - Processing file /home/igor/Documents/airflowalura/venv/lib/python3.9/site-packages/airflow/example_dags/tutorial_taskflow_api_etl.py for tasks to queue
[2022-12-13 23:06:54,077] {logging_mixin.py:115} INFO - [2022-12-13 23:06:54,077] {dagbag.py:507} INFO - Filling up the DagBag from /home/igor/Documents/airflowalura/venv/lib/python3.9/site-packages/airflow/example_dags/tutorial_taskflow_api_etl.py
[2022-12-13 23:06:54,421] {processor.py:651} INFO - DAG(s) dict_keys(['tutorial_taskflow_api_etl']) retrieved from /home/igor/Documents/airflowalura/venv/lib/python3.9/site-packages/airflow/example_dags/tutorial_taskflow_api_etl.py
[2022-12-13 23:06:55,909] {logging_mixin.py:115} INFO - [2022-12-13 23:06:55,909] {dag.py:2379} INFO - Sync 1 DAGs
[2022-12-13 23:06:56,106] {logging_mixin.py:115} INFO - [2022-12-13 23:06:56,106] {dag.py:2927} INFO - Setting next_dagrun for tutorial_taskflow_api_etl to None, run_after=None
[2022-12-13 23:06:56,238] {processor.py:161} INFO - Processing /home/igor/Documents/airflowalura/venv/lib/python3.9/site-packages/airflow/example_dags/tutorial_taskflow_api_etl.py took 2.228 seconds
[2022-12-13 23:08:06,190] {processor.py:153} INFO - Started process (PID=36329) to work on /home/igor/Documents/airflowalura/venv/lib/python3.9/site-packages/airflow/example_dags/tutorial_taskflow_api_etl.py
[2022-12-13 23:08:06,218] {processor.py:641} INFO - Processing file /home/igor/Documents/airflowalura/venv/lib/python3.9/site-packages/airflow/example_dags/tutorial_taskflow_api_etl.py for tasks to queue
[2022-12-13 23:08:06,239] {logging_mixin.py:115} INFO - [2022-12-13 23:08:06,230] {dagbag.py:507} INFO - Filling up the DagBag from /home/igor/Documents/airflowalura/venv/lib/python3.9/site-packages/airflow/example_dags/tutorial_taskflow_api_etl.py
[2022-12-13 23:08:06,894] {processor.py:651} INFO - DAG(s) dict_keys(['tutorial_taskflow_api_etl']) retrieved from /home/igor/Documents/airflowalura/venv/lib/python3.9/site-packages/airflow/example_dags/tutorial_taskflow_api_etl.py
[2022-12-13 23:08:08,035] {logging_mixin.py:115} INFO - [2022-12-13 23:08:08,034] {dag.py:2379} INFO - Sync 1 DAGs
[2022-12-13 23:08:08,816] {logging_mixin.py:115} INFO - [2022-12-13 23:08:08,816] {dag.py:2927} INFO - Setting next_dagrun for tutorial_taskflow_api_etl to None, run_after=None
[2022-12-13 23:08:09,089] {processor.py:161} INFO - Processing /home/igor/Documents/airflowalura/venv/lib/python3.9/site-packages/airflow/example_dags/tutorial_taskflow_api_etl.py took 2.944 seconds
[2022-12-13 23:09:51,380] {processor.py:153} INFO - Started process (PID=36487) to work on /home/igor/Documents/airflowalura/venv/lib/python3.9/site-packages/airflow/example_dags/tutorial_taskflow_api_etl.py
[2022-12-13 23:09:51,395] {processor.py:641} INFO - Processing file /home/igor/Documents/airflowalura/venv/lib/python3.9/site-packages/airflow/example_dags/tutorial_taskflow_api_etl.py for tasks to queue
[2022-12-13 23:09:51,398] {logging_mixin.py:115} INFO - [2022-12-13 23:09:51,397] {dagbag.py:507} INFO - Filling up the DagBag from /home/igor/Documents/airflowalura/venv/lib/python3.9/site-packages/airflow/example_dags/tutorial_taskflow_api_etl.py
[2022-12-13 23:09:52,510] {processor.py:651} INFO - DAG(s) dict_keys(['tutorial_taskflow_api_etl']) retrieved from /home/igor/Documents/airflowalura/venv/lib/python3.9/site-packages/airflow/example_dags/tutorial_taskflow_api_etl.py
[2022-12-13 23:09:54,149] {logging_mixin.py:115} INFO - [2022-12-13 23:09:54,149] {dag.py:2379} INFO - Sync 1 DAGs
[2022-12-13 23:09:54,453] {logging_mixin.py:115} INFO - [2022-12-13 23:09:54,453] {dag.py:2927} INFO - Setting next_dagrun for tutorial_taskflow_api_etl to None, run_after=None
[2022-12-13 23:09:54,673] {processor.py:161} INFO - Processing /home/igor/Documents/airflowalura/venv/lib/python3.9/site-packages/airflow/example_dags/tutorial_taskflow_api_etl.py took 3.323 seconds
[2022-12-13 23:11:50,621] {processor.py:153} INFO - Started process (PID=36665) to work on /home/igor/Documents/airflowalura/venv/lib/python3.9/site-packages/airflow/example_dags/tutorial_taskflow_api_etl.py
[2022-12-13 23:11:50,630] {processor.py:641} INFO - Processing file /home/igor/Documents/airflowalura/venv/lib/python3.9/site-packages/airflow/example_dags/tutorial_taskflow_api_etl.py for tasks to queue
[2022-12-13 23:11:50,638] {logging_mixin.py:115} INFO - [2022-12-13 23:11:50,638] {dagbag.py:507} INFO - Filling up the DagBag from /home/igor/Documents/airflowalura/venv/lib/python3.9/site-packages/airflow/example_dags/tutorial_taskflow_api_etl.py
[2022-12-13 23:11:51,195] {processor.py:651} INFO - DAG(s) dict_keys(['tutorial_taskflow_api_etl']) retrieved from /home/igor/Documents/airflowalura/venv/lib/python3.9/site-packages/airflow/example_dags/tutorial_taskflow_api_etl.py
[2022-12-13 23:11:51,522] {logging_mixin.py:115} INFO - [2022-12-13 23:11:51,522] {dag.py:2379} INFO - Sync 1 DAGs
[2022-12-13 23:11:51,743] {logging_mixin.py:115} INFO - [2022-12-13 23:11:51,742] {dag.py:2927} INFO - Setting next_dagrun for tutorial_taskflow_api_etl to None, run_after=None
[2022-12-13 23:11:51,912] {processor.py:161} INFO - Processing /home/igor/Documents/airflowalura/venv/lib/python3.9/site-packages/airflow/example_dags/tutorial_taskflow_api_etl.py took 1.316 seconds
[2022-12-13 23:13:15,238] {processor.py:153} INFO - Started process (PID=37019) to work on /home/igor/Documents/airflowalura/venv/lib/python3.9/site-packages/airflow/example_dags/tutorial_taskflow_api_etl.py
[2022-12-13 23:13:15,252] {processor.py:641} INFO - Processing file /home/igor/Documents/airflowalura/venv/lib/python3.9/site-packages/airflow/example_dags/tutorial_taskflow_api_etl.py for tasks to queue
[2022-12-13 23:13:15,253] {logging_mixin.py:115} INFO - [2022-12-13 23:13:15,253] {dagbag.py:507} INFO - Filling up the DagBag from /home/igor/Documents/airflowalura/venv/lib/python3.9/site-packages/airflow/example_dags/tutorial_taskflow_api_etl.py
[2022-12-13 23:13:15,523] {processor.py:651} INFO - DAG(s) dict_keys(['tutorial_taskflow_api_etl']) retrieved from /home/igor/Documents/airflowalura/venv/lib/python3.9/site-packages/airflow/example_dags/tutorial_taskflow_api_etl.py
[2022-12-13 23:13:15,817] {logging_mixin.py:115} INFO - [2022-12-13 23:13:15,817] {dag.py:2379} INFO - Sync 1 DAGs
[2022-12-13 23:13:16,013] {logging_mixin.py:115} INFO - [2022-12-13 23:13:16,013] {dag.py:2927} INFO - Setting next_dagrun for tutorial_taskflow_api_etl to None, run_after=None
[2022-12-13 23:13:16,114] {processor.py:161} INFO - Processing /home/igor/Documents/airflowalura/venv/lib/python3.9/site-packages/airflow/example_dags/tutorial_taskflow_api_etl.py took 0.915 seconds
[2022-12-13 23:14:43,714] {processor.py:153} INFO - Started process (PID=37235) to work on /home/igor/Documents/airflowalura/venv/lib/python3.9/site-packages/airflow/example_dags/tutorial_taskflow_api_etl.py
[2022-12-13 23:14:43,720] {processor.py:641} INFO - Processing file /home/igor/Documents/airflowalura/venv/lib/python3.9/site-packages/airflow/example_dags/tutorial_taskflow_api_etl.py for tasks to queue
[2022-12-13 23:14:43,722] {logging_mixin.py:115} INFO - [2022-12-13 23:14:43,721] {dagbag.py:507} INFO - Filling up the DagBag from /home/igor/Documents/airflowalura/venv/lib/python3.9/site-packages/airflow/example_dags/tutorial_taskflow_api_etl.py
[2022-12-13 23:14:43,936] {processor.py:651} INFO - DAG(s) dict_keys(['tutorial_taskflow_api_etl']) retrieved from /home/igor/Documents/airflowalura/venv/lib/python3.9/site-packages/airflow/example_dags/tutorial_taskflow_api_etl.py
[2022-12-13 23:14:44,113] {logging_mixin.py:115} INFO - [2022-12-13 23:14:44,112] {dag.py:2379} INFO - Sync 1 DAGs
[2022-12-13 23:14:44,347] {logging_mixin.py:115} INFO - [2022-12-13 23:14:44,347] {dag.py:2927} INFO - Setting next_dagrun for tutorial_taskflow_api_etl to None, run_after=None
[2022-12-13 23:14:44,497] {processor.py:161} INFO - Processing /home/igor/Documents/airflowalura/venv/lib/python3.9/site-packages/airflow/example_dags/tutorial_taskflow_api_etl.py took 0.814 seconds
[2022-12-13 23:15:35,373] {processor.py:153} INFO - Started process (PID=37352) to work on /home/igor/Documents/airflowalura/venv/lib/python3.9/site-packages/airflow/example_dags/tutorial_taskflow_api_etl.py
[2022-12-13 23:15:35,384] {processor.py:641} INFO - Processing file /home/igor/Documents/airflowalura/venv/lib/python3.9/site-packages/airflow/example_dags/tutorial_taskflow_api_etl.py for tasks to queue
[2022-12-13 23:15:35,385] {logging_mixin.py:115} INFO - [2022-12-13 23:15:35,385] {dagbag.py:507} INFO - Filling up the DagBag from /home/igor/Documents/airflowalura/venv/lib/python3.9/site-packages/airflow/example_dags/tutorial_taskflow_api_etl.py
[2022-12-13 23:15:35,557] {processor.py:651} INFO - DAG(s) dict_keys(['tutorial_taskflow_api_etl']) retrieved from /home/igor/Documents/airflowalura/venv/lib/python3.9/site-packages/airflow/example_dags/tutorial_taskflow_api_etl.py
[2022-12-13 23:15:36,028] {logging_mixin.py:115} INFO - [2022-12-13 23:15:36,028] {dag.py:2379} INFO - Sync 1 DAGs
[2022-12-13 23:15:36,352] {logging_mixin.py:115} INFO - [2022-12-13 23:15:36,352] {dag.py:2927} INFO - Setting next_dagrun for tutorial_taskflow_api_etl to None, run_after=None
[2022-12-13 23:15:36,518] {processor.py:161} INFO - Processing /home/igor/Documents/airflowalura/venv/lib/python3.9/site-packages/airflow/example_dags/tutorial_taskflow_api_etl.py took 1.173 seconds
[2022-12-13 23:18:19,192] {processor.py:153} INFO - Started process (PID=37600) to work on /home/igor/Documents/airflowalura/venv/lib/python3.9/site-packages/airflow/example_dags/tutorial_taskflow_api_etl.py
[2022-12-13 23:18:19,194] {processor.py:641} INFO - Processing file /home/igor/Documents/airflowalura/venv/lib/python3.9/site-packages/airflow/example_dags/tutorial_taskflow_api_etl.py for tasks to queue
[2022-12-13 23:18:19,195] {logging_mixin.py:115} INFO - [2022-12-13 23:18:19,195] {dagbag.py:507} INFO - Filling up the DagBag from /home/igor/Documents/airflowalura/venv/lib/python3.9/site-packages/airflow/example_dags/tutorial_taskflow_api_etl.py
[2022-12-13 23:18:19,376] {processor.py:651} INFO - DAG(s) dict_keys(['tutorial_taskflow_api_etl']) retrieved from /home/igor/Documents/airflowalura/venv/lib/python3.9/site-packages/airflow/example_dags/tutorial_taskflow_api_etl.py
[2022-12-13 23:18:19,725] {logging_mixin.py:115} INFO - [2022-12-13 23:18:19,725] {dag.py:2379} INFO - Sync 1 DAGs
[2022-12-13 23:18:19,855] {logging_mixin.py:115} INFO - [2022-12-13 23:18:19,854] {dag.py:2927} INFO - Setting next_dagrun for tutorial_taskflow_api_etl to None, run_after=None
[2022-12-13 23:18:19,982] {processor.py:161} INFO - Processing /home/igor/Documents/airflowalura/venv/lib/python3.9/site-packages/airflow/example_dags/tutorial_taskflow_api_etl.py took 0.835 seconds
[2022-12-13 23:19:39,720] {processor.py:153} INFO - Started process (PID=37798) to work on /home/igor/Documents/airflowalura/venv/lib/python3.9/site-packages/airflow/example_dags/tutorial_taskflow_api_etl.py
[2022-12-13 23:19:39,732] {processor.py:641} INFO - Processing file /home/igor/Documents/airflowalura/venv/lib/python3.9/site-packages/airflow/example_dags/tutorial_taskflow_api_etl.py for tasks to queue
[2022-12-13 23:19:39,734] {logging_mixin.py:115} INFO - [2022-12-13 23:19:39,733] {dagbag.py:507} INFO - Filling up the DagBag from /home/igor/Documents/airflowalura/venv/lib/python3.9/site-packages/airflow/example_dags/tutorial_taskflow_api_etl.py
[2022-12-13 23:19:39,899] {processor.py:651} INFO - DAG(s) dict_keys(['tutorial_taskflow_api_etl']) retrieved from /home/igor/Documents/airflowalura/venv/lib/python3.9/site-packages/airflow/example_dags/tutorial_taskflow_api_etl.py
[2022-12-13 23:19:40,010] {logging_mixin.py:115} INFO - [2022-12-13 23:19:40,009] {dag.py:2379} INFO - Sync 1 DAGs
[2022-12-13 23:19:40,146] {logging_mixin.py:115} INFO - [2022-12-13 23:19:40,146] {dag.py:2927} INFO - Setting next_dagrun for tutorial_taskflow_api_etl to None, run_after=None
[2022-12-13 23:19:40,280] {processor.py:161} INFO - Processing /home/igor/Documents/airflowalura/venv/lib/python3.9/site-packages/airflow/example_dags/tutorial_taskflow_api_etl.py took 0.606 seconds
[2022-12-13 23:20:54,904] {processor.py:153} INFO - Started process (PID=37991) to work on /home/igor/Documents/airflowalura/venv/lib/python3.9/site-packages/airflow/example_dags/tutorial_taskflow_api_etl.py
[2022-12-13 23:20:54,909] {processor.py:641} INFO - Processing file /home/igor/Documents/airflowalura/venv/lib/python3.9/site-packages/airflow/example_dags/tutorial_taskflow_api_etl.py for tasks to queue
[2022-12-13 23:20:54,910] {logging_mixin.py:115} INFO - [2022-12-13 23:20:54,910] {dagbag.py:507} INFO - Filling up the DagBag from /home/igor/Documents/airflowalura/venv/lib/python3.9/site-packages/airflow/example_dags/tutorial_taskflow_api_etl.py
[2022-12-13 23:20:55,050] {processor.py:651} INFO - DAG(s) dict_keys(['tutorial_taskflow_api_etl']) retrieved from /home/igor/Documents/airflowalura/venv/lib/python3.9/site-packages/airflow/example_dags/tutorial_taskflow_api_etl.py
[2022-12-13 23:20:55,479] {logging_mixin.py:115} INFO - [2022-12-13 23:20:55,478] {dag.py:2379} INFO - Sync 1 DAGs
[2022-12-13 23:20:55,668] {logging_mixin.py:115} INFO - [2022-12-13 23:20:55,667] {dag.py:2927} INFO - Setting next_dagrun for tutorial_taskflow_api_etl to None, run_after=None
[2022-12-13 23:20:55,772] {processor.py:161} INFO - Processing /home/igor/Documents/airflowalura/venv/lib/python3.9/site-packages/airflow/example_dags/tutorial_taskflow_api_etl.py took 0.914 seconds
[2022-12-13 23:22:10,509] {processor.py:153} INFO - Started process (PID=38189) to work on /home/igor/Documents/airflowalura/venv/lib/python3.9/site-packages/airflow/example_dags/tutorial_taskflow_api_etl.py
[2022-12-13 23:22:10,527] {processor.py:641} INFO - Processing file /home/igor/Documents/airflowalura/venv/lib/python3.9/site-packages/airflow/example_dags/tutorial_taskflow_api_etl.py for tasks to queue
[2022-12-13 23:22:10,533] {logging_mixin.py:115} INFO - [2022-12-13 23:22:10,532] {dagbag.py:507} INFO - Filling up the DagBag from /home/igor/Documents/airflowalura/venv/lib/python3.9/site-packages/airflow/example_dags/tutorial_taskflow_api_etl.py
[2022-12-13 23:22:10,726] {processor.py:651} INFO - DAG(s) dict_keys(['tutorial_taskflow_api_etl']) retrieved from /home/igor/Documents/airflowalura/venv/lib/python3.9/site-packages/airflow/example_dags/tutorial_taskflow_api_etl.py
[2022-12-13 23:22:11,274] {logging_mixin.py:115} INFO - [2022-12-13 23:22:11,273] {dag.py:2379} INFO - Sync 1 DAGs
[2022-12-13 23:22:11,522] {logging_mixin.py:115} INFO - [2022-12-13 23:22:11,522] {dag.py:2927} INFO - Setting next_dagrun for tutorial_taskflow_api_etl to None, run_after=None
[2022-12-13 23:22:11,682] {processor.py:161} INFO - Processing /home/igor/Documents/airflowalura/venv/lib/python3.9/site-packages/airflow/example_dags/tutorial_taskflow_api_etl.py took 1.196 seconds
[2022-12-13 23:23:31,622] {processor.py:153} INFO - Started process (PID=38461) to work on /home/igor/Documents/airflowalura/venv/lib/python3.9/site-packages/airflow/example_dags/tutorial_taskflow_api_etl.py
[2022-12-13 23:23:31,634] {processor.py:641} INFO - Processing file /home/igor/Documents/airflowalura/venv/lib/python3.9/site-packages/airflow/example_dags/tutorial_taskflow_api_etl.py for tasks to queue
[2022-12-13 23:23:31,636] {logging_mixin.py:115} INFO - [2022-12-13 23:23:31,635] {dagbag.py:507} INFO - Filling up the DagBag from /home/igor/Documents/airflowalura/venv/lib/python3.9/site-packages/airflow/example_dags/tutorial_taskflow_api_etl.py
[2022-12-13 23:23:31,768] {processor.py:651} INFO - DAG(s) dict_keys(['tutorial_taskflow_api_etl']) retrieved from /home/igor/Documents/airflowalura/venv/lib/python3.9/site-packages/airflow/example_dags/tutorial_taskflow_api_etl.py
[2022-12-13 23:23:32,025] {logging_mixin.py:115} INFO - [2022-12-13 23:23:32,025] {dag.py:2379} INFO - Sync 1 DAGs
[2022-12-13 23:23:32,145] {logging_mixin.py:115} INFO - [2022-12-13 23:23:32,145] {dag.py:2927} INFO - Setting next_dagrun for tutorial_taskflow_api_etl to None, run_after=None
[2022-12-13 23:23:32,210] {processor.py:161} INFO - Processing /home/igor/Documents/airflowalura/venv/lib/python3.9/site-packages/airflow/example_dags/tutorial_taskflow_api_etl.py took 0.604 seconds
[2022-12-13 23:24:45,263] {processor.py:153} INFO - Started process (PID=38642) to work on /home/igor/Documents/airflowalura/venv/lib/python3.9/site-packages/airflow/example_dags/tutorial_taskflow_api_etl.py
[2022-12-13 23:24:45,270] {processor.py:641} INFO - Processing file /home/igor/Documents/airflowalura/venv/lib/python3.9/site-packages/airflow/example_dags/tutorial_taskflow_api_etl.py for tasks to queue
[2022-12-13 23:24:45,271] {logging_mixin.py:115} INFO - [2022-12-13 23:24:45,271] {dagbag.py:507} INFO - Filling up the DagBag from /home/igor/Documents/airflowalura/venv/lib/python3.9/site-packages/airflow/example_dags/tutorial_taskflow_api_etl.py
[2022-12-13 23:24:45,422] {processor.py:651} INFO - DAG(s) dict_keys(['tutorial_taskflow_api_etl']) retrieved from /home/igor/Documents/airflowalura/venv/lib/python3.9/site-packages/airflow/example_dags/tutorial_taskflow_api_etl.py
[2022-12-13 23:24:45,550] {logging_mixin.py:115} INFO - [2022-12-13 23:24:45,549] {dag.py:2379} INFO - Sync 1 DAGs
[2022-12-13 23:24:45,693] {logging_mixin.py:115} INFO - [2022-12-13 23:24:45,693] {dag.py:2927} INFO - Setting next_dagrun for tutorial_taskflow_api_etl to None, run_after=None
[2022-12-13 23:24:45,804] {processor.py:161} INFO - Processing /home/igor/Documents/airflowalura/venv/lib/python3.9/site-packages/airflow/example_dags/tutorial_taskflow_api_etl.py took 0.566 seconds
[2022-12-13 23:26:00,200] {processor.py:153} INFO - Started process (PID=38833) to work on /home/igor/Documents/airflowalura/venv/lib/python3.9/site-packages/airflow/example_dags/tutorial_taskflow_api_etl.py
[2022-12-13 23:26:00,206] {processor.py:641} INFO - Processing file /home/igor/Documents/airflowalura/venv/lib/python3.9/site-packages/airflow/example_dags/tutorial_taskflow_api_etl.py for tasks to queue
[2022-12-13 23:26:00,209] {logging_mixin.py:115} INFO - [2022-12-13 23:26:00,208] {dagbag.py:507} INFO - Filling up the DagBag from /home/igor/Documents/airflowalura/venv/lib/python3.9/site-packages/airflow/example_dags/tutorial_taskflow_api_etl.py
[2022-12-13 23:26:00,384] {processor.py:651} INFO - DAG(s) dict_keys(['tutorial_taskflow_api_etl']) retrieved from /home/igor/Documents/airflowalura/venv/lib/python3.9/site-packages/airflow/example_dags/tutorial_taskflow_api_etl.py
[2022-12-13 23:26:00,727] {logging_mixin.py:115} INFO - [2022-12-13 23:26:00,719] {dag.py:2379} INFO - Sync 1 DAGs
[2022-12-13 23:26:00,854] {logging_mixin.py:115} INFO - [2022-12-13 23:26:00,854] {dag.py:2927} INFO - Setting next_dagrun for tutorial_taskflow_api_etl to None, run_after=None
[2022-12-13 23:26:00,985] {processor.py:161} INFO - Processing /home/igor/Documents/airflowalura/venv/lib/python3.9/site-packages/airflow/example_dags/tutorial_taskflow_api_etl.py took 0.809 seconds
[2022-12-13 23:27:13,553] {processor.py:153} INFO - Started process (PID=39018) to work on /home/igor/Documents/airflowalura/venv/lib/python3.9/site-packages/airflow/example_dags/tutorial_taskflow_api_etl.py
[2022-12-13 23:27:13,556] {processor.py:641} INFO - Processing file /home/igor/Documents/airflowalura/venv/lib/python3.9/site-packages/airflow/example_dags/tutorial_taskflow_api_etl.py for tasks to queue
[2022-12-13 23:27:13,560] {logging_mixin.py:115} INFO - [2022-12-13 23:27:13,559] {dagbag.py:507} INFO - Filling up the DagBag from /home/igor/Documents/airflowalura/venv/lib/python3.9/site-packages/airflow/example_dags/tutorial_taskflow_api_etl.py
[2022-12-13 23:27:13,734] {processor.py:651} INFO - DAG(s) dict_keys(['tutorial_taskflow_api_etl']) retrieved from /home/igor/Documents/airflowalura/venv/lib/python3.9/site-packages/airflow/example_dags/tutorial_taskflow_api_etl.py
[2022-12-13 23:27:13,886] {logging_mixin.py:115} INFO - [2022-12-13 23:27:13,886] {dag.py:2379} INFO - Sync 1 DAGs
[2022-12-13 23:27:14,024] {logging_mixin.py:115} INFO - [2022-12-13 23:27:14,023] {dag.py:2927} INFO - Setting next_dagrun for tutorial_taskflow_api_etl to None, run_after=None
[2022-12-13 23:27:14,155] {processor.py:161} INFO - Processing /home/igor/Documents/airflowalura/venv/lib/python3.9/site-packages/airflow/example_dags/tutorial_taskflow_api_etl.py took 0.630 seconds
